 ** INFO: Initializing the collision setup.
LHAPDF 6.4.0 loading /home/yehudi/LHAPDF6/share/LHAPDF/CT18NLO/CT18NLO_0000.dat
CT18NLO PDF set, member #0, version 1; LHAPDF ID = 14400
Performing PDF fit with 5 flavors, Q^2 = mu_F^2 = 38405.4
 and weights: valence: x^-1.6, sea: x^-1.6, gluon: x^-1.6 and xmin = 0.00279961 
 Fit function: f = A0 * x^A1 * (1 - x)^A2 * ( 1 + A3 * x^(1/2) + A4 * x + A5 * x^(3/2) + A6 * x^2 + A7 * x^(5/2) )
Fitting gluon PDF...LHAPDF 6.4.0 loading /home/yehudi/LHAPDF6/share/LHAPDF/CT18NLO/CT18NLO_0000.dat
CT18NLO PDF set, member #0, version 1; LHAPDF ID = 14400
PDF chosen : 0
36.9869
 done.
Fit result:
A0 =  1.64070 # +-0.15736
A1 =  -1.45728 # +-0.00090
A2 =  0.74867 # +-150.59276
A3 =  -4.63489 # +-2.33808
A4 =  8.89216 # +-23.04992
A5 =  -8.73054 # +-270.08429
A6 =  4.21118 # +-434.64828
A7 =  -0.72654 # +-79.27305
Fitting valence down quark PDF...#chisq/dof = 4.02339e-06
#status = success
LHAPDF 6.4.0 loading /home/yehudi/LHAPDF6/share/LHAPDF/CT18NLO/CT18NLO_0000.dat
CT18NLO PDF set, member #0, version 1; LHAPDF ID = 14400
PDF chosen : 0
34.6422
 done.
Fit result:
A0 =  0.10672 # +-2.43024
A1 =  -1.39467 # +-2.84899
A2 =  6.49125 # +-379.26715
A3 =  1.04991 # +-15834.36104
A4 =  1.82912 # +-561603.08635
A5 =  73.39539 # +-14557366.79408
A6 =  -165.27144 # +-52727097.47728
A7 =  159.72633 # +-40326885.21760
Fitting valence up quark PDF...#chisq/dof = 1.16198e-07
#status = success
LHAPDF 6.4.0 loading /home/yehudi/LHAPDF6/share/LHAPDF/CT18NLO/CT18NLO_0000.dat
CT18NLO PDF set, member #0, version 1; LHAPDF ID = 14400
PDF chosen : 0
102.627
 done.
Fit result:
A0 =  0.03762 # +-0.67403
A1 =  -1.52118 # +-5.80696
A2 =  4.19255 # +-54621.34317
A3 =  8.72708 # +-54817.26214
A4 =  7.48606 # +-610646.40105
A5 =  101.74632 # +-10407029.32004
A6 =  -13.36727 # +-79531884.53728
A7 =  -65.71297 # +-281550521.26952
Fitting sea down quark PDF...#chisq/dof = 5.41291e-07
#status = success
LHAPDF 6.4.0 loading /home/yehudi/LHAPDF6/share/LHAPDF/CT18NLO/CT18NLO_0000.dat
CT18NLO PDF set, member #0, version 1; LHAPDF ID = 14400
PDF chosen : 0
58.3202
 done.
Fit result:
A0 =  0.05915 # +-13.31283
A1 =  -1.46080 # +-44.05158
A2 =  11.65928 # +-5343.77505
A3 =  6.90084 # +-554780.76511
A4 =  -59.58657 # +-25748927.98093
A5 =  311.14708 # +-520987833.12021
A6 =  -660.85941 # +-2141581512.86030
A7 =  556.50834 # +-1537589811.39911
Fitting strange quark PDF...#chisq/dof = 4.90348e-09
#status = success
LHAPDF 6.4.0 loading /home/yehudi/LHAPDF6/share/LHAPDF/CT18NLO/CT18NLO_0000.dat
CT18NLO PDF set, member #0, version 1; LHAPDF ID = 14400
PDF chosen : 0
27.1411
 done.
Fit result:
A0 =  0.11309 # +-0.04738
A1 =  -1.39774 # +-0.06343
A2 =  -0.65324 # +-1109.84117
A3 =  -3.85085 # +-99.12006
A4 =  3.86227 # +-2079.69713
A5 =  1.97969 # +-10100.14848
A6 =  -5.17308 # +-11309.60951
A7 =  2.18203 # +-1677.07428
Fitting bottom quark PDF...#chisq/dof = 6.77584e-08
#status = success
LHAPDF 6.4.0 loading /home/yehudi/LHAPDF6/share/LHAPDF/CT18NLO/CT18NLO_0000.dat
CT18NLO PDF set, member #0, version 1; LHAPDF ID = 14400
PDF chosen : 0
28.1479
 done.
Fit result:
A0 =  0.06833 # +-0.72880
A1 =  -1.42143 # +-2.31495
A2 =  2.69530 # +-490851.24522
A3 =  -5.70762 # +-7253.09331
A4 =  14.29666 # +-70081.50959
A5 =  -18.92162 # +-641958.05524
A6 =  12.62483 # +-1544000.75607
A7 =  -3.24677 # +-467628.68748
Fitting sea up quark PDF...#chisq/dof = 5.47443e-10
#status = success
LHAPDF 6.4.0 loading /home/yehudi/LHAPDF6/share/LHAPDF/CT18NLO/CT18NLO_0000.dat
CT18NLO PDF set, member #0, version 1; LHAPDF ID = 14400
PDF chosen : 0
28.2303
 done.
Fit result:
A0 =  0.12083 # +-17.33389
A1 =  -1.39018 # +-14.90263
A2 =  9.92947 # +-7844418.44446
A3 =  -2.46463 # +-108923.62632
A4 =  14.95921 # +-565793.33351
A5 =  -53.70542 # +-243858098.41549
A6 =  99.37741 # +-2264749132.32637
A7 =  -57.33960 # +-4179192720.99062
Fitting charm quark PDF...#chisq/dof = 2.66269e-08
#status = success
LHAPDF 6.4.0 loading /home/yehudi/LHAPDF6/share/LHAPDF/CT18NLO/CT18NLO_0000.dat
CT18NLO PDF set, member #0, version 1; LHAPDF ID = 14400
PDF chosen : 0
25.0993
 done.
Fit result:
A0 =  0.10545 # +-1.23217
A1 =  -1.39174 # +-1.62044
A2 =  5.85199 # +-2317416.16666
A3 =  -4.40682 # +-5431.55475
A4 =  7.58979 # +-1132949.16130
A5 =  -2.59936 # +-22361698.91560
A6 =  -6.19257 # +-70867065.41504
A7 =  4.88688 # +-27444637.91159
#chisq/dof = 2.99118e-10
#status = success
Resummed done 
Born done 
Expanded done 
Resummed done 
Born done 
Expanded done 
Performing PDF fit with 5 flavors, Q^2 = mu_F^2 = 153622
 and weights: valence: x^-1.6, sea: x^-1.6, gluon: x^-1.6 and xmin = 0.00279961 
 Fit function: f = A0 * x^A1 * (1 - x)^A2 * ( 1 + A3 * x^(1/2) + A4 * x + A5 * x^(3/2) + A6 * x^2 + A7 * x^(5/2) )
Fitting gluon PDF...LHAPDF 6.4.0 loading /home/yehudi/LHAPDF6/share/LHAPDF/CT18NLO/CT18NLO_0000.dat
CT18NLO PDF set, member #0, version 1; LHAPDF ID = 14400
PDF chosen : 0
39.7742
 done.
Fit result:
A0 =  1.60938 # +-3.94738
A1 =  -1.47352 # +-0.01977
A2 =  8.29900 # +-25725.73054
A3 =  -5.07723 # +-121.91866
A4 =  18.41161 # +-1491.24511
A5 =  -41.89306 # +-12129.80179
A6 =  56.21582 # +-160799.72051
A7 =  -29.08767 # +-582563.30769
Fitting valence down quark PDF...#chisq/dof = 2.07745e-06
#status = success
LHAPDF 6.4.0 loading /home/yehudi/LHAPDF6/share/LHAPDF/CT18NLO/CT18NLO_0000.dat
CT18NLO PDF set, member #0, version 1; LHAPDF ID = 14400
PDF chosen : 0
36.9026
 done.
Fit result:
A0 =  0.10666 # +-2.00647
A1 =  -1.40972 # +-2.37775
A2 =  6.55483 # +-481.42789
A3 =  0.39622 # +-12423.02940
A4 =  5.49207 # +-461724.97246
A5 =  57.36310 # +-12151676.64643
A6 =  -138.07776 # +-44867602.46743
A7 =  138.84926 # +-35283726.80890
Fitting valence up quark PDF...#chisq/dof = 9.71562e-08
#status = success
LHAPDF 6.4.0 loading /home/yehudi/LHAPDF6/share/LHAPDF/CT18NLO/CT18NLO_0000.dat
CT18NLO PDF set, member #0, version 1; LHAPDF ID = 14400
PDF chosen : 0
97.2009
 done.
Fit result:
A0 =  0.04224 # +-0.60527
A1 =  -1.52270 # +-4.21398
A2 =  4.25186 # +-64788.67282
A3 =  6.95843 # +-35595.38350
A4 =  8.87621 # +-690413.47340
A5 =  90.15866 # +-9692335.31500
A6 =  -32.69234 # +-118106428.35463
A7 =  -41.73588 # +-152822572.28321
Fitting sea down quark PDF...#chisq/dof = 4.67263e-07
#status = success
LHAPDF 6.4.0 loading /home/yehudi/LHAPDF6/share/LHAPDF/CT18NLO/CT18NLO_0000.dat
CT18NLO PDF set, member #0, version 1; LHAPDF ID = 14400
PDF chosen : 0
19.9871
 done.
Fit result:
A0 =  0.18398 # +-0.32685
A1 =  -1.34693 # +-0.15595
A2 =  3.62602 # +-15880.93900
A3 =  -4.37934 # +-318.06201
A4 =  17.66094 # +-17135.33101
A5 =  -48.00219 # +-149124.24852
A6 =  60.70706 # +-653297.51531
A7 =  -27.69856 # +-339488.37566
Fitting strange quark PDF...#chisq/dof = 2.6746e-07
#status = success
LHAPDF 6.4.0 loading /home/yehudi/LHAPDF6/share/LHAPDF/CT18NLO/CT18NLO_0000.dat
CT18NLO PDF set, member #0, version 1; LHAPDF ID = 14400
PDF chosen : 0
29.3268
 done.
Fit result:
A0 =  0.11245 # +-0.04369
A1 =  -1.41254 # +-0.05899
A2 =  -0.66195 # +-1138.45551
A3 =  -4.03891 # +-93.18691
A4 =  4.75140 # +-1891.94644
A5 =  0.41225 # +-8892.24057
A6 =  -3.95207 # +-9903.88789
A7 =  1.82740 # +-1476.08759
Fitting bottom quark PDF...#chisq/dof = 6.24851e-08
#status = success
LHAPDF 6.4.0 loading /home/yehudi/LHAPDF6/share/LHAPDF/CT18NLO/CT18NLO_0000.dat
CT18NLO PDF set, member #0, version 1; LHAPDF ID = 14400
PDF chosen : 0
30.1607
 done.
Fit result:
A0 =  0.07216 # +-0.72098
A1 =  -1.43475 # +-2.04790
A2 =  2.18732 # +-432935.03341
A3 =  -5.89981 # +-6487.96828
A4 =  15.25617 # +-53606.96691
A5 =  -21.09526 # +-351107.15981
A6 =  15.09114 # +-817513.80791
A7 =  -4.34329 # +-232390.78543
Fitting sea up quark PDF...#chisq/dof = 6.56046e-10
#status = success
LHAPDF 6.4.0 loading /home/yehudi/LHAPDF6/share/LHAPDF/CT18NLO/CT18NLO_0000.dat
CT18NLO PDF set, member #0, version 1; LHAPDF ID = 14400
PDF chosen : 0
30.9703
 done.
Fit result:
A0 =  0.11748 # +-15.40201
A1 =  -1.40735 # +-13.99430
A2 =  10.05255 # +-8328759.20185
A3 =  -2.60558 # +-102705.84727
A4 =  15.01126 # +-431537.33508
A5 =  -52.50097 # +-218942041.75100
A6 =  96.58155 # +-2083940300.03042
A7 =  -55.87382 # +-3978085321.22211
Fitting charm quark PDF...#chisq/dof = 2.4734e-08
#status = success
LHAPDF 6.4.0 loading /home/yehudi/LHAPDF6/share/LHAPDF/CT18NLO/CT18NLO_0000.dat
CT18NLO PDF set, member #0, version 1; LHAPDF ID = 14400
PDF chosen : 0
27.4016
 done.
Fit result:
A0 =  0.10523 # +-1.10013
A1 =  -1.40806 # +-1.44899
A2 =  5.59523 # +-1399786.87304
A3 =  -4.57849 # +-4927.44907
A4 =  8.42533 # +-534137.98659
A5 =  -4.44674 # +-11114100.51297
A6 =  -4.45366 # +-35377361.80364
A7 =  4.34276 # +-14029536.19512
#chisq/dof = 3.84749e-10
#status = success
Resummed done 
Born done 
Expanded done 
Resummed done 
Born done 
Expanded done 
Resummed done 
Born done 
Expanded done 
Performing PDF fit with 5 flavors, Q^2 = mu_F^2 = 614487
 and weights: valence: x^-1.6, sea: x^-1.6, gluon: x^-1.6 and xmin = 0.00279961 
 Fit function: f = A0 * x^A1 * (1 - x)^A2 * ( 1 + A3 * x^(1/2) + A4 * x + A5 * x^(3/2) + A6 * x^2 + A7 * x^(5/2) )
Fitting gluon PDF...LHAPDF 6.4.0 loading /home/yehudi/LHAPDF6/share/LHAPDF/CT18NLO/CT18NLO_0000.dat
CT18NLO PDF set, member #0, version 1; LHAPDF ID = 14400
PDF chosen : 0
43.6214
 done.
Fit result:
A0 =  1.53223 # +-3.72891
A1 =  -1.49142 # +-0.02057
A2 =  8.62592 # +-24705.94061
A3 =  -5.32710 # +-127.44469
A4 =  20.05459 # +-1073.01275
A5 =  -46.56091 # +-16378.59531
A6 =  62.89063 # +-196001.14494
A7 =  -32.74547 # +-640321.14845
Fitting valence down quark PDF...#chisq/dof = 2.21332e-06
#status = success
LHAPDF 6.4.0 loading /home/yehudi/LHAPDF6/share/LHAPDF/CT18NLO/CT18NLO_0000.dat
CT18NLO PDF set, member #0, version 1; LHAPDF ID = 14400
PDF chosen : 0
39.2531
 done.
Fit result:
A0 =  0.10581 # +-1.70811
A1 =  -1.42370 # +-2.07166
A2 =  6.61077 # +-598.04207
A3 =  -0.12309 # +-10323.94466
A4 =  8.47339 # +-398605.80531
A5 =  44.43414 # +-10660737.76353
A6 =  -116.20674 # +-39975271.30503
A7 =  122.09691 # +-32249514.70249
Fitting valence up quark PDF...#chisq/dof = 8.2054e-08
#status = success
LHAPDF 6.4.0 loading /home/yehudi/LHAPDF6/share/LHAPDF/CT18NLO/CT18NLO_0000.dat
CT18NLO PDF set, member #0, version 1; LHAPDF ID = 14400
PDF chosen : 0
94.8331
 done.
Fit result:
A0 =  0.04564 # +-0.54633
A1 =  -1.52660 # +-3.30130
A2 =  4.30491 # +-76723.16190
A3 =  5.66580 # +-25722.85547
A4 =  10.58227 # +-733167.13243
A5 =  80.12991 # +-9327709.42629
A6 =  -42.33452 # +-151976848.89418
A7 =  -27.30799 # +-89146886.88046
Fitting sea down quark PDF...#chisq/dof = 4.07676e-07
#status = success
LHAPDF 6.4.0 loading /home/yehudi/LHAPDF6/share/LHAPDF/CT18NLO/CT18NLO_0000.dat
CT18NLO PDF set, member #0, version 1; LHAPDF ID = 14400
PDF chosen : 0
52.1083
 done.
Fit result:
A0 =  0.07462 # +-6.56220
A1 =  -1.46373 # +-14.51516
A2 =  11.94993 # +-9006.05760
A3 =  2.94403 # +-127001.03720
A4 =  -32.91848 # +-6720440.91958
A5 =  196.53803 # +-147581861.76367
A6 =  -439.72350 # +-656126382.56268
A7 =  385.40364 # +-527039321.07344
Fitting strange quark PDF...#chisq/dof = 4.5098e-09
#status = success
LHAPDF 6.4.0 loading /home/yehudi/LHAPDF6/share/LHAPDF/CT18NLO/CT18NLO_0000.dat
CT18NLO PDF set, member #0, version 1; LHAPDF ID = 14400
PDF chosen : 0
31.5622
 done.
Fit result:
A0 =  0.11108 # +-0.04045
A1 =  -1.42635 # +-0.05581
A2 =  -0.67455 # +-1157.04624
A3 =  -4.19011 # +-89.21891
A4 =  5.46572 # +-1771.19144
A5 =  -0.84670 # +-8050.64557
A6 =  -2.97114 # +-8867.75748
A7 =  1.54230 # +-1322.77025
Fitting bottom quark PDF...#chisq/dof = 5.94958e-08
#status = success
LHAPDF 6.4.0 loading /home/yehudi/LHAPDF6/share/LHAPDF/CT18NLO/CT18NLO_0000.dat
CT18NLO PDF set, member #0, version 1; LHAPDF ID = 14400
PDF chosen : 0
32.0787
 done.
Fit result:
A0 =  0.07502 # +-0.70311
A1 =  -1.44670 # +-1.84205
A2 =  1.54902 # +-400816.26834
A3 =  -6.08137 # +-5912.64924
A4 =  16.08793 # +-42026.55609
A5 =  -22.79739 # +-177050.98760
A6 =  16.88476 # +-435759.84571
A7 =  -5.10886 # +-118176.14764
Fitting sea up quark PDF...#chisq/dof = 7.78059e-10
#status = success
LHAPDF 6.4.0 loading /home/yehudi/LHAPDF6/share/LHAPDF/CT18NLO/CT18NLO_0000.dat
CT18NLO PDF set, member #0, version 1; LHAPDF ID = 14400
PDF chosen : 0
33.6834
 done.
Fit result:
A0 =  0.11416 # +-13.84892
A1 =  -1.42288 # +-13.31379
A2 =  10.16988 # +-8753216.61975
A3 =  -2.73140 # +-98080.30529
A4 =  15.14046 # +-351473.02204
A5 =  -51.79910 # +-199705396.55064
A6 =  94.74467 # +-1942189832.58883
A7 =  -54.93364 # +-3821617706.33055
Fitting charm quark PDF...#chisq/dof = 2.32403e-08
#status = success
LHAPDF 6.4.0 loading /home/yehudi/LHAPDF6/share/LHAPDF/CT18NLO/CT18NLO_0000.dat
CT18NLO PDF set, member #0, version 1; LHAPDF ID = 14400
PDF chosen : 0
29.6292
 done.
Fit result:
A0 =  0.10459 # +-0.98416
A1 =  -1.42263 # +-1.31009
A2 =  5.36179 # +-959890.08359
A3 =  -4.73401 # +-4491.32837
A4 =  9.20932 # +-293066.05734
A5 =  -6.25937 # +-6335534.00747
A6 =  -2.59034 # +-20111106.58652
A7 =  3.66518 # +-8049764.47551
#chisq/dof = 4.67512e-10
#status = success
Resummed done 
Born done 
Expanded done 
Resummed done 
Born done 
Expanded done 
 Step n ° 1 over 5
 Duration : 493.643
Performing PDF fit with 5 flavors, Q^2 = mu_F^2 = 58815.5
 and weights: valence: x^-1.6, sea: x^-1.6, gluon: x^-1.6 and xmin = 0.00346456 
 Fit function: f = A0 * x^A1 * (1 - x)^A2 * ( 1 + A3 * x^(1/2) + A4 * x + A5 * x^(3/2) + A6 * x^2 + A7 * x^(5/2) )
Fitting gluon PDF...LHAPDF 6.4.0 loading /home/yehudi/LHAPDF6/share/LHAPDF/CT18NLO/CT18NLO_0000.dat
CT18NLO PDF set, member #0, version 1; LHAPDF ID = 14400
PDF chosen : 0
32.5425
 done.
Fit result:
A0 =  1.59948 # +-7.96068
A1 =  -1.46502 # +-0.04173
A2 =  7.71430 # +-51046.17961
A3 =  -4.64984 # +-224.52139
A4 =  15.15540 # +-4535.19212
A5 =  -31.65671 # +-13111.59061
A6 =  40.48391 # +-111928.94466
A7 =  -20.34288 # +-609396.15264
Fitting valence down quark PDF...#chisq/dof = 1.08376e-06
#status = success
LHAPDF 6.4.0 loading /home/yehudi/LHAPDF6/share/LHAPDF/CT18NLO/CT18NLO_0000.dat
CT18NLO PDF set, member #0, version 1; LHAPDF ID = 14400
PDF chosen : 0
24.7184
 done.
Fit result:
A0 =  0.13499 # +-4.08862
A1 =  -1.37139 # +-3.22422
A2 =  6.30990 # +-760.68612
A3 =  -0.94051 # +-12316.47808
A4 =  13.00017 # +-429787.08685
A5 =  18.77939 # +-10713695.73736
A6 =  -65.99618 # +-37136180.52334
A7 =  77.37795 # +-27765389.25063
Fitting valence up quark PDF...#chisq/dof = 9.00173e-08
#status = success
LHAPDF 6.4.0 loading /home/yehudi/LHAPDF6/share/LHAPDF/CT18NLO/CT18NLO_0000.dat
CT18NLO PDF set, member #0, version 1; LHAPDF ID = 14400
PDF chosen : 0
170.329
 done.
Fit result:
A0 =  0.02058 # +-2.18037
A1 =  -1.59341 # +-58.48807
A2 =  4.19681 # +-52602.96105
A3 =  14.99449 # +-856855.40687
A4 =  3.09604 # +-946936.20504
A5 =  183.43915 # +-126960385.97280
A6 =  -8.60870 # +-83638314.87640
A7 =  -124.24823 # +-1450275683.76918
Fitting sea down quark PDF...#chisq/dof = 3.97003e-07
#status = success
LHAPDF 6.4.0 loading /home/yehudi/LHAPDF6/share/LHAPDF/CT18NLO/CT18NLO_0000.dat
CT18NLO PDF set, member #0, version 1; LHAPDF ID = 14400
PDF chosen : 0
49.6434
 done.
Fit result:
A0 =  0.06186 # +-31.75696
A1 =  -1.46088 # +-98.92461
A2 =  11.72276 # +-5883.09990
A3 =  6.12576 # +-1093895.58787
A4 =  -54.47529 # +-50264066.64925
A5 =  289.35596 # +-990867923.05046
A6 =  -619.27029 # +-3999916860.53902
A7 =  524.91237 # +-2790075746.33188
Fitting strange quark PDF...#chisq/dof = 5.05386e-09
#status = success
LHAPDF 6.4.0 loading /home/yehudi/LHAPDF6/share/LHAPDF/CT18NLO/CT18NLO_0000.dat
CT18NLO PDF set, member #0, version 1; LHAPDF ID = 14400
PDF chosen : 0
24.5421
 done.
Fit result:
A0 =  0.10982 # +-0.08019
A1 =  -1.40631 # +-0.11778
A2 =  -0.50414 # +-1764.07063
A3 =  -3.78581 # +-164.65519
A4 =  3.55601 # +-3399.81755
A5 =  2.54040 # +-16727.46658
A6 =  -5.64260 # +-19200.23525
A7 =  2.33217 # +-2910.79355
Fitting bottom quark PDF...#chisq/dof = 3.21625e-08
#status = success
LHAPDF 6.4.0 loading /home/yehudi/LHAPDF6/share/LHAPDF/CT18NLO/CT18NLO_0000.dat
CT18NLO PDF set, member #0, version 1; LHAPDF ID = 14400
PDF chosen : 0
24.7678
 done.
Fit result:
A0 =  0.06822 # +-1.59178
A1 =  -1.42829 # +-5.22049
A2 =  3.22928 # +-919290.54457
A3 =  -5.64489 # +-14753.62269
A4 =  14.14956 # +-139599.79983
A5 =  -18.76730 # +-1158741.63187
A6 =  12.45864 # +-2796578.92963
A7 =  -3.13976 # +-893239.72170
Fitting sea up quark PDF...#chisq/dof = 2.64958e-10
#status = success
LHAPDF 6.4.0 loading /home/yehudi/LHAPDF6/share/LHAPDF/CT18NLO/CT18NLO_0000.dat
CT18NLO PDF set, member #0, version 1; LHAPDF ID = 14400
PDF chosen : 0
27.7881
 done.
Fit result:
A0 =  0.10878 # +-34.26488
A1 =  -1.40761 # +-37.19047
A2 =  9.70244 # +-18077750.88296
A3 =  -1.89059 # +-249223.93586
A4 =  11.16191 # +-659182.95888
A5 =  -41.68175 # +-478965235.38712
A6 =  80.47562 # +-4445651423.07485
A7 =  -46.70839 # +-8264333400.58315
Fitting charm quark PDF...#chisq/dof = 1.74944e-08
#status = success
LHAPDF 6.4.0 loading /home/yehudi/LHAPDF6/share/LHAPDF/CT18NLO/CT18NLO_0000.dat
CT18NLO PDF set, member #0, version 1; LHAPDF ID = 14400
PDF chosen : 0
22.2907
 done.
Fit result:
A0 =  0.10418 # +-3.05853
A1 =  -1.39847 # +-4.20945
A2 =  6.44838 # +-6424941.24701
A3 =  -4.38655 # +-13210.78489
A4 =  7.91529 # +-3034718.93762
A5 =  -3.93164 # +-58442600.78768
A6 =  -3.97211 # +-188348507.87023
A7 =  3.61363 # +-69749602.48025
#chisq/dof = 1.79474e-10
#status = success
Resummed done 
Born done 
Expanded done 
Resummed done 
Born done 
Expanded done 
Performing PDF fit with 5 flavors, Q^2 = mu_F^2 = 235262
 and weights: valence: x^-1.6, sea: x^-1.6, gluon: x^-1.6 and xmin = 0.00346456 
 Fit function: f = A0 * x^A1 * (1 - x)^A2 * ( 1 + A3 * x^(1/2) + A4 * x + A5 * x^(3/2) + A6 * x^2 + A7 * x^(5/2) )
Fitting gluon PDF...LHAPDF 6.4.0 loading /home/yehudi/LHAPDF6/share/LHAPDF/CT18NLO/CT18NLO_0000.dat
CT18NLO PDF set, member #0, version 1; LHAPDF ID = 14400
PDF chosen : 0
35.7847
 done.
Fit result:
A0 =  1.52047 # +-7.55273
A1 =  -1.48455 # +-0.04378
A2 =  8.02054 # +-46988.33362
A3 =  -4.92486 # +-235.54089
A4 =  16.84240 # +-2826.91455
A5 =  -36.08368 # +-14053.30198
A6 =  46.25125 # +-148924.28871
A7 =  -23.27296 # +-643909.96595
Fitting valence down quark PDF...#chisq/dof = 1.141e-06
#status = success
LHAPDF 6.4.0 loading /home/yehudi/LHAPDF6/share/LHAPDF/CT18NLO/CT18NLO_0000.dat
CT18NLO PDF set, member #0, version 1; LHAPDF ID = 14400
PDF chosen : 0
27.1624
 done.
Fit result:
A0 =  0.12976 # +-3.49049
A1 =  -1.39035 # +-2.98819
A2 =  6.36934 # +-943.73874
A3 =  -1.24031 # +-11152.35554
A4 =  14.81231 # +-399669.75653
A5 =  11.58848 # +-10161598.17762
A6 =  -54.44068 # +-35637768.16130
A7 =  68.93482 # +-27310874.67072
Fitting valence up quark PDF...#chisq/dof = 7.52313e-08
#status = success
LHAPDF 6.4.0 loading /home/yehudi/LHAPDF6/share/LHAPDF/CT18NLO/CT18NLO_0000.dat
CT18NLO PDF set, member #0, version 1; LHAPDF ID = 14400
PDF chosen : 0
144.024
 done.
Fit result:
A0 =  0.02569 # +-1.76462
A1 =  -1.58347 # +-31.56251
A2 =  4.24978 # +-59322.99672
A3 =  11.65988 # +-370667.43661
A4 =  2.57865 # +-1721387.99054
A5 =  160.92770 # +-84973290.08581
A6 =  -62.34830 # +-214980072.20543
A7 =  -62.60536 # +-497976664.46469
Fitting sea down quark PDF...#chisq/dof = 3.30585e-07
#status = success
LHAPDF 6.4.0 loading /home/yehudi/LHAPDF6/share/LHAPDF/CT18NLO/CT18NLO_0000.dat
CT18NLO PDF set, member #0, version 1; LHAPDF ID = 14400
PDF chosen : 0
44.8298
 done.
Fit result:
A0 =  0.07249 # +-19.22759
A1 =  -1.45797 # +-45.52953
A2 =  11.85277 # +-8476.47029
A3 =  3.67740 # +-393895.22210
A4 =  -37.93406 # +-19450008.80891
A5 =  217.89967 # +-397389294.61504
A6 =  -480.43966 # +-1665127180.34879
A7 =  416.02669 # +-1226277829.75439
Fitting strange quark PDF...#chisq/dof = 4.83139e-09
#status = success
LHAPDF 6.4.0 loading /home/yehudi/LHAPDF6/share/LHAPDF/CT18NLO/CT18NLO_0000.dat
CT18NLO PDF set, member #0, version 1; LHAPDF ID = 14400
PDF chosen : 0
26.3312
 done.
Fit result:
A0 =  0.10915 # +-0.07452
A1 =  -1.42055 # +-0.11056
A2 =  -0.51046 # +-1813.37095
A3 =  -3.96973 # +-155.78361
A4 =  4.42430 # +-3104.83966
A5 =  1.01066 # +-14756.71513
A6 =  -4.45091 # +-16867.01875
A7 =  1.98585 # +-2573.60661
Fitting bottom quark PDF...#chisq/dof = 2.99672e-08
#status = success
LHAPDF 6.4.0 loading /home/yehudi/LHAPDF6/share/LHAPDF/CT18NLO/CT18NLO_0000.dat
CT18NLO PDF set, member #0, version 1; LHAPDF ID = 14400
PDF chosen : 0
26.4312
 done.
Fit result:
A0 =  0.07150 # +-1.56028
A1 =  -1.44141 # +-4.64652
A2 =  2.82195 # +-812650.36360
A3 =  -5.81974 # +-13266.10036
A4 =  15.04345 # +-115399.94003
A5 =  -20.86253 # +-717591.36148
A6 =  14.88879 # +-1636192.68731
A7 =  -4.22944 # +-495169.40960
Fitting sea up quark PDF...#chisq/dof = 3.12531e-10
#status = success
LHAPDF 6.4.0 loading /home/yehudi/LHAPDF6/share/LHAPDF/CT18NLO/CT18NLO_0000.dat
CT18NLO PDF set, member #0, version 1; LHAPDF ID = 14400
PDF chosen : 0
30.1202
 done.
Fit result:
A0 =  0.10624 # +-30.58491
A1 =  -1.42366 # +-34.79395
A2 =  9.81509 # +-19190551.36309
A3 =  -2.05643 # +-233278.14075
A4 =  11.31402 # +-502178.72091
A5 =  -40.67492 # +-423539866.06680
A6 =  77.78346 # +-4039653723.59366
A7 =  -45.21323 # +-7777553780.14691
Fitting charm quark PDF...#chisq/dof = 1.62395e-08
#status = success
LHAPDF 6.4.0 loading /home/yehudi/LHAPDF6/share/LHAPDF/CT18NLO/CT18NLO_0000.dat
CT18NLO PDF set, member #0, version 1; LHAPDF ID = 14400
PDF chosen : 0
24.1796
 done.
Fit result:
A0 =  0.10372 # +-2.67419
A1 =  -1.41433 # +-3.71072
A2 =  6.16590 # +-3746557.98861
A3 =  -4.54723 # +-11683.66637
A4 =  8.64012 # +-1389488.69758
A5 =  -5.43672 # +-28662435.31100
A6 =  -2.75164 # +-94045000.00984
A7 =  3.33124 # +-36818254.03762
#chisq/dof = 2.18817e-10
#status = success
Resummed done 
Born done 
Expanded done 
Resummed done 
Born done 
Expanded done 
Resummed done 
Born done 
Expanded done 
Performing PDF fit with 5 flavors, Q^2 = mu_F^2 = 941047
 and weights: valence: x^-1.6, sea: x^-1.6, gluon: x^-1.6 and xmin = 0.00346456 
 Fit function: f = A0 * x^A1 * (1 - x)^A2 * ( 1 + A3 * x^(1/2) + A4 * x + A5 * x^(3/2) + A6 * x^2 + A7 * x^(5/2) )
Fitting gluon PDF...LHAPDF 6.4.0 loading /home/yehudi/LHAPDF6/share/LHAPDF/CT18NLO/CT18NLO_0000.dat
CT18NLO PDF set, member #0, version 1; LHAPDF ID = 14400
PDF chosen : 0
39.6645
 done.
Fit result:
A0 =  1.42151 # +-0.08378
A1 =  -1.50457 # +-0.00066
A2 =  0.11563 # +-158.73271
A3 =  -5.15500 # +-1.59550
A4 =  11.38781 # +-17.86506
A5 =  -13.70293 # +-335.33320
A6 =  8.95136 # +-618.92040
A7 =  -2.48488 # +-115.54275
Fitting valence down quark PDF...#chisq/dof = 2.10313e-06
#status = success
LHAPDF 6.4.0 loading /home/yehudi/LHAPDF6/share/LHAPDF/CT18NLO/CT18NLO_0000.dat
CT18NLO PDF set, member #0, version 1; LHAPDF ID = 14400
PDF chosen : 0
29.4898
 done.
Fit result:
A0 =  0.12528 # +-3.03858
A1 =  -1.40699 # +-2.79872
A2 =  6.41913 # +-1163.43490
A3 =  -1.51570 # +-10225.67417
A4 =  16.50610 # +-374957.15737
A5 =  4.77755 # +-9719326.49995
A6 =  -43.42361 # +-34395332.75972
A7 =  60.79259 # +-26978867.60360
Fitting valence up quark PDF...#chisq/dof = 6.33754e-08
#status = success
LHAPDF 6.4.0 loading /home/yehudi/LHAPDF6/share/LHAPDF/CT18NLO/CT18NLO_0000.dat
CT18NLO PDF set, member #0, version 1; LHAPDF ID = 14400
PDF chosen : 0
130.148
 done.
Fit result:
A0 =  0.02977 # +-1.48954
A1 =  -1.57953 # +-20.34867
A2 =  4.29568 # +-67584.48864
A3 =  9.42792 # +-205310.09907
A4 =  3.87172 # +-1921305.82878
A5 =  142.44167 # +-64588444.50002
A6 =  -85.39251 # +-312718628.64700
A7 =  -30.77810 # +-203491250.58629
Fitting sea down quark PDF...#chisq/dof = 2.81011e-07
#status = success
LHAPDF 6.4.0 loading /home/yehudi/LHAPDF6/share/LHAPDF/CT18NLO/CT18NLO_0000.dat
CT18NLO PDF set, member #0, version 1; LHAPDF ID = 14400
PDF chosen : 0
43.8533
 done.
Fit result:
A0 =  0.07779 # +-14.71595
A1 =  -1.46274 # +-30.95958
A2 =  11.95908 # +-10708.58223
A3 =  2.35494 # +-234213.43714
A4 =  -28.81658 # +-12068960.31624
A5 =  178.57655 # +-253437484.23247
A6 =  -404.19864 # +-1090113594.34751
A7 =  356.70867 # +-833693756.34098
Fitting strange quark PDF...#chisq/dof = 4.53884e-09
#status = success
LHAPDF 6.4.0 loading /home/yehudi/LHAPDF6/share/LHAPDF/CT18NLO/CT18NLO_0000.dat
CT18NLO PDF set, member #0, version 1; LHAPDF ID = 14400
PDF chosen : 0
28.1659
 done.
Fit result:
A0 =  0.10778 # +-0.06954
A1 =  -1.43391 # +-0.10554
A2 =  -0.51898 # +-1853.89677
A3 =  -4.11707 # +-150.19529
A4 =  5.11896 # +-2920.46142
A5 =  -0.21187 # +-13415.65468
A6 =  -3.49930 # +-15199.44155
A7 =  1.70943 # +-2326.03993
Fitting bottom quark PDF...#chisq/dof = 2.83411e-08
#status = success
LHAPDF 6.4.0 loading /home/yehudi/LHAPDF6/share/LHAPDF/CT18NLO/CT18NLO_0000.dat
CT18NLO PDF set, member #0, version 1; LHAPDF ID = 14400
PDF chosen : 0
27.9906
 done.
Fit result:
A0 =  0.07399 # +-1.59171
A1 =  -1.45310 # +-4.41508
A2 =  2.28341 # +-781925.64224
A3 =  -5.98990 # +-12739.01333
A4 =  15.85033 # +-100833.44519
A5 =  -22.62909 # +-417256.09364
A6 =  16.87083 # +-903862.87497
A7 =  -5.11175 # +-257134.90469
Fitting sea up quark PDF...#chisq/dof = 3.84846e-10
#status = success
LHAPDF 6.4.0 loading /home/yehudi/LHAPDF6/share/LHAPDF/CT18NLO/CT18NLO_0000.dat
CT18NLO PDF set, member #0, version 1; LHAPDF ID = 14400
PDF chosen : 0
32.4401
 done.
Fit result:
A0 =  0.10358 # +-27.74939
A1 =  -1.43831 # +-33.20065
A2 =  9.92031 # +-20267474.17818
A3 =  -2.19897 # +-222726.48915
A4 =  11.49611 # +-440585.94472
A5 =  -40.02886 # +-382542593.73999
A6 =  75.83593 # +-3736383501.61556
A7 =  -44.12367 # +-7422013461.25709
Fitting charm quark PDF...#chisq/dof = 1.50928e-08
#status = success
LHAPDF 6.4.0 loading /home/yehudi/LHAPDF6/share/LHAPDF/CT18NLO/CT18NLO_0000.dat
CT18NLO PDF set, member #0, version 1; LHAPDF ID = 14400
PDF chosen : 0
26.0041
 done.
Fit result:
A0 =  0.10291 # +-2.34027
A1 =  -1.42853 # +-3.29988
A2 =  5.90308 # +-2385063.16311
A3 =  -4.69331 # +-10375.07916
A4 =  9.32142 # +-694351.67561
A5 =  -6.91969 # +-15137277.46825
A6 =  -1.40147 # +-50004066.98219
A7 =  2.93408 # +-20194541.32119
#chisq/dof = 2.71164e-10
#status = success
Resummed done 
Born done 
Expanded done 
Resummed done 
Born done 
Expanded done 
 Step n ° 2 over 5
 Duration : 1080.85
Performing PDF fit with 5 flavors, Q^2 = mu_F^2 = 83558.6
 and weights: valence: x^-1.6, sea: x^-1.6, gluon: x^-1.6 and xmin = 0.0041295 
 Fit function: f = A0 * x^A1 * (1 - x)^A2 * ( 1 + A3 * x^(1/2) + A4 * x + A5 * x^(3/2) + A6 * x^2 + A7 * x^(5/2) )
Fitting gluon PDF...LHAPDF 6.4.0 loading /home/yehudi/LHAPDF6/share/LHAPDF/CT18NLO/CT18NLO_0000.dat
CT18NLO PDF set, member #0, version 1; LHAPDF ID = 14400
PDF chosen : 0
29.9003
 done.
Fit result:
A0 =  1.52427 # +-13.68759
A1 =  -1.47478 # +-0.08117
A2 =  7.50388 # +-88446.24097
A3 =  -4.53420 # +-390.99959
A4 =  13.99621 # +-8875.16435
A5 =  -27.53522 # +-26517.60780
A6 =  33.69977 # +-75126.53098
A7 =  -16.55026 # +-600244.13312
Fitting valence down quark PDF...#chisq/dof = 6.45774e-07
#status = success
LHAPDF 6.4.0 loading /home/yehudi/LHAPDF6/share/LHAPDF/CT18NLO/CT18NLO_0000.dat
CT18NLO PDF set, member #0, version 1; LHAPDF ID = 14400
PDF chosen : 0
18.4839
 done.
Fit result:
A0 =  0.16552 # +-6.32426
A1 =  -1.34984 # +-3.53762
A2 =  6.03426 # +-1974.08635
A3 =  -2.41818 # +-9772.93474
A4 =  21.14911 # +-325796.84109
A5 =  -20.43792 # +-8024604.17401
A6 =  3.54028 # +-25877302.56135
A7 =  20.24122 # +-19356971.03045
Fitting valence up quark PDF...#chisq/dof = 6.4766e-08
#status = success
LHAPDF 6.4.0 loading /home/yehudi/LHAPDF6/share/LHAPDF/CT18NLO/CT18NLO_0000.dat
CT18NLO PDF set, member #0, version 1; LHAPDF ID = 14400
PDF chosen : 0
314.165
 done.
Fit result:
A0 =  0.01029 # +-16.29620
A1 =  -1.67097 # +-1568.82518
A2 =  4.21522 # +-53992.20368
A3 =  24.35355 # +-42619826.02499
A4 =  9.40509 # +-48603077.49497
A5 =  286.00331 # +-4349612766.49619
A6 =  127.15661 # +-16449151940.99026
A7 =  -312.18813 # +-38854208953.24996
Fitting sea down quark PDF...#chisq/dof = 3.38955e-07
#status = exceeded max number of iterations
LHAPDF 6.4.0 loading /home/yehudi/LHAPDF6/share/LHAPDF/CT18NLO/CT18NLO_0000.dat
CT18NLO PDF set, member #0, version 1; LHAPDF ID = 14400
PDF chosen : 0
37.3419
 done.
Fit result:
A0 =  0.07440 # +-50.30165
A1 =  -1.44428 # +-114.53877
A2 =  11.71530 # +-7952.48316
A3 =  3.94769 # +-956670.48516
A4 =  -39.77247 # +-45214406.87552
A5 =  225.23732 # +-882574176.71612
A6 =  -492.73174 # +-3549327088.48902
A7 =  422.45082 # +-2457809476.83856
Fitting strange quark PDF...#chisq/dof = 5.0337e-09
#status = success
LHAPDF 6.4.0 loading /home/yehudi/LHAPDF6/share/LHAPDF/CT18NLO/CT18NLO_0000.dat
CT18NLO PDF set, member #0, version 1; LHAPDF ID = 14400
PDF chosen : 0
21.0464
 done.
Fit result:
A0 =  0.11443 # +-2.11232
A1 =  -1.40468 # +-2.39253
A2 =  4.47001 # +-2827148.17762
A3 =  -4.06186 # +-8742.51905
A4 =  10.00692 # +-799738.32019
A5 =  -18.04085 # +-4977371.53518
A6 =  18.55512 # +-3749401.88347
A7 =  -7.71476 # +-901945.76905
Fitting bottom quark PDF...#chisq/dof = 2.07624e-09
#status = success
LHAPDF 6.4.0 loading /home/yehudi/LHAPDF6/share/LHAPDF/CT18NLO/CT18NLO_0000.dat
CT18NLO PDF set, member #0, version 1; LHAPDF ID = 14400
PDF chosen : 0
22.155
 done.
Fit result:
A0 =  0.06804 # +-3.11781
A1 =  -1.43382 # +-10.53347
A2 =  3.63419 # +-1566346.24656
A3 =  -5.59666 # +-27246.41457
A4 =  14.03900 # +-252973.49772
A5 =  -18.64964 # +-1874935.22543
A6 =  12.34117 # +-4461207.91459
A7 =  -3.07349 # +-1472182.96414
Fitting sea up quark PDF...#chisq/dof = 1.64081e-10
#status = success
LHAPDF 6.4.0 loading /home/yehudi/LHAPDF6/share/LHAPDF/CT18NLO/CT18NLO_0000.dat
CT18NLO PDF set, member #0, version 1; LHAPDF ID = 14400
PDF chosen : 0
27.8456
 done.
Fit result:
A0 =  0.09782 # +-63.03929
A1 =  -1.42437 # +-86.00504
A2 =  9.49835 # +-43333676.12891
A3 =  -1.29783 # +-544416.49365
A4 =  7.55425 # +-734871.16764
A5 =  -30.96179 # +-946215631.17907
A6 =  64.54053 # +-8998205115.34467
A7 =  -38.11928 # +-17155595651.71931
Fitting charm quark PDF...#chisq/dof = 1.19477e-08
#status = success
LHAPDF 6.4.0 loading /home/yehudi/LHAPDF6/share/LHAPDF/CT18NLO/CT18NLO_0000.dat
CT18NLO PDF set, member #0, version 1; LHAPDF ID = 14400
PDF chosen : 0
20.1116
 done.
Fit result:
A0 =  0.10302 # +-7.13975
A1 =  -1.40400 # +-10.20092
A2 =  7.00658 # +-13777827.98555
A3 =  -4.36487 # +-30700.42659
A4 =  8.21411 # +-5857745.48821
A5 =  -5.16164 # +-108845296.55749
A6 =  -1.87600 # +-349246675.13584
A7 =  2.45748 # +-115501469.93599
#chisq/dof = 1.38629e-10
#status = success
Resummed done 
Born done 
Expanded done 
Resummed done 
Born done 
Expanded done 
Performing PDF fit with 5 flavors, Q^2 = mu_F^2 = 334234
 and weights: valence: x^-1.6, sea: x^-1.6, gluon: x^-1.6 and xmin = 0.0041295 
 Fit function: f = A0 * x^A1 * (1 - x)^A2 * ( 1 + A3 * x^(1/2) + A4 * x + A5 * x^(3/2) + A6 * x^2 + A7 * x^(5/2) )
Fitting gluon PDF...LHAPDF 6.4.0 loading /home/yehudi/LHAPDF6/share/LHAPDF/CT18NLO/CT18NLO_0000.dat
CT18NLO PDF set, member #0, version 1; LHAPDF ID = 14400
PDF chosen : 0
32.55
 done.
Fit result:
A0 =  1.45335 # +-0.77003
A1 =  -1.49368 # +-0.00584
A2 =  0.88213 # +-844.59074
A3 =  -4.89172 # +-13.58855
A4 =  10.35106 # +-51.17379
A5 =  -11.94927 # +-578.63586
A6 =  7.40502 # +-998.60046
A7 =  -1.91055 # +-169.30858
Fitting valence down quark PDF...#chisq/dof = 8.614e-07
#status = success
LHAPDF 6.4.0 loading /home/yehudi/LHAPDF6/share/LHAPDF/CT18NLO/CT18NLO_0000.dat
CT18NLO PDF set, member #0, version 1; LHAPDF ID = 14400
PDF chosen : 0
20.6486
 done.
Fit result:
A0 =  0.15556 # +-5.51673
A1 =  -1.37108 # +-3.49045
A2 =  6.08843 # +-2444.22388
A3 =  -2.54625 # +-9646.74440
A4 =  22.07704 # +-326031.30355
A5 =  -23.67255 # +-8233568.94599
A6 =  8.29999 # +-26656932.69714
A7 =  16.93429 # +-20424337.73195
Fitting valence up quark PDF...#chisq/dof = 5.39675e-08
#status = success
LHAPDF 6.4.0 loading /home/yehudi/LHAPDF6/share/LHAPDF/CT18NLO/CT18NLO_0000.dat
CT18NLO PDF set, member #0, version 1; LHAPDF ID = 14400
PDF chosen : 0
216.937
 done.
Fit result:
A0 =  0.01564 # +-7.29072
A1 =  -1.64144 # +-329.48447
A2 =  4.26923 # +-58389.63198
A3 =  17.32860 # +-5717834.91566
A4 =  0.48740 # +-1782693.23162
A5 =  238.91362 # +-1048256316.05071
A6 =  -47.29011 # +-189179749.56484
A7 =  -127.52933 # +-3587346221.31101
Fitting sea down quark PDF...#chisq/dof = 2.73954e-07
#status = success
LHAPDF 6.4.0 loading /home/yehudi/LHAPDF6/share/LHAPDF/CT18NLO/CT18NLO_0000.dat
CT18NLO PDF set, member #0, version 1; LHAPDF ID = 14400
PDF chosen : 0
35.6172
 done.
Fit result:
A0 =  0.08204 # +-34.63987
A1 =  -1.44729 # +-66.94594
A2 =  11.81518 # +-10882.52378
A3 =  2.30844 # +-466958.64492
A4 =  -28.47940 # +-23119401.10664
A5 =  176.44707 # +-462141489.52980
A6 =  -398.00268 # +-1905616922.36815
A7 =  348.53545 # +-1369946007.85272
Fitting strange quark PDF...#chisq/dof = 4.6818e-09
#status = success
LHAPDF 6.4.0 loading /home/yehudi/LHAPDF6/share/LHAPDF/CT18NLO/CT18NLO_0000.dat
CT18NLO PDF set, member #0, version 1; LHAPDF ID = 14400
PDF chosen : 0
23.9641
 done.
Fit result:
A0 =  0.10654 # +-0.11789
A1 =  -1.42702 # +-0.18905
A2 =  -0.39519 # +-2654.52895
A3 =  -3.91655 # +-241.97368
A4 =  4.17619 # +-4768.80376
A5 =  1.45917 # +-22666.55295
A6 =  -4.82183 # +-26235.47285
A7 =  2.10333 # +-4063.27375
Fitting bottom quark PDF...#chisq/dof = 1.60031e-08
#status = success
LHAPDF 6.4.0 loading /home/yehudi/LHAPDF6/share/LHAPDF/CT18NLO/CT18NLO_0000.dat
CT18NLO PDF set, member #0, version 1; LHAPDF ID = 14400
PDF chosen : 0
23.5716
 done.
Fit result:
A0 =  0.07090 # +-3.05421
A1 =  -1.44681 # +-9.47945
A2 =  3.29957 # +-1397353.38311
A3 =  -5.75705 # +-24765.34442
A4 =  14.87170 # +-221714.58555
A5 =  -20.63851 # +-1277462.26690
A6 =  14.66527 # +-2825099.92342
A7 =  -4.11334 # +-883961.27907
Fitting sea up quark PDF...#chisq/dof = 1.94363e-10
#status = success
LHAPDF 6.4.0 loading /home/yehudi/LHAPDF6/share/LHAPDF/CT18NLO/CT18NLO_0000.dat
CT18NLO PDF set, member #0, version 1; LHAPDF ID = 14400
PDF chosen : 0
29.9175
 done.
Fit result:
A0 =  0.09582 # +-56.56867
A1 =  -1.43961 # +-80.46883
A2 =  9.59751 # +-46728700.59909
A3 =  -1.47996 # +-508071.59980
A4 =  7.73474 # +-902797.80320
A5 =  -29.91982 # +-824736341.53787
A6 =  61.60963 # +-8122921636.35873
A7 =  -36.42702 # +-16113956133.57297
Fitting charm quark PDF...#chisq/dof = 1.09296e-08
#status = success
LHAPDF 6.4.0 loading /home/yehudi/LHAPDF6/share/LHAPDF/CT18NLO/CT18NLO_0000.dat
CT18NLO PDF set, member #0, version 1; LHAPDF ID = 14400
PDF chosen : 0
21.6854
 done.
Fit result:
A0 =  0.10249 # +-5.93375
A1 =  -1.41937 # +-8.58853
A2 =  6.63650 # +-8298795.03820
A3 =  -4.52338 # +-25496.49646
A4 =  8.84070 # +-2895501.16491
A5 =  -6.32879 # +-58835554.81358
A6 =  -1.19395 # +-196045061.64413
A7 =  2.42024 # +-73354243.77392
#chisq/dof = 1.71126e-10
#status = success
Resummed done 
Born done 
Expanded done 
Resummed done 
Born done 
Expanded done 
Resummed done 
Born done 
Expanded done 
Performing PDF fit with 5 flavors, Q^2 = mu_F^2 = 1.33694e+06
 and weights: valence: x^-1.6, sea: x^-1.6, gluon: x^-1.6 and xmin = 0.0041295 
 Fit function: f = A0 * x^A1 * (1 - x)^A2 * ( 1 + A3 * x^(1/2) + A4 * x + A5 * x^(3/2) + A6 * x^2 + A7 * x^(5/2) )
Fitting gluon PDF...LHAPDF 6.4.0 loading /home/yehudi/LHAPDF6/share/LHAPDF/CT18NLO/CT18NLO_0000.dat
CT18NLO PDF set, member #0, version 1; LHAPDF ID = 14400
PDF chosen : 0
35.3062
 done.
Fit result:
A0 =  1.38019 # +-0.21627
A1 =  -1.51105 # +-0.00183
A2 =  0.30489 # +-388.73986
A3 =  -5.13412 # +-4.33346
A4 =  11.36570 # +-26.94840
A5 =  -13.78446 # +-578.16462
A6 =  9.10184 # +-1103.83700
A7 =  -2.55327 # +-204.64394
Fitting valence down quark PDF...#chisq/dof = 8.8814e-07
#status = success
LHAPDF 6.4.0 loading /home/yehudi/LHAPDF6/share/LHAPDF/CT18NLO/CT18NLO_0000.dat
CT18NLO PDF set, member #0, version 1; LHAPDF ID = 14400
PDF chosen : 0
22.7311
 done.
Fit result:
A0 =  0.14735 # +-4.89211
A1 =  -1.38968 # +-3.44794
A2 =  6.13230 # +-3032.88099
A3 =  -2.67729 # +-9518.64344
A4 =  23.01560 # +-325299.63784
A5 =  -27.07932 # +-8421287.70750
A6 =  13.39544 # +-27286747.43793
A7 =  13.31258 # +-21395271.60694
Fitting valence up quark PDF...#chisq/dof = 4.54773e-08
#status = success
LHAPDF 6.4.0 loading /home/yehudi/LHAPDF6/share/LHAPDF/CT18NLO/CT18NLO_0000.dat
CT18NLO PDF set, member #0, version 1; LHAPDF ID = 14400
PDF chosen : 0
188.856
 done.
Fit result:
A0 =  0.01873 # +-5.23122
A1 =  -1.63445 # +-170.98551
A2 =  4.31249 # +-64306.61404
A3 =  14.28722 # +-2418769.65356
A4 =  -0.83832 # +-4512087.79760
A5 =  217.92664 # +-608264597.98779
A6 =  -105.50353 # +-426713962.81477
A7 =  -63.06105 # +-1123138124.06655
Fitting sea down quark PDF...#chisq/dof = 2.244e-07
#status = success
LHAPDF 6.4.0 loading /home/yehudi/LHAPDF6/share/LHAPDF/CT18NLO/CT18NLO_0000.dat
CT18NLO PDF set, member #0, version 1; LHAPDF ID = 14400
PDF chosen : 0
35.3519
 done.
Fit result:
A0 =  0.08632 # +-27.26600
A1 =  -1.45374 # +-48.56368
A2 =  11.89748 # +-13731.76983
A3 =  1.25798 # +-301613.37102
A4 =  -21.13132 # +-15414210.18895
A5 =  144.68318 # +-314558766.74581
A6 =  -336.30369 # +-1322939817.20161
A7 =  300.49588 # +-979422362.41817
Fitting strange quark PDF...#chisq/dof = 4.29872e-09
#status = success
LHAPDF 6.4.0 loading /home/yehudi/LHAPDF6/share/LHAPDF/CT18NLO/CT18NLO_0000.dat
CT18NLO PDF set, member #0, version 1; LHAPDF ID = 14400
PDF chosen : 0
25.5036
 done.
Fit result:
A0 =  0.10520 # +-0.11052
A1 =  -1.43999 # +-0.18137
A2 =  -0.40244 # +-2710.75764
A3 =  -4.06193 # +-233.93641
A4 =  4.86020 # +-4496.46965
A5 =  0.25708 # +-20616.97729
A6 =  -3.88693 # +-23640.52121
A7 =  1.83188 # +-3673.11930
Fitting bottom quark PDF...#chisq/dof = 1.53818e-08
#status = success
LHAPDF 6.4.0 loading /home/yehudi/LHAPDF6/share/LHAPDF/CT18NLO/CT18NLO_0000.dat
CT18NLO PDF set, member #0, version 1; LHAPDF ID = 14400
PDF chosen : 0
24.9214
 done.
Fit result:
A0 =  0.07298 # +-3.10202
A1 =  -1.45852 # +-9.06285
A2 =  2.89540 # +-1351592.51903
A3 =  -5.90747 # +-23938.41029
A4 =  15.61534 # +-204308.58048
A5 =  -22.34992 # +-871691.33266
A6 =  16.64381 # +-1779504.92952
A7 =  -5.00332 # +-528024.13931
Fitting sea up quark PDF...#chisq/dof = 2.2237e-10
#status = success
LHAPDF 6.4.0 loading /home/yehudi/LHAPDF6/share/LHAPDF/CT18NLO/CT18NLO_0000.dat
CT18NLO PDF set, member #0, version 1; LHAPDF ID = 14400
PDF chosen : 0
31.9096
 done.
Fit result:
A0 =  0.09385 # +-51.29004
A1 =  -1.45333 # +-76.07289
A2 =  9.69478 # +-49139686.57800
A3 =  -1.64941 # +-478939.93510
A4 =  8.01509 # +-1190509.57553
A5 =  -29.44939 # +-725226579.82272
A6 =  59.74087 # +-7357269454.76578
A7 =  -35.31265 # +-15107839382.17400
Fitting charm quark PDF...#chisq/dof = 1.01716e-08
#status = success
LHAPDF 6.4.0 loading /home/yehudi/LHAPDF6/share/LHAPDF/CT18NLO/CT18NLO_0000.dat
CT18NLO PDF set, member #0, version 1; LHAPDF ID = 14400
PDF chosen : 0
23.2461
 done.
Fit result:
A0 =  0.10144 # +-5.20803
A1 =  -1.43341 # +-7.69968
A2 =  6.40254 # +-5604597.31815
A3 =  -4.65579 # +-22772.77331
A4 =  9.44137 # +-1570427.73362
A5 =  -7.60077 # +-34047612.39900
A6 =  -0.12506 # +-115587039.47818
A7 =  2.14346 # +-45698608.16462
#chisq/dof = 1.99353e-10
#status = success
Resummed done 
Born done 
Expanded done 
Resummed done 
Born done 
Expanded done 
 Step n ° 3 over 5
 Duration : 1494.35
Performing PDF fit with 5 flavors, Q^2 = mu_F^2 = 112635
 and weights: valence: x^-1.6, sea: x^-1.6, gluon: x^-1.6 and xmin = 0.00479444 
 Fit function: f = A0 * x^A1 * (1 - x)^A2 * ( 1 + A3 * x^(1/2) + A4 * x + A5 * x^(3/2) + A6 * x^2 + A7 * x^(5/2) )
Fitting gluon PDF...LHAPDF 6.4.0 loading /home/yehudi/LHAPDF6/share/LHAPDF/CT18NLO/CT18NLO_0000.dat
CT18NLO PDF set, member #0, version 1; LHAPDF ID = 14400
PDF chosen : 0
27.6687
 done.
Fit result:
A0 =  1.46441 # +-21.24215
A1 =  -1.48289 # +-0.13967
A2 =  7.33183 # +-139976.12112
A3 =  -4.44428 # +-612.91815
A4 =  13.11096 # +-15962.18023
A5 =  -24.46690 # +-60692.23442
A6 =  28.75623 # +-62887.03870
A7 =  -13.84460 # +-524378.64845
Fitting valence down quark PDF...#chisq/dof = 4.44059e-07
#status = success
LHAPDF 6.4.0 loading /home/yehudi/LHAPDF6/share/LHAPDF/CT18NLO/CT18NLO_0000.dat
CT18NLO PDF set, member #0, version 1; LHAPDF ID = 14400
PDF chosen : 0
14.4797
 done.
Fit result:
A0 =  0.19596 # +-10.45643
A1 =  -1.33124 # +-4.36200
A2 =  5.53585 # +-16329.47148
A3 =  -3.49771 # +-9773.37917
A4 =  26.85076 # +-277592.81045
A5 =  -48.10275 # +-7918348.69340
A6 =  49.96029 # +-19651198.88676
A7 =  -18.26192 # +-16600199.60162
Fitting valence up quark PDF...#chisq/dof = 4.33644e-08
#status = success
LHAPDF 6.4.0 loading /home/yehudi/LHAPDF6/share/LHAPDF/CT18NLO/CT18NLO_0000.dat
CT18NLO PDF set, member #0, version 1; LHAPDF ID = 14400
PDF chosen : 0
377.84
 done.
Fit result:
A0 =  0.00799 # +-98.95061
A1 =  -1.70047 # +-15180.60646
A2 =  4.23245 # +-53458.85132
A3 =  28.23681 # +-518717973.85584
A4 =  16.39865 # +-1496727223.71914
A5 =  325.91381 # +-46821127387.45617
A6 =  226.35102 # +-373032246337.65558
A7 =  -425.76925 # +-477113462002.99976
Fitting sea down quark PDF...#chisq/dof = 3.22763e-07
#status = exceeded max number of iterations
LHAPDF 6.4.0 loading /home/yehudi/LHAPDF6/share/LHAPDF/CT18NLO/CT18NLO_0000.dat
CT18NLO PDF set, member #0, version 1; LHAPDF ID = 14400
PDF chosen : 0
26.9644
 done.
Fit result:
A0 =  0.09431 # +-68.87396
A1 =  -1.42023 # +-104.18329
A2 =  11.63421 # +-11848.73733
A3 =  1.56021 # +-622623.53981
A4 =  -23.41944 # +-30420091.16432
A5 =  154.16871 # +-588918320.08245
A6 =  -352.36875 # +-2358074177.43407
A7 =  308.51512 # +-1621953949.28324
Fitting strange quark PDF...#chisq/dof = 4.62397e-09
#status = success
LHAPDF 6.4.0 loading /home/yehudi/LHAPDF6/share/LHAPDF/CT18NLO/CT18NLO_0000.dat
CT18NLO PDF set, member #0, version 1; LHAPDF ID = 14400
PDF chosen : 0
19.4576
 done.
Fit result:
A0 =  0.11204 # +-2.25448
A1 =  -1.41048 # +-2.77597
A2 =  3.89434 # +-2631954.53110
A3 =  -4.01110 # +-8647.26875
A4 =  9.13668 # +-790008.31202
A5 =  -15.56210 # +-5406475.08336
A6 =  15.68572 # +-3328765.98509
A7 =  -6.39963 # +-715134.82303
Fitting bottom quark PDF...#chisq/dof = 1.05496e-09
#status = success
LHAPDF 6.4.0 loading /home/yehudi/LHAPDF6/share/LHAPDF/CT18NLO/CT18NLO_0000.dat
CT18NLO PDF set, member #0, version 1; LHAPDF ID = 14400
PDF chosen : 0
20.0528
 done.
Fit result:
A0 =  0.06786 # +-5.60671
A1 =  -1.43840 # +-19.45977
A2 =  3.94181 # +-2463919.66318
A3 =  -5.55982 # +-46508.02541
A4 =  13.95653 # +-430024.84093
A5 =  -18.56264 # +-2824816.95235
A6 =  12.26310 # +-6487861.87578
A7 =  -3.03644 # +-2172957.29518
Fitting sea up quark PDF...#chisq/dof = 1.28731e-10
#status = success
LHAPDF 6.4.0 loading /home/yehudi/LHAPDF6/share/LHAPDF/CT18NLO/CT18NLO_0000.dat
CT18NLO PDF set, member #0, version 1; LHAPDF ID = 14400
PDF chosen : 0
28.2851
 done.
Fit result:
A0 =  0.08786 # +-111.53980
A1 =  -1.44074 # +-190.72960
A2 =  9.31742 # +-113431746.67053
A3 =  -0.68383 # +-1169218.00322
A4 =  4.08583 # +-3993231.51503
A5 =  -21.25173 # +-1973650016.76679
A6 =  50.88884 # +-19798323016.10324
A7 =  -31.06282 # +-39392394216.61715
Fitting charm quark PDF...#chisq/dof = 8.58736e-09
#status = success
LHAPDF 6.4.0 loading /home/yehudi/LHAPDF6/share/LHAPDF/CT18NLO/CT18NLO_0000.dat
CT18NLO PDF set, member #0, version 1; LHAPDF ID = 14400
PDF chosen : 0
18.2964
 done.
Fit result:
A0 =  0.10230 # +-13.44519
A1 =  -1.40826 # +-19.86407
A2 =  7.29564 # +-18315809.05678
A3 =  -4.36245 # +-55791.43945
A4 =  8.41569 # +-6458887.02100
A5 =  -5.88298 # +-119106312.50205
A6 =  -0.74428 # +-380484072.94027
A7 =  1.90202 # +-112982839.04142
#chisq/dof = 1.3398e-10
#status = success
Resummed done 
Born done 
Expanded done 
Resummed done 
Born done 
Expanded done 
Performing PDF fit with 5 flavors, Q^2 = mu_F^2 = 450539
 and weights: valence: x^-1.6, sea: x^-1.6, gluon: x^-1.6 and xmin = 0.00479444 
 Fit function: f = A0 * x^A1 * (1 - x)^A2 * ( 1 + A3 * x^(1/2) + A4 * x + A5 * x^(3/2) + A6 * x^2 + A7 * x^(5/2) )
Fitting gluon PDF...LHAPDF 6.4.0 loading /home/yehudi/LHAPDF6/share/LHAPDF/CT18NLO/CT18NLO_0000.dat
CT18NLO PDF set, member #0, version 1; LHAPDF ID = 14400
PDF chosen : 0
30.1089
 done.
Fit result:
A0 =  1.38881 # +-20.10104
A1 =  -1.50174 # +-0.14696
A2 =  7.57440 # +-125125.97026
A3 =  -4.68842 # +-642.28163
A4 =  14.54535 # +-9567.56120
A5 =  -28.02823 # +-36085.27962
A6 =  33.03790 # +-79023.30082
A7 =  -15.86429 # +-557299.20601
Fitting valence down quark PDF...#chisq/dof = 4.67912e-07
#status = success
LHAPDF 6.4.0 loading /home/yehudi/LHAPDF6/share/LHAPDF/CT18NLO/CT18NLO_0000.dat
CT18NLO PDF set, member #0, version 1; LHAPDF ID = 14400
PDF chosen : 0
16.3462
 done.
Fit result:
A0 =  0.18135 # +-9.44115
A1 =  -1.35408 # +-4.57673
A2 =  5.59139 # +-20250.81914
A3 =  -3.52859 # +-10482.52484
A4 =  27.28414 # +-297286.60845
A5 =  -49.24541 # +-8806473.00044
A6 =  51.17900 # +-21482567.69377
A7 =  -18.94770 # +-18592288.77138
Fitting valence up quark PDF...#chisq/dof = 3.61844e-08
#status = success
LHAPDF 6.4.0 loading /home/yehudi/LHAPDF6/share/LHAPDF/CT18NLO/CT18NLO_0000.dat
CT18NLO PDF set, member #0, version 1; LHAPDF ID = 14400
PDF chosen : 0
242.534
 done.
Fit result:
A0 =  0.01300 # +-26.21376
A1 =  -1.66441 # +-1676.78665
A2 =  4.28737 # +-58810.16799
A3 =  19.55389 # +-33459193.36258
A4 =  1.43490 # +-1012370.19928
A5 =  269.45956 # +-5810410174.89512
A6 =  -27.90769 # +-2102023841.37030
A7 =  -164.75259 # +-14699436698.56245
Fitting sea down quark PDF...#chisq/dof = 2.5823e-07
#status = success
LHAPDF 6.4.0 loading /home/yehudi/LHAPDF6/share/LHAPDF/CT18NLO/CT18NLO_0000.dat
CT18NLO PDF set, member #0, version 1; LHAPDF ID = 14400
PDF chosen : 0
27.0954
 done.
Fit result:
A0 =  0.09823 # +-53.34966
A1 =  -1.42906 # +-75.89696
A2 =  11.70817 # +-15289.33814
A3 =  0.59392 # +-404032.28309
A4 =  -16.57647 # +-20260484.69244
A5 =  124.52377 # +-398736580.32870
A6 =  -294.88041 # +-1623299769.92259
A7 =  264.08228 # +-1146273762.39794
Fitting strange quark PDF...#chisq/dof = 4.16825e-09
#status = success
LHAPDF 6.4.0 loading /home/yehudi/LHAPDF6/share/LHAPDF/CT18NLO/CT18NLO_0000.dat
CT18NLO PDF set, member #0, version 1; LHAPDF ID = 14400
PDF chosen : 0
20.866
 done.
Fit result:
A0 =  0.11021 # +-2.35868
A1 =  -1.42515 # +-2.97223
A2 =  4.00622 # +-2762467.22536
A3 =  -4.12901 # +-9594.16294
A4 =  9.64522 # +-746007.32634
A5 =  -16.45071 # +-5441833.24812
A6 =  16.47486 # +-3665347.44081
A7 =  -6.70798 # +-736316.82345
Fitting bottom quark PDF...#chisq/dof = 1.06151e-09
#status = success
LHAPDF 6.4.0 loading /home/yehudi/LHAPDF6/share/LHAPDF/CT18NLO/CT18NLO_0000.dat
CT18NLO PDF set, member #0, version 1; LHAPDF ID = 14400
PDF chosen : 0
21.2662
 done.
Fit result:
A0 =  0.07045 # +-5.49123
A1 =  -1.45118 # +-17.64720
A2 =  3.63839 # +-2204350.56931
A3 =  -5.71302 # +-42552.98743
A4 =  14.75483 # +-393039.89951
A5 =  -20.48486 # +-2060716.04427
A6 =  14.51243 # +-4311280.04587
A7 =  -4.03814 # +-1354792.39709
Fitting sea up quark PDF...#chisq/dof = 1.54928e-10
#status = success
LHAPDF 6.4.0 loading /home/yehudi/LHAPDF6/share/LHAPDF/CT18NLO/CT18NLO_0000.dat
CT18NLO PDF set, member #0, version 1; LHAPDF ID = 14400
PDF chosen : 0
30.0954
 done.
Fit result:
A0 =  0.08648 # +-100.48147
A1 =  -1.45502 # +-177.52952
A2 =  9.40762 # +-124256524.71766
A3 =  -0.89648 # +-1081310.60500
A4 =  4.35492 # +-6672246.13991
A5 =  -20.31810 # +-1679204074.28332
A6 =  47.90914 # +-17681596455.59585
A7 =  -29.28013 # +-36871871121.32539
Fitting charm quark PDF...#chisq/dof = 7.80425e-09
#status = success
LHAPDF 6.4.0 loading /home/yehudi/LHAPDF6/share/LHAPDF/CT18NLO/CT18NLO_0000.dat
CT18NLO PDF set, member #0, version 1; LHAPDF ID = 14400
PDF chosen : 0
19.6644
 done.
Fit result:
A0 =  0.10155 # +-11.59467
A1 =  -1.42345 # +-17.40525
A2 =  6.96870 # +-13858608.60549
A3 =  -4.50971 # +-48578.07764
A4 =  9.00249 # +-4284275.67921
A5 =  -6.99903 # +-86523070.55815
A6 =  -0.04965 # +-290679201.05829
A7 =  1.78425 # +-102327637.92984
#chisq/dof = 1.59208e-10
#status = success
Resummed done 
Born done 
Expanded done 
Resummed done 
Born done 
Expanded done 
Resummed done 
Born done 
Expanded done 
Performing PDF fit with 5 flavors, Q^2 = mu_F^2 = 1.80216e+06
 and weights: valence: x^-1.6, sea: x^-1.6, gluon: x^-1.6 and xmin = 0.00479444 
 Fit function: f = A0 * x^A1 * (1 - x)^A2 * ( 1 + A3 * x^(1/2) + A4 * x + A5 * x^(3/2) + A6 * x^2 + A7 * x^(5/2) )
Fitting gluon PDF...LHAPDF 6.4.0 loading /home/yehudi/LHAPDF6/share/LHAPDF/CT18NLO/CT18NLO_0000.dat
CT18NLO PDF set, member #0, version 1; LHAPDF ID = 14400
PDF chosen : 0
32.4794
 done.
Fit result:
A0 =  1.31972 # +-19.40002
A1 =  -1.51857 # +-0.15702
A2 =  7.81553 # +-117190.07769
A3 =  -4.90048 # +-685.00806
A4 =  15.84883 # +-5950.42135
A5 =  -31.40502 # +-27161.88785
A6 =  37.29212 # +-120821.82590
A7 =  -17.93416 # +-651610.12763
Fitting valence down quark PDF...#chisq/dof = 4.96958e-07
#status = success
LHAPDF 6.4.0 loading /home/yehudi/LHAPDF6/share/LHAPDF/CT18NLO/CT18NLO_0000.dat
CT18NLO PDF set, member #0, version 1; LHAPDF ID = 14400
PDF chosen : 0
18.1585
 done.
Fit result:
A0 =  0.16951 # +-8.76769
A1 =  -1.37408 # +-4.84127
A2 =  5.63107 # +-26533.04101
A3 =  -3.57445 # +-11346.53188
A4 =  27.77846 # +-318936.84644
A5 =  -50.75612 # +-9895123.02614
A6 =  52.97396 # +-23396915.33651
A7 =  -20.08484 # +-20845694.03522
Fitting valence up quark PDF...#chisq/dof = 3.05154e-08
#status = success
LHAPDF 6.4.0 loading /home/yehudi/LHAPDF6/share/LHAPDF/CT18NLO/CT18NLO_0000.dat
CT18NLO PDF set, member #0, version 1; LHAPDF ID = 14400
PDF chosen : 0
215.859
 done.
Fit result:
A0 =  0.01516 # +-17.66464
A1 =  -1.66029 # +-859.77223
A2 =  4.33226 # +-64241.84920
A3 =  16.66284 # +-14166912.46023
A4 =  -1.38173 # +-6949651.26310
A5 =  254.18524 # +-3297051823.19665
A6 =  -101.73032 # +-316789582.49568
A7 =  -90.23366 # +-4168893002.03460
Fitting sea down quark PDF...#chisq/dof = 2.07605e-07
#status = success
LHAPDF 6.4.0 loading /home/yehudi/LHAPDF6/share/LHAPDF/CT18NLO/CT18NLO_0000.dat
CT18NLO PDF set, member #0, version 1; LHAPDF ID = 14400
PDF chosen : 0
27.582
 done.
Fit result:
A0 =  0.10034 # +-43.97364
A1 =  -1.43844 # +-60.83047
A2 =  11.76893 # +-18986.48120
A3 =  -0.11970 # +-297480.64475
A4 =  -11.47261 # +-15213342.05702
A5 =  102.36630 # +-304101125.16887
A6 =  -251.82080 # +-1255705186.37561
A7 =  230.72760 # +-906699157.82125
Fitting strange quark PDF...#chisq/dof = 3.73337e-09
#status = success
LHAPDF 6.4.0 loading /home/yehudi/LHAPDF6/share/LHAPDF/CT18NLO/CT18NLO_0000.dat
CT18NLO PDF set, member #0, version 1; LHAPDF ID = 14400
PDF chosen : 0
22.2573
 done.
Fit result:
A0 =  0.10813 # +-2.52246
A1 =  -1.43861 # +-3.27218
A2 =  4.16894 # +-2987114.12352
A3 =  -4.23070 # +-10914.09498
A4 =  10.15364 # +-728098.19678
A5 =  -17.45466 # +-5535173.90308
A6 =  17.45294 # +-4058740.21733
A7 =  -7.11342 # +-815625.79205
Fitting bottom quark PDF...#chisq/dof = 1.0943e-09
#status = success
LHAPDF 6.4.0 loading /home/yehudi/LHAPDF6/share/LHAPDF/CT18NLO/CT18NLO_0000.dat
CT18NLO PDF set, member #0, version 1; LHAPDF ID = 14400
PDF chosen : 0
22.4005
 done.
Fit result:
A0 =  0.07238 # +-5.53970
A1 =  -1.46261 # +-16.82948
A2 =  3.24950 # +-2106471.52934
A3 =  -5.86150 # +-40938.36475
A4 =  15.49092 # +-374135.42143
A5 =  -22.20173 # +-1514098.50082
A6 =  16.51407 # +-2840590.73336
A7 =  -4.93959 # +-837265.91892
Fitting sea up quark PDF...#chisq/dof = 1.8299e-10
#status = success
LHAPDF 6.4.0 loading /home/yehudi/LHAPDF6/share/LHAPDF/CT18NLO/CT18NLO_0000.dat
CT18NLO PDF set, member #0, version 1; LHAPDF ID = 14400
PDF chosen : 0
31.8463
 done.
Fit result:
A0 =  0.08503 # +-91.00788
A1 =  -1.46798 # +-166.50257
A2 =  9.49522 # +-131579191.67364
A3 =  -1.08887 # +-1007956.65870
A4 =  4.69598 # +-9157270.69858
A5 =  -19.89931 # +-1430881620.52210
A6 =  45.93646 # +-15723217037.10186
A7 =  -28.05241 # +-34181001178.87339
Fitting charm quark PDF...#chisq/dof = 7.21212e-09
#status = success
LHAPDF 6.4.0 loading /home/yehudi/LHAPDF6/share/LHAPDF/CT18NLO/CT18NLO_0000.dat
CT18NLO PDF set, member #0, version 1; LHAPDF ID = 14400
PDF chosen : 0
21.0029
 done.
Fit result:
A0 =  0.10041 # +-10.19271
A1 =  -1.43724 # +-15.66281
A2 =  6.73243 # +-9993986.87066
A3 =  -4.63677 # +-43479.64241
A4 =  9.56031 # +-2538132.71732
A5 =  -8.15412 # +-55109989.96878
A6 =  0.86205 # +-190467480.65374
A7 =  1.56212 # +-72805750.03266
#chisq/dof = 1.81984e-10
#status = success
Resummed done 
Born done 
Expanded done 
Resummed done 
Born done 
Expanded done 
 Step n ° 4 over 5
 Duration : 1903.64
Performing PDF fit with 5 flavors, Q^2 = mu_F^2 = 146044
 and weights: valence: x^-1.6, sea: x^-1.6, gluon: x^-1.6 and xmin = 0.00545939 
 Fit function: f = A0 * x^A1 * (1 - x)^A2 * ( 1 + A3 * x^(1/2) + A4 * x + A5 * x^(3/2) + A6 * x^2 + A7 * x^(5/2) )
Fitting gluon PDF...LHAPDF 6.4.0 loading /home/yehudi/LHAPDF6/share/LHAPDF/CT18NLO/CT18NLO_0000.dat
CT18NLO PDF set, member #0, version 1; LHAPDF ID = 14400
PDF chosen : 0
25.7858
 done.
Fit result:
A0 =  1.41344 # +-30.94329
A1 =  -1.48998 # +-0.22290
A2 =  7.17231 # +-211598.86429
A3 =  -4.36576 # +-901.91938
A4 =  12.35331 # +-27688.51208
A5 =  -21.90672 # +-135944.45675
A6 =  24.71040 # +-133284.60377
A7 =  -11.66836 # +-388110.80150
Fitting valence down quark PDF...#chisq/dof = 3.21034e-07
#status = success
LHAPDF 6.4.0 loading /home/yehudi/LHAPDF6/share/LHAPDF/CT18NLO/CT18NLO_0000.dat
CT18NLO PDF set, member #0, version 1; LHAPDF ID = 14400
PDF chosen : 0
12.6368
 done.
Fit result:
A0 =  0.21009 # +-42.86812
A1 =  -1.32434 # +-15.27131
A2 =  5.27750 # +-339981.48509
A3 =  -3.90862 # +-38558.95756
A4 =  28.71714 # +-810060.92145
A5 =  -56.88105 # +-35707668.77731
A6 =  62.80226 # +-52103385.05109
A7 =  -28.05682 # +-60903976.17762
Fitting valence up quark PDF...#chisq/dof = 2.93572e-08
#status = success
LHAPDF 6.4.0 loading /home/yehudi/LHAPDF6/share/LHAPDF/CT18NLO/CT18NLO_0000.dat
CT18NLO PDF set, member #0, version 1; LHAPDF ID = 14400
PDF chosen : 0
297.364
 done.
Fit result:
A0 =  0.00956 # +-179.02832
A1 =  -1.68506 # +-19927.64428
A2 =  4.24386 # +-52979.75873
A3 =  24.99368 # +-557199091.94503
A4 =  9.67925 # +-761178334.90573
A5 =  303.88271 # +-62580248941.33372
A6 =  122.65767 # +-236569126826.77301
A7 =  -319.94953 # +-367042525243.32318
Fitting sea down quark PDF...#chisq/dof = 3.17231e-07
#status = exceeded max number of iterations
LHAPDF 6.4.0 loading /home/yehudi/LHAPDF6/share/LHAPDF/CT18NLO/CT18NLO_0000.dat
CT18NLO PDF set, member #0, version 1; LHAPDF ID = 14400
PDF chosen : 0
20.047
 done.
Fit result:
A0 =  0.11717 # +-94.35889
A1 =  -1.39711 # +-98.19345
A2 =  11.49958 # +-17632.12370
A3 =  -0.34004 # +-432116.14655
A4 =  -10.27208 # +-21537553.39093
A5 =  97.45616 # +-412389773.94387
A6 =  -240.87003 # +-1635405747.38300
A7 =  218.50975 # +-1111208513.00243
Fitting strange quark PDF...#chisq/dof = 3.97872e-09
#status = success
LHAPDF 6.4.0 loading /home/yehudi/LHAPDF6/share/LHAPDF/CT18NLO/CT18NLO_0000.dat
CT18NLO PDF set, member #0, version 1; LHAPDF ID = 14400
PDF chosen : 0
18.0688
 done.
Fit result:
A0 =  0.11032 # +-2.72709
A1 =  -1.41509 # +-3.57646
A2 =  3.68766 # +-2892632.07217
A3 =  -3.97864 # +-9893.34063
A4 =  8.70622 # +-905637.22480
A5 =  -14.31626 # +-6492688.76077
A6 =  14.22083 # +-3813422.74828
A7 =  -5.74545 # +-711230.57415
Fitting bottom quark PDF...#chisq/dof = 6.11869e-10
#status = success
LHAPDF 6.4.0 loading /home/yehudi/LHAPDF6/share/LHAPDF/CT18NLO/CT18NLO_0000.dat
CT18NLO PDF set, member #0, version 1; LHAPDF ID = 14400
PDF chosen : 0
18.3357
 done.
Fit result:
A0 =  0.06762 # +-9.61149
A1 =  -1.44242 # +-34.23373
A2 =  4.22097 # +-3789584.68597
A3 =  -5.52482 # +-76449.72846
A4 =  13.87515 # +-700148.66279
A5 =  -18.46822 # +-4169859.48109
A6 =  12.18451 # +-9221797.94404
A7 =  -3.00793 # +-3126632.56861
Fitting sea up quark PDF...#chisq/dof = 1.05529e-10
#status = success
LHAPDF 6.4.0 loading /home/yehudi/LHAPDF6/share/LHAPDF/CT18NLO/CT18NLO_0000.dat
CT18NLO PDF set, member #0, version 1; LHAPDF ID = 14400
PDF chosen : 0
29.2169
 done.
Fit result:
A0 =  0.07834 # +-208.40837
A1 =  -1.45762 # +-450.64641
A2 =  9.14806 # +-387791342.64615
A3 =  -0.00578 # +-2746768.65867
A4 =  0.51465 # +-47210006.25090
A5 =  -11.81172 # +-5116444221.33909
A6 =  38.34023 # +-56420402175.17168
A7 =  -24.83624 # +-119469307805.46031
Fitting charm quark PDF...#chisq/dof = 6.22289e-09
#status = success
LHAPDF 6.4.0 loading /home/yehudi/LHAPDF6/share/LHAPDF/CT18NLO/CT18NLO_0000.dat
CT18NLO PDF set, member #0, version 1; LHAPDF ID = 14400
PDF chosen : 0
16.8077
 done.
Fit result:
A0 =  0.10157 # +-23.21212
A1 =  -1.41201 # +-35.44215
A2 =  7.57111 # +-21038743.37970
A3 =  -4.35502 # +-92929.05480
A4 =  8.57387 # +-5784807.93500
A5 =  -6.45950 # +-105188792.57323
A6 =  0.16519 # +-331157843.67735
A7 =  1.50164 # +-82902846.60084
#chisq/dof = 1.29822e-10
#status = success
Resummed done 
Born done 
Expanded done 
Resummed done 
Born done 
Expanded done 
Performing PDF fit with 5 flavors, Q^2 = mu_F^2 = 584176
 and weights: valence: x^-1.6, sea: x^-1.6, gluon: x^-1.6 and xmin = 0.00545939 
 Fit function: f = A0 * x^A1 * (1 - x)^A2 * ( 1 + A3 * x^(1/2) + A4 * x + A5 * x^(3/2) + A6 * x^2 + A7 * x^(5/2) )
Fitting gluon PDF...LHAPDF 6.4.0 loading /home/yehudi/LHAPDF6/share/LHAPDF/CT18NLO/CT18NLO_0000.dat
CT18NLO PDF set, member #0, version 1; LHAPDF ID = 14400
PDF chosen : 0
27.9366
 done.
Fit result:
A0 =  1.33996 # +-29.48848
A1 =  -1.50852 # +-0.23646
A2 =  7.39348 # +-186605.81787
A3 =  -4.60091 # +-951.07174
A4 =  13.71471 # +-16298.56951
A5 =  -25.22423 # +-75097.38507
A6 =  28.58126 # +-93490.68618
A7 =  -13.43831 # +-431377.03537
Fitting valence down quark PDF...#chisq/dof = 3.36964e-07
#status = success
LHAPDF 6.4.0 loading /home/yehudi/LHAPDF6/share/LHAPDF/CT18NLO/CT18NLO_0000.dat
CT18NLO PDF set, member #0, version 1; LHAPDF ID = 14400
PDF chosen : 0
14.2837
 done.
Fit result:
A0 =  0.19340 # +-38.01938
A1 =  -1.34761 # +-15.93620
A2 =  5.34387 # +-364518.32229
A3 =  -3.90907 # +-40746.63575
A4 =  29.01901 # +-857735.81228
A5 =  -57.49364 # +-38504636.63606
A6 =  63.24826 # +-55389706.39784
A7 =  -28.16866 # +-64685287.79483
Fitting valence up quark PDF...#chisq/dof = 2.49323e-08
#status = success
LHAPDF 6.4.0 loading /home/yehudi/LHAPDF6/share/LHAPDF/CT18NLO/CT18NLO_0000.dat
CT18NLO PDF set, member #0, version 1; LHAPDF ID = 14400
PDF chosen : 0
222.046
 done.
Fit result:
A0 =  0.01332 # +-59.49085
A1 =  -1.66428 # +-3664.13077
A2 =  4.29693 # +-59725.86302
A3 =  19.04693 # +-69634502.10912
A4 =  0.75938 # +-1105433.37267
A5 =  267.79042 # +-12713256079.63008
A6 =  -43.42209 # +-3457927333.23431
A7 =  -150.06159 # +-23166938276.80153
Fitting sea down quark PDF...#chisq/dof = 2.53115e-07
#status = exceeded max number of iterations
LHAPDF 6.4.0 loading /home/yehudi/LHAPDF6/share/LHAPDF/CT18NLO/CT18NLO_0000.dat
CT18NLO PDF set, member #0, version 1; LHAPDF ID = 14400
PDF chosen : 0
20.7869
 done.
Fit result:
A0 =  0.11778 # +-77.63092
A1 =  -1.40961 # +-80.99025
A2 =  11.55251 # +-22170.77275
A3 =  -0.93327 # +-330485.26718
A4 =  -5.93891 # +-16697806.59902
A5 =  78.51203 # +-323785062.77313
A6 =  -204.06129 # +-1299181604.69289
A7 =  190.23981 # +-900575216.06290
Fitting strange quark PDF...#chisq/dof = 3.48908e-09
#status = success
LHAPDF 6.4.0 loading /home/yehudi/LHAPDF6/share/LHAPDF/CT18NLO/CT18NLO_0000.dat
CT18NLO PDF set, member #0, version 1; LHAPDF ID = 14400
PDF chosen : 0
19.3028
 done.
Fit result:
A0 =  0.10849 # +-2.99799
A1 =  -1.42947 # +-4.00696
A2 =  3.80490 # +-3162291.14440
A3 =  -4.09495 # +-11685.64931
A4 =  9.21832 # +-858671.10720
A5 =  -15.21193 # +-6497191.45287
A6 =  14.99281 # +-4070488.36787
A7 =  -6.03044 # +-747835.73081
Fitting bottom quark PDF...#chisq/dof = 6.33594e-10
#status = success
LHAPDF 6.4.0 loading /home/yehudi/LHAPDF6/share/LHAPDF/CT18NLO/CT18NLO_0000.dat
CT18NLO PDF set, member #0, version 1; LHAPDF ID = 14400
PDF chosen : 0
19.3723
 done.
Fit result:
A0 =  0.07005 # +-9.33155
A1 =  -1.45489 # +-30.92253
A2 =  3.91236 # +-3325658.29282
A3 =  -5.67752 # +-69449.60811
A4 =  14.66322 # +-659945.01139
A5 =  -20.36600 # +-3195714.30722
A6 =  14.39946 # +-6256879.29144
A7 =  -3.98736 # +-1941191.80190
Fitting sea up quark PDF...#chisq/dof = 1.32038e-10
#status = success
LHAPDF 6.4.0 loading /home/yehudi/LHAPDF6/share/LHAPDF/CT18NLO/CT18NLO_0000.dat
CT18NLO PDF set, member #0, version 1; LHAPDF ID = 14400
PDF chosen : 0
30.7106
 done.
Fit result:
A0 =  0.07773 # +-186.37194
A1 =  -1.47059 # +-410.07075
A2 =  9.23396 # +-427822135.28160
A3 =  -0.27229 # +-2470691.92792
A4 =  0.96564 # +-67509815.72070
A5 =  -11.18802 # +-4142919081.45707
A6 =  35.53831 # +-49094124722.33006
A7 =  -23.07271 # +-110151098390.04955
Fitting charm quark PDF...#chisq/dof = 5.71604e-09
#status = success
LHAPDF 6.4.0 loading /home/yehudi/LHAPDF6/share/LHAPDF/CT18NLO/CT18NLO_0000.dat
CT18NLO PDF set, member #0, version 1; LHAPDF ID = 14400
PDF chosen : 0
18.0098
 done.
Fit result:
A0 =  0.10067 # +-21.10659
A1 =  -1.42701 # +-32.76916
A2 =  7.28780 # +-20199792.00452
A3 =  -4.49433 # +-86357.11800
A4 =  9.14506 # +-5270032.71900
A5 =  -7.59736 # +-105403500.24767
A6 =  0.98437 # +-354336696.04076
A7 =  1.23796 # +-112732705.37673
#chisq/dof = 1.49012e-10
#status = success
Resummed done 
Born done 
Expanded done 
Resummed done 
Born done 
Expanded done 
Resummed done 
Born done 
Expanded done 
Performing PDF fit with 5 flavors, Q^2 = mu_F^2 = 2.3367e+06
 and weights: valence: x^-1.6, sea: x^-1.6, gluon: x^-1.6 and xmin = 0.00545939 
 Fit function: f = A0 * x^A1 * (1 - x)^A2 * ( 1 + A3 * x^(1/2) + A4 * x + A5 * x^(3/2) + A6 * x^2 + A7 * x^(5/2) )
Fitting gluon PDF...LHAPDF 6.4.0 loading /home/yehudi/LHAPDF6/share/LHAPDF/CT18NLO/CT18NLO_0000.dat
CT18NLO PDF set, member #0, version 1; LHAPDF ID = 14400
PDF chosen : 0
30.0313
 done.
Fit result:
A0 =  1.27254 # +-28.54568
A1 =  -1.52515 # +-0.25378
A2 =  7.61642 # +-172920.07919
A3 =  -4.80455 # +-1017.56881
A4 =  14.94975 # +-9927.82588
A5 =  -28.36569 # +-45389.70883
A6 =  32.43194 # +-97149.52876
A7 =  -15.26038 # +-532772.67714
Fitting valence down quark PDF...#chisq/dof = 3.59091e-07
#status = success
LHAPDF 6.4.0 loading /home/yehudi/LHAPDF6/share/LHAPDF/CT18NLO/CT18NLO_0000.dat
CT18NLO PDF set, member #0, version 1; LHAPDF ID = 14400
PDF chosen : 0
15.8948
 done.
Fit result:
A0 =  0.17982 # +-35.66666
A1 =  -1.36807 # +-17.22579
A2 =  5.40440 # +-415802.93248
A3 =  -3.92324 # +-44802.31722
A4 =  29.36791 # +-942379.54259
A5 =  -58.34593 # +-43403757.66893
A6 =  64.06788 # +-61249533.57959
A7 =  -28.49109 # +-71831158.33194
Fitting valence up quark PDF...#chisq/dof = 2.1084e-08
#status = success
LHAPDF 6.4.0 loading /home/yehudi/LHAPDF6/share/LHAPDF/CT18NLO/CT18NLO_0000.dat
CT18NLO PDF set, member #0, version 1; LHAPDF ID = 14400
PDF chosen : 0
205.239
 done.
Fit result:
A0 =  0.01490 # +-41.63921
A1 =  -1.66437 # +-2106.61907
A2 =  4.34226 # +-65705.27330
A3 =  16.70761 # +-34195876.47694
A4 =  -1.51418 # +-12666561.73619
A5 =  257.97306 # +-8063904631.43770
A6 =  -107.70147 # +-346008262.14845
A7 =  -87.54915 # +-7301301319.41231
Fitting sea down quark PDF...#chisq/dof = 2.03095e-07
#status = success
LHAPDF 6.4.0 loading /home/yehudi/LHAPDF6/share/LHAPDF/CT18NLO/CT18NLO_0000.dat
CT18NLO PDF set, member #0, version 1; LHAPDF ID = 14400
PDF chosen : 0
21.7128
 done.
Fit result:
A0 =  0.11682 # +-66.39255
A1 =  -1.42210 # +-71.03214
A2 =  11.60243 # +-27044.79144
A3 =  -1.36642 # +-274757.69796
A4 =  -2.74213 # +-14018155.32304
A5 =  64.47966 # +-275131312.22806
A6 =  -176.75814 # +-1115476733.88863
A7 =  169.29610 # +-786911220.88786
Fitting strange quark PDF...#chisq/dof = 3.11021e-09
#status = success
LHAPDF 6.4.0 loading /home/yehudi/LHAPDF6/share/LHAPDF/CT18NLO/CT18NLO_0000.dat
CT18NLO PDF set, member #0, version 1; LHAPDF ID = 14400
PDF chosen : 0
20.5247
 done.
Fit result:
A0 =  0.10640 # +-3.30311
A1 =  -1.44272 # +-4.53760
A2 =  3.95127 # +-3479626.28571
A3 =  -4.19459 # +-13768.64808
A4 =  9.70656 # +-829765.24980
A5 =  -16.15404 # +-6516867.99691
A6 =  15.87734 # +-4337120.08681
A7 =  -6.37860 # +-820268.19026
Fitting bottom quark PDF...#chisq/dof = 6.57734e-10
#status = success
LHAPDF 6.4.0 loading /home/yehudi/LHAPDF6/share/LHAPDF/CT18NLO/CT18NLO_0000.dat
CT18NLO PDF set, member #0, version 1; LHAPDF ID = 14400
PDF chosen : 0
20.3527
 done.
Fit result:
A0 =  0.07182 # +-9.37621
A1 =  -1.46616 # +-29.50155
A2 =  3.54747 # +-3161134.31744
A3 =  -5.82163 # +-66756.71314
A4 =  15.38012 # +-644277.64278
A5 =  -22.05461 # +-2535019.65492
A6 =  16.37502 # +-4405898.65241
A7 =  -4.87436 # +-1265480.50697
Fitting sea up quark PDF...#chisq/dof = 1.57146e-10
#status = success
LHAPDF 6.4.0 loading /home/yehudi/LHAPDF6/share/LHAPDF/CT18NLO/CT18NLO_0000.dat
CT18NLO PDF set, member #0, version 1; LHAPDF ID = 14400
PDF chosen : 0
32.2361
 done.
Fit result:
A0 =  0.07678 # +-168.95439
A1 =  -1.48275 # +-381.73425
A2 =  9.31270 # +-462371156.88845
A3 =  -0.49465 # +-2277283.52621
A4 =  1.38613 # +-86379584.21436
A5 =  -10.84465 # +-3388951684.12508
A6 =  33.47101 # +-43031830242.96297
A7 =  -21.73637 # +-101878559429.68089
Fitting charm quark PDF...#chisq/dof = 5.23286e-09
#status = success
LHAPDF 6.4.0 loading /home/yehudi/LHAPDF6/share/LHAPDF/CT18NLO/CT18NLO_0000.dat
CT18NLO PDF set, member #0, version 1; LHAPDF ID = 14400
PDF chosen : 0
19.1458
 done.
Fit result:
A0 =  0.09963 # +-18.18302
A1 =  -1.44039 # +-28.88477
A2 =  6.97208 # +-15218951.09504
A3 =  -4.62656 # +-75285.38955
A4 =  9.66958 # +-3373538.87464
A5 =  -8.61110 # +-73917265.80049
A6 =  1.64527 # +-259459863.71660
A7 =  1.12194 # +-95365522.58067
#chisq/dof = 1.72238e-10
#status = success
Resummed done 
Born done 
Expanded done 
Resummed done 
Born done 
Expanded done 
 Step n ° 5 over 5
 Duration : 2305.57
Thanks for using LHAPDF 6.4.0. Please make sure to cite the paper:
  Eur.Phys.J. C75 (2015) 3, 132  (http://arxiv.org/abs/1412.7420)
