 ** INFO: Initializing the collision setup.
LHAPDF 6.4.0 loading /home/yehudi/LHAPDF6/share/LHAPDF/CT18NLO/CT18NLO_0000.dat
CT18NLO PDF set, member #0, version 1; LHAPDF ID = 14400
Performing PDF fit with 5 flavors, Q^2 = mu_F^2 = 3.45957e+06
 and weights: valence: x^-1.6, sea: x^-1.6, gluon: x^-1.6 and xmin = 0.0265713 
 Fit function: f = A0 * x^A1 * (1 - x)^A2 * ( 1 + A3 * x^(1/2) + A4 * x + A5 * x^(3/2) + A6 * x^2 + A7 * x^(5/2) )
Fitting gluon PDF...LHAPDF 6.4.0 loading /home/yehudi/LHAPDF6/share/LHAPDF/CT18NLO/CT18NLO_0000.dat
CT18NLO PDF set, member #0, version 1; LHAPDF ID = 14400
PDF chosen : 0
11.5878
 done.
Fit result:
A0 =  0.63255 # +-12590.09282
A1 =  -1.62720 # +-621.95047
A2 =  7.80928 # +-31743.82245
A3 =  -1.77938 # +-779950.07017
A4 =  -2.46212 # +-21254240.12246
A5 =  20.38539 # +-153566343.63598
A6 =  -33.62583 # +-264923111.63755
A7 =  21.30774 # +-87655765.03003
Fitting valence down quark PDF...#chisq/dof = 5.19563e-08
#status = success
LHAPDF 6.4.0 loading /home/yehudi/LHAPDF6/share/LHAPDF/CT18NLO/CT18NLO_0000.dat
CT18NLO PDF set, member #0, version 1; LHAPDF ID = 14400
PDF chosen : 0
106.849
 done.
Fit result:
A0 =  0.01063 # +-1085.79370
A1 =  -1.81407 # +-185178.04270
A2 =  4.96459 # +-21347402.07787
A3 =  3.09441 # +-174273957.36329
A4 =  57.51021 # +-2541993884.44398
A5 =  10.87636 # +-87422801643.65488
A6 =  16.72658 # +-233560956138.71155
A7 =  -61.19461 # +-28112362868.90139
Fitting valence up quark PDF...#chisq/dof = 4.5397e-09
#status = exceeded max number of iterations
LHAPDF 6.4.0 loading /home/yehudi/LHAPDF6/share/LHAPDF/CT18NLO/CT18NLO_0000.dat
CT18NLO PDF set, member #0, version 1; LHAPDF ID = 14400
PDF chosen : 0
14.2818
 done.
Fit result:
A0 =  0.10087 # +-104872.48775
A1 =  -1.40788 # +-167862.18046
A2 =  4.05707 # +-88844.58041
A3 =  3.38415 # +-499624746.65431
A4 =  -3.09911 # +-5422322850.39276
A5 =  86.55740 # +-145098337953.96622
A6 =  -133.82487 # +-235722787222.39093
A7 =  54.77581 # +-31611419139.03160
Fitting sea down quark PDF...#chisq/dof = 6.14068e-09
#status = success
LHAPDF 6.4.0 loading /home/yehudi/LHAPDF6/share/LHAPDF/CT18NLO/CT18NLO_0000.dat
CT18NLO PDF set, member #0, version 1; LHAPDF ID = 14400
PDF chosen : 0
3.54658
 done.
Fit result:
A0 =  0.20225 # +-1104160.72081
A1 =  -1.36354 # +-548093.51342
A2 =  8.95371 # +-2238242423.14631
A3 =  -5.55812 # +-522301402.46626
A4 =  27.38453 # +-15573495310.78767
A5 =  -66.31255 # +-321984984727.43677
A6 =  75.97160 # +-1120936007111.03296
A7 =  -31.12281 # +-632615532791.99109
Fitting strange quark PDF...#chisq/dof = 4.96192e-10
#status = success
LHAPDF 6.4.0 loading /home/yehudi/LHAPDF6/share/LHAPDF/CT18NLO/CT18NLO_0000.dat
CT18NLO PDF set, member #0, version 1; LHAPDF ID = 14400
PDF chosen : 0
13.3765
 done.
Fit result:
A0 =  0.03799 # +-137808.95623
A1 =  -1.58526 # +-1621181.52724
A2 =  9.74273 # +-4242344.06140
A3 =  1.37496 # +-4114252422.68507
A4 =  -15.51195 # +-95252017480.81635
A5 =  58.47342 # +-743208759805.54077
A6 =  -91.35665 # +-1417236907571.35132
A7 =  58.43492 # +-501139780431.52539
Fitting bottom quark PDF...#chisq/dof = 2.3931e-10
#status = exceeded max number of iterations
LHAPDF 6.4.0 loading /home/yehudi/LHAPDF6/share/LHAPDF/CT18NLO/CT18NLO_0000.dat
CT18NLO PDF set, member #0, version 1; LHAPDF ID = 14400
PDF chosen : 0
8.70297
 done.
Fit result:
A0 =  0.03191 # +-43024.71129
A1 =  -1.58541 # +-821378.80237
A2 =  9.88262 # +-27422019.81762
A3 =  -2.07859 # +-1111493311.52742
A4 =  -3.72847 # +-37475991484.03596
A5 =  29.63392 # +-304256464524.63440
A6 =  -52.29300 # +-587224506173.73706
A7 =  35.34938 # +-212216838985.39035
Fitting sea up quark PDF...#chisq/dof = 7.99589e-11
#status = success
LHAPDF 6.4.0 loading /home/yehudi/LHAPDF6/share/LHAPDF/CT18NLO/CT18NLO_0000.dat
CT18NLO PDF set, member #0, version 1; LHAPDF ID = 14400
PDF chosen : 0
16.9094
 done.
Fit result:
A0 =  0.03914 # +-1142854.63342
A1 =  -1.55913 # +-10997028.55514
A2 =  7.74154 # +-169099840.55386
A3 =  5.46955 # +-53818292901.53100
A4 =  -31.32185 # +-873107628366.67090
A5 =  73.25183 # +-3443374726292.89111
A6 =  -75.61209 # +-3010834513458.41260
A7 =  29.94991 # +-363908213622.95856
Fitting charm quark PDF...#chisq/dof = 5.12225e-10
#status = exceeded max number of iterations
LHAPDF 6.4.0 loading /home/yehudi/LHAPDF6/share/LHAPDF/CT18NLO/CT18NLO_0000.dat
CT18NLO PDF set, member #0, version 1; LHAPDF ID = 14400
PDF chosen : 0
8.65652
 done.
Fit result:
A0 =  0.04568 # +-85696.05543
A1 =  -1.55281 # +-751432.04817
A2 =  9.86978 # +-6234892.63429
A3 =  -0.81825 # +-1362145870.19887
A4 =  -11.12295 # +-44528375511.53554
A5 =  49.35624 # +-343592297796.23212
A6 =  -77.38294 # +-632394231691.19604
A7 =  49.93939 # +-224370009518.20486
#chisq/dof = 1.4775e-10
#status = exceeded max number of iterations
Resummed done 
Born done 
Expanded done 
Resummed done 
Born done 
Expanded done 
Performing PDF fit with 5 flavors, Q^2 = mu_F^2 = 1.38383e+07
 and weights: valence: x^-1.6, sea: x^-1.6, gluon: x^-1.6 and xmin = 0.0265713 
 Fit function: f = A0 * x^A1 * (1 - x)^A2 * ( 1 + A3 * x^(1/2) + A4 * x + A5 * x^(3/2) + A6 * x^2 + A7 * x^(5/2) )
Fitting gluon PDF...LHAPDF 6.4.0 loading /home/yehudi/LHAPDF6/share/LHAPDF/CT18NLO/CT18NLO_0000.dat
CT18NLO PDF set, member #0, version 1; LHAPDF ID = 14400
PDF chosen : 0
12.3605
 done.
Fit result:
A0 =  0.58123 # +-12291.42592
A1 =  -1.64712 # +-718.23138
A2 =  7.94306 # +-35775.79892
A3 =  -1.81965 # +-904230.16666
A4 =  -2.34913 # +-25071761.23098
A5 =  20.72878 # +-184893619.99623
A6 =  -34.97973 # +-325192677.84798
A7 =  22.48209 # +-108755402.09482
Fitting valence down quark PDF...#chisq/dof = 5.23569e-08
#status = success
LHAPDF 6.4.0 loading /home/yehudi/LHAPDF6/share/LHAPDF/CT18NLO/CT18NLO_0000.dat
CT18NLO PDF set, member #0, version 1; LHAPDF ID = 14400
PDF chosen : 0
105.935
 done.
Fit result:
A0 =  0.01075 # +-1226.97204
A1 =  -1.81866 # +-202104.21960
A2 =  5.00705 # +-26241721.75621
A3 =  3.08363 # +-210707102.38182
A4 =  54.79303 # +-2045940804.36852
A5 =  13.11536 # +-105372862889.78970
A6 =  1.58969 # +-339571778208.68713
A7 =  -48.11129 # +-9941752954.01431
Fitting valence up quark PDF...#chisq/dof = 3.91047e-09
#status = exceeded max number of iterations
LHAPDF 6.4.0 loading /home/yehudi/LHAPDF6/share/LHAPDF/CT18NLO/CT18NLO_0000.dat
CT18NLO PDF set, member #0, version 1; LHAPDF ID = 14400
PDF chosen : 0
15.8247
 done.
Fit result:
A0 =  0.09145 # +-101135.06396
A1 =  -1.43195 # +-197478.46550
A2 =  4.11012 # +-96595.69926
A3 =  3.35813 # +-578698714.26232
A4 =  -1.81650 # +-6033709775.42596
A5 =  86.91941 # +-176173419235.33667
A6 =  -136.78119 # +-292349102225.43988
A7 =  56.54588 # +-39920739180.85674
Fitting sea down quark PDF...#chisq/dof = 5.56997e-09
#status = exceeded max number of iterations
LHAPDF 6.4.0 loading /home/yehudi/LHAPDF6/share/LHAPDF/CT18NLO/CT18NLO_0000.dat
CT18NLO PDF set, member #0, version 1; LHAPDF ID = 14400
PDF chosen : 0
3.91563
 done.
Fit result:
A0 =  0.18329 # +-1022121.86759
A1 =  -1.38650 # +-614360.37289
A2 =  8.98920 # +-2586629160.45369
A3 =  -5.43574 # +-599874051.88911
A4 =  26.86691 # +-17367735132.03827
A5 =  -65.34500 # +-362606082056.02759
A6 =  75.15457 # +-1267027436449.73169
A7 =  -30.87826 # +-719616551538.26221
Fitting strange quark PDF...#chisq/dof = 5.05187e-10
#status = success
LHAPDF 6.4.0 loading /home/yehudi/LHAPDF6/share/LHAPDF/CT18NLO/CT18NLO_0000.dat
CT18NLO PDF set, member #0, version 1; LHAPDF ID = 14400
PDF chosen : 0
13.8435
 done.
Fit result:
A0 =  0.03699 # +-128357.40136
A1 =  -1.59826 # +-1596619.73406
A2 =  9.82863 # +-4716264.99276
A3 =  1.27733 # +-3995967056.58650
A4 =  -15.23632 # +-93768855190.53017
A5 =  57.95043 # +-735344413727.51819
A6 =  -90.94455 # +-1409718243359.91431
A7 =  58.37058 # +-501163899839.30853
Fitting bottom quark PDF...#chisq/dof = 2.4862e-10
#status = exceeded max number of iterations
LHAPDF 6.4.0 loading /home/yehudi/LHAPDF6/share/LHAPDF/CT18NLO/CT18NLO_0000.dat
CT18NLO PDF set, member #0, version 1; LHAPDF ID = 14400
PDF chosen : 0
8.99402
 done.
Fit result:
A0 =  0.03201 # +-41226.24356
A1 =  -1.59719 # +-783802.80156
A2 =  9.96955 # +-28630539.95539
A3 =  -2.15525 # +-1047276591.49792
A4 =  -3.31660 # +-35529721822.13118
A5 =  28.73086 # +-290985656500.36578
A6 =  -51.45863 # +-566363703937.33008
A7 =  35.03145 # +-205887773948.02457
Fitting sea up quark PDF...#chisq/dof = 8.85326e-11
#status = success
LHAPDF 6.4.0 loading /home/yehudi/LHAPDF6/share/LHAPDF/CT18NLO/CT18NLO_0000.dat
CT18NLO PDF set, member #0, version 1; LHAPDF ID = 14400
PDF chosen : 0
17.5571
 done.
Fit result:
A0 =  0.03773 # +-889486.03618
A1 =  -1.57399 # +-9275792.65973
A2 =  7.78819 # +-112005307.67132
A3 =  5.28119 # +-44043456606.02358
A4 =  -30.88438 # +-725969703635.42444
A5 =  73.28242 # +-2948750576499.79443
A6 =  -77.08603 # +-2691897189367.09326
A7 =  31.20401 # +-353117524107.26709
Fitting charm quark PDF...#chisq/dof = 4.98673e-10
#status = exceeded max number of iterations
LHAPDF 6.4.0 loading /home/yehudi/LHAPDF6/share/LHAPDF/CT18NLO/CT18NLO_0000.dat
CT18NLO PDF set, member #0, version 1; LHAPDF ID = 14400
PDF chosen : 0
9.08106
 done.
Fit result:
A0 =  0.04426 # +-81080.11608
A1 =  -1.56746 # +-758063.51009
A2 =  9.94811 # +-6830776.98461
A3 =  -0.85872 # +-1366806281.84666
A4 =  -10.90908 # +-44854536846.04792
A5 =  49.01540 # +-348524305721.86530
A6 =  -77.28585 # +-645643160459.55286
A7 =  49.98423 # +-229832438535.59424
#chisq/dof = 1.55644e-10
#status = exceeded max number of iterations
Resummed done 
Born done 
Expanded done 
Resummed done 
Born done 
Expanded done 
Resummed done 
Born done 
Expanded done 
Performing PDF fit with 5 flavors, Q^2 = mu_F^2 = 5.53532e+07
 and weights: valence: x^-1.6, sea: x^-1.6, gluon: x^-1.6 and xmin = 0.0265713 
 Fit function: f = A0 * x^A1 * (1 - x)^A2 * ( 1 + A3 * x^(1/2) + A4 * x + A5 * x^(3/2) + A6 * x^2 + A7 * x^(5/2) )
Fitting gluon PDF...LHAPDF 6.4.0 loading /home/yehudi/LHAPDF6/share/LHAPDF/CT18NLO/CT18NLO_0000.dat
CT18NLO PDF set, member #0, version 1; LHAPDF ID = 14400
PDF chosen : 0
13.4422
 done.
Fit result:
A0 =  0.52376 # +-12380.34592
A1 =  -1.66877 # +-884.47095
A2 =  8.07373 # +-38442.23118
A3 =  -1.73361 # +-1150656.03435
A4 =  -2.88281 # +-32284194.37819
A5 =  22.71187 # +-241530411.36985
A6 =  -38.36729 # +-430849240.31463
A7 =  24.75754 # +-145053472.91579
Fitting valence down quark PDF...#chisq/dof = 5.27285e-08
#status = success
LHAPDF 6.4.0 loading /home/yehudi/LHAPDF6/share/LHAPDF/CT18NLO/CT18NLO_0000.dat
CT18NLO PDF set, member #0, version 1; LHAPDF ID = 14400
PDF chosen : 0
104.658
 done.
Fit result:
A0 =  0.01089 # +-1355.46793
A1 =  -1.82233 # +-215425.25254
A2 =  5.04475 # +-32031400.57845
A3 =  3.03138 # +-241640141.98491
A4 =  52.48908 # +-1594510011.54747
A5 =  14.09546 # +-120333939825.41479
A6 =  -10.43463 # +-456315187732.68195
A7 =  -37.04183 # +-1648237197.58008
Fitting valence up quark PDF...#chisq/dof = 3.36452e-09
#status = exceeded max number of iterations
LHAPDF 6.4.0 loading /home/yehudi/LHAPDF6/share/LHAPDF/CT18NLO/CT18NLO_0000.dat
CT18NLO PDF set, member #0, version 1; LHAPDF ID = 14400
PDF chosen : 0
17.2952
 done.
Fit result:
A0 =  0.08396 # +-97091.23833
A1 =  -1.45333 # +-226064.84095
A2 =  4.16203 # +-97089.80933
A3 =  3.29241 # +-645887947.87759
A4 =  -0.45228 # +-6467841415.57970
A5 =  86.58037 # +-205456773137.25513
A6 =  -138.73887 # +-347520019996.70422
A7 =  57.96146 # +-48361093881.47176
Fitting sea down quark PDF...#chisq/dof = 5.07905e-09
#status = exceeded max number of iterations
LHAPDF 6.4.0 loading /home/yehudi/LHAPDF6/share/LHAPDF/CT18NLO/CT18NLO_0000.dat
CT18NLO PDF set, member #0, version 1; LHAPDF ID = 14400
PDF chosen : 0
4.27882
 done.
Fit result:
A0 =  0.16762 # +-956713.59391
A1 =  -1.40712 # +-684295.38419
A2 =  9.02468 # +-2959173891.07260
A3 =  -5.32344 # +-682742712.38023
A4 =  26.38291 # +-19237404115.18501
A5 =  -64.42870 # +-405116965313.34326
A6 =  74.36745 # +-1420460702547.26685
A7 =  -30.63545 # +-811459215703.36780
Fitting strange quark PDF...#chisq/dof = 5.11754e-10
#status = success
LHAPDF 6.4.0 loading /home/yehudi/LHAPDF6/share/LHAPDF/CT18NLO/CT18NLO_0000.dat
CT18NLO PDF set, member #0, version 1; LHAPDF ID = 14400
PDF chosen : 0
14.3475
 done.
Fit result:
A0 =  0.03589 # +-120189.33691
A1 =  -1.61082 # +-1591230.55622
A2 =  9.89908 # +-5245406.86087
A3 =  1.20663 # +-3942692646.11824
A4 =  -15.03743 # +-93395372678.11525
A5 =  57.51342 # +-734363031045.92395
A6 =  -90.50591 # +-1412349181080.24097
A7 =  58.18549 # +-503543114701.80127
Fitting bottom quark PDF...#chisq/dof = 2.56532e-10
#status = exceeded max number of iterations
LHAPDF 6.4.0 loading /home/yehudi/LHAPDF6/share/LHAPDF/CT18NLO/CT18NLO_0000.dat
CT18NLO PDF set, member #0, version 1; LHAPDF ID = 14400
PDF chosen : 0
9.91023
 done.
Fit result:
A0 =  0.02991 # +-43314.77715
A1 =  -1.61744 # +-929429.15915
A2 =  10.07144 # +-27035872.83525
A3 =  -1.89238 # +-1329764434.70439
A4 =  -4.85766 # +-44997393317.44460
A5 =  33.26408 # +-368418906962.75818
A6 =  -57.97341 # +-717022058146.54309
A7 =  38.97109 # +-259997002396.54532
Fitting sea up quark PDF...#chisq/dof = 9.65797e-11
#status = success
LHAPDF 6.4.0 loading /home/yehudi/LHAPDF6/share/LHAPDF/CT18NLO/CT18NLO_0000.dat
CT18NLO PDF set, member #0, version 1; LHAPDF ID = 14400
PDF chosen : 0
18.2212
 done.
Fit result:
A0 =  0.03634 # +-686658.99138
A1 =  -1.58797 # +-7765338.92981
A2 =  7.84553 # +-76513762.43509
A3 =  5.12528 # +-35933370329.60657
A4 =  -30.47653 # +-598983842050.88733
A5 =  73.18432 # +-2491218167735.77686
A6 =  -78.14320 # +-2350476010366.18604
A7 =  32.20216 # +-327828661039.25458
Fitting charm quark PDF...#chisq/dof = 4.8999e-10
#status = exceeded max number of iterations
LHAPDF 6.4.0 loading /home/yehudi/LHAPDF6/share/LHAPDF/CT18NLO/CT18NLO_0000.dat
CT18NLO PDF set, member #0, version 1; LHAPDF ID = 14400
PDF chosen : 0
9.66546
 done.
Fit result:
A0 =  0.04212 # +-80338.93133
A1 =  -1.58339 # +-825813.62828
A2 =  10.02490 # +-7185855.44146
A3 =  -0.78885 # +-1518970460.58307
A4 =  -11.32672 # +-49897273259.75943
A5 =  50.40221 # +-389274990341.35309
A6 =  -79.49236 # +-723758078861.94702
A7 =  51.37671 # +-257919404848.29929
#chisq/dof = 1.62707e-10
#status = exceeded max number of iterations
Resummed done 
Born done 
Expanded done 
Resummed done 
Born done 
Expanded done 
 Step n ° 1 over 2
 Duration : 666.861
Performing PDF fit with 5 flavors, Q^2 = mu_F^2 = 3.90599e+06
 and weights: valence: x^-1.6, sea: x^-1.6, gluon: x^-1.6 and xmin = 0.0282337 
 Fit function: f = A0 * x^A1 * (1 - x)^A2 * ( 1 + A3 * x^(1/2) + A4 * x + A5 * x^(3/2) + A6 * x^2 + A7 * x^(5/2) )
Fitting gluon PDF...LHAPDF 6.4.0 loading /home/yehudi/LHAPDF6/share/LHAPDF/CT18NLO/CT18NLO_0000.dat
CT18NLO PDF set, member #0, version 1; LHAPDF ID = 14400
PDF chosen : 0
8.48226
 done.
Fit result:
A0 =  0.80113 # +-13494.01296
A1 =  -1.59378 # +-445.63035
A2 =  7.60305 # +-65820.86200
A3 =  -2.89717 # +-406132.91182
A4 =  3.32992 # +-11040034.66367
A5 =  5.08987 # +-80342363.97129
A6 =  -13.96506 # +-138392906.09374
A7 =  10.30776 # +-45976915.05336
Fitting valence down quark PDF...#chisq/dof = 5.19254e-08
#status = success
LHAPDF 6.4.0 loading /home/yehudi/LHAPDF6/share/LHAPDF/CT18NLO/CT18NLO_0000.dat
CT18NLO PDF set, member #0, version 1; LHAPDF ID = 14400
PDF chosen : 0
133.131
 done.
Fit result:
A0 =  0.00826 # +-584.08637
A1 =  -1.85878 # +-171178.46220
A2 =  4.98431 # +-17164972.40239
A3 =  3.08844 # +-124036610.37492
A4 =  66.90577 # +-4091403805.31303
A5 =  19.60777 # +-94736823397.96600
A6 =  33.56977 # +-172999310662.27707
A7 =  -86.96500 # +-94615347223.39999
Fitting valence up quark PDF...#chisq/dof = 4.15799e-09
#status = exceeded max number of iterations
LHAPDF 6.4.0 loading /home/yehudi/LHAPDF6/share/LHAPDF/CT18NLO/CT18NLO_0000.dat
CT18NLO PDF set, member #0, version 1; LHAPDF ID = 14400
PDF chosen : 0
13.1985
 done.
Fit result:
A0 =  0.10667 # +-162334.00730
A1 =  -1.40032 # +-237365.09748
A2 =  4.11139 # +-68593.14446
A3 =  3.06650 # +-646482405.76117
A4 =  -2.19612 # +-6959735064.80586
A5 =  81.10085 # +-183839424887.24265
A6 =  -126.00170 # +-294145745842.26801
A7 =  52.35833 # +-40400897197.09070
Fitting sea down quark PDF...#chisq/dof = 5.56984e-09
#status = exceeded max number of iterations
LHAPDF 6.4.0 loading /home/yehudi/LHAPDF6/share/LHAPDF/CT18NLO/CT18NLO_0000.dat
CT18NLO PDF set, member #0, version 1; LHAPDF ID = 14400
PDF chosen : 0
3.53875
 done.
Fit result:
A0 =  0.19178 # +-1670250.19436
A1 =  -1.37345 # +-932951.96602
A2 =  8.92452 # +-3390893077.99787
A3 =  -5.47334 # +-849432417.37894
A4 =  27.20558 # +-24448691380.47281
A5 =  -66.12712 # +-505582932556.78247
A6 =  75.80604 # +-1760638267473.07422
A7 =  -30.99963 # +-993498206396.89246
Fitting strange quark PDF...#chisq/dof = 4.96988e-10
#status = success
LHAPDF 6.4.0 loading /home/yehudi/LHAPDF6/share/LHAPDF/CT18NLO/CT18NLO_0000.dat
CT18NLO PDF set, member #0, version 1; LHAPDF ID = 14400
PDF chosen : 0
11.866
 done.
Fit result:
A0 =  0.04010 # +-196599.39621
A1 =  -1.57865 # +-2117133.74158
A2 =  9.78054 # +-4891150.94796
A3 =  1.03946 # +-4938925060.90743
A4 =  -14.01838 # +-115755877286.68829
A5 =  54.70820 # +-905669108399.91357
A6 =  -86.63719 # +-1730713857888.37085
A7 =  55.97525 # +-612599431540.31738
Fitting bottom quark PDF...#chisq/dof = 2.43379e-10
#status = exceeded max number of iterations
LHAPDF 6.4.0 loading /home/yehudi/LHAPDF6/share/LHAPDF/CT18NLO/CT18NLO_0000.dat
CT18NLO PDF set, member #0, version 1; LHAPDF ID = 14400
PDF chosen : 0
7.12106
 done.
Fit result:
A0 =  0.03621 # +-54174.69238
A1 =  -1.56859 # +-838057.08885
A2 =  9.81984 # +-38842796.69533
A3 =  -2.69576 # +-939300938.20208
A4 =  -0.16456 # +-31823442614.91871
A5 =  19.62671 # +-258302335441.17316
A6 =  -38.63346 # +-497149000917.68793
A7 =  27.32417 # +-178609622801.78281
Fitting sea up quark PDF...#chisq/dof = 8.14592e-11
#status = success
LHAPDF 6.4.0 loading /home/yehudi/LHAPDF6/share/LHAPDF/CT18NLO/CT18NLO_0000.dat
CT18NLO PDF set, member #0, version 1; LHAPDF ID = 14400
PDF chosen : 0
14.3839
 done.
Fit result:
A0 =  0.04334 # +-1039396.47406
A1 =  -1.54616 # +-8416321.41976
A2 =  7.72882 # +-57190902.54100
A3 =  4.74276 # +-36085531745.71197
A4 =  -29.06086 # +-607608004826.45056
A5 =  70.15099 # +-2535084188389.14355
A6 =  -74.83543 # +-2385087436648.34521
A7 =  30.73446 # +-334983022349.76086
Fitting charm quark PDF...#chisq/dof = 4.71406e-10
#status = exceeded max number of iterations
LHAPDF 6.4.0 loading /home/yehudi/LHAPDF6/share/LHAPDF/CT18NLO/CT18NLO_0000.dat
CT18NLO PDF set, member #0, version 1; LHAPDF ID = 14400
PDF chosen : 0
7.84424
 done.
Fit result:
A0 =  0.04689 # +-123986.59121
A1 =  -1.55023 # +-1048863.95444
A2 =  9.86858 # +-7262020.81369
A3 =  -0.98670 # +-1784099592.17689
A4 =  -10.16101 # +-58203683446.28962
A5 =  46.71190 # +-446362544255.38501
A6 =  -73.83958 # +-814989894937.07703
A7 =  47.85021 # +-285935796224.22742
#chisq/dof = 1.50623e-10
#status = exceeded max number of iterations
Resummed done 
Born done 
Expanded done 
Resummed done 
Born done 
Expanded done 
Performing PDF fit with 5 flavors, Q^2 = mu_F^2 = 1.5624e+07
 and weights: valence: x^-1.6, sea: x^-1.6, gluon: x^-1.6 and xmin = 0.0282337 
 Fit function: f = A0 * x^A1 * (1 - x)^A2 * ( 1 + A3 * x^(1/2) + A4 * x + A5 * x^(3/2) + A6 * x^2 + A7 * x^(5/2) )
Fitting gluon PDF...LHAPDF 6.4.0 loading /home/yehudi/LHAPDF6/share/LHAPDF/CT18NLO/CT18NLO_0000.dat
CT18NLO PDF set, member #0, version 1; LHAPDF ID = 14400
PDF chosen : 0
8.77684
 done.
Fit result:
A0 =  0.75776 # +-12866.74253
A1 =  -1.60936 # +-477.30012
A2 =  7.70398 # +-79688.95013
A3 =  -3.05952 # +-423604.05333
A4 =  4.13397 # +-11706705.99524
A5 =  3.41413 # +-87102778.60440
A6 =  -12.47983 # +-153035472.65286
A7 =  9.80957 # +-51452961.85684
Fitting valence down quark PDF...#chisq/dof = 5.2117e-08
#status = success
LHAPDF 6.4.0 loading /home/yehudi/LHAPDF6/share/LHAPDF/CT18NLO/CT18NLO_0000.dat
CT18NLO PDF set, member #0, version 1; LHAPDF ID = 14400
PDF chosen : 0
129.525
 done.
Fit result:
A0 =  0.00850 # +-625.92861
A1 =  -1.85975 # +-170099.34527
A2 =  5.03025 # +-19802393.94446
A3 =  3.15633 # +-144648881.94325
A4 =  62.95448 # +-3144148942.24686
A5 =  22.11757 # +-103240406706.57896
A6 =  12.55081 # +-252615406721.76178
A7 =  -68.24280 # +-46532878463.35370
Fitting valence up quark PDF...#chisq/dof = 3.59156e-09
#status = exceeded max number of iterations
LHAPDF 6.4.0 loading /home/yehudi/LHAPDF6/share/LHAPDF/CT18NLO/CT18NLO_0000.dat
CT18NLO PDF set, member #0, version 1; LHAPDF ID = 14400
PDF chosen : 0
14.4687
 done.
Fit result:
A0 =  0.09766 # +-148935.70003
A1 =  -1.42305 # +-261491.02320
A2 =  4.16388 # +-65560.08141
A3 =  2.98012 # +-689773764.71765
A4 =  -0.74568 # +-7120263143.36536
A5 =  80.25983 # +-204958582430.98065
A6 =  -127.30018 # +-335220189179.52063
A7 =  53.48530 # +-47006127464.10670
Fitting sea down quark PDF...#chisq/dof = 5.10746e-09
#status = exceeded max number of iterations
LHAPDF 6.4.0 loading /home/yehudi/LHAPDF6/share/LHAPDF/CT18NLO/CT18NLO_0000.dat
CT18NLO PDF set, member #0, version 1; LHAPDF ID = 14400
PDF chosen : 0
3.89407
 done.
Fit result:
A0 =  0.17415 # +-1555777.83429
A1 =  -1.39594 # +-1048086.86635
A2 =  8.96150 # +-3921690195.47325
A3 =  -5.35142 # +-977856824.59483
A4 =  26.68790 # +-27331526656.84002
A5 =  -65.15787 # +-570249584909.72375
A6 =  74.98716 # +-1992836951701.31421
A7 =  -30.75355 # +-1131625691949.49707
Fitting strange quark PDF...#chisq/dof = 5.07543e-10
#status = success
LHAPDF 6.4.0 loading /home/yehudi/LHAPDF6/share/LHAPDF/CT18NLO/CT18NLO_0000.dat
CT18NLO PDF set, member #0, version 1; LHAPDF ID = 14400
PDF chosen : 0
12.1585
 done.
Fit result:
A0 =  0.03939 # +-180549.12622
A1 =  -1.59036 # +-2025175.44512
A2 =  9.87053 # +-5518011.28199
A3 =  0.89615 # +-4612909965.58249
A4 =  -13.52075 # +-109825718039.01155
A5 =  53.60767 # +-864864555636.85144
A6 =  -85.48003 # +-1663488995137.52246
A7 =  55.51068 # +-592665702458.36353
Fitting bottom quark PDF...#chisq/dof = 2.52271e-10
#status = exceeded max number of iterations
LHAPDF 6.4.0 loading /home/yehudi/LHAPDF6/share/LHAPDF/CT18NLO/CT18NLO_0000.dat
CT18NLO PDF set, member #0, version 1; LHAPDF ID = 14400
PDF chosen : 0
7.1625
 done.
Fit result:
A0 =  0.03726 # +-50565.94496
A1 =  -1.57652 # +-744923.51947
A2 =  9.88510 # +-42833010.81357
A3 =  -2.88743 # +-800067403.88982
A4 =  0.92511 # +-27305538511.65869
A5 =  16.76651 # +-223963284318.05368
A6 =  -35.05562 # +-435316002447.32135
A7 =  25.36810 # +-157625242234.11255
Fitting sea up quark PDF...#chisq/dof = 8.98762e-11
#status = success
LHAPDF 6.4.0 loading /home/yehudi/LHAPDF6/share/LHAPDF/CT18NLO/CT18NLO_0000.dat
CT18NLO PDF set, member #0, version 1; LHAPDF ID = 14400
PDF chosen : 0
14.8677
 done.
Fit result:
A0 =  0.04191 # +-716858.20313
A1 =  -1.56062 # +-6265363.37168
A2 =  7.83258 # +-32602215.94135
A3 =  4.52352 # +-25799326255.87939
A4 =  -28.29828 # +-438218903442.30334
A5 =  69.33860 # +-1878370134567.42212
A6 =  -75.14487 # +-1827468180090.94800
A7 =  31.53359 # +-274519743081.10635
Fitting charm quark PDF...#chisq/dof = 4.64656e-10
#status = exceeded max number of iterations
LHAPDF 6.4.0 loading /home/yehudi/LHAPDF6/share/LHAPDF/CT18NLO/CT18NLO_0000.dat
CT18NLO PDF set, member #0, version 1; LHAPDF ID = 14400
PDF chosen : 0
8.12493
 done.
Fit result:
A0 =  0.04595 # +-114764.06386
A1 =  -1.56321 # +-1015200.47018
A2 =  9.94398 # +-8143135.41134
A3 =  -1.08908 # +-1691730121.60246
A4 =  -9.59199 # +-55488010046.42458
A5 =  45.38140 # +-428995088872.16589
A6 =  -72.40223 # +-789305098153.37549
A7 =  47.10943 # +-278097005424.48334
#chisq/dof = 1.5849e-10
#status = exceeded max number of iterations
Resummed done 
Born done 
Expanded done 
Resummed done 
Born done 
Expanded done 
Resummed done 
Born done 
Expanded done 
Performing PDF fit with 5 flavors, Q^2 = mu_F^2 = 6.24958e+07
 and weights: valence: x^-1.6, sea: x^-1.6, gluon: x^-1.6 and xmin = 0.0282337 
 Fit function: f = A0 * x^A1 * (1 - x)^A2 * ( 1 + A3 * x^(1/2) + A4 * x + A5 * x^(3/2) + A6 * x^2 + A7 * x^(5/2) )
Fitting gluon PDF...LHAPDF 6.4.0 loading /home/yehudi/LHAPDF6/share/LHAPDF/CT18NLO/CT18NLO_0000.dat
CT18NLO PDF set, member #0, version 1; LHAPDF ID = 14400
PDF chosen : 0
9.17184
 done.
Fit result:
A0 =  0.70969 # +-12438.23900
A1 =  -1.62542 # +-526.93535
A2 =  7.80459 # +-92089.80969
A3 =  -3.15211 # +-462639.62504
A4 =  4.58860 # +-12974247.28602
A5 =  2.57467 # +-98269303.45065
A6 =  -11.95914 # +-175506448.58848
A7 =  9.80039 # +-59533917.30155
Fitting valence down quark PDF...#chisq/dof = 5.23393e-08
#status = success
LHAPDF 6.4.0 loading /home/yehudi/LHAPDF6/share/LHAPDF/CT18NLO/CT18NLO_0000.dat
CT18NLO PDF set, member #0, version 1; LHAPDF ID = 14400
PDF chosen : 0
125.509
 done.
Fit result:
A0 =  0.00877 # +-676.99736
A1 =  -1.85978 # +-170453.66961
A2 =  5.07048 # +-22986664.60748
A3 =  3.16562 # +-162421449.31698
A4 =  59.50967 # +-2435269145.48962
A5 =  23.06485 # +-109489251892.65164
A6 =  -4.16550 # +-335658795364.31805
A7 =  -52.45823 # +-17952992938.03668
Fitting valence up quark PDF...#chisq/dof = 3.10369e-09
#status = exceeded max number of iterations
LHAPDF 6.4.0 loading /home/yehudi/LHAPDF6/share/LHAPDF/CT18NLO/CT18NLO_0000.dat
CT18NLO PDF set, member #0, version 1; LHAPDF ID = 14400
PDF chosen : 0
15.6702
 done.
Fit result:
A0 =  0.09040 # +-128236.57783
A1 =  -1.44328 # +-264859.68587
A2 =  4.21496 # +-55638.34022
A3 =  2.86705 # +-672166274.01646
A4 =  0.73556 # +-6653254536.73293
A5 =  78.91782 # +-208118463128.56406
A6 =  -127.84910 # +-347391932302.45575
A7 =  54.34118 # +-49778519293.21494
Fitting sea down quark PDF...#chisq/dof = 4.69616e-09
#status = exceeded max number of iterations
LHAPDF 6.4.0 loading /home/yehudi/LHAPDF6/share/LHAPDF/CT18NLO/CT18NLO_0000.dat
CT18NLO PDF set, member #0, version 1; LHAPDF ID = 14400
PDF chosen : 0
4.23005
 done.
Fit result:
A0 =  0.16002 # +-1465866.25263
A1 =  -1.41563 # +-1163983.06708
A2 =  9.00050 # +-4478394951.60944
A3 =  -5.24439 # +-1110022553.68010
A4 =  26.20930 # +-30241821976.79301
A5 =  -64.23284 # +-635456749937.19714
A6 =  74.18264 # +-2227658855770.22510
A7 =  -30.50357 # +-1272219311364.54810
Fitting strange quark PDF...#chisq/dof = 5.15365e-10
#status = success
LHAPDF 6.4.0 loading /home/yehudi/LHAPDF6/share/LHAPDF/CT18NLO/CT18NLO_0000.dat
CT18NLO PDF set, member #0, version 1; LHAPDF ID = 14400
PDF chosen : 0
12.5589
 done.
Fit result:
A0 =  0.03830 # +-168486.54166
A1 =  -1.60256 # +-2004319.43865
A2 =  9.94014 # +-6178025.98513
A3 =  0.81393 # +-4505867259.74337
A4 =  -13.25108 # +-108292478074.46259
A5 =  52.96039 # +-855060211526.91541
A6 =  -84.73652 # +-1649832967749.64331
A7 =  55.13968 # +-589440786076.49890
Fitting bottom quark PDF...#chisq/dof = 2.60218e-10
#status = exceeded max number of iterations
LHAPDF 6.4.0 loading /home/yehudi/LHAPDF6/share/LHAPDF/CT18NLO/CT18NLO_0000.dat
CT18NLO PDF set, member #0, version 1; LHAPDF ID = 14400
PDF chosen : 0
7.6093
 done.
Fit result:
A0 =  0.03606 # +-50485.13794
A1 =  -1.59178 # +-789564.68356
A2 =  9.97565 # +-42674976.72658
A3 =  -2.81056 # +-869446815.75598
A4 =  0.46218 # +-29735993973.88160
A5 =  18.23519 # +-244844115827.26611
A6 =  -37.33258 # +-477724832043.30347
A7 =  26.80553 # +-173190310624.84802
Fitting sea up quark PDF...#chisq/dof = 9.77962e-11
#status = success
LHAPDF 6.4.0 loading /home/yehudi/LHAPDF6/share/LHAPDF/CT18NLO/CT18NLO_0000.dat
CT18NLO PDF set, member #0, version 1; LHAPDF ID = 14400
PDF chosen : 0
15.3675
 done.
Fit result:
A0 =  0.04048 # +-546280.75094
A1 =  -1.57419 # +-5154859.56239
A2 =  7.93519 # +-23070562.51606
A3 =  4.34583 # +-20560018208.36817
A4 =  -27.66138 # +-352142542368.12488
A5 =  68.65963 # +-1545573528861.50537
A6 =  -75.40973 # +-1548744959161.05469
A7 =  32.23990 # +-246105716240.58206
Fitting charm quark PDF...#chisq/dof = 4.61614e-10
#status = exceeded max number of iterations
LHAPDF 6.4.0 loading /home/yehudi/LHAPDF6/share/LHAPDF/CT18NLO/CT18NLO_0000.dat
CT18NLO PDF set, member #0, version 1; LHAPDF ID = 14400
PDF chosen : 0
8.48468
 done.
Fit result:
A0 =  0.04451 # +-110450.10270
A1 =  -1.57657 # +-1041313.15077
A2 =  10.02166 # +-8802632.15137
A3 =  -1.11492 # +-1732139771.82371
A4 =  -9.47170 # +-57052153299.14660
A5 =  45.31069 # +-444124510533.17749
A6 =  -72.69618 # +-822534538363.48706
A7 =  47.41953 # +-290854688049.65601
#chisq/dof = 1.65346e-10
#status = exceeded max number of iterations
Resummed done 
Born done 
Expanded done 
Resummed done 
Born done 
Expanded done 
 Step n ° 2 over 2
 Duration : 1306.05
Thanks for using LHAPDF 6.4.0. Please make sure to cite the paper:
  Eur.Phys.J. C75 (2015) 3, 132  (http://arxiv.org/abs/1412.7420)
