 ** INFO: Initializing the collision setup.
LHAPDF 6.4.0 loading /home/yehudi/LHAPDF6/share/LHAPDF/CT18NLO/CT18NLO_0000.dat
CT18NLO PDF set, member #0, version 1; LHAPDF ID = 14400
Performing PDF fit with 5 flavors, Q^2 = mu_F^2 = 437494
 and weights: valence: x^-1.6, sea: x^-1.6, gluon: x^-1.6 and xmin = 0.00944904 
 Fit function: f = A0 * x^A1 * (1 - x)^A2 * ( 1 + A3 * x^(1/2) + A4 * x + A5 * x^(3/2) + A6 * x^2 + A7 * x^(5/2) )
Fitting gluon PDF...LHAPDF 6.4.0 loading /home/yehudi/LHAPDF6/share/LHAPDF/CT18NLO/CT18NLO_0000.dat
CT18NLO PDF set, member #0, version 1; LHAPDF ID = 14400
PDF chosen : 0
18.2119
 done.
Fit result:
A0 =  1.23098 # +-23.28026
A1 =  -1.51829 # +-0.27858
A2 =  3.92892 # +-14292.58950
A3 =  -4.15428 # +-419.02273
A4 =  7.90100 # +-3494.71941
A5 =  -7.07263 # +-24241.41481
A6 =  1.55846 # +-45168.43858
A7 =  0.84617 # +-13788.26727
Fitting valence down quark PDF...#chisq/dof = 7.42558e-08
#status = success
LHAPDF 6.4.0 loading /home/yehudi/LHAPDF6/share/LHAPDF/CT18NLO/CT18NLO_0000.dat
CT18NLO PDF set, member #0, version 1; LHAPDF ID = 14400
PDF chosen : 0
9.21807
 done.
Fit result:
A0 =  0.21568 # +-1627.22409
A1 =  -1.32989 # +-579.18573
A2 =  5.35452 # +-11937413.03830
A3 =  -4.26066 # +-1213515.50222
A4 =  30.26932 # +-23770722.46479
A5 =  -62.63290 # +-1099409800.46873
A6 =  71.10748 # +-1593531294.77419
A7 =  -32.39345 # +-1886618970.67301
Fitting valence up quark PDF...#chisq/dof = 1.94567e-08
#status = success
LHAPDF 6.4.0 loading /home/yehudi/LHAPDF6/share/LHAPDF/CT18NLO/CT18NLO_0000.dat
CT18NLO PDF set, member #0, version 1; LHAPDF ID = 14400
PDF chosen : 0
71.6998
 done.
Fit result:
A0 =  0.03087 # +-699.67382
A1 =  -1.56046 # +-9276.68559
A2 =  4.19859 # +-67928.91888
A3 =  11.00709 # +-85894992.32872
A4 =  -7.21690 # +-254066057.92042
A5 =  180.40232 # +-21160023707.39206
A6 =  -148.78866 # +-8214310886.67359
A7 =  1.22695 # +-1071173783.06798
Fitting sea down quark PDF...#chisq/dof = 1.92231e-07
#status = exceeded max number of iterations
LHAPDF 6.4.0 loading /home/yehudi/LHAPDF6/share/LHAPDF/CT18NLO/CT18NLO_0000.dat
CT18NLO PDF set, member #0, version 1; LHAPDF ID = 14400
PDF chosen : 0
6.45698
 done.
Fit result:
A0 =  0.25316 # +-598.87893
A1 =  -1.30820 # +-167.65195
A2 =  10.09013 # +-307029.16829
A3 =  -5.39807 # +-243504.03933
A4 =  24.49720 # +-11075990.81851
A5 =  -49.37283 # +-204990916.58372
A6 =  41.78606 # +-739380852.74407
A7 =  -4.32726 # +-449796569.28976
Fitting strange quark PDF...#chisq/dof = 1.05859e-09
#status = success
LHAPDF 6.4.0 loading /home/yehudi/LHAPDF6/share/LHAPDF/CT18NLO/CT18NLO_0000.dat
CT18NLO PDF set, member #0, version 1; LHAPDF ID = 14400
PDF chosen : 0
13.8973
 done.
Fit result:
A0 =  0.09505 # +-190.31122
A1 =  -1.44452 # +-358.12408
A2 =  7.75945 # +-23047209.96780
A3 =  -3.31447 # +-713379.41006
A4 =  7.61109 # +-5144542.51538
A5 =  -9.21692 # +-74907827.86374
A6 =  4.23687 # +-167130334.14364
A7 =  0.29597 # +-65176308.25938
Fitting bottom quark PDF...#chisq/dof = 2.30604e-10
#status = success
LHAPDF 6.4.0 loading /home/yehudi/LHAPDF6/share/LHAPDF/CT18NLO/CT18NLO_0000.dat
CT18NLO PDF set, member #0, version 1; LHAPDF ID = 14400
PDF chosen : 0
12.2832
 done.
Fit result:
A0 =  0.06520 # +-153.58735
A1 =  -1.46113 # +-632.16066
A2 =  5.73985 # +-49181580.58320
A3 =  -5.29998 # +-1103345.68603
A4 =  13.28580 # +-7124162.21174
A5 =  -17.62300 # +-29805282.23667
A6 =  11.61678 # +-71147109.48183
A7 =  -2.96256 # +-33668401.77002
Fitting sea up quark PDF...#chisq/dof = 7.25063e-11
#status = success
LHAPDF 6.4.0 loading /home/yehudi/LHAPDF6/share/LHAPDF/CT18NLO/CT18NLO_0000.dat
CT18NLO PDF set, member #0, version 1; LHAPDF ID = 14400
PDF chosen : 0
57.8305
 done.
Fit result:
A0 =  0.02720 # +-779.47522
A1 =  -1.59711 # +-13560.09934
A2 =  8.48713 # +-367525172.15990
A3 =  7.84430 # +-112315617.91210
A4 =  -29.63043 # +-3412898030.99928
A5 =  48.88151 # +-1714483564.41406
A6 =  -18.77186 # +-70903415588.12932
A7 =  -2.94093 # +-203539567608.14893
Fitting charm quark PDF...#chisq/dof = 1.42539e-09
#status = success
LHAPDF 6.4.0 loading /home/yehudi/LHAPDF6/share/LHAPDF/CT18NLO/CT18NLO_0000.dat
CT18NLO PDF set, member #0, version 1; LHAPDF ID = 14400
PDF chosen : 0
11.4715
 done.
Fit result:
A0 =  0.09689 # +-206.03668
A1 =  -1.42931 # +-381.96873
A2 =  8.63247 # +-14501545.71975
A3 =  -4.24161 # +-680165.85415
A4 =  8.56464 # +-10882471.08828
A5 =  -6.53249 # +-100907835.90426
A6 =  0.12144 # +-242254745.20854
A7 =  2.55847 # +-180534216.27440
#chisq/dof = 1.23271e-10
#status = success
Resummed done 
Born done 
Expanded done 
Resummed done 
Born done 
Expanded done 
Performing PDF fit with 5 flavors, Q^2 = mu_F^2 = 1.74997e+06
 and weights: valence: x^-1.6, sea: x^-1.6, gluon: x^-1.6 and xmin = 0.00944904 
 Fit function: f = A0 * x^A1 * (1 - x)^A2 * ( 1 + A3 * x^(1/2) + A4 * x + A5 * x^(3/2) + A6 * x^2 + A7 * x^(5/2) )
Fitting gluon PDF...LHAPDF 6.4.0 loading /home/yehudi/LHAPDF6/share/LHAPDF/CT18NLO/CT18NLO_0000.dat
CT18NLO PDF set, member #0, version 1; LHAPDF ID = 14400
PDF chosen : 0
19.2309
 done.
Fit result:
A0 =  1.17550 # +-24.14107
A1 =  -1.53462 # +-0.31507
A2 =  3.75243 # +-15654.84718
A3 =  -4.41444 # +-485.14457
A4 =  9.22407 # +-3825.97169
A5 =  -10.14254 # +-22014.70653
A6 =  4.89577 # +-36904.31517
A7 =  -0.50112 # +-9535.75198
Fitting valence down quark PDF...#chisq/dof = 8.01031e-08
#status = success
LHAPDF 6.4.0 loading /home/yehudi/LHAPDF6/share/LHAPDF/CT18NLO/CT18NLO_0000.dat
CT18NLO PDF set, member #0, version 1; LHAPDF ID = 14400
PDF chosen : 0
10.2702
 done.
Fit result:
A0 =  0.19834 # +-1449.50747
A1 =  -1.35222 # +-609.07879
A2 =  5.41198 # +-12700930.28980
A3 =  -4.24136 # +-1284753.50291
A4 =  30.50780 # +-24951081.72018
A5 =  -63.09144 # +-1177264482.06607
A6 =  71.41207 # +-1664283596.60690
A7 =  -32.49556 # +-1969121894.12276
Fitting valence up quark PDF...#chisq/dof = 1.68851e-08
#status = success
LHAPDF 6.4.0 loading /home/yehudi/LHAPDF6/share/LHAPDF/CT18NLO/CT18NLO_0000.dat
CT18NLO PDF set, member #0, version 1; LHAPDF ID = 14400
PDF chosen : 0
77.5363
 done.
Fit result:
A0 =  0.02926 # +-602.32743
A1 =  -1.57980 # +-8934.69971
A2 =  4.24607 # +-78307.58950
A3 =  10.62874 # +-80216369.32174
A4 =  -6.09581 # +-264770774.95807
A5 =  183.65560 # +-22306732037.50791
A6 =  -164.09852 # +-11509318106.67615
A7 =  11.59007 # +-481752281.31441
Fitting sea down quark PDF...#chisq/dof = 1.57206e-07
#status = exceeded max number of iterations
LHAPDF 6.4.0 loading /home/yehudi/LHAPDF6/share/LHAPDF/CT18NLO/CT18NLO_0000.dat
CT18NLO PDF set, member #0, version 1; LHAPDF ID = 14400
PDF chosen : 0
7.11308
 done.
Fit result:
A0 =  0.23572 # +-554.42321
A1 =  -1.32894 # +-178.22809
A2 =  10.08360 # +-407751.72347
A3 =  -5.40734 # +-264198.86697
A4 =  24.73897 # +-11810061.55535
A5 =  -51.23011 # +-222117972.30103
A6 =  46.02586 # +-804776621.07796
A7 =  -7.74732 # +-493965856.51738
Fitting strange quark PDF...#chisq/dof = 9.6138e-10
#status = success
LHAPDF 6.4.0 loading /home/yehudi/LHAPDF6/share/LHAPDF/CT18NLO/CT18NLO_0000.dat
CT18NLO PDF set, member #0, version 1; LHAPDF ID = 14400
PDF chosen : 0
14.5018
 done.
Fit result:
A0 =  0.09419 # +-193.01253
A1 =  -1.45673 # +-368.60164
A2 =  7.62057 # +-29141016.28894
A3 =  -3.47621 # +-745947.49576
A4 =  8.18372 # +-4299413.88308
A5 =  -10.69261 # +-61709127.38920
A6 =  6.10271 # +-139255979.03070
A7 =  -0.66831 # +-49997123.49901
Fitting bottom quark PDF...#chisq/dof = 2.44622e-10
#status = success
LHAPDF 6.4.0 loading /home/yehudi/LHAPDF6/share/LHAPDF/CT18NLO/CT18NLO_0000.dat
CT18NLO PDF set, member #0, version 1; LHAPDF ID = 14400
PDF chosen : 0
12.8344
 done.
Fit result:
A0 =  0.06683 # +-139.75355
A1 =  -1.47292 # +-548.70800
A2 =  5.47401 # +-38052276.93481
A3 =  -5.43228 # +-948006.60290
A4 =  13.92968 # +-7679606.46921
A5 =  -19.14029 # +-28664560.92440
A6 =  13.26789 # +-45131751.96859
A7 =  -3.61614 # +-16459527.68894
Fitting sea up quark PDF...#chisq/dof = 8.73291e-11
#status = success
LHAPDF 6.4.0 loading /home/yehudi/LHAPDF6/share/LHAPDF/CT18NLO/CT18NLO_0000.dat
CT18NLO PDF set, member #0, version 1; LHAPDF ID = 14400
PDF chosen : 0
53.6357
 done.
Fit result:
A0 =  0.03011 # +-703.14123
A1 =  -1.59633 # +-10156.52843
A2 =  8.51775 # +-302843896.56193
A3 =  6.51570 # +-76354415.30142
A4 =  -27.01802 # +-2950271491.41350
A5 =  48.89654 # +-544026888.88141
A6 =  -26.90728 # +-21108140612.02055
A7 =  2.87721 # +-91404326492.51343
Fitting charm quark PDF...#chisq/dof = 1.28287e-09
#status = success
LHAPDF 6.4.0 loading /home/yehudi/LHAPDF6/share/LHAPDF/CT18NLO/CT18NLO_0000.dat
CT18NLO PDF set, member #0, version 1; LHAPDF ID = 14400
PDF chosen : 0
12.1522
 done.
Fit result:
A0 =  0.09547 # +-198.60060
A1 =  -1.44363 # +-378.35987
A2 =  8.59279 # +-18537162.88578
A3 =  -4.34955 # +-680787.86378
A4 =  9.13970 # +-9119646.32800
A5 =  -7.96218 # +-81555296.74599
A6 =  1.76563 # +-186874152.58796
A7 =  1.63579 # +-135696580.62694
#chisq/dof = 1.35992e-10
#status = success
Resummed done 
Born done 
Expanded done 
Resummed done 
Born done 
Expanded done 
Resummed done 
Born done 
Expanded done 
Performing PDF fit with 5 flavors, Q^2 = mu_F^2 = 6.9999e+06
 and weights: valence: x^-1.6, sea: x^-1.6, gluon: x^-1.6 and xmin = 0.00944904 
 Fit function: f = A0 * x^A1 * (1 - x)^A2 * ( 1 + A3 * x^(1/2) + A4 * x + A5 * x^(3/2) + A6 * x^2 + A7 * x^(5/2) )
Fitting gluon PDF...LHAPDF 6.4.0 loading /home/yehudi/LHAPDF6/share/LHAPDF/CT18NLO/CT18NLO_0000.dat
CT18NLO PDF set, member #0, version 1; LHAPDF ID = 14400
PDF chosen : 0
20.1963
 done.
Fit result:
A0 =  1.12471 # +-25.53602
A1 =  -1.54928 # +-0.36212
A2 =  3.48743 # +-18287.92759
A3 =  -4.64863 # +-570.42618
A4 =  10.38102 # +-4387.49620
A5 =  -12.85532 # +-21917.10572
A6 =  7.94242 # +-36129.03995
A7 =  -1.77885 # +-8566.02672
Fitting valence down quark PDF...#chisq/dof = 8.6071e-08
#status = success
LHAPDF 6.4.0 loading /home/yehudi/LHAPDF6/share/LHAPDF/CT18NLO/CT18NLO_0000.dat
CT18NLO PDF set, member #0, version 1; LHAPDF ID = 14400
PDF chosen : 0
11.324
 done.
Fit result:
A0 =  0.18362 # +-1299.16656
A1 =  -1.37238 # +-635.88403
A2 =  5.46530 # +-13390793.92763
A3 =  -4.22473 # +-1349462.94704
A4 =  30.74644 # +-26019555.60235
A5 =  -63.57994 # +-1250536293.78239
A6 =  71.76226 # +-1729406595.79707
A7 =  -32.61406 # +-2040266214.57926
Fitting valence up quark PDF...#chisq/dof = 1.48054e-08
#status = success
LHAPDF 6.4.0 loading /home/yehudi/LHAPDF6/share/LHAPDF/CT18NLO/CT18NLO_0000.dat
CT18NLO PDF set, member #0, version 1; LHAPDF ID = 14400
PDF chosen : 0
83.1762
 done.
Fit result:
A0 =  0.02786 # +-527.95964
A1 =  -1.59717 # +-8680.01079
A2 =  4.28857 # +-89029.09970
A3 =  10.28545 # +-75773078.27974
A4 =  -5.03572 # +-275403666.99079
A5 =  186.47361 # +-23459350083.53917
A6 =  -178.35993 # +-15092805445.26324
A7 =  21.36149 # +-144313968.25703
Fitting sea down quark PDF...#chisq/dof = 1.28976e-07
#status = exceeded max number of iterations
LHAPDF 6.4.0 loading /home/yehudi/LHAPDF6/share/LHAPDF/CT18NLO/CT18NLO_0000.dat
CT18NLO PDF set, member #0, version 1; LHAPDF ID = 14400
PDF chosen : 0
7.78718
 done.
Fit result:
A0 =  0.21999 # +-519.03986
A1 =  -1.34809 # +-190.70921
A2 =  10.08709 # +-524839.55098
A3 =  -5.40049 # +-288770.97693
A4 =  24.85488 # +-12693167.53244
A5 =  -52.50135 # +-242405040.71163
A6 =  49.11305 # +-882301606.45196
A7 =  -10.28871 # +-546159904.50485
Fitting strange quark PDF...#chisq/dof = 9.12372e-10
#status = success
LHAPDF 6.4.0 loading /home/yehudi/LHAPDF6/share/LHAPDF/CT18NLO/CT18NLO_0000.dat
CT18NLO PDF set, member #0, version 1; LHAPDF ID = 14400
PDF chosen : 0
15.0937
 done.
Fit result:
A0 =  0.09309 # +-198.33028
A1 =  -1.46802 # +-386.33327
A2 =  7.45766 # +-35758331.00954
A3 =  -3.61952 # +-795199.19694
A4 =  8.68200 # +-3681472.95239
A5 =  -11.99336 # +-51933721.12039
A6 =  7.76019 # +-120832410.53955
A7 =  -1.50932 # +-40087328.32892
Fitting bottom quark PDF...#chisq/dof = 2.60082e-10
#status = success
LHAPDF 6.4.0 loading /home/yehudi/LHAPDF6/share/LHAPDF/CT18NLO/CT18NLO_0000.dat
CT18NLO PDF set, member #0, version 1; LHAPDF ID = 14400
PDF chosen : 0
13.4152
 done.
Fit result:
A0 =  0.06765 # +-137.67030
A1 =  -1.48425 # +-526.84681
A2 =  5.31813 # +-35385843.26238
A3 =  -5.53232 # +-913628.76060
A4 =  14.44773 # +-8154812.34299
A5 =  -20.40500 # +-29702016.62776
A6 =  14.70873 # +-39939585.86309
A7 =  -4.22250 # +-11640631.45576
Fitting sea up quark PDF...#chisq/dof = 1.0194e-10
#status = success
LHAPDF 6.4.0 loading /home/yehudi/LHAPDF6/share/LHAPDF/CT18NLO/CT18NLO_0000.dat
CT18NLO PDF set, member #0, version 1; LHAPDF ID = 14400
PDF chosen : 0
51.168
 done.
Fit result:
A0 =  0.03227 # +-632.30447
A1 =  -1.59803 # +-8055.67401
A2 =  8.54568 # +-274322741.54173
A3 =  5.53781 # +-56301536.32214
A4 =  -24.83348 # +-2624010040.69607
A5 =  47.91676 # +-1283778095.71971
A6 =  -31.31130 # +-6455996037.15519
A7 =  6.34398 # +-48442197366.97044
Fitting charm quark PDF...#chisq/dof = 1.1733e-09
#status = success
LHAPDF 6.4.0 loading /home/yehudi/LHAPDF6/share/LHAPDF/CT18NLO/CT18NLO_0000.dat
CT18NLO PDF set, member #0, version 1; LHAPDF ID = 14400
PDF chosen : 0
12.81
 done.
Fit result:
A0 =  0.09388 # +-194.91816
A1 =  -1.45667 # +-382.87910
A2 =  8.56212 # +-23045963.41401
A3 =  -4.44465 # +-697916.09479
A4 =  9.64964 # +-7907124.83345
A5 =  -9.22820 # +-69020620.76782
A6 =  3.20145 # +-153535184.04790
A7 =  0.86601 # +-103701614.70174
#chisq/dof = 1.5013e-10
#status = success
Resummed done 
Born done 
Expanded done 
Resummed done 
Born done 
Expanded done 
 Step n ° 1 over 5
 Duration : 413.688
Performing PDF fit with 5 flavors, Q^2 = mu_F^2 = 501234
 and weights: valence: x^-1.6, sea: x^-1.6, gluon: x^-1.6 and xmin = 0.010114 
 Fit function: f = A0 * x^A1 * (1 - x)^A2 * ( 1 + A3 * x^(1/2) + A4 * x + A5 * x^(3/2) + A6 * x^2 + A7 * x^(5/2) )
Fitting gluon PDF...LHAPDF 6.4.0 loading /home/yehudi/LHAPDF6/share/LHAPDF/CT18NLO/CT18NLO_0000.dat
CT18NLO PDF set, member #0, version 1; LHAPDF ID = 14400
PDF chosen : 0
17.1712
 done.
Fit result:
A0 =  1.22355 # +-30.41048
A1 =  -1.52018 # +-0.37326
A2 =  3.93869 # +-16167.40494
A3 =  -4.17435 # +-534.87888
A4 =  8.01583 # +-4573.78536
A5 =  -7.34129 # +-28536.14327
A6 =  1.84576 # +-49529.38560
A7 =  0.73113 # +-14213.48058
Fitting valence down quark PDF...#chisq/dof = 7.56045e-08
#status = success
LHAPDF 6.4.0 loading /home/yehudi/LHAPDF6/share/LHAPDF/CT18NLO/CT18NLO_0000.dat
CT18NLO PDF set, member #0, version 1; LHAPDF ID = 14400
PDF chosen : 0
9.08059
 done.
Fit result:
A0 =  0.21109 # +-2174.68527
A1 =  -1.33415 # +-815.02901
A2 =  5.35240 # +-15823392.00639
A3 =  -4.22025 # +-1653097.10948
A4 =  30.19464 # +-31497511.66583
A5 =  -62.27370 # +-1465751542.40754
A6 =  70.54682 # +-2078877266.66318
A7 =  -32.14409 # +-2466190022.88801
Fitting valence up quark PDF...#chisq/dof = 1.92766e-08
#status = success
LHAPDF 6.4.0 loading /home/yehudi/LHAPDF6/share/LHAPDF/CT18NLO/CT18NLO_0000.dat
CT18NLO PDF set, member #0, version 1; LHAPDF ID = 14400
PDF chosen : 0
61.2428
 done.
Fit result:
A0 =  0.03506 # +-920.57015
A1 =  -1.54527 # +-9677.45249
A2 =  4.18009 # +-72441.58226
A3 =  9.96555 # +-80301645.72587
A4 =  -7.47348 # +-312723564.25312
A5 =  169.45268 # +-20795575037.31649
A6 =  -156.03900 # +-11727896805.70218
A7 =  14.92015 # +-218409736.64101
Fitting sea down quark PDF...#chisq/dof = 1.66749e-07
#status = exceeded max number of iterations
LHAPDF 6.4.0 loading /home/yehudi/LHAPDF6/share/LHAPDF/CT18NLO/CT18NLO_0000.dat
CT18NLO PDF set, member #0, version 1; LHAPDF ID = 14400
PDF chosen : 0
5.66115
 done.
Fit result:
A0 =  0.27516 # +-993.86471
A1 =  -1.29784 # +-237.96955
A2 =  9.66130 # +-946220.63757
A3 =  -5.81911 # +-333157.35559
A4 =  27.23040 # +-14286940.99987
A5 =  -60.83196 # +-277744277.95720
A6 =  63.13701 # +-991131062.39790
A7 =  -20.54061 # +-590077685.31820
Fitting strange quark PDF...#chisq/dof = 7.98601e-10
#status = success
LHAPDF 6.4.0 loading /home/yehudi/LHAPDF6/share/LHAPDF/CT18NLO/CT18NLO_0000.dat
CT18NLO PDF set, member #0, version 1; LHAPDF ID = 14400
PDF chosen : 0
13.227
 done.
Fit result:
A0 =  0.09452 # +-250.25251
A1 =  -1.44641 # +-482.58309
A2 =  7.83711 # +-24330675.93068
A3 =  -3.30520 # +-913038.81044
A4 =  7.58751 # +-7382283.95933
A5 =  -9.06567 # +-105962571.47567
A6 =  3.99136 # +-232479033.50831
A7 =  0.45790 # +-91795865.88395
Fitting bottom quark PDF...#chisq/dof = 2.3446e-10
#status = success
LHAPDF 6.4.0 loading /home/yehudi/LHAPDF6/share/LHAPDF/CT18NLO/CT18NLO_0000.dat
CT18NLO PDF set, member #0, version 1; LHAPDF ID = 14400
PDF chosen : 0
11.4281
 done.
Fit result:
A0 =  0.06603 # +-179.34078
A1 =  -1.46100 # +-733.73775
A2 =  5.47781 # +-43381189.71513
A3 =  -5.36244 # +-1186725.99228
A4 =  13.51989 # +-10297377.40548
A5 =  -18.09944 # +-38687624.98457
A6 =  12.06406 # +-56561984.25821
A7 =  -3.10059 # +-19707379.76878
Fitting sea up quark PDF...#chisq/dof = 7.38575e-11
#status = success
LHAPDF 6.4.0 loading /home/yehudi/LHAPDF6/share/LHAPDF/CT18NLO/CT18NLO_0000.dat
CT18NLO PDF set, member #0, version 1; LHAPDF ID = 14400
PDF chosen : 0
68.2055
 done.
Fit result:
A0 =  0.02194 # +-1409.92890
A1 =  -1.62327 # +-36710.25223
A2 =  8.47852 # +-383392706.24704
A3 =  9.90620 # +-355085281.23437
A4 =  -35.34540 # +-6046715295.38128
A5 =  56.27481 # +-4414660052.41274
A6 =  -19.20298 # +-139875679619.20297
A7 =  -4.94425 # +-342026076299.30054
Fitting charm quark PDF...#chisq/dof = 1.32108e-09
#status = exceeded max number of iterations
LHAPDF 6.4.0 loading /home/yehudi/LHAPDF6/share/LHAPDF/CT18NLO/CT18NLO_0000.dat
CT18NLO PDF set, member #0, version 1; LHAPDF ID = 14400
PDF chosen : 0
10.7207
 done.
Fit result:
A0 =  0.09782 # +-272.59638
A1 =  -1.42931 # +-502.55564
A2 =  8.46613 # +-21149369.59019
A3 =  -4.30846 # +-851369.84502
A4 =  8.86810 # +-11498430.64285
A5 =  -7.37909 # +-97332192.37929
A6 =  1.30027 # +-211649660.54285
A7 =  1.67829 # +-147644085.90404
#chisq/dof = 1.24505e-10
#status = success
Resummed done 
Born done 
Expanded done 
Resummed done 
Born done 
Expanded done 
Performing PDF fit with 5 flavors, Q^2 = mu_F^2 = 2.00494e+06
 and weights: valence: x^-1.6, sea: x^-1.6, gluon: x^-1.6 and xmin = 0.010114 
 Fit function: f = A0 * x^A1 * (1 - x)^A2 * ( 1 + A3 * x^(1/2) + A4 * x + A5 * x^(3/2) + A6 * x^2 + A7 * x^(5/2) )
Fitting gluon PDF...LHAPDF 6.4.0 loading /home/yehudi/LHAPDF6/share/LHAPDF/CT18NLO/CT18NLO_0000.dat
CT18NLO PDF set, member #0, version 1; LHAPDF ID = 14400
PDF chosen : 0
18.0528
 done.
Fit result:
A0 =  1.17106 # +-31.03201
A1 =  -1.53604 # +-0.41396
A2 =  3.71909 # +-17256.72398
A3 =  -4.44149 # +-604.51152
A4 =  9.35487 # +-5150.77859
A5 =  -10.44652 # +-27550.37933
A6 =  5.23353 # +-43650.15143
A7 =  -0.64058 # +-10392.83786
Fitting valence down quark PDF...#chisq/dof = 8.15106e-08
#status = success
LHAPDF 6.4.0 loading /home/yehudi/LHAPDF6/share/LHAPDF/CT18NLO/CT18NLO_0000.dat
CT18NLO PDF set, member #0, version 1; LHAPDF ID = 14400
PDF chosen : 0
10.0893
 done.
Fit result:
A0 =  0.19431 # +-1957.70738
A1 =  -1.35619 # +-864.52689
A2 =  5.40935 # +-16946114.06988
A3 =  -4.20185 # +-1764041.02687
A4 =  30.43440 # +-33328996.54069
A5 =  -62.73438 # +-1581297637.31914
A6 =  70.84378 # +-2188358489.90634
A7 =  -32.23782 # +-2591147247.12445
Fitting valence up quark PDF...#chisq/dof = 1.67418e-08
#status = success
LHAPDF 6.4.0 loading /home/yehudi/LHAPDF6/share/LHAPDF/CT18NLO/CT18NLO_0000.dat
CT18NLO PDF set, member #0, version 1; LHAPDF ID = 14400
PDF chosen : 0
66.9387
 done.
Fit result:
A0 =  0.03283 # +-802.84673
A1 =  -1.56600 # +-9659.94983
A2 =  4.22700 # +-83659.95708
A3 =  9.70187 # +-78451059.79827
A4 =  -6.27950 # +-325912004.14927
A5 =  173.00339 # +-22652556679.96237
A6 =  -169.16279 # +-15394913536.83546
A7 =  23.14001 # +-43252441.85047
Fitting sea down quark PDF...#chisq/dof = 1.36613e-07
#status = exceeded max number of iterations
LHAPDF 6.4.0 loading /home/yehudi/LHAPDF6/share/LHAPDF/CT18NLO/CT18NLO_0000.dat
CT18NLO PDF set, member #0, version 1; LHAPDF ID = 14400
PDF chosen : 0
6.24946
 done.
Fit result:
A0 =  0.25521 # +-1014.20689
A1 =  -1.31901 # +-279.59885
A2 =  9.62453 # +-1478461.45162
A3 =  -5.81071 # +-409945.74389
A4 =  27.32973 # +-17067355.00477
A5 =  -62.16553 # +-342184094.90754
A6 =  66.42877 # +-1228648309.39081
A7 =  -23.28921 # +-736963446.36444
Fitting strange quark PDF...#chisq/dof = 7.31359e-10
#status = success
LHAPDF 6.4.0 loading /home/yehudi/LHAPDF6/share/LHAPDF/CT18NLO/CT18NLO_0000.dat
CT18NLO PDF set, member #0, version 1; LHAPDF ID = 14400
PDF chosen : 0
13.7448
 done.
Fit result:
A0 =  0.09389 # +-254.64650
A1 =  -1.45817 # +-495.97112
A2 =  7.65053 # +-32383327.91468
A3 =  -3.47933 # +-954058.76945
A4 =  8.20134 # +-5867581.97851
A5 =  -10.70259 # +-84435055.56724
A6 =  6.09456 # +-186309681.83086
A7 =  -0.65342 # +-66274765.24903
Fitting bottom quark PDF...#chisq/dof = 2.49273e-10
#status = success
LHAPDF 6.4.0 loading /home/yehudi/LHAPDF6/share/LHAPDF/CT18NLO/CT18NLO_0000.dat
CT18NLO PDF set, member #0, version 1; LHAPDF ID = 14400
PDF chosen : 0
11.9144
 done.
Fit result:
A0 =  0.06766 # +-167.80304
A1 =  -1.47259 # +-654.63602
A2 =  5.20028 # +-35533146.51387
A3 =  -5.49708 # +-1052155.48296
A4 =  14.18195 # +-10774168.34982
A5 =  -19.67159 # +-41047918.00748
A6 =  13.81318 # +-50552298.38429
A7 =  -3.81531 # +-12260424.87267
Fitting sea up quark PDF...#chisq/dof = 8.81969e-11
#status = success
LHAPDF 6.4.0 loading /home/yehudi/LHAPDF6/share/LHAPDF/CT18NLO/CT18NLO_0000.dat
CT18NLO PDF set, member #0, version 1; LHAPDF ID = 14400
PDF chosen : 0
61.7388
 done.
Fit result:
A0 =  0.02484 # +-1174.75237
A1 =  -1.62008 # +-24404.92825
A2 =  8.49988 # +-292903773.85009
A3 =  8.24640 # +-208569220.09590
A4 =  -32.46781 # +-4903782140.08879
A5 =  57.61272 # +-1136347910.85317
A6 =  -31.47880 # +-35331565707.34924
A7 =  3.42133 # +-131885526130.81021
Fitting charm quark PDF...#chisq/dof = 1.18885e-09
#status = success
LHAPDF 6.4.0 loading /home/yehudi/LHAPDF6/share/LHAPDF/CT18NLO/CT18NLO_0000.dat
CT18NLO PDF set, member #0, version 1; LHAPDF ID = 14400
PDF chosen : 0
11.3318
 done.
Fit result:
A0 =  0.09640 # +-265.94195
A1 =  -1.44342 # +-503.24785
A2 =  8.38875 # +-28178344.56502
A3 =  -4.41771 # +-864568.18883
A4 =  9.42487 # +-9229494.53572
A5 =  -8.73395 # +-75336498.87823
A6 =  2.80454 # +-157937810.07359
A7 =  0.84182 # +-95049169.76945
#chisq/dof = 1.37143e-10
#status = success
Resummed done 
Born done 
Expanded done 
Resummed done 
Born done 
Expanded done 
Resummed done 
Born done 
Expanded done 
Performing PDF fit with 5 flavors, Q^2 = mu_F^2 = 8.01975e+06
 and weights: valence: x^-1.6, sea: x^-1.6, gluon: x^-1.6 and xmin = 0.010114 
 Fit function: f = A0 * x^A1 * (1 - x)^A2 * ( 1 + A3 * x^(1/2) + A4 * x + A5 * x^(3/2) + A6 * x^2 + A7 * x^(5/2) )
Fitting gluon PDF...LHAPDF 6.4.0 loading /home/yehudi/LHAPDF6/share/LHAPDF/CT18NLO/CT18NLO_0000.dat
CT18NLO PDF set, member #0, version 1; LHAPDF ID = 14400
PDF chosen : 0
18.861
 done.
Fit result:
A0 =  1.12423 # +-32.76375
A1 =  -1.55012 # +-0.47189
A2 =  3.38344 # +-20230.00354
A3 =  -4.68883 # +-703.81817
A4 =  10.55002 # +-5934.44947
A5 =  -13.24127 # +-28176.02005
A6 =  8.39417 # +-45313.01780
A7 =  -1.97703 # +-10407.29870
Fitting valence down quark PDF...#chisq/dof = 8.74042e-08
#status = success
LHAPDF 6.4.0 loading /home/yehudi/LHAPDF6/share/LHAPDF/CT18NLO/CT18NLO_0000.dat
CT18NLO PDF set, member #0, version 1; LHAPDF ID = 14400
PDF chosen : 0
11.0979
 done.
Fit result:
A0 =  0.18006 # +-1767.60460
A1 =  -1.37612 # +-907.74764
A2 =  5.46227 # +-17932366.00676
A3 =  -4.18598 # +-1862216.42486
A4 =  30.67410 # +-34936183.00676
A5 =  -63.22449 # +-1687439382.80150
A6 =  71.18682 # +-2285634039.05369
A7 =  -32.34854 # +-2695282793.70527
Fitting valence up quark PDF...#chisq/dof = 1.4694e-08
#status = success
LHAPDF 6.4.0 loading /home/yehudi/LHAPDF6/share/LHAPDF/CT18NLO/CT18NLO_0000.dat
CT18NLO PDF set, member #0, version 1; LHAPDF ID = 14400
PDF chosen : 0
72.3725
 done.
Fit result:
A0 =  0.03097 # +-709.61597
A1 =  -1.58444 # +-9628.70277
A2 =  4.26897 # +-95356.97136
A3 =  9.44124 # +-76494888.96936
A4 =  -5.13120 # +-337834006.49983
A5 =  175.91158 # +-24362487856.02953
A6 =  -181.48029 # +-19372854319.31585
A7 =  31.11816 # +-8134329.46763
Fitting sea down quark PDF...#chisq/dof = 1.12232e-07
#status = exceeded max number of iterations
LHAPDF 6.4.0 loading /home/yehudi/LHAPDF6/share/LHAPDF/CT18NLO/CT18NLO_0000.dat
CT18NLO PDF set, member #0, version 1; LHAPDF ID = 14400
PDF chosen : 0
6.84337
 done.
Fit result:
A0 =  0.23774 # +-1066.16974
A1 =  -1.33833 # +-335.43368
A2 =  9.59764 # +-2288499.91309
A3 =  -5.79541 # +-515290.57290
A4 =  27.36404 # +-20818629.41165
A5 =  -63.14991 # +-430849621.25271
A6 =  68.99979 # +-1557382089.15755
A7 =  -25.47382 # +-940915695.73749
Fitting strange quark PDF...#chisq/dof = 7.02321e-10
#status = success
LHAPDF 6.4.0 loading /home/yehudi/LHAPDF6/share/LHAPDF/CT18NLO/CT18NLO_0000.dat
CT18NLO PDF set, member #0, version 1; LHAPDF ID = 14400
PDF chosen : 0
14.2359
 done.
Fit result:
A0 =  0.09309 # +-264.62639
A1 =  -1.46890 # +-522.04785
A2 =  7.40922 # +-41608222.25040
A3 =  -3.63981 # +-1023648.75857
A4 =  8.74563 # +-4748717.62884
A5 =  -12.18071 # +-68075012.47768
A6 =  8.01276 # +-156060936.25731
A7 =  -1.64092 # +-49669607.03091
Fitting bottom quark PDF...#chisq/dof = 2.64974e-10
#status = success
LHAPDF 6.4.0 loading /home/yehudi/LHAPDF6/share/LHAPDF/CT18NLO/CT18NLO_0000.dat
CT18NLO PDF set, member #0, version 1; LHAPDF ID = 14400
PDF chosen : 0
12.3999
 done.
Fit result:
A0 =  0.06865 # +-165.86688
A1 =  -1.48343 # +-628.03861
A2 =  4.96105 # +-33045739.08342
A3 =  -5.61179 # +-1011506.92914
A4 =  14.75433 # +-11338220.02423
A5 =  -21.04808 # +-43711492.21616
A6 =  15.38908 # +-52584971.72783
A7 =  -4.48547 # +-10754926.32232
Fitting sea up quark PDF...#chisq/dof = 1.02468e-10
#status = success
LHAPDF 6.4.0 loading /home/yehudi/LHAPDF6/share/LHAPDF/CT18NLO/CT18NLO_0000.dat
CT18NLO PDF set, member #0, version 1; LHAPDF ID = 14400
PDF chosen : 0
57.1855
 done.
Fit result:
A0 =  0.02738 # +-982.23207
A1 =  -1.61861 # +-17112.40504
A2 =  8.51897 # +-254187134.70027
A3 =  6.94011 # +-132158294.55075
A4 =  -29.67098 # +-4018937845.85960
A5 =  56.59810 # +-2261719881.54796
A6 =  -37.74147 # +-8847620848.03230
A7 =  8.22250 # +-60450528436.83101
Fitting charm quark PDF...#chisq/dof = 1.09417e-09
#status = success
LHAPDF 6.4.0 loading /home/yehudi/LHAPDF6/share/LHAPDF/CT18NLO/CT18NLO_0000.dat
CT18NLO PDF set, member #0, version 1; LHAPDF ID = 14400
PDF chosen : 0
11.8741
 done.
Fit result:
A0 =  0.09521 # +-267.77178
A1 =  -1.45576 # +-517.27147
A2 =  8.23263 # +-40440906.37695
A3 =  -4.53475 # +-907032.67146
A4 =  9.98538 # +-6938959.00777
A5 =  -10.09136 # +-59937444.41496
A6 =  4.29595 # +-142416359.80219
A7 =  -0.00220 # +-49843922.12401
#chisq/dof = 1.50118e-10
#status = success
Resummed done 
Born done 
Expanded done 
Resummed done 
Born done 
Expanded done 
 Step n ° 2 over 5
 Duration : 832.296
Performing PDF fit with 5 flavors, Q^2 = mu_F^2 = 569308
 and weights: valence: x^-1.6, sea: x^-1.6, gluon: x^-1.6 and xmin = 0.0107789 
 Fit function: f = A0 * x^A1 * (1 - x)^A2 * ( 1 + A3 * x^(1/2) + A4 * x + A5 * x^(3/2) + A6 * x^2 + A7 * x^(5/2) )
Fitting gluon PDF...LHAPDF 6.4.0 loading /home/yehudi/LHAPDF6/share/LHAPDF/CT18NLO/CT18NLO_0000.dat
CT18NLO PDF set, member #0, version 1; LHAPDF ID = 14400
PDF chosen : 0
16.5683
 done.
Fit result:
A0 =  1.19219 # +-45.72059
A1 =  -1.52477 # +-0.59379
A2 =  4.26670 # +-29108.54031
A3 =  -4.09794 # +-841.80616
A4 =  7.80067 # +-6160.20424
A5 =  -6.91156 # +-42802.41053
A6 =  1.40410 # +-84847.96446
A7 =  0.87723 # +-29066.23705
Fitting valence down quark PDF...#chisq/dof = 6.80133e-08
#status = success
LHAPDF 6.4.0 loading /home/yehudi/LHAPDF6/share/LHAPDF/CT18NLO/CT18NLO_0000.dat
CT18NLO PDF set, member #0, version 1; LHAPDF ID = 14400
PDF chosen : 0
9.04798
 done.
Fit result:
A0 =  0.20470 # +-2794.46057
A1 =  -1.33975 # +-1122.14052
A2 =  5.34444 # +-20702755.17858
A3 =  -4.15289 # +-2212303.73828
A4 =  30.06309 # +-40527010.67319
A5 =  -61.66353 # +-1916326645.46108
A6 =  69.62579 # +-2615738693.19643
A7 =  -31.74578 # +-3136608582.13265
Fitting valence up quark PDF...#chisq/dof = 1.88111e-08
#status = success
LHAPDF 6.4.0 loading /home/yehudi/LHAPDF6/share/LHAPDF/CT18NLO/CT18NLO_0000.dat
CT18NLO PDF set, member #0, version 1; LHAPDF ID = 14400
PDF chosen : 0
53.2912
 done.
Fit result:
A0 =  0.03917 # +-1202.82073
A1 =  -1.53182 # +-10332.57692
A2 =  4.16086 # +-77439.29847
A3 =  9.10946 # +-77929057.48081
A4 =  -7.53158 # +-371364742.39055
A5 =  160.17527 # +-20983280251.28994
A6 =  -160.31624 # +-15165457191.88203
A7 =  24.88675 # +-2999658.22304
Fitting sea down quark PDF...#chisq/dof = 1.44669e-07
#status = exceeded max number of iterations
LHAPDF 6.4.0 loading /home/yehudi/LHAPDF6/share/LHAPDF/CT18NLO/CT18NLO_0000.dat
CT18NLO PDF set, member #0, version 1; LHAPDF ID = 14400
PDF chosen : 0
5.16903
 done.
Fit result:
A0 =  0.28786 # +-2368.91207
A1 =  -1.29257 # +-513.58343
A2 =  9.33057 # +-4093723.04195
A3 =  -6.05073 # +-760298.31518
A4 =  28.68466 # +-30575896.39135
A5 =  -67.01719 # +-639083783.83419
A6 =  74.59643 # +-2281061562.83226
A7 =  -29.13346 # +-1337304404.92572
Fitting strange quark PDF...#chisq/dof = 6.76544e-10
#status = success
LHAPDF 6.4.0 loading /home/yehudi/LHAPDF6/share/LHAPDF/CT18NLO/CT18NLO_0000.dat
CT18NLO PDF set, member #0, version 1; LHAPDF ID = 14400
PDF chosen : 0
12.9346
 done.
Fit result:
A0 =  0.09173 # +-318.44660
A1 =  -1.45151 # +-660.71792
A2 =  8.23874 # +-17946667.78337
A3 =  -3.16740 # +-1185733.49068
A4 =  7.07032 # +-14804280.48380
A5 =  -7.24208 # +-200562900.92209
A6 =  1.34758 # +-450482700.54452
A7 =  2.09468 # +-203599189.26625
Fitting bottom quark PDF...#chisq/dof = 2.27587e-10
#status = success
LHAPDF 6.4.0 loading /home/yehudi/LHAPDF6/share/LHAPDF/CT18NLO/CT18NLO_0000.dat
CT18NLO PDF set, member #0, version 1; LHAPDF ID = 14400
PDF chosen : 0
10.9543
 done.
Fit result:
A0 =  0.06508 # +-284.13529
A1 =  -1.46447 # +-1201.58654
A2 =  5.84827 # +-75261208.01060
A3 =  -5.29078 # +-1925431.28514
A4 =  13.28608 # +-13954022.56654
A5 =  -17.66898 # +-49423627.19784
A6 =  11.70836 # +-86237058.99076
A7 =  -3.02084 # +-38692621.09323
Fitting sea up quark PDF...#chisq/dof = 7.32166e-11
#status = success
LHAPDF 6.4.0 loading /home/yehudi/LHAPDF6/share/LHAPDF/CT18NLO/CT18NLO_0000.dat
CT18NLO PDF set, member #0, version 1; LHAPDF ID = 14400
PDF chosen : 0
77.8776
 done.
Fit result:
A0 =  0.01833 # +-2587.31354
A1 =  -1.64503 # +-94387.06395
A2 =  8.49954 # +-420001620.01379
A3 =  11.75580 # +-1043630869.57418
A4 =  -39.70057 # +-10610833340.05573
A5 =  60.02355 # +-12577958272.30896
A6 =  -14.64511 # +-295511380897.14185
A7 =  -9.30859 # +-604865465362.91382
Fitting charm quark PDF...#chisq/dof = 1.21506e-09
#status = exceeded max number of iterations
LHAPDF 6.4.0 loading /home/yehudi/LHAPDF6/share/LHAPDF/CT18NLO/CT18NLO_0000.dat
CT18NLO PDF set, member #0, version 1; LHAPDF ID = 14400
PDF chosen : 0
10.2655
 done.
Fit result:
A0 =  0.09664 # +-354.38386
A1 =  -1.43215 # +-678.09703
A2 =  8.61049 # +-18442833.61276
A3 =  -4.26435 # +-1092991.87905
A4 =  8.67855 # +-18772461.81008
A5 =  -6.82025 # +-164911935.11153
A6 =  0.46712 # +-371734814.27775
A7 =  2.33636 # +-253198550.91191
#chisq/dof = 1.25657e-10
#status = success
Resummed done 
Born done 
Expanded done 
Resummed done 
Born done 
Expanded done 
Performing PDF fit with 5 flavors, Q^2 = mu_F^2 = 2.27723e+06
 and weights: valence: x^-1.6, sea: x^-1.6, gluon: x^-1.6 and xmin = 0.0107789 
 Fit function: f = A0 * x^A1 * (1 - x)^A2 * ( 1 + A3 * x^(1/2) + A4 * x + A5 * x^(3/2) + A6 * x^2 + A7 * x^(5/2) )
Fitting gluon PDF...LHAPDF 6.4.0 loading /home/yehudi/LHAPDF6/share/LHAPDF/CT18NLO/CT18NLO_0000.dat
CT18NLO PDF set, member #0, version 1; LHAPDF ID = 14400
PDF chosen : 0
17.4233
 done.
Fit result:
A0 =  1.13855 # +-46.97912
A1 =  -1.54079 # +-0.66603
A2 =  4.09533 # +-29853.83659
A3 =  -4.35088 # +-961.83103
A4 =  9.07053 # +-7076.42617
A5 =  -9.84146 # +-39138.61859
A6 =  4.53987 # +-63592.80130
A7 =  -0.35853 # +-17177.47193
Fitting valence down quark PDF...#chisq/dof = 7.31513e-08
#status = success
LHAPDF 6.4.0 loading /home/yehudi/LHAPDF6/share/LHAPDF/CT18NLO/CT18NLO_0000.dat
CT18NLO PDF set, member #0, version 1; LHAPDF ID = 14400
PDF chosen : 0
10.0347
 done.
Fit result:
A0 =  0.18848 # +-2553.52465
A1 =  -1.36163 # +-1207.78839
A2 =  5.40026 # +-22443811.38720
A3 =  -4.13303 # +-2393475.71572
A4 =  30.29828 # +-43434075.10684
A5 =  -62.09705 # +-2093986263.11201
A6 =  69.86417 # +-2784550352.65835
A7 =  -31.80580 # +-3329289625.86707
Fitting valence up quark PDF...#chisq/dof = 1.63123e-08
#status = success
LHAPDF 6.4.0 loading /home/yehudi/LHAPDF6/share/LHAPDF/CT18NLO/CT18NLO_0000.dat
CT18NLO PDF set, member #0, version 1; LHAPDF ID = 14400
PDF chosen : 0
58.6936
 done.
Fit result:
A0 =  0.03635 # +-1057.41834
A1 =  -1.55360 # +-10574.13615
A2 =  4.20732 # +-89571.48871
A3 =  8.92352 # +-78563813.05041
A4 =  -6.30191 # +-388651018.73507
A5 =  163.81374 # +-23367698524.37551
A6 =  -171.94900 # +-19310410194.82033
A7 =  31.72317 # +-44251569.88213
Fitting sea down quark PDF...#chisq/dof = 1.18838e-07
#status = exceeded max number of iterations
LHAPDF 6.4.0 loading /home/yehudi/LHAPDF6/share/LHAPDF/CT18NLO/CT18NLO_0000.dat
CT18NLO PDF set, member #0, version 1; LHAPDF ID = 14400
PDF chosen : 0
5.75165
 done.
Fit result:
A0 =  0.26444 # +-2565.31815
A1 =  -1.31495 # +-652.13644
A2 =  9.34280 # +-6271090.67383
A3 =  -5.99704 # +-1014087.99826
A4 =  28.48219 # +-39615397.58025
A5 =  -67.08599 # +-852041979.19168
A6 =  75.54721 # +-3064735411.74065
A7 =  -30.12857 # +-1813499335.19496
Fitting strange quark PDF...#chisq/dof = 6.422e-10
#status = success
LHAPDF 6.4.0 loading /home/yehudi/LHAPDF6/share/LHAPDF/CT18NLO/CT18NLO_0000.dat
CT18NLO PDF set, member #0, version 1; LHAPDF ID = 14400
PDF chosen : 0
13.4542
 done.
Fit result:
A0 =  0.09087 # +-313.54941
A1 =  -1.46350 # +-661.86405
A2 =  8.16535 # +-23307638.82788
A3 =  -3.32687 # +-1196129.41982
A4 =  7.68066 # +-12609148.04432
A5 =  -8.84501 # +-174417084.67765
A6 =  3.41266 # +-388324122.77107
A7 =  0.96344 # +-169027590.13017
Fitting bottom quark PDF...#chisq/dof = 2.4084e-10
#status = success
LHAPDF 6.4.0 loading /home/yehudi/LHAPDF6/share/LHAPDF/CT18NLO/CT18NLO_0000.dat
CT18NLO PDF set, member #0, version 1; LHAPDF ID = 14400
PDF chosen : 0
11.439
 done.
Fit result:
A0 =  0.06643 # +-267.46773
A1 =  -1.47636 # +-1086.52111
A2 =  5.64277 # +-62667587.69404
A3 =  -5.40899 # +-1732972.03206
A4 =  13.87439 # +-15002078.36762
A5 =  -19.06974 # +-52898611.24109
A6 =  13.23793 # +-66706580.06705
A7 =  -3.62924 # +-21497325.87682
Fitting sea up quark PDF...#chisq/dof = 8.63178e-11
#status = success
LHAPDF 6.4.0 loading /home/yehudi/LHAPDF6/share/LHAPDF/CT18NLO/CT18NLO_0000.dat
CT18NLO PDF set, member #0, version 1; LHAPDF ID = 14400
PDF chosen : 0
74.4302
 done.
Fit result:
A0 =  0.01962 # +-2463.43690
A1 =  -1.64840 # +-79539.86143
A2 =  8.51502 # +-312546542.91212
A3 =  10.57578 # +-812734578.22172
A4 =  -38.86380 # +-10639489603.85783
A5 =  65.84599 # +-3216245132.97202
A6 =  -31.70966 # +-95916382065.15654
A7 =  1.08697 # +-266375249867.76666
Fitting charm quark PDF...#chisq/dof = 1.07049e-09
#status = exceeded max number of iterations
LHAPDF 6.4.0 loading /home/yehudi/LHAPDF6/share/LHAPDF/CT18NLO/CT18NLO_0000.dat
CT18NLO PDF set, member #0, version 1; LHAPDF ID = 14400
PDF chosen : 0
10.8717
 done.
Fit result:
A0 =  0.09488 # +-341.59823
A1 =  -1.44663 # +-676.63121
A2 =  8.61124 # +-22141967.16351
A3 =  -4.35438 # +-1100213.35689
A4 =  9.16868 # +-16930655.11328
A5 =  -8.01070 # +-144937623.44968
A6 =  1.77489 # +-316562075.17579
A7 =  1.65939 # +-214294848.47269
#chisq/dof = 1.37344e-10
#status = success
Resummed done 
Born done 
Expanded done 
Resummed done 
Born done 
Expanded done 
Resummed done 
Born done 
Expanded done 
Performing PDF fit with 5 flavors, Q^2 = mu_F^2 = 9.10893e+06
 and weights: valence: x^-1.6, sea: x^-1.6, gluon: x^-1.6 and xmin = 0.0107789 
 Fit function: f = A0 * x^A1 * (1 - x)^A2 * ( 1 + A3 * x^(1/2) + A4 * x + A5 * x^(3/2) + A6 * x^2 + A7 * x^(5/2) )
Fitting gluon PDF...LHAPDF 6.4.0 loading /home/yehudi/LHAPDF6/share/LHAPDF/CT18NLO/CT18NLO_0000.dat
CT18NLO PDF set, member #0, version 1; LHAPDF ID = 14400
PDF chosen : 0
18.2126
 done.
Fit result:
A0 =  1.09063 # +-48.38262
A1 =  -1.55506 # +-0.74476
A2 =  3.83177 # +-32128.77272
A3 =  -4.58385 # +-1092.04069
A4 =  10.20872 # +-8519.73457
A5 =  -12.50641 # +-42016.85782
A6 =  7.49857 # +-64822.68644
A7 =  -1.57479 # +-14445.81303
Fitting valence down quark PDF...#chisq/dof = 7.85418e-08
#status = success
LHAPDF 6.4.0 loading /home/yehudi/LHAPDF6/share/LHAPDF/CT18NLO/CT18NLO_0000.dat
CT18NLO PDF set, member #0, version 1; LHAPDF ID = 14400
PDF chosen : 0
11.0209
 done.
Fit result:
A0 =  0.17468 # +-2331.98388
A1 =  -1.38144 # +-1282.54327
A2 =  5.45220 # +-23959458.49687
A3 =  -4.11565 # +-2553150.30706
A4 =  30.53348 # +-45961121.39189
A5 =  -62.56010 # +-2255779687.64245
A6 =  70.14932 # +-2931854780.88856
A7 =  -31.88316 # +-3487321712.71250
Fitting valence up quark PDF...#chisq/dof = 1.42942e-08
#status = success
LHAPDF 6.4.0 loading /home/yehudi/LHAPDF6/share/LHAPDF/CT18NLO/CT18NLO_0000.dat
CT18NLO PDF set, member #0, version 1; LHAPDF ID = 14400
PDF chosen : 0
63.8761
 done.
Fit result:
A0 =  0.03402 # +-940.63915
A1 =  -1.57296 # +-10764.88694
A2 =  4.24898 # +-102320.14233
A3 =  8.72786 # +-78644277.01794
A4 =  -5.10817 # +-403969127.07421
A5 =  166.79904 # +-25610964028.22026
A6 =  -182.91972 # +-23822402025.38278
A7 =  38.44994 # +-197711478.29964
Fitting sea down quark PDF...#chisq/dof = 9.79462e-08
#status = exceeded max number of iterations
LHAPDF 6.4.0 loading /home/yehudi/LHAPDF6/share/LHAPDF/CT18NLO/CT18NLO_0000.dat
CT18NLO PDF set, member #0, version 1; LHAPDF ID = 14400
PDF chosen : 0
6.32885
 done.
Fit result:
A0 =  0.24478 # +-2845.12595
A1 =  -1.33504 # +-835.73941
A2 =  9.36008 # +-9543414.73860
A3 =  -5.95005 # +-1360877.81389
A4 =  28.30562 # +-51695392.64926
A5 =  -67.15908 # +-1144216627.72821
A6 =  76.41438 # +-4148673286.23186
A7 =  -31.02179 # +-2477756636.72790
Fitting strange quark PDF...#chisq/dof = 6.31778e-10
#status = success
LHAPDF 6.4.0 loading /home/yehudi/LHAPDF6/share/LHAPDF/CT18NLO/CT18NLO_0000.dat
CT18NLO PDF set, member #0, version 1; LHAPDF ID = 14400
PDF chosen : 0
13.9485
 done.
Fit result:
A0 =  0.08988 # +-315.23210
A1 =  -1.47446 # +-678.30099
A2 =  8.06045 # +-30521202.18557
A3 =  -3.47273 # +-1240797.88756
A4 =  8.23531 # +-10682403.96719
A5 =  -10.33022 # +-150705158.49106
A6 =  5.33381 # +-333180450.63446
A7 =  -0.08050 # +-137226707.78212
Fitting bottom quark PDF...#chisq/dof = 2.55863e-10
#status = success
LHAPDF 6.4.0 loading /home/yehudi/LHAPDF6/share/LHAPDF/CT18NLO/CT18NLO_0000.dat
CT18NLO PDF set, member #0, version 1; LHAPDF ID = 14400
PDF chosen : 0
11.9063
 done.
Fit result:
A0 =  0.06727 # +-257.35164
A1 =  -1.48731 # +-1019.52872
A2 =  5.43759 # +-55677724.17851
A3 =  -5.51578 # +-1623140.98336
A4 =  14.40464 # +-15951258.98254
A5 =  -20.34162 # +-58130130.67465
A6 =  14.66136 # +-66102683.75719
A7 =  -4.21398 # +-15309391.40931
Fitting sea up quark PDF...#chisq/dof = 1.00347e-10
#status = success
LHAPDF 6.4.0 loading /home/yehudi/LHAPDF6/share/LHAPDF/CT18NLO/CT18NLO_0000.dat
CT18NLO PDF set, member #0, version 1; LHAPDF ID = 14400
PDF chosen : 0
70.0821
 done.
Fit result:
A0 =  0.02124 # +-2015.81894
A1 =  -1.64924 # +-56500.82371
A2 =  8.52436 # +-254823920.26257
A3 =  9.32784 # +-525765106.45224
A4 =  -36.99477 # +-8879178200.66373
A5 =  67.99145 # +-4706042272.79799
A6 =  -42.97499 # +-25934022642.90630
A7 =  8.47703 # +-118389344240.29262
Fitting charm quark PDF...#chisq/dof = 9.70914e-10
#status = exceeded max number of iterations
LHAPDF 6.4.0 loading /home/yehudi/LHAPDF6/share/LHAPDF/CT18NLO/CT18NLO_0000.dat
CT18NLO PDF set, member #0, version 1; LHAPDF ID = 14400
PDF chosen : 0
11.3691
 done.
Fit result:
A0 =  0.09375 # +-337.99506
A1 =  -1.45877 # +-683.62512
A2 =  8.49471 # +-31536025.85024
A3 =  -4.47300 # +-1128069.51240
A4 =  9.77188 # +-13218551.11449
A5 =  -9.53880 # +-104962031.77266
A6 =  3.57908 # +-213101189.27712
A7 =  0.59718 # +-133693140.18918
#chisq/dof = 1.50471e-10
#status = success
Resummed done 
Born done 
Expanded done 
Resummed done 
Born done 
Expanded done 
 Step n ° 3 over 5
 Duration : 1250.83
Performing PDF fit with 5 flavors, Q^2 = mu_F^2 = 641715
 and weights: valence: x^-1.6, sea: x^-1.6, gluon: x^-1.6 and xmin = 0.0114439 
 Fit function: f = A0 * x^A1 * (1 - x)^A2 * ( 1 + A3 * x^(1/2) + A4 * x + A5 * x^(3/2) + A6 * x^2 + A7 * x^(5/2) )
Fitting gluon PDF...LHAPDF 6.4.0 loading /home/yehudi/LHAPDF6/share/LHAPDF/CT18NLO/CT18NLO_0000.dat
CT18NLO PDF set, member #0, version 1; LHAPDF ID = 14400
PDF chosen : 0
16.0124
 done.
Fit result:
A0 =  1.16301 # +-70.85334
A1 =  -1.52912 # +-0.96906
A2 =  4.61937 # +-58358.57856
A3 =  -4.02368 # +-1372.95117
A4 =  7.62814 # +-8406.86099
A5 =  -6.60967 # +-74488.56489
A6 =  1.17275 # +-186629.34730
A7 =  0.89822 # +-74672.05105
Fitting valence down quark PDF...#chisq/dof = 6.34753e-08
#status = success
LHAPDF 6.4.0 loading /home/yehudi/LHAPDF6/share/LHAPDF/CT18NLO/CT18NLO_0000.dat
CT18NLO PDF set, member #0, version 1; LHAPDF ID = 14400
PDF chosen : 0
9.08042
 done.
Fit result:
A0 =  0.19748 # +-3451.04652
A1 =  -1.34610 # +-1498.90354
A2 =  5.33348 # +-26525873.54529
A3 =  -4.07114 # +-2884025.72002
A4 =  29.91332 # +-50443236.17789
A5 =  -60.94747 # +-2441805379.12757
A6 =  68.55563 # +-3172077930.51063
A7 =  -31.29423 # +-3872564003.15583
Fitting valence up quark PDF...#chisq/dof = 1.82076e-08
#status = success
LHAPDF 6.4.0 loading /home/yehudi/LHAPDF6/share/LHAPDF/CT18NLO/CT18NLO_0000.dat
CT18NLO PDF set, member #0, version 1; LHAPDF ID = 14400
PDF chosen : 0
46.9323
 done.
Fit result:
A0 =  0.04333 # +-1556.03127
A1 =  -1.51937 # +-11127.21861
A2 =  4.14041 # +-82877.85950
A3 =  8.37291 # +-76974661.98379
A4 =  -7.47307 # +-430306531.68440
A5 =  151.97051 # +-21393911634.90948
A6 =  -162.75403 # +-18566562491.86172
A7 =  32.53214 # +-121819318.20887
Fitting sea down quark PDF...#chisq/dof = 1.24511e-07
#status = exceeded max number of iterations
LHAPDF 6.4.0 loading /home/yehudi/LHAPDF6/share/LHAPDF/CT18NLO/CT18NLO_0000.dat
CT18NLO PDF set, member #0, version 1; LHAPDF ID = 14400
PDF chosen : 0
4.86085
 done.
Fit result:
A0 =  0.29303 # +-5892.20499
A1 =  -1.29092 # +-1223.77085
A2 =  9.20532 # +-13446155.62327
A3 =  -6.14603 # +-1889995.53633
A4 =  29.25612 # +-73406508.35855
A5 =  -69.37592 # +-1600254102.27415
A6 =  78.89575 # +-5731974250.48207
A7 =  -32.27048 # +-3344631034.00376
Fitting strange quark PDF...#chisq/dof = 6.14256e-10
#status = success
LHAPDF 6.4.0 loading /home/yehudi/LHAPDF6/share/LHAPDF/CT18NLO/CT18NLO_0000.dat
CT18NLO PDF set, member #0, version 1; LHAPDF ID = 14400
PDF chosen : 0
12.6723
 done.
Fit result:
A0 =  0.08906 # +-413.01945
A1 =  -1.45649 # +-918.44955
A2 =  8.52857 # +-13719970.15744
A3 =  -3.03257 # +-1586146.96052
A4 =  6.48831 # +-26418684.92471
A5 =  -5.26902 # +-335067395.13481
A6 =  -1.54431 # +-770013188.37298
A7 =  3.94473 # +-365544396.77467
Fitting bottom quark PDF...#chisq/dof = 2.23125e-10
#status = success
LHAPDF 6.4.0 loading /home/yehudi/LHAPDF6/share/LHAPDF/CT18NLO/CT18NLO_0000.dat
CT18NLO PDF set, member #0, version 1; LHAPDF ID = 14400
PDF chosen : 0
10.5426
 done.
Fit result:
A0 =  0.06404 # +-469.22672
A1 =  -1.46806 # +-2052.87137
A2 =  6.27529 # +-141657789.37411
A3 =  -5.21095 # +-3292604.68559
A4 =  13.04581 # +-18370955.17860
A5 =  -17.25834 # +-63897887.32146
A6 =  11.44464 # +-166717007.17299
A7 =  -3.01218 # +-89536525.02886
Fitting sea up quark PDF...#chisq/dof = 7.2997e-11
#status = success
LHAPDF 6.4.0 loading /home/yehudi/LHAPDF6/share/LHAPDF/CT18NLO/CT18NLO_0000.dat
CT18NLO PDF set, member #0, version 1; LHAPDF ID = 14400
PDF chosen : 0
78.9541
 done.
Fit result:
A0 =  0.01728 # +-3944.25952
A1 =  -1.65288 # +-161325.72358
A2 =  8.52110 # +-425007213.46276
A3 =  12.33929 # +-1836963159.25601
A4 =  -40.88613 # +-14625338416.10578
A5 =  60.52775 # +-17944698646.49985
A6 =  -11.96756 # +-383318519613.42792
A7 =  -11.31580 # +-731303645428.61194
Fitting charm quark PDF...#chisq/dof = 1.17416e-09
#status = exceeded max number of iterations
LHAPDF 6.4.0 loading /home/yehudi/LHAPDF6/share/LHAPDF/CT18NLO/CT18NLO_0000.dat
CT18NLO PDF set, member #0, version 1; LHAPDF ID = 14400
PDF chosen : 0
9.86704
 done.
Fit result:
A0 =  0.09534 # +-458.23929
A1 =  -1.43511 # +-911.62963
A2 =  8.74837 # +-16094921.54580
A3 =  -4.21254 # +-1405633.50382
A4 =  8.43327 # +-29293022.69005
A5 =  -6.08465 # +-266847348.43143
A6 =  -0.63725 # +-618470992.03831
A7 =  3.16858 # +-395870891.83582
#chisq/dof = 1.26731e-10
#status = success
Resummed done 
Born done 
Expanded done 
Resummed done 
Born done 
Expanded done 
Performing PDF fit with 5 flavors, Q^2 = mu_F^2 = 2.56686e+06
 and weights: valence: x^-1.6, sea: x^-1.6, gluon: x^-1.6 and xmin = 0.0114439 
 Fit function: f = A0 * x^A1 * (1 - x)^A2 * ( 1 + A3 * x^(1/2) + A4 * x + A5 * x^(3/2) + A6 * x^2 + A7 * x^(5/2) )
Fitting gluon PDF...LHAPDF 6.4.0 loading /home/yehudi/LHAPDF6/share/LHAPDF/CT18NLO/CT18NLO_0000.dat
CT18NLO PDF set, member #0, version 1; LHAPDF ID = 14400
PDF chosen : 0
16.846
 done.
Fit result:
A0 =  1.10822 # +-73.90131
A1 =  -1.54532 # +-1.10792
A2 =  4.49171 # +-57981.74803
A3 =  -4.26230 # +-1600.48691
A4 =  8.82477 # +-9206.28166
A5 =  -9.34714 # +-56445.94834
A6 =  4.03318 # +-108043.47376
A7 =  -0.19361 # +-38242.71016
Fitting valence down quark PDF...#chisq/dof = 6.80774e-08
#status = success
LHAPDF 6.4.0 loading /home/yehudi/LHAPDF6/share/LHAPDF/CT18NLO/CT18NLO_0000.dat
CT18NLO PDF set, member #0, version 1; LHAPDF ID = 14400
PDF chosen : 0
10.0515
 done.
Fit result:
A0 =  0.18192 # +-3218.18647
A1 =  -1.36781 # +-1645.17555
A2 =  5.38828 # +-29252182.65533
A3 =  -4.05038 # +-3178949.81526
A4 =  30.14533 # +-55029233.78903
A5 =  -61.35698 # +-2715762298.21851
A6 =  68.73623 # +-3430934828.38888
A7 =  -31.31962 # +-4171149449.29480
Fitting valence up quark PDF...#chisq/dof = 1.5765e-08
#status = success
LHAPDF 6.4.0 loading /home/yehudi/LHAPDF6/share/LHAPDF/CT18NLO/CT18NLO_0000.dat
CT18NLO PDF set, member #0, version 1; LHAPDF ID = 14400
PDF chosen : 0
51.9228
 done.
Fit result:
A0 =  0.03997 # +-1374.55572
A1 =  -1.54183 # +-11569.54289
A2 =  4.18627 # +-96074.68097
A3 =  8.23235 # +-79106787.86541
A4 =  -6.21124 # +-451356691.31397
A5 =  155.41472 # +-24107872920.33923
A6 =  -173.17648 # +-23200881465.11674
A7 =  38.42168 # +-315434259.95688
Fitting sea down quark PDF...#chisq/dof = 1.02445e-07
#status = exceeded max number of iterations
LHAPDF 6.4.0 loading /home/yehudi/LHAPDF6/share/LHAPDF/CT18NLO/CT18NLO_0000.dat
CT18NLO PDF set, member #0, version 1; LHAPDF ID = 14400
PDF chosen : 0
5.42378
 done.
Fit result:
A0 =  0.26802 # +-5966.15122
A1 =  -1.31381 # +-1469.89851
A2 =  9.24917 # +-17916112.86812
A3 =  -6.07215 # +-2350865.87571
A4 =  28.92653 # +-89072368.25893
A5 =  -68.90487 # +-1980937795.26381
A6 =  78.85487 # +-7145708832.99888
A7 =  -32.53487 # +-4212415619.48909
Fitting strange quark PDF...#chisq/dof = 6.01239e-10
#status = success
LHAPDF 6.4.0 loading /home/yehudi/LHAPDF6/share/LHAPDF/CT18NLO/CT18NLO_0000.dat
CT18NLO PDF set, member #0, version 1; LHAPDF ID = 14400
PDF chosen : 0
13.1801
 done.
Fit result:
A0 =  0.08809 # +-398.92468
A1 =  -1.46857 # +-906.55194
A2 =  8.51453 # +-17002140.20469
A3 =  -3.18420 # +-1564601.99674
A4 =  7.09393 # +-23837575.74023
A5 =  -6.84151 # +-307982900.49324
A6 =  0.48536 # +-705645068.50012
A7 =  2.82266 # +-332546140.64299
Fitting bottom quark PDF...#chisq/dof = 2.35485e-10
#status = success
LHAPDF 6.4.0 loading /home/yehudi/LHAPDF6/share/LHAPDF/CT18NLO/CT18NLO_0000.dat
CT18NLO PDF set, member #0, version 1; LHAPDF ID = 14400
PDF chosen : 0
11.0116
 done.
Fit result:
A0 =  0.06521 # +-445.46308
A1 =  -1.48007 # +-1880.19634
A2 =  6.11071 # +-119838650.88352
A3 =  -5.31998 # +-3005143.04290
A4 =  13.58921 # +-20421613.17210
A5 =  -18.54825 # +-65242521.88751
A6 =  12.81975 # +-104767881.24963
A7 =  -3.54443 # +-49979163.45316
Fitting sea up quark PDF...#chisq/dof = 8.55479e-11
#status = success
LHAPDF 6.4.0 loading /home/yehudi/LHAPDF6/share/LHAPDF/CT18NLO/CT18NLO_0000.dat
CT18NLO PDF set, member #0, version 1; LHAPDF ID = 14400
PDF chosen : 0
77.3938
 done.
Fit result:
A0 =  0.01800 # +-3959.24044
A1 =  -1.65925 # +-150629.90576
A2 =  8.54299 # +-320051081.12560
A3 =  11.43034 # +-1620787590.74414
A4 =  -40.86737 # +-16186781580.98599
A5 =  67.61746 # +-6497859911.15137
A6 =  -29.58828 # +-148322364188.50958
A7 =  -0.88444 # +-361561161698.47766
Fitting charm quark PDF...#chisq/dof = 1.01907e-09
#status = exceeded max number of iterations
LHAPDF 6.4.0 loading /home/yehudi/LHAPDF6/share/LHAPDF/CT18NLO/CT18NLO_0000.dat
CT18NLO PDF set, member #0, version 1; LHAPDF ID = 14400
PDF chosen : 0
10.4561
 done.
Fit result:
A0 =  0.09339 # +-439.43700
A1 =  -1.44976 # +-909.62913
A2 =  8.78934 # +-18282528.71603
A3 =  -4.29087 # +-1410762.90083
A4 =  8.87582 # +-27950400.16540
A5 =  -7.14511 # +-253149072.45452
A6 =  0.49638 # +-580573075.26286
A7 =  2.62400 # +-373102840.54059
#chisq/dof = 1.37893e-10
#status = success
Resummed done 
Born done 
Expanded done 
Resummed done 
Born done 
Expanded done 
Resummed done 
Born done 
Expanded done 
Performing PDF fit with 5 flavors, Q^2 = mu_F^2 = 1.02674e+07
 and weights: valence: x^-1.6, sea: x^-1.6, gluon: x^-1.6 and xmin = 0.0114439 
 Fit function: f = A0 * x^A1 * (1 - x)^A2 * ( 1 + A3 * x^(1/2) + A4 * x + A5 * x^(3/2) + A6 * x^2 + A7 * x^(5/2) )
Fitting gluon PDF...LHAPDF 6.4.0 loading /home/yehudi/LHAPDF6/share/LHAPDF/CT18NLO/CT18NLO_0000.dat
CT18NLO PDF set, member #0, version 1; LHAPDF ID = 14400
PDF chosen : 0
17.6156
 done.
Fit result:
A0 =  1.05953 # +-75.26314
A1 =  -1.55975 # +-1.23088
A2 =  4.27814 # +-58217.57249
A3 =  -4.48268 # +-1798.09536
A4 =  9.90168 # +-11568.47212
A5 =  -11.85486 # +-58050.89055
A6 =  6.74900 # +-88468.74139
A7 =  -1.27171 # +-22390.10444
Fitting valence down quark PDF...#chisq/dof = 7.31216e-08
#status = success
LHAPDF 6.4.0 loading /home/yehudi/LHAPDF6/share/LHAPDF/CT18NLO/CT18NLO_0000.dat
CT18NLO PDF set, member #0, version 1; LHAPDF ID = 14400
PDF chosen : 0
11.0192
 done.
Fit result:
A0 =  0.16869 # +-2986.90115
A1 =  -1.38743 # +-1773.86463
A2 =  5.43945 # +-31624533.67960
A3 =  -4.03269 # +-3439939.12382
A4 =  30.37908 # +-59037363.12971
A5 =  -61.80352 # +-2965254671.73563
A6 =  68.97543 # +-3657359654.63753
A7 =  -31.36770 # +-4416737679.00686
Fitting valence up quark PDF...#chisq/dof = 1.38003e-08
#status = success
LHAPDF 6.4.0 loading /home/yehudi/LHAPDF6/share/LHAPDF/CT18NLO/CT18NLO_0000.dat
CT18NLO PDF set, member #0, version 1; LHAPDF ID = 14400
PDF chosen : 0
56.8117
 done.
Fit result:
A0 =  0.03717 # +-1228.67841
A1 =  -1.56197 # +-11980.63844
A2 =  4.22757 # +-109977.71517
A3 =  8.08859 # +-80913961.85311
A4 =  -5.00522 # +-471698214.01739
A5 =  158.45137 # +-26837722836.80565
A6 =  -183.20363 # +-28347273134.24297
A7 =  44.27532 # +-618379025.21163
Fitting sea down quark PDF...#chisq/dof = 8.46544e-08
#status = exceeded max number of iterations
LHAPDF 6.4.0 loading /home/yehudi/LHAPDF6/share/LHAPDF/CT18NLO/CT18NLO_0000.dat
CT18NLO PDF set, member #0, version 1; LHAPDF ID = 14400
PDF chosen : 0
5.97465
 done.
Fit result:
A0 =  0.24749 # +-6261.96458
A1 =  -1.33415 # +-1795.42609
A2 =  9.29144 # +-24454124.58486
A3 =  -6.01239 # +-2975373.16601
A4 =  28.66938 # +-110080360.56595
A5 =  -68.61937 # +-2502527736.58997
A6 =  79.05160 # +-9095814651.49360
A7 =  -32.92476 # +-5417539091.23777
Fitting strange quark PDF...#chisq/dof = 6.02475e-10
#status = success
LHAPDF 6.4.0 loading /home/yehudi/LHAPDF6/share/LHAPDF/CT18NLO/CT18NLO_0000.dat
CT18NLO PDF set, member #0, version 1; LHAPDF ID = 14400
PDF chosen : 0
13.6728
 done.
Fit result:
A0 =  0.08696 # +-390.38629
A1 =  -1.47970 # +-909.56922
A2 =  8.49172 # +-21037969.99203
A3 =  -3.31877 # +-1574701.32008
A4 =  7.63897 # +-21716718.09098
A5 =  -8.27139 # +-285808336.97433
A6 =  2.33210 # +-652671474.63050
A7 =  1.80857 # +-304136677.49954
Fitting bottom quark PDF...#chisq/dof = 2.49683e-10
#status = success
LHAPDF 6.4.0 loading /home/yehudi/LHAPDF6/share/LHAPDF/CT18NLO/CT18NLO_0000.dat
CT18NLO PDF set, member #0, version 1; LHAPDF ID = 14400
PDF chosen : 0
11.4595
 done.
Fit result:
A0 =  0.06594 # +-419.45619
A1 =  -1.49107 # +-1733.23698
A2 =  5.92582 # +-102613896.60126
A3 =  -5.42083 # +-2755862.17571
A4 =  14.08205 # +-22215112.60807
A5 =  -19.71856 # +-73057464.59309
A6 =  14.08646 # +-84625043.10278
A7 =  -4.04189 # +-28932564.76865
Fitting sea up quark PDF...#chisq/dof = 9.9339e-11
#status = success
LHAPDF 6.4.0 loading /home/yehudi/LHAPDF6/share/LHAPDF/CT18NLO/CT18NLO_0000.dat
CT18NLO PDF set, member #0, version 1; LHAPDF ID = 14400
PDF chosen : 0
75.9448
 done.
Fit result:
A0 =  0.01867 # +-3593.20000
A1 =  -1.66495 # +-128380.04153
A2 =  8.55712 # +-261896885.88414
A3 =  10.60021 # +-1304507008.11289
A4 =  -40.39539 # +-15721236171.78705
A5 =  72.23971 # +-9019229368.48045
A6 =  -42.62049 # +-52669974661.11013
A7 =  7.02725 # +-186797148951.59985
Fitting charm quark PDF...#chisq/dof = 9.09091e-10
#status = exceeded max number of iterations
LHAPDF 6.4.0 loading /home/yehudi/LHAPDF6/share/LHAPDF/CT18NLO/CT18NLO_0000.dat
CT18NLO PDF set, member #0, version 1; LHAPDF ID = 14400
PDF chosen : 0
10.9137
 done.
Fit result:
A0 =  0.09231 # +-428.11401
A1 =  -1.46174 # +-905.19808
A2 =  8.70248 # +-25375118.61149
A3 =  -4.41125 # +-1415972.25607
A4 =  9.51414 # +-23128918.46911
A5 =  -8.80788 # +-197449381.22814
A6 =  2.54182 # +-425763638.71888
A7 =  1.39879 # +-276442624.31656
#chisq/dof = 1.51173e-10
#status = success
Resummed done 
Born done 
Expanded done 
Resummed done 
Born done 
Expanded done 
 Step n ° 4 over 5
 Duration : 1671.14
Performing PDF fit with 5 flavors, Q^2 = mu_F^2 = 718455
 and weights: valence: x^-1.6, sea: x^-1.6, gluon: x^-1.6 and xmin = 0.0121088 
 Fit function: f = A0 * x^A1 * (1 - x)^A2 * ( 1 + A3 * x^(1/2) + A4 * x + A5 * x^(3/2) + A6 * x^2 + A7 * x^(5/2) )
Fitting gluon PDF...LHAPDF 6.4.0 loading /home/yehudi/LHAPDF6/share/LHAPDF/CT18NLO/CT18NLO_0000.dat
CT18NLO PDF set, member #0, version 1; LHAPDF ID = 14400
PDF chosen : 0
15.1602
 done.
Fit result:
A0 =  1.16101 # +-87.22290
A1 =  -1.53019 # +-1.21247
A2 =  4.57180 # +-59068.95484
A3 =  -4.05480 # +-1638.03215
A4 =  7.76267 # +-10183.37002
A5 =  -6.90444 # +-72921.40662
A6 =  1.46521 # +-161470.33097
A7 =  0.79674 # +-62288.40613
Fitting valence down quark PDF...#chisq/dof = 6.44681e-08
#status = success
LHAPDF 6.4.0 loading /home/yehudi/LHAPDF6/share/LHAPDF/CT18NLO/CT18NLO_0000.dat
CT18NLO PDF set, member #0, version 1; LHAPDF ID = 14400
PDF chosen : 0
9.15543
 done.
Fit result:
A0 =  0.18997 # +-4075.51023
A1 =  -1.35287 # +-1923.89902
A2 =  5.32117 # +-32960482.28949
A3 =  -3.98207 # +-3626738.30922
A4 =  29.76585 # +-60310118.31303
A5 =  -60.20236 # +-3006641789.76905
A6 =  67.44729 # +-3686545862.75095
A7 =  -30.83856 # +-4611647604.36256
Fitting valence up quark PDF...#chisq/dof = 1.75829e-08
#status = success
LHAPDF 6.4.0 loading /home/yehudi/LHAPDF6/share/LHAPDF/CT18NLO/CT18NLO_0000.dat
CT18NLO PDF set, member #0, version 1; LHAPDF ID = 14400
PDF chosen : 0
41.7308
 done.
Fit result:
A0 =  0.04754 # +-1990.12516
A1 =  -1.50771 # +-12019.78767
A2 =  4.11828 # +-89171.23146
A3 =  7.72788 # +-76824991.88149
A4 =  -7.33889 # +-489614348.77083
A5 =  144.60737 # +-21923493394.64427
A6 =  -163.95352 # +-21950835868.21735
A7 =  38.52011 # +-449935553.06011
Fitting sea down quark PDF...#chisq/dof = 1.05894e-07
#status = exceeded max number of iterations
LHAPDF 6.4.0 loading /home/yehudi/LHAPDF6/share/LHAPDF/CT18NLO/CT18NLO_0000.dat
CT18NLO PDF set, member #0, version 1; LHAPDF ID = 14400
PDF chosen : 0
4.6166
 done.
Fit result:
A0 =  0.29590 # +-12031.61912
A1 =  -1.29028 # +-2446.84190
A2 =  9.16829 # +-30723766.05145
A3 =  -6.19857 # +-3830332.23414
A4 =  29.55622 # +-146394518.92745
A5 =  -70.52071 # +-3252979830.53045
A6 =  80.92226 # +-11683118239.51863
A7 =  -33.69093 # +-6817235353.71099
Fitting strange quark PDF...#chisq/dof = 5.70321e-10
#status = success
LHAPDF 6.4.0 loading /home/yehudi/LHAPDF6/share/LHAPDF/CT18NLO/CT18NLO_0000.dat
CT18NLO PDF set, member #0, version 1; LHAPDF ID = 14400
PDF chosen : 0
12.1435
 done.
Fit result:
A0 =  0.08859 # +-531.03183
A1 =  -1.45812 # +-1206.22220
A2 =  8.56665 # +-14297733.07207
A3 =  -3.02247 # +-2001590.77638
A4 =  6.43606 # +-35301565.10947
A5 =  -5.06155 # +-431205754.18760
A6 =  -1.87067 # +-980360797.59894
A7 =  4.16873 # +-456720563.20589
Fitting bottom quark PDF...#chisq/dof = 2.2652e-10
#status = success
LHAPDF 6.4.0 loading /home/yehudi/LHAPDF6/share/LHAPDF/CT18NLO/CT18NLO_0000.dat
CT18NLO PDF set, member #0, version 1; LHAPDF ID = 14400
PDF chosen : 0
9.90358
 done.
Fit result:
A0 =  0.06469 # +-542.22978
A1 =  -1.46792 # +-2362.14402
A2 =  6.06212 # +-130652063.19859
A3 =  -5.26112 # +-3558263.90273
A4 =  13.22392 # +-25911534.12964
A5 =  -17.60802 # +-83313529.58815
A6 =  11.73405 # +-122625705.35851
A7 =  -3.08046 # +-56285061.23358
Fitting sea up quark PDF...#chisq/dof = 7.44362e-11
#status = success
LHAPDF 6.4.0 loading /home/yehudi/LHAPDF6/share/LHAPDF/CT18NLO/CT18NLO_0000.dat
CT18NLO PDF set, member #0, version 1; LHAPDF ID = 14400
PDF chosen : 0
75.4261
 done.
Fit result:
A0 =  0.01732 # +-5737.61024
A1 =  -1.65359 # +-234753.31642
A2 =  8.52542 # +-415061601.93245
A3 =  12.27048 # +-2622661763.38622
A4 =  -40.88992 # +-19373351359.88572
A5 =  61.09548 # +-16643319802.58887
A6 =  -13.33704 # +-376355096785.86292
A7 =  -10.49950 # +-713920328361.03381
Fitting charm quark PDF...#chisq/dof = 1.17312e-09
#status = exceeded max number of iterations
LHAPDF 6.4.0 loading /home/yehudi/LHAPDF6/share/LHAPDF/CT18NLO/CT18NLO_0000.dat
CT18NLO PDF set, member #0, version 1; LHAPDF ID = 14400
PDF chosen : 0
9.33317
 done.
Fit result:
A0 =  0.09577 # +-584.76088
A1 =  -1.43551 # +-1166.61577
A2 =  8.69066 # +-19587438.37338
A3 =  -4.24931 # +-1720582.88829
A4 =  8.62132 # +-34953088.17154
A5 =  -6.61155 # +-306772654.79521
A6 =  0.08800 # +-681826949.17564
A7 =  2.67543 # +-423039225.19119
#chisq/dof = 1.28839e-10
#status = success
Resummed done 
Born done 
Expanded done 
Resummed done 
Born done 
Expanded done 
Performing PDF fit with 5 flavors, Q^2 = mu_F^2 = 2.87382e+06
 and weights: valence: x^-1.6, sea: x^-1.6, gluon: x^-1.6 and xmin = 0.0121088 
 Fit function: f = A0 * x^A1 * (1 - x)^A2 * ( 1 + A3 * x^(1/2) + A4 * x + A5 * x^(3/2) + A6 * x^2 + A7 * x^(5/2) )
Fitting gluon PDF...LHAPDF 6.4.0 loading /home/yehudi/LHAPDF6/share/LHAPDF/CT18NLO/CT18NLO_0000.dat
CT18NLO PDF set, member #0, version 1; LHAPDF ID = 14400
PDF chosen : 0
15.8751
 done.
Fit result:
A0 =  1.10964 # +-88.56145
A1 =  -1.54585 # +-1.34327
A2 =  4.38987 # +-56271.87291
A3 =  -4.30437 # +-1838.54492
A4 =  8.99127 # +-12253.20449
A5 =  -9.71565 # +-64710.87266
A6 =  4.41770 # +-103110.10086
A7 =  -0.33448 # +-30312.90029
Fitting valence down quark PDF...#chisq/dof = 6.88362e-08
#status = success
LHAPDF 6.4.0 loading /home/yehudi/LHAPDF6/share/LHAPDF/CT18NLO/CT18NLO_0000.dat
CT18NLO PDF set, member #0, version 1; LHAPDF ID = 14400
PDF chosen : 0
10.1077
 done.
Fit result:
A0 =  0.17523 # +-3899.49571
A1 =  -1.37427 # +-2161.37997
A2 =  5.37546 # +-37106809.60568
A3 =  -3.96283 # +-4087671.50574
A4 =  29.99948 # +-67281315.05428
A5 =  -60.60882 # +-3416853244.74510
A6 =  67.59903 # +-4071893017.78994
A7 =  -30.84092 # +-5062321346.77169
Fitting valence up quark PDF...#chisq/dof = 1.52305e-08
#status = success
LHAPDF 6.4.0 loading /home/yehudi/LHAPDF6/share/LHAPDF/CT18NLO/CT18NLO_0000.dat
CT18NLO PDF set, member #0, version 1; LHAPDF ID = 14400
PDF chosen : 0
46.3323
 done.
Fit result:
A0 =  0.04365 # +-1765.57017
A1 =  -1.53072 # +-12664.29747
A2 =  4.16355 # +-103468.46824
A3 =  7.62402 # +-80251766.84826
A4 =  -6.07619 # +-516066635.66416
A5 =  147.90422 # +-24960809593.03183
A6 =  -173.53164 # +-27166873126.74879
A7 =  43.76552 # +-777432205.51174
Fitting sea down quark PDF...#chisq/dof = 8.70829e-08
#status = exceeded max number of iterations
LHAPDF 6.4.0 loading /home/yehudi/LHAPDF6/share/LHAPDF/CT18NLO/CT18NLO_0000.dat
CT18NLO PDF set, member #0, version 1; LHAPDF ID = 14400
PDF chosen : 0
5.14757
 done.
Fit result:
A0 =  0.27045 # +-11605.10538
A1 =  -1.31317 # +-2806.64161
A2 =  9.21924 # +-38213903.08130
A3 =  -6.12048 # +-4527538.56528
A4 =  29.19960 # +-168955589.98937
A5 =  -69.93111 # +-3821028053.77017
A6 =  80.66185 # +-13816428462.88356
A7 =  -33.79563 # +-8146055249.29459
Fitting strange quark PDF...#chisq/dof = 5.67204e-10
#status = success
LHAPDF 6.4.0 loading /home/yehudi/LHAPDF6/share/LHAPDF/CT18NLO/CT18NLO_0000.dat
CT18NLO PDF set, member #0, version 1; LHAPDF ID = 14400
PDF chosen : 0
12.5635
 done.
Fit result:
A0 =  0.08796 # +-511.88722
A1 =  -1.46958 # +-1179.75546
A2 =  8.51843 # +-18615296.05423
A3 =  -3.19324 # +-1952001.43039
A4 =  7.12986 # +-30909957.01804
A5 =  -6.92704 # +-385638620.64238
A6 =  0.58927 # +-870386096.44844
A7 =  2.77063 # +-399937385.87959
Fitting bottom quark PDF...#chisq/dof = 2.39353e-10
#status = success
LHAPDF 6.4.0 loading /home/yehudi/LHAPDF6/share/LHAPDF/CT18NLO/CT18NLO_0000.dat
CT18NLO PDF set, member #0, version 1; LHAPDF ID = 14400
PDF chosen : 0
10.2778
 done.
Fit result:
A0 =  0.06618 # +-496.68764
A1 =  -1.47912 # +-2072.55720
A2 =  5.78362 # +-102332569.89643
A3 =  -5.39454 # +-3086053.35748
A4 =  13.86057 # +-28147024.38508
A5 =  -19.09700 # +-96602459.28329
A6 =  13.32350 # +-100460520.56548
A7 =  -3.69433 # +-27473842.23821
Fitting sea up quark PDF...#chisq/dof = 8.67585e-11
#status = success
LHAPDF 6.4.0 loading /home/yehudi/LHAPDF6/share/LHAPDF/CT18NLO/CT18NLO_0000.dat
CT18NLO PDF set, member #0, version 1; LHAPDF ID = 14400
PDF chosen : 0
74.2315
 done.
Fit result:
A0 =  0.01795 # +-5618.61357
A1 =  -1.66049 # +-216142.78925
A2 =  8.54933 # +-318011957.79526
A3 =  11.42016 # +-2286338524.15982
A4 =  -40.93031 # +-21106532614.78395
A5 =  67.98782 # +-9596976882.26916
A6 =  -30.27067 # +-147997924244.88766
A7 =  -0.49027 # +-363720334309.60168
Fitting charm quark PDF...#chisq/dof = 1.01849e-09
#status = exceeded max number of iterations
LHAPDF 6.4.0 loading /home/yehudi/LHAPDF6/share/LHAPDF/CT18NLO/CT18NLO_0000.dat
CT18NLO PDF set, member #0, version 1; LHAPDF ID = 14400
PDF chosen : 0
9.8387
 done.
Fit result:
A0 =  0.09416 # +-563.45529
A1 =  -1.44952 # +-1160.97284
A2 =  8.68297 # +-24123018.45175
A3 =  -4.34541 # +-1723470.11311
A4 =  9.14594 # +-31635786.53952
A5 =  -7.91009 # +-270371567.53641
A6 =  1.56252 # +-582597117.52026
A7 =  1.88209 # +-363859831.54247
#chisq/dof = 1.39839e-10
#status = success
Resummed done 
Born done 
Expanded done 
Resummed done 
Born done 
Expanded done 
Resummed done 
Born done 
Expanded done 
Performing PDF fit with 5 flavors, Q^2 = mu_F^2 = 1.14953e+07
 and weights: valence: x^-1.6, sea: x^-1.6, gluon: x^-1.6 and xmin = 0.0121088 
 Fit function: f = A0 * x^A1 * (1 - x)^A2 * ( 1 + A3 * x^(1/2) + A4 * x + A5 * x^(3/2) + A6 * x^2 + A7 * x^(5/2) )
Fitting gluon PDF...LHAPDF 6.4.0 loading /home/yehudi/LHAPDF6/share/LHAPDF/CT18NLO/CT18NLO_0000.dat
CT18NLO PDF set, member #0, version 1; LHAPDF ID = 14400
PDF chosen : 0
16.5196
 done.
Fit result:
A0 =  1.06452 # +-88.76076
A1 =  -1.55971 # +-1.45991
A2 =  4.10842 # +-55646.12086
A3 =  -4.53851 # +-2013.33406
A4 =  10.11283 # +-15510.70116
A5 =  -12.32838 # +-74390.69702
A6 =  7.27754 # +-106534.91862
A7 =  -1.48332 # +-22395.52020
Fitting valence down quark PDF...#chisq/dof = 7.36883e-08
#status = success
LHAPDF 6.4.0 loading /home/yehudi/LHAPDF6/share/LHAPDF/CT18NLO/CT18NLO_0000.dat
CT18NLO PDF set, member #0, version 1; LHAPDF ID = 14400
PDF chosen : 0
11.0509
 done.
Fit result:
A0 =  0.16274 # +-3696.35532
A1 =  -1.39357 # +-2373.32786
A2 =  5.42638 # +-40742541.87733
A3 =  -3.94763 # +-4500084.98192
A4 =  30.23755 # +-73485555.75580
A5 =  -61.06519 # +-3793643260.97099
A6 =  67.83027 # +-4416266804.88412
A7 =  -30.87564 # +-5440530468.10252
Fitting valence up quark PDF...#chisq/dof = 1.33507e-08
#status = success
LHAPDF 6.4.0 loading /home/yehudi/LHAPDF6/share/LHAPDF/CT18NLO/CT18NLO_0000.dat
CT18NLO PDF set, member #0, version 1; LHAPDF ID = 14400
PDF chosen : 0
50.8163
 done.
Fit result:
A0 =  0.04045 # +-1584.47499
A1 =  -1.55127 # +-13255.85968
A2 =  4.20435 # +-118436.51500
A3 =  7.50439 # +-83067794.81299
A4 =  -4.83973 # +-540070619.27809
A5 =  150.66243 # +-27976667588.19516
A6 =  -182.61065 # +-32887840688.05188
A7 =  48.97186 # +-1222318888.01261
Fitting sea down quark PDF...#chisq/dof = 7.20097e-08
#status = exceeded max number of iterations
LHAPDF 6.4.0 loading /home/yehudi/LHAPDF6/share/LHAPDF/CT18NLO/CT18NLO_0000.dat
CT18NLO PDF set, member #0, version 1; LHAPDF ID = 14400
PDF chosen : 0
5.66429
 done.
Fit result:
A0 =  0.24968 # +-11417.44961
A1 =  -1.33347 # +-3217.77113
A2 =  9.27031 # +-47922745.61989
A3 =  -6.05815 # +-5354693.04166
A4 =  28.92516 # +-195442431.17835
A5 =  -69.55428 # +-4507109527.19207
A6 =  80.67866 # +-16418556670.97715
A7 =  -34.04632 # +-9784979882.79726
Fitting strange quark PDF...#chisq/dof = 5.73832e-10
#status = success
LHAPDF 6.4.0 loading /home/yehudi/LHAPDF6/share/LHAPDF/CT18NLO/CT18NLO_0000.dat
CT18NLO PDF set, member #0, version 1; LHAPDF ID = 14400
PDF chosen : 0
12.9826
 done.
Fit result:
A0 =  0.08706 # +-502.02756
A1 =  -1.48026 # +-1180.26153
A2 =  8.46755 # +-23971093.46458
A3 =  -3.34032 # +-1958109.07732
A4 =  7.72954 # +-27563368.23720
A5 =  -8.53924 # +-351079314.90130
A6 =  2.70133 # +-787111654.31286
A7 =  1.58959 # +-355243585.87670
Fitting bottom quark PDF...#chisq/dof = 2.53456e-10
#status = success
LHAPDF 6.4.0 loading /home/yehudi/LHAPDF6/share/LHAPDF/CT18NLO/CT18NLO_0000.dat
CT18NLO PDF set, member #0, version 1; LHAPDF ID = 14400
PDF chosen : 0
10.6478
 done.
Fit result:
A0 =  0.06711 # +-467.88528
A1 =  -1.48958 # +-1901.18000
A2 =  5.52010 # +-86968539.37136
A3 =  -5.51157 # +-2810658.71478
A4 =  14.42028 # +-29868421.02140
A5 =  -20.41804 # +-110728499.39645
A6 =  14.77802 # +-113793969.79009
A7 =  -4.27880 # +-20938578.17718
Fitting sea up quark PDF...#chisq/dof = 1.00286e-10
#status = success
LHAPDF 6.4.0 loading /home/yehudi/LHAPDF6/share/LHAPDF/CT18NLO/CT18NLO_0000.dat
CT18NLO PDF set, member #0, version 1; LHAPDF ID = 14400
PDF chosen : 0
73.4523
 done.
Fit result:
A0 =  0.01844 # +-5100.89571
A1 =  -1.66722 # +-187656.98098
A2 =  8.56660 # +-262564223.74741
A3 =  10.69122 # +-1887133938.52733
A4 =  -40.67551 # +-20711148973.14296
A5 =  72.73396 # +-14628654121.79275
A6 =  -42.91165 # +-54514877603.46719
A7 =  7.11643 # +-195183801859.78748
Fitting charm quark PDF...#chisq/dof = 9.07649e-10
#status = exceeded max number of iterations
LHAPDF 6.4.0 loading /home/yehudi/LHAPDF6/share/LHAPDF/CT18NLO/CT18NLO_0000.dat
CT18NLO PDF set, member #0, version 1; LHAPDF ID = 14400
PDF chosen : 0
10.2228
 done.
Fit result:
A0 =  0.09337 # +-558.23327
A1 =  -1.46095 # +-1166.19616
A2 =  8.52308 # +-37510646.42210
A3 =  -4.48128 # +-1755803.95257
A4 =  9.83231 # +-23978558.76253
A5 =  -9.68497 # +-184371967.02784
A6 =  3.72879 # +-356948716.12086
A7 =  0.55663 # +-218442708.73714
#chisq/dof = 1.52841e-10
#status = success
Resummed done 
Born done 
Expanded done 
Resummed done 
Born done 
Expanded done 
 Step n ° 5 over 5
 Duration : 2094.93
Thanks for using LHAPDF 6.4.0. Please make sure to cite the paper:
  Eur.Phys.J. C75 (2015) 3, 132  (http://arxiv.org/abs/1412.7420)
