 ** INFO: Initializing the collision setup.
LHAPDF 6.4.0 loading /home/yehudi/LHAPDF6/share/LHAPDF/CT18NLO/CT18NLO_0000.dat
CT18NLO PDF set, member #0, version 1; LHAPDF ID = 14400
Performing PDF fit with 5 flavors, Q^2 = mu_F^2 = 1.84857e+06
 and weights: valence: x^-1.6, sea: x^-1.6, gluon: x^-1.6 and xmin = 0.0194232 
 Fit function: f = A0 * x^A1 * (1 - x)^A2 * ( 1 + A3 * x^(1/2) + A4 * x + A5 * x^(3/2) + A6 * x^2 + A7 * x^(5/2) )
Fitting gluon PDF...LHAPDF 6.4.0 loading /home/yehudi/LHAPDF6/share/LHAPDF/CT18NLO/CT18NLO_0000.dat
CT18NLO PDF set, member #0, version 1; LHAPDF ID = 14400
PDF chosen : 0
11.4722
 done.
Fit result:
A0 =  0.92613 # +-1446.69928
A1 =  -1.56871 # +-33.78292
A2 =  7.15905 # +-73421.75673
A3 =  -3.33549 # +-36382.73841
A4 =  5.61564 # +-848533.95956
A5 =  -1.65176 # +-6725612.91795
A6 =  -4.38970 # +-12366907.71565
A7 =  4.29361 # +-4965065.00559
Fitting valence down quark PDF...#chisq/dof = 5.4148e-08
#status = success
LHAPDF 6.4.0 loading /home/yehudi/LHAPDF6/share/LHAPDF/CT18NLO/CT18NLO_0000.dat
CT18NLO PDF set, member #0, version 1; LHAPDF ID = 14400
PDF chosen : 0
15.9008
 done.
Fit result:
A0 =  0.08466 # +-503.55859
A1 =  -1.48653 # +-1225.75225
A2 =  5.09906 # +-43688437.73555
A3 =  -2.06250 # +-2447257.77945
A4 =  29.56758 # +-7798639.15824
A5 =  -47.93115 # +-2229506343.14127
A6 =  49.47443 # +-99896620.96919
A7 =  -25.40822 # +-1446784837.92155
Fitting valence up quark PDF...#chisq/dof = 8.80611e-09
#status = success
LHAPDF 6.4.0 loading /home/yehudi/LHAPDF6/share/LHAPDF/CT18NLO/CT18NLO_0000.dat
CT18NLO PDF set, member #0, version 1; LHAPDF ID = 14400
PDF chosen : 0
18.7069
 done.
Fit result:
A0 =  0.08705 # +-17550.32327
A1 =  -1.42822 # +-35785.12419
A2 =  3.88208 # +-165859.86381
A3 =  4.08971 # +-131321112.38765
A4 =  -4.39019 # +-1468034641.92645
A5 =  98.55883 # +-41339550131.22353
A6 =  -151.07556 # +-73111102223.51039
A7 =  58.52576 # +-9561452415.88388
Fitting sea down quark PDF...#chisq/dof = 1.69441e-08
#status = success
LHAPDF 6.4.0 loading /home/yehudi/LHAPDF6/share/LHAPDF/CT18NLO/CT18NLO_0000.dat
CT18NLO PDF set, member #0, version 1; LHAPDF ID = 14400
PDF chosen : 0
3.60338
 done.
Fit result:
A0 =  0.26127 # +-154263.14562
A1 =  -1.31651 # +-43173.72495
A2 =  9.12443 # +-325443420.43098
A3 =  -6.01096 # +-52050969.61979
A4 =  28.78760 # +-1815634624.43830
A5 =  -68.92667 # +-38429097717.52682
A6 =  79.15726 # +-135474694047.17470
A7 =  -32.90878 # +-77707233254.88506
Fitting strange quark PDF...#chisq/dof = 5.60951e-10
#status = success
LHAPDF 6.4.0 loading /home/yehudi/LHAPDF6/share/LHAPDF/CT18NLO/CT18NLO_0000.dat
CT18NLO PDF set, member #0, version 1; LHAPDF ID = 14400
PDF chosen : 0
11.4713
 done.
Fit result:
A0 =  0.06097 # +-7912.70391
A1 =  -1.51679 # +-38797.41443
A2 =  9.59332 # +-6015030.56672
A3 =  -1.25450 # +-65103300.87409
A4 =  -2.56605 # +-1714676353.23276
A5 =  22.24268 # +-15389074730.91030
A6 =  -41.36389 # +-32613336572.97223
A7 =  28.91331 # +-13145897165.65644
Fitting bottom quark PDF...#chisq/dof = 2.27261e-10
#status = success
LHAPDF 6.4.0 loading /home/yehudi/LHAPDF6/share/LHAPDF/CT18NLO/CT18NLO_0000.dat
CT18NLO PDF set, member #0, version 1; LHAPDF ID = 14400
PDF chosen : 0
7.34694
 done.
Fit result:
A0 =  0.05414 # +-4424.00824
A1 =  -1.50316 # +-30551.75855
A2 =  8.97552 # +-93984665.05224
A3 =  -4.45666 # +-30893097.29248
A4 =  10.03385 # +-885832912.62146
A5 =  -9.71374 # +-7654175495.14296
A6 =  2.37529 # +-15662979235.98653
A7 =  2.46383 # +-6790651837.44276
Fitting sea up quark PDF...#chisq/dof = 7.70872e-11
#status = success
LHAPDF 6.4.0 loading /home/yehudi/LHAPDF6/share/LHAPDF/CT18NLO/CT18NLO_0000.dat
CT18NLO PDF set, member #0, version 1; LHAPDF ID = 14400
PDF chosen : 0
34.6862
 done.
Fit result:
A0 =  0.02551 # +-190323.27031
A1 =  -1.61245 # +-3928777.99886
A2 =  8.27584 # +-301250726.66864
A3 =  8.61899 # +-29064132494.70901
A4 =  -36.92950 # +-314773297538.48224
A5 =  72.52830 # +-706352018089.05383
A6 =  -55.44889 # +-134401581693.68140
A7 =  15.81004 # +-48724571748.34378
Fitting charm quark PDF...#chisq/dof = 8.37061e-10
#status = exceeded max number of iterations
LHAPDF 6.4.0 loading /home/yehudi/LHAPDF6/share/LHAPDF/CT18NLO/CT18NLO_0000.dat
CT18NLO PDF set, member #0, version 1; LHAPDF ID = 14400
PDF chosen : 0
6.85125
 done.
Fit result:
A0 =  0.08196 # +-6172.68843
A1 =  -1.46563 # +-18205.37742
A2 =  9.38041 # +-13003398.14273
A3 =  -3.65108 # +-20569529.43955
A4 =  5.27595 # +-695685800.61563
A5 =  3.26943 # +-6084436074.41643
A6 =  -14.24403 # +-12855225321.57784
A7 =  12.13187 # +-5545410896.75032
#chisq/dof = 1.39581e-10
#status = success
Resummed done 
Born done 
Expanded done 
Resummed done 
Born done 
Expanded done 
Performing PDF fit with 5 flavors, Q^2 = mu_F^2 = 7.3943e+06
 and weights: valence: x^-1.6, sea: x^-1.6, gluon: x^-1.6 and xmin = 0.0194232 
 Fit function: f = A0 * x^A1 * (1 - x)^A2 * ( 1 + A3 * x^(1/2) + A4 * x + A5 * x^(3/2) + A6 * x^2 + A7 * x^(5/2) )
Fitting gluon PDF...LHAPDF 6.4.0 loading /home/yehudi/LHAPDF6/share/LHAPDF/CT18NLO/CT18NLO_0000.dat
CT18NLO PDF set, member #0, version 1; LHAPDF ID = 14400
PDF chosen : 0
11.9595
 done.
Fit result:
A0 =  0.87761 # +-1380.80624
A1 =  -1.58469 # +-36.00090
A2 =  7.20707 # +-96415.93037
A3 =  -3.52370 # +-38171.09323
A4 =  6.55607 # +-876860.48906
A5 =  -3.75117 # +-7069729.90301
A6 =  -2.29500 # +-13074999.88837
A7 =  3.40767 # +-5242580.99912
Fitting valence down quark PDF...#chisq/dof = 5.60602e-08
#status = success
LHAPDF 6.4.0 loading /home/yehudi/LHAPDF6/share/LHAPDF/CT18NLO/CT18NLO_0000.dat
CT18NLO PDF set, member #0, version 1; LHAPDF ID = 14400
PDF chosen : 0
17.0178
 done.
Fit result:
A0 =  0.07973 # +-621.68740
A1 =  -1.50369 # +-1691.03703
A2 =  5.14492 # +-57164543.82828
A3 =  -2.07294 # +-3389971.55537
A4 =  29.75004 # +-10591096.30271
A5 =  -48.07796 # +-2982864974.00128
A6 =  48.56449 # +-147415780.69342
A7 =  -24.63958 # +-1558210932.45167
Fitting valence up quark PDF...#chisq/dof = 7.60199e-09
#status = success
LHAPDF 6.4.0 loading /home/yehudi/LHAPDF6/share/LHAPDF/CT18NLO/CT18NLO_0000.dat
CT18NLO PDF set, member #0, version 1; LHAPDF ID = 14400
PDF chosen : 0
20.9644
 done.
Fit result:
A0 =  0.07844 # +-16098.66917
A1 =  -1.45335 # +-40396.23175
A2 =  3.92480 # +-189436.34104
A3 =  4.10354 # +-148204931.10688
A4 =  -3.24601 # +-1611673388.01435
A5 =  100.34583 # +-49363485830.89353
A6 =  -156.91041 # +-90076565422.40082
A7 =  61.61566 # +-12122172384.14892
Fitting sea down quark PDF...#chisq/dof = 1.43123e-08
#status = success
LHAPDF 6.4.0 loading /home/yehudi/LHAPDF6/share/LHAPDF/CT18NLO/CT18NLO_0000.dat
CT18NLO PDF set, member #0, version 1; LHAPDF ID = 14400
PDF chosen : 0
3.98294
 done.
Fit result:
A0 =  0.23817 # +-136764.62846
A1 =  -1.33905 # +-45800.85566
A2 =  9.16905 # +-362985593.95419
A3 =  -5.91465 # +-56634099.52411
A4 =  28.34764 # +-1929083893.01532
A5 =  -68.09058 # +-41321852270.32136
A6 =  78.49644 # +-146373027882.30777
A7 =  -32.75579 # +-84626170756.09912
Fitting strange quark PDF...#chisq/dof = 5.65828e-10
#status = success
LHAPDF 6.4.0 loading /home/yehudi/LHAPDF6/share/LHAPDF/CT18NLO/CT18NLO_0000.dat
CT18NLO PDF set, member #0, version 1; LHAPDF ID = 14400
PDF chosen : 0
11.3585
 done.
Fit result:
A0 =  0.06252 # +-7110.54385
A1 =  -1.52313 # +-33584.48380
A2 =  9.62582 # +-7340934.75768
A3 =  -1.61109 # +-52814147.24366
A4 =  -0.89651 # +-1411017943.85120
A5 =  17.59681 # +-12854741086.14977
A6 =  -34.98757 # +-27509263525.25005
A7 =  25.14317 # +-11219448982.27984
Fitting bottom quark PDF...#chisq/dof = 2.39461e-10
#status = success
LHAPDF 6.4.0 loading /home/yehudi/LHAPDF6/share/LHAPDF/CT18NLO/CT18NLO_0000.dat
CT18NLO PDF set, member #0, version 1; LHAPDF ID = 14400
PDF chosen : 0
7.55496
 done.
Fit result:
A0 =  0.05507 # +-4346.52949
A1 =  -1.51370 # +-29003.71981
A2 =  8.95066 # +-116746824.24759
A3 =  -4.57530 # +-29322866.74093
A4 =  10.69442 # +-799573744.03097
A5 =  -11.47052 # +-6841713399.18205
A6 =  4.56839 # +-13806812636.20195
A7 =  1.23610 # +-5984714479.70932
Fitting sea up quark PDF...#chisq/dof = 8.73102e-11
#status = success
LHAPDF 6.4.0 loading /home/yehudi/LHAPDF6/share/LHAPDF/CT18NLO/CT18NLO_0000.dat
CT18NLO PDF set, member #0, version 1; LHAPDF ID = 14400
PDF chosen : 0
35.6079
 done.
Fit result:
A0 =  0.02505 # +-165075.57498
A1 =  -1.62518 # +-3554435.58053
A2 =  8.30018 # +-272723469.41473
A3 =  8.29425 # +-25542142574.34473
A4 =  -36.77104 # +-297055678271.75592
A5 =  74.61018 # +-754110343024.05774
A6 =  -61.06975 # +-231545508136.30798
A7 =  19.22450 # +-21031386191.54184
Fitting charm quark PDF...#chisq/dof = 7.67218e-10
#status = exceeded max number of iterations
LHAPDF 6.4.0 loading /home/yehudi/LHAPDF6/share/LHAPDF/CT18NLO/CT18NLO_0000.dat
CT18NLO PDF set, member #0, version 1; LHAPDF ID = 14400
PDF chosen : 0
7.14116
 done.
Fit result:
A0 =  0.08051 # +-5827.26107
A1 =  -1.47880 # +-17844.91062
A2 =  9.42736 # +-14904777.18725
A3 =  -3.74474 # +-19936313.48934
A4 =  5.81856 # +-670398323.89964
A5 =  1.88773 # +-5900638373.47647
A6 =  -12.58924 # +-12524502614.46667
A7 =  11.21569 # +-5440438463.61432
#chisq/dof = 1.48757e-10
#status = success
Resummed done 
Born done 
Expanded done 
Resummed done 
Born done 
Expanded done 
Resummed done 
Born done 
Expanded done 
Performing PDF fit with 5 flavors, Q^2 = mu_F^2 = 2.95772e+07
 and weights: valence: x^-1.6, sea: x^-1.6, gluon: x^-1.6 and xmin = 0.0194232 
 Fit function: f = A0 * x^A1 * (1 - x)^A2 * ( 1 + A3 * x^(1/2) + A4 * x + A5 * x^(3/2) + A6 * x^2 + A7 * x^(5/2) )
Fitting gluon PDF...LHAPDF 6.4.0 loading /home/yehudi/LHAPDF6/share/LHAPDF/CT18NLO/CT18NLO_0000.dat
CT18NLO PDF set, member #0, version 1; LHAPDF ID = 14400
PDF chosen : 0
12.3187
 done.
Fit result:
A0 =  0.84082 # +-1330.27227
A1 =  -1.59794 # +-37.87485
A2 =  7.20109 # +-137155.03898
A3 =  -3.72650 # +-39598.95273
A4 =  7.57611 # +-867932.54332
A5 =  -6.16759 # +-7061190.59728
A6 =  0.32735 # +-12989097.02532
A7 =  2.17336 # +-5188523.05053
Fitting valence down quark PDF...#chisq/dof = 5.79842e-08
#status = success
LHAPDF 6.4.0 loading /home/yehudi/LHAPDF6/share/LHAPDF/CT18NLO/CT18NLO_0000.dat
CT18NLO PDF set, member #0, version 1; LHAPDF ID = 14400
PDF chosen : 0
18.1393
 done.
Fit result:
A0 =  0.07527 # +-760.82844
A1 =  -1.51962 # +-2311.08603
A2 =  5.18703 # +-73941992.24941
A3 =  -2.08041 # +-4616281.26332
A4 =  29.96112 # +-14217781.87297
A5 =  -48.31820 # +-3951938101.51690
A6 =  47.83451 # +-210067202.05674
A7 =  -23.97778 # +-1658359899.88245
Fitting valence up quark PDF...#chisq/dof = 6.58722e-09
#status = success
LHAPDF 6.4.0 loading /home/yehudi/LHAPDF6/share/LHAPDF/CT18NLO/CT18NLO_0000.dat
CT18NLO PDF set, member #0, version 1; LHAPDF ID = 14400
PDF chosen : 0
23.2827
 done.
Fit result:
A0 =  0.07120 # +-14886.58167
A1 =  -1.47637 # +-45311.84026
A2 =  3.96490 # +-211940.42159
A3 =  4.11552 # +-166160712.70945
A4 =  -2.14083 # +-1759262310.77556
A5 =  102.12530 # +-58411831271.44395
A6 =  -162.73251 # +-109677137649.87093
A7 =  64.74433 # +-15156234276.65083
Fitting sea down quark PDF...#chisq/dof = 1.21518e-08
#status = success
LHAPDF 6.4.0 loading /home/yehudi/LHAPDF6/share/LHAPDF/CT18NLO/CT18NLO_0000.dat
CT18NLO PDF set, member #0, version 1; LHAPDF ID = 14400
PDF chosen : 0
4.3547
 done.
Fit result:
A0 =  0.21907 # +-120843.09349
A1 =  -1.35926 # +-47573.43008
A2 =  9.21517 # +-396709608.67401
A3 =  -5.83085 # +-60279365.28100
A4 =  27.96764 # +-2010534189.63128
A5 =  -67.39062 # +-43597428617.73421
A6 =  77.98776 # +-155227499403.44379
A7 =  -32.66772 # +-90471299575.45346
Fitting strange quark PDF...#chisq/dof = 5.74288e-10
#status = success
LHAPDF 6.4.0 loading /home/yehudi/LHAPDF6/share/LHAPDF/CT18NLO/CT18NLO_0000.dat
CT18NLO PDF set, member #0, version 1; LHAPDF ID = 14400
PDF chosen : 0
11.5901
 done.
Fit result:
A0 =  0.06202 # +-6642.12370
A1 =  -1.53294 # +-32052.03125
A2 =  9.67605 # +-8394436.37922
A3 =  -1.78284 # +-49021455.72692
A4 =  -0.13253 # +-1321330760.71079
A5 =  15.52260 # +-12146543474.63928
A6 =  -32.20413 # +-26166725028.57443
A7 =  23.53128 # +-10754924861.87827
Fitting bottom quark PDF...#chisq/dof = 2.48997e-10
#status = success
LHAPDF 6.4.0 loading /home/yehudi/LHAPDF6/share/LHAPDF/CT18NLO/CT18NLO_0000.dat
CT18NLO PDF set, member #0, version 1; LHAPDF ID = 14400
PDF chosen : 0
7.87284
 done.
Fit result:
A0 =  0.05483 # +-4236.36343
A1 =  -1.52568 # +-28481.92779
A2 =  8.98353 # +-126838386.11946
A3 =  -4.62070 # +-28920272.23604
A4 =  10.94725 # +-774756275.77153
A5 =  -12.09908 # +-6622265669.54889
A6 =  5.25835 # +-13310615906.83478
A7 =  0.89311 # +-5750076738.10135
Fitting sea up quark PDF...#chisq/dof = 9.7152e-11
#status = success
LHAPDF 6.4.0 loading /home/yehudi/LHAPDF6/share/LHAPDF/CT18NLO/CT18NLO_0000.dat
CT18NLO PDF set, member #0, version 1; LHAPDF ID = 14400
PDF chosen : 0
36.4826
 done.
Fit result:
A0 =  0.02460 # +-142893.43672
A1 =  -1.63678 # +-3208359.24244
A2 =  8.31821 # +-242025488.11755
A3 =  8.00855 # +-22457494634.66885
A4 =  -36.62694 # +-277353727266.30322
A5 =  76.41788 # +-777132164128.53821
A6 =  -66.04048 # +-324306009218.37354
A7 =  22.28277 # +-13291916250.01146
Fitting charm quark PDF...#chisq/dof = 7.03928e-10
#status = exceeded max number of iterations
LHAPDF 6.4.0 loading /home/yehudi/LHAPDF6/share/LHAPDF/CT18NLO/CT18NLO_0000.dat
CT18NLO PDF set, member #0, version 1; LHAPDF ID = 14400
PDF chosen : 0
7.42078
 done.
Fit result:
A0 =  0.07899 # +-5526.58804
A1 =  -1.49094 # +-17613.27113
A2 =  9.46594 # +-17101243.27092
A3 =  -3.82888 # +-19488725.38858
A4 =  6.30913 # +-650315812.63826
A5 =  0.61584 # +-5751366756.23850
A6 =  -11.03504 # +-12246844046.29199
A7 =  10.33916 # +-5353312649.13635
#chisq/dof = 1.57661e-10
#status = success
Resummed done 
Born done 
Expanded done 
Resummed done 
Born done 
Expanded done 
 Step n ° 1 over 5
 Duration : 429.576
Performing PDF fit with 5 flavors, Q^2 = mu_F^2 = 1.97731e+06
 and weights: valence: x^-1.6, sea: x^-1.6, gluon: x^-1.6 and xmin = 0.0200881 
 Fit function: f = A0 * x^A1 * (1 - x)^A2 * ( 1 + A3 * x^(1/2) + A4 * x + A5 * x^(3/2) + A6 * x^2 + A7 * x^(5/2) )
Fitting gluon PDF...LHAPDF 6.4.0 loading /home/yehudi/LHAPDF6/share/LHAPDF/CT18NLO/CT18NLO_0000.dat
CT18NLO PDF set, member #0, version 1; LHAPDF ID = 14400
PDF chosen : 0
12.1432
 done.
Fit result:
A0 =  0.84203 # +-1899.34316
A1 =  -1.58283 # +-53.13942
A2 =  7.44233 # +-41820.53436
A3 =  -2.93125 # +-60518.83684
A4 =  3.56215 # +-1608396.25982
A5 =  3.97952 # +-12823312.33986
A6 =  -11.85906 # +-24155136.14855
A7 =  8.71849 # +-9358349.87735
Fitting valence down quark PDF...#chisq/dof = 5.26562e-08
#status = success
LHAPDF 6.4.0 loading /home/yehudi/LHAPDF6/share/LHAPDF/CT18NLO/CT18NLO_0000.dat
CT18NLO PDF set, member #0, version 1; LHAPDF ID = 14400
PDF chosen : 0
17.6751
 done.
Fit result:
A0 =  0.07478 # +-279.10401
A1 =  -1.50660 # +-913.72884
A2 =  5.07668 # +-41343176.87766
A3 =  -1.76175 # +-1694094.28343
A4 =  30.00137 # +-2884442.48350
A5 =  -46.21282 # +-1757089116.24041
A6 =  47.07232 # +-680028838.69581
A7 =  -25.07146 # +-925656486.26145
Fitting valence up quark PDF...#chisq/dof = 8.11992e-09
#status = success
LHAPDF 6.4.0 loading /home/yehudi/LHAPDF6/share/LHAPDF/CT18NLO/CT18NLO_0000.dat
CT18NLO PDF set, member #0, version 1; LHAPDF ID = 14400
PDF chosen : 0
18.0204
 done.
Fit result:
A0 =  0.08915 # +-20742.87114
A1 =  -1.42499 # +-40582.38079
A2 =  3.87513 # +-165356.41767
A3 =  3.96451 # +-144948852.49661
A4 =  -4.21458 # +-1635693075.08505
A5 =  96.76787 # +-45526255389.98266
A6 =  -149.78731 # +-81149935151.61472
A7 =  58.73214 # +-10845720166.55225
Fitting sea down quark PDF...#chisq/dof = 1.4814e-08
#status = success
LHAPDF 6.4.0 loading /home/yehudi/LHAPDF6/share/LHAPDF/CT18NLO/CT18NLO_0000.dat
CT18NLO PDF set, member #0, version 1; LHAPDF ID = 14400
PDF chosen : 0
3.59576
 done.
Fit result:
A0 =  0.25455 # +-189012.58324
A1 =  -1.32124 # +-56102.55442
A2 =  9.10459 # +-395089120.85737
A3 =  -5.96147 # +-65911924.43084
A4 =  28.60207 # +-2264915039.84934
A5 =  -68.51877 # +-47729433395.40157
A6 =  78.62766 # +-167861932575.65646
A7 =  -32.61956 # +-96000495372.79045
Fitting strange quark PDF...#chisq/dof = 5.44694e-10
#status = success
LHAPDF 6.4.0 loading /home/yehudi/LHAPDF6/share/LHAPDF/CT18NLO/CT18NLO_0000.dat
CT18NLO PDF set, member #0, version 1; LHAPDF ID = 14400
PDF chosen : 0
12.8103
 done.
Fit result:
A0 =  0.05283 # +-11428.89747
A1 =  -1.53678 # +-72663.80325
A2 =  9.69350 # +-4900901.05124
A3 =  -0.47712 # +-140562945.97054
A4 =  -6.49137 # +-3620237503.11252
A5 =  33.55803 # +-31468179101.75438
A6 =  -57.34413 # +-65399459410.76500
A7 =  38.62320 # +-25703631277.72514
Fitting bottom quark PDF...#chisq/dof = 2.25728e-10
#status = success
LHAPDF 6.4.0 loading /home/yehudi/LHAPDF6/share/LHAPDF/CT18NLO/CT18NLO_0000.dat
CT18NLO PDF set, member #0, version 1; LHAPDF ID = 14400
PDF chosen : 0
7.70892
 done.
Fit result:
A0 =  0.04973 # +-5390.71869
A1 =  -1.51617 # +-44011.13169
A2 =  9.30303 # +-54195640.77738
A3 =  -4.09559 # +-45430773.66766
A4 =  7.99309 # +-1479197313.34371
A5 =  -3.81716 # +-13124046025.54588
A6 =  -5.88584 # +-27671767843.85574
A7 =  7.57110 # +-11709513421.78436
Fitting sea up quark PDF...#chisq/dof = 7.59711e-11
#status = success
LHAPDF 6.4.0 loading /home/yehudi/LHAPDF6/share/LHAPDF/CT18NLO/CT18NLO_0000.dat
CT18NLO PDF set, member #0, version 1; LHAPDF ID = 14400
PDF chosen : 0
32.3362
 done.
Fit result:
A0 =  0.02656 # +-233100.88983
A1 =  -1.60771 # +-4478947.42280
A2 =  8.24203 # +-288067536.26316
A3 =  8.28576 # +-31811730390.41833
A4 =  -36.39355 # +-359587431127.67804
A5 =  72.86810 # +-879023249942.49561
A6 =  -58.05869 # +-235732062998.02448
A7 =  17.55632 # +-25978876322.29055
Fitting charm quark PDF...#chisq/dof = 8.09603e-10
#status = exceeded max number of iterations
LHAPDF 6.4.0 loading /home/yehudi/LHAPDF6/share/LHAPDF/CT18NLO/CT18NLO_0000.dat
CT18NLO PDF set, member #0, version 1; LHAPDF ID = 14400
PDF chosen : 0
7.08176
 done.
Fit result:
A0 =  0.07650 # +-7835.25979
A1 =  -1.47605 # +-26360.66347
A2 =  9.51070 # +-10655533.83593
A3 =  -3.34581 # +-31045175.87997
A4 =  3.49162 # +-1073442596.39537
A5 =  8.39725 # +-9313985951.34507
A6 =  -21.43262 # +-19488564218.01731
A7 =  16.56919 # +-8161485366.71557
#chisq/dof = 1.38968e-10
#status = success
Resummed done 
Born done 
Expanded done 
Resummed done 
Born done 
Expanded done 
Performing PDF fit with 5 flavors, Q^2 = mu_F^2 = 7.90925e+06
 and weights: valence: x^-1.6, sea: x^-1.6, gluon: x^-1.6 and xmin = 0.0200881 
 Fit function: f = A0 * x^A1 * (1 - x)^A2 * ( 1 + A3 * x^(1/2) + A4 * x + A5 * x^(3/2) + A6 * x^2 + A7 * x^(5/2) )
Fitting gluon PDF...LHAPDF 6.4.0 loading /home/yehudi/LHAPDF6/share/LHAPDF/CT18NLO/CT18NLO_0000.dat
CT18NLO PDF set, member #0, version 1; LHAPDF ID = 14400
PDF chosen : 0
12.7922
 done.
Fit result:
A0 =  0.78892 # +-1809.87097
A1 =  -1.60040 # +-57.80358
A2 =  7.55094 # +-49258.64330
A3 =  -3.07095 # +-64955.31031
A4 =  4.24559 # +-1754750.54949
A5 =  2.64370 # +-14303644.10118
A6 =  -10.83405 # +-27400861.72496
A7 =  8.47834 # +-10671296.81588
Fitting valence down quark PDF...#chisq/dof = 5.42073e-08
#status = success
LHAPDF 6.4.0 loading /home/yehudi/LHAPDF6/share/LHAPDF/CT18NLO/CT18NLO_0000.dat
CT18NLO PDF set, member #0, version 1; LHAPDF ID = 14400
PDF chosen : 0
18.856
 done.
Fit result:
A0 =  0.07061 # +-340.94170
A1 =  -1.52327 # +-1219.13565
A2 =  5.12143 # +-53885634.44077
A3 =  -1.77584 # +-2378194.75441
A4 =  30.15786 # +-3891089.49944
A5 =  -46.28051 # +-2345788196.64863
A6 =  45.89749 # +-949685862.41399
A7 =  -24.11601 # +-900699360.18181
Fitting valence up quark PDF...#chisq/dof = 7.00137e-09
#status = success
LHAPDF 6.4.0 loading /home/yehudi/LHAPDF6/share/LHAPDF/CT18NLO/CT18NLO_0000.dat
CT18NLO PDF set, member #0, version 1; LHAPDF ID = 14400
PDF chosen : 0
20.2078
 done.
Fit result:
A0 =  0.08024 # +-19078.78160
A1 =  -1.45025 # +-46041.28991
A2 =  3.91950 # +-187863.26461
A3 =  3.98580 # +-164524323.85407
A4 =  -3.08685 # +-1802407429.64218
A5 =  98.55880 # +-54598419466.02417
A6 =  -155.49646 # +-100183636251.44534
A7 =  61.73355 # +-13727094967.69666
Fitting sea down quark PDF...#chisq/dof = 1.26026e-08
#status = success
LHAPDF 6.4.0 loading /home/yehudi/LHAPDF6/share/LHAPDF/CT18NLO/CT18NLO_0000.dat
CT18NLO PDF set, member #0, version 1; LHAPDF ID = 14400
PDF chosen : 0
3.97631
 done.
Fit result:
A0 =  0.23177 # +-168556.15399
A1 =  -1.34393 # +-60011.58705
A2 =  9.14711 # +-443404769.74595
A3 =  -5.86110 # +-72309263.48597
A4 =  28.14729 # +-2424496119.41645
A5 =  -67.65218 # +-51697754242.65041
A6 =  77.92788 # +-182658725816.04016
A7 =  -32.44551 # +-105259579563.02480
Fitting strange quark PDF...#chisq/dof = 5.49584e-10
#status = success
LHAPDF 6.4.0 loading /home/yehudi/LHAPDF6/share/LHAPDF/CT18NLO/CT18NLO_0000.dat
CT18NLO PDF set, member #0, version 1; LHAPDF ID = 14400
PDF chosen : 0
12.7567
 done.
Fit result:
A0 =  0.05382 # +-10192.68049
A1 =  -1.54409 # +-63216.41271
A2 =  9.75149 # +-5781588.25925
A3 =  -0.82021 # +-114904640.55224
A4 =  -4.92556 # +-3017526347.62812
A5 =  29.26834 # +-26579951894.56517
A6 =  -51.53105 # +-55817366346.36385
A7 =  35.23082 # +-22193209387.87812
Fitting bottom quark PDF...#chisq/dof = 2.369e-10
#status = success
LHAPDF 6.4.0 loading /home/yehudi/LHAPDF6/share/LHAPDF/CT18NLO/CT18NLO_0000.dat
CT18NLO PDF set, member #0, version 1; LHAPDF ID = 14400
PDF chosen : 0
7.98942
 done.
Fit result:
A0 =  0.05015 # +-5197.24210
A1 =  -1.52791 # +-41775.57261
A2 =  9.35332 # +-58912088.06083
A3 =  -4.17867 # +-42854879.93236
A4 =  8.46909 # +-1384937940.50527
A5 =  -5.03403 # +-12354016116.05048
A6 =  -4.44853 # +-26134725775.35910
A7 =  6.81979 # +-11106069148.38319
Fitting sea up quark PDF...#chisq/dof = 8.56034e-11
#status = success
LHAPDF 6.4.0 loading /home/yehudi/LHAPDF6/share/LHAPDF/CT18NLO/CT18NLO_0000.dat
CT18NLO PDF set, member #0, version 1; LHAPDF ID = 14400
PDF chosen : 0
33.3307
 done.
Fit result:
A0 =  0.02596 # +-205628.96715
A1 =  -1.62102 # +-4158197.06938
A2 =  8.26528 # +-269677006.11666
A3 =  8.00159 # +-28800044435.04703
A4 =  -36.26253 # +-346920763104.76349
A5 =  74.73364 # +-939111474492.67932
A6 =  -63.06945 # +-353937075204.31354
A7 =  20.58984 # +-13825517564.10332
Fitting charm quark PDF...#chisq/dof = 7.48163e-10
#status = exceeded max number of iterations
LHAPDF 6.4.0 loading /home/yehudi/LHAPDF6/share/LHAPDF/CT18NLO/CT18NLO_0000.dat
CT18NLO PDF set, member #0, version 1; LHAPDF ID = 14400
PDF chosen : 0
7.42759
 done.
Fit result:
A0 =  0.07462 # +-7429.98347
A1 =  -1.49018 # +-26297.27030
A2 =  9.57953 # +-11752722.97884
A3 =  -3.40903 # +-30773056.44690
A4 =  3.85582 # +-1064980174.00402
A5 =  7.54424 # +-9312824742.85396
A6 =  -20.53631 # +-19610743841.03240
A7 =  16.12980 # +-8259167116.40459
#chisq/dof = 1.4762e-10
#status = success
Resummed done 
Born done 
Expanded done 
Resummed done 
Born done 
Expanded done 
Resummed done 
Born done 
Expanded done 
Performing PDF fit with 5 flavors, Q^2 = mu_F^2 = 3.1637e+07
 and weights: valence: x^-1.6, sea: x^-1.6, gluon: x^-1.6 and xmin = 0.0200881 
 Fit function: f = A0 * x^A1 * (1 - x)^A2 * ( 1 + A3 * x^(1/2) + A4 * x + A5 * x^(3/2) + A6 * x^2 + A7 * x^(5/2) )
Fitting gluon PDF...LHAPDF 6.4.0 loading /home/yehudi/LHAPDF6/share/LHAPDF/CT18NLO/CT18NLO_0000.dat
CT18NLO PDF set, member #0, version 1; LHAPDF ID = 14400
PDF chosen : 0
13.2955
 done.
Fit result:
A0 =  0.74851 # +-1718.48157
A1 =  -1.61505 # +-61.17713
A2 =  7.62495 # +-60229.64481
A3 =  -3.23419 # +-67428.51610
A4 =  5.06830 # +-1833978.84869
A5 =  0.82335 # +-15234751.92058
A6 =  -9.04584 # +-29572501.76668
A7 =  7.74960 # +-11586053.04439
Fitting valence down quark PDF...#chisq/dof = 5.57455e-08
#status = success
LHAPDF 6.4.0 loading /home/yehudi/LHAPDF6/share/LHAPDF/CT18NLO/CT18NLO_0000.dat
CT18NLO PDF set, member #0, version 1; LHAPDF ID = 14400
PDF chosen : 0
20.0649
 done.
Fit result:
A0 =  0.06673 # +-414.35665
A1 =  -1.53897 # +-1630.51263
A2 =  5.16211 # +-69441675.40708
A3 =  -1.78358 # +-3266130.19863
A4 =  30.35309 # +-5168141.14486
A5 =  -46.43423 # +-3096011605.88237
A6 =  44.89820 # +-1313282934.47320
A7 =  -23.27793 # +-845448239.66550
Fitting valence up quark PDF...#chisq/dof = 6.04502e-09
#status = success
LHAPDF 6.4.0 loading /home/yehudi/LHAPDF6/share/LHAPDF/CT18NLO/CT18NLO_0000.dat
CT18NLO PDF set, member #0, version 1; LHAPDF ID = 14400
PDF chosen : 0
22.4674
 done.
Fit result:
A0 =  0.07271 # +-17682.25562
A1 =  -1.47349 # +-51920.08125
A2 =  3.96195 # +-208993.81669
A3 =  4.00701 # +-185626470.51371
A4 =  -1.99723 # +-1975082146.34950
A5 =  100.37554 # +-64929750464.82169
A6 =  -161.19480 # +-122267418698.73837
A7 =  64.75489 # +-17131525154.56283
Fitting sea down quark PDF...#chisq/dof = 1.07931e-08
#status = success
LHAPDF 6.4.0 loading /home/yehudi/LHAPDF6/share/LHAPDF/CT18NLO/CT18NLO_0000.dat
CT18NLO PDF set, member #0, version 1; LHAPDF ID = 14400
PDF chosen : 0
4.35287
 done.
Fit result:
A0 =  0.21277 # +-149916.40320
A1 =  -1.36441 # +-62987.87914
A2 =  9.19005 # +-488605695.13637
A3 =  -5.77166 # +-77772996.55606
A4 =  27.74626 # +-2550567921.35528
A5 =  -66.90853 # +-55052877545.48769
A6 =  77.36390 # +-195469764132.93768
A7 =  -32.32848 # +-113504244821.87569
Fitting strange quark PDF...#chisq/dof = 5.56388e-10
#status = success
LHAPDF 6.4.0 loading /home/yehudi/LHAPDF6/share/LHAPDF/CT18NLO/CT18NLO_0000.dat
CT18NLO PDF set, member #0, version 1; LHAPDF ID = 14400
PDF chosen : 0
13.1015
 done.
Fit result:
A0 =  0.05301 # +-9539.39227
A1 =  -1.55489 # +-61259.43805
A2 =  9.81904 # +-6439306.77246
A3 =  -0.96254 # +-108892871.56566
A4 =  -4.33486 # +-2893581104.10021
A5 =  27.73080 # +-25679793302.64802
A6 =  -49.55071 # +-54287439415.71035
A7 =  34.13292 # +-21741850267.72129
Fitting bottom quark PDF...#chisq/dof = 2.45668e-10
#status = success
LHAPDF 6.4.0 loading /home/yehudi/LHAPDF6/share/LHAPDF/CT18NLO/CT18NLO_0000.dat
CT18NLO PDF set, member #0, version 1; LHAPDF ID = 14400
PDF chosen : 0
8.3717
 done.
Fit result:
A0 =  0.04961 # +-5029.86443
A1 =  -1.54073 # +-41262.18071
A2 =  9.42618 # +-60399415.92156
A3 =  -4.19758 # +-42479205.77029
A4 =  8.57572 # +-1374095986.88098
A5 =  -5.22851 # +-12324415210.05892
A6 =  -4.37537 # +-26176651203.95153
A7 =  6.85673 # +-11137513174.95862
Fitting sea up quark PDF...#chisq/dof = 9.50253e-11
#status = success
LHAPDF 6.4.0 loading /home/yehudi/LHAPDF6/share/LHAPDF/CT18NLO/CT18NLO_0000.dat
CT18NLO PDF set, member #0, version 1; LHAPDF ID = 14400
PDF chosen : 0
34.2345
 done.
Fit result:
A0 =  0.02541 # +-178332.40685
A1 =  -1.63299 # +-3783283.83726
A2 =  8.28380 # +-238726171.93610
A3 =  7.74209 # +-25570754398.18224
A4 =  -36.12415 # +-324976779966.82550
A5 =  76.36344 # +-957893014219.95740
A6 =  -67.58565 # +-457966166935.34467
A7 =  23.38483 # +-15827388760.39497
Fitting charm quark PDF...#chisq/dof = 6.90191e-10
#status = exceeded max number of iterations
LHAPDF 6.4.0 loading /home/yehudi/LHAPDF6/share/LHAPDF/CT18NLO/CT18NLO_0000.dat
CT18NLO PDF set, member #0, version 1; LHAPDF ID = 14400
PDF chosen : 0
7.74618
 done.
Fit result:
A0 =  0.07289 # +-7060.10885
A1 =  -1.50289 # +-26219.99834
A2 =  9.63717 # +-13061955.07646
A3 =  -3.47516 # +-30448369.14870
A4 =  4.24178 # +-1052942532.01054
A5 =  6.58930 # +-9268536572.24853
A6 =  -19.44449 # +-19622333795.09657
A7 =  15.54902 # +-8309839816.89195
#chisq/dof = 1.56218e-10
#status = success
Resummed done 
Born done 
Expanded done 
Resummed done 
Born done 
Expanded done 
 Step n ° 2 over 5
 Duration : 859.911
Performing PDF fit with 5 flavors, Q^2 = mu_F^2 = 2.11038e+06
 and weights: valence: x^-1.6, sea: x^-1.6, gluon: x^-1.6 and xmin = 0.0207531 
 Fit function: f = A0 * x^A1 * (1 - x)^A2 * ( 1 + A3 * x^(1/2) + A4 * x + A5 * x^(3/2) + A6 * x^2 + A7 * x^(5/2) )
Fitting gluon PDF...LHAPDF 6.4.0 loading /home/yehudi/LHAPDF6/share/LHAPDF/CT18NLO/CT18NLO_0000.dat
CT18NLO PDF set, member #0, version 1; LHAPDF ID = 14400
PDF chosen : 0
12.5811
 done.
Fit result:
A0 =  0.78284 # +-2442.83584
A1 =  -1.59365 # +-78.45471
A2 =  7.58729 # +-32506.61401
A3 =  -2.61707 # +-93706.12323
A4 =  1.92421 # +-2582176.99081
A5 =  8.48078 # +-20368935.51327
A6 =  -17.87054 # +-38215320.72815
A7 =  12.25967 # +-14403503.07783
Fitting valence down quark PDF...#chisq/dof = 5.23758e-08
#status = success
LHAPDF 6.4.0 loading /home/yehudi/LHAPDF6/share/LHAPDF/CT18NLO/CT18NLO_0000.dat
CT18NLO PDF set, member #0, version 1; LHAPDF ID = 14400
PDF chosen : 0
19.755
 done.
Fit result:
A0 =  0.06574 # +-166.81336
A1 =  -1.52739 # +-795.87466
A2 =  5.05651 # +-39211191.11610
A3 =  -1.44680 # +-1046180.34237
A4 =  30.58267 # +-715627.69413
A5 =  -44.36414 # +-1299363574.12799
A6 =  44.57234 # +-1987022167.69612
A7 =  -24.85053 # +-522332267.60161
Fitting valence up quark PDF...#chisq/dof = 7.54977e-09
#status = success
LHAPDF 6.4.0 loading /home/yehudi/LHAPDF6/share/LHAPDF/CT18NLO/CT18NLO_0000.dat
CT18NLO PDF set, member #0, version 1; LHAPDF ID = 14400
PDF chosen : 0
17.4346
 done.
Fit result:
A0 =  0.09096 # +-24540.91820
A1 =  -1.42225 # +-46396.39922
A2 =  3.87486 # +-161186.77602
A3 =  3.86323 # +-161754889.61030
A4 =  -4.06991 # +-1833529705.08521
A5 =  95.25966 # +-50573494789.72725
A6 =  -148.46169 # +-90288602837.36790
A7 =  58.76191 # +-12220499016.56559
Fitting sea down quark PDF...#chisq/dof = 1.29751e-08
#status = success
LHAPDF 6.4.0 loading /home/yehudi/LHAPDF6/share/LHAPDF/CT18NLO/CT18NLO_0000.dat
CT18NLO PDF set, member #0, version 1; LHAPDF ID = 14400
PDF chosen : 0
3.58317
 done.
Fit result:
A0 =  0.24852 # +-229661.28796
A1 =  -1.32563 # +-71969.83040
A2 =  9.08740 # +-475858089.07640
A3 =  -5.91680 # +-82517697.76829
A4 =  28.44005 # +-2795654333.26830
A5 =  -68.17218 # +-58687029147.41383
A6 =  78.18351 # +-205986216273.03937
A7 =  -32.37673 # +-117518473735.45630
Fitting strange quark PDF...#chisq/dof = 5.34285e-10
#status = success
LHAPDF 6.4.0 loading /home/yehudi/LHAPDF6/share/LHAPDF/CT18NLO/CT18NLO_0000.dat
CT18NLO PDF set, member #0, version 1; LHAPDF ID = 14400
PDF chosen : 0
14.3143
 done.
Fit result:
A0 =  0.04579 # +-17325.50770
A1 =  -1.55642 # +-142399.79891
A2 =  9.75540 # +-4087367.71088
A3 =  0.35314 # +-321069520.72442
A4 =  -10.62894 # +-8018568308.99447
A5 =  45.37514 # +-67683721751.75702
A6 =  -73.93886 # +-137787627368.48520
A7 =  48.65211 # +-52826724426.37795
Fitting bottom quark PDF...#chisq/dof = 2.25964e-10
#status = success
LHAPDF 6.4.0 loading /home/yehudi/LHAPDF6/share/LHAPDF/CT18NLO/CT18NLO_0000.dat
CT18NLO PDF set, member #0, version 1; LHAPDF ID = 14400
PDF chosen : 0
7.95517
 done.
Fit result:
A0 =  0.04649 # +-6723.93815
A1 =  -1.52658 # +-62556.59945
A2 =  9.47989 # +-41673666.60717
A3 =  -3.80340 # +-66589530.17180
A4 =  6.29872 # +-2262434030.80044
A5 =  1.10221 # +-20056086125.09792
A6 =  -12.82171 # +-42306736787.15620
A7 =  11.83625 # +-17503492213.95396
Fitting sea up quark PDF...#chisq/dof = 7.60449e-11
#status = success
LHAPDF 6.4.0 loading /home/yehudi/LHAPDF6/share/LHAPDF/CT18NLO/CT18NLO_0000.dat
CT18NLO PDF set, member #0, version 1; LHAPDF ID = 14400
PDF chosen : 0
29.9995
 done.
Fit result:
A0 =  0.02781 # +-279402.43678
A1 =  -1.60220 # +-4946826.62597
A2 =  8.19867 # +-279445001.98668
A3 =  7.91729 # +-33587818249.72519
A4 =  -35.76643 # +-398793149564.96179
A5 =  73.07677 # +-1057925267258.17395
A6 =  -60.63562 # +-375360762764.35986
A7 =  19.29137 # +-13792596989.84139
Fitting charm quark PDF...#chisq/dof = 7.75739e-10
#status = exceeded max number of iterations
LHAPDF 6.4.0 loading /home/yehudi/LHAPDF6/share/LHAPDF/CT18NLO/CT18NLO_0000.dat
CT18NLO PDF set, member #0, version 1; LHAPDF ID = 14400
PDF chosen : 0
7.26515
 done.
Fit result:
A0 =  0.07200 # +-9912.32177
A1 =  -1.48522 # +-37429.32237
A2 =  9.59983 # +-9422403.50254
A3 =  -3.07191 # +-45846167.44642
A4 =  1.88542 # +-1596513356.49263
A5 =  13.00121 # +-13697517513.72499
A6 =  -27.87008 # +-28299115748.45534
A7 =  20.51592 # +-11562523110.46265
#chisq/dof = 1.39321e-10
#status = success
Resummed done 
Born done 
Expanded done 
Resummed done 
Born done 
Expanded done 
Performing PDF fit with 5 flavors, Q^2 = mu_F^2 = 8.44152e+06
 and weights: valence: x^-1.6, sea: x^-1.6, gluon: x^-1.6 and xmin = 0.0207531 
 Fit function: f = A0 * x^A1 * (1 - x)^A2 * ( 1 + A3 * x^(1/2) + A4 * x + A5 * x^(3/2) + A6 * x^2 + A7 * x^(5/2) )
Fitting gluon PDF...LHAPDF 6.4.0 loading /home/yehudi/LHAPDF6/share/LHAPDF/CT18NLO/CT18NLO_0000.dat
CT18NLO PDF set, member #0, version 1; LHAPDF ID = 14400
PDF chosen : 0
13.3535
 done.
Fit result:
A0 =  0.72737 # +-2342.62872
A1 =  -1.61237 # +-87.21791
A2 =  7.71760 # +-36981.66520
A3 =  -2.71850 # +-103468.99315
A4 =  2.39119 # +-2910705.73549
A5 =  7.79019 # +-23474692.85239
A6 =  -17.76559 # +-44864304.87793
A7 =  12.57752 # +-17027131.53417
Fitting valence down quark PDF...#chisq/dof = 5.38131e-08
#status = success
LHAPDF 6.4.0 loading /home/yehudi/LHAPDF6/share/LHAPDF/CT18NLO/CT18NLO_0000.dat
CT18NLO PDF set, member #0, version 1; LHAPDF ID = 14400
PDF chosen : 0
20.9845
 done.
Fit result:
A0 =  0.06230 # +-189.95703
A1 =  -1.54340 # +-959.20817
A2 =  5.10037 # +-50923550.17400
A3 =  -1.46706 # +-1490066.21901
A4 =  30.69961 # +-840924.22010
A5 =  -44.35234 # +-1735826859.03305
A6 =  43.10642 # +-2695913223.10970
A7 =  -23.67609 # +-423284594.31330
Fitting valence up quark PDF...#chisq/dof = 6.51103e-09
#status = success
LHAPDF 6.4.0 loading /home/yehudi/LHAPDF6/share/LHAPDF/CT18NLO/CT18NLO_0000.dat
CT18NLO PDF set, member #0, version 1; LHAPDF ID = 14400
PDF chosen : 0
19.5589
 done.
Fit result:
A0 =  0.08179 # +-22647.65835
A1 =  -1.44762 # +-52911.84972
A2 =  3.92137 # +-182008.96627
A3 =  3.89081 # +-184646816.52501
A4 =  -2.95569 # +-2027781844.44244
A5 =  97.04742 # +-60913131608.98097
A6 =  -154.01688 # +-111683864974.99921
A7 =  61.66006 # +-15445012648.37770
Fitting sea down quark PDF...#chisq/dof = 1.11063e-08
#status = success
LHAPDF 6.4.0 loading /home/yehudi/LHAPDF6/share/LHAPDF/CT18NLO/CT18NLO_0000.dat
CT18NLO PDF set, member #0, version 1; LHAPDF ID = 14400
PDF chosen : 0
3.96162
 done.
Fit result:
A0 =  0.22615 # +-205581.99554
A1 =  -1.34835 # +-77358.97922
A2 =  9.12873 # +-535933147.66508
A3 =  -5.81388 # +-90974618.31805
A4 =  27.97632 # +-3006101065.94746
A5 =  -67.28798 # +-63840132161.43314
A6 =  77.46156 # +-225079668016.54755
A7 =  -32.19051 # +-129363745047.51862
Fitting strange quark PDF...#chisq/dof = 5.399e-10
#status = success
LHAPDF 6.4.0 loading /home/yehudi/LHAPDF6/share/LHAPDF/CT18NLO/CT18NLO_0000.dat
CT18NLO PDF set, member #0, version 1; LHAPDF ID = 14400
PDF chosen : 0
14.3829
 done.
Fit result:
A0 =  0.04619 # +-15374.18286
A1 =  -1.56511 # +-125511.61259
A2 =  9.82995 # +-4727592.23715
A3 =  0.04570 # +-268028433.36137
A4 =  -9.28265 # +-6832323844.18395
A5 =  41.76952 # +-58327053565.62771
A6 =  -69.15493 # +-119913451501.11337
A7 =  45.92155 # +-46460695455.65108
Fitting bottom quark PDF...#chisq/dof = 2.36549e-10
#status = success
LHAPDF 6.4.0 loading /home/yehudi/LHAPDF6/share/LHAPDF/CT18NLO/CT18NLO_0000.dat
CT18NLO PDF set, member #0, version 1; LHAPDF ID = 14400
PDF chosen : 0
8.29585
 done.
Fit result:
A0 =  0.04654 # +-6496.58289
A1 =  -1.53927 # +-60320.71802
A2 =  9.55934 # +-43246754.76894
A3 =  -3.85689 # +-64020876.48548
A4 =  6.60218 # +-2179416863.39572
A5 =  0.40575 # +-19471844175.19052
A6 =  -12.14120 # +-41340924685.43645
A7 =  11.56209 # +-17184067575.23848
Fitting sea up quark PDF...#chisq/dof = 8.54519e-11
#status = success
LHAPDF 6.4.0 loading /home/yehudi/LHAPDF6/share/LHAPDF/CT18NLO/CT18NLO_0000.dat
CT18NLO PDF set, member #0, version 1; LHAPDF ID = 14400
PDF chosen : 0
31.0595
 done.
Fit result:
A0 =  0.02704 # +-245630.41207
A1 =  -1.61612 # +-4622036.55713
A2 =  8.22556 # +-252108925.25608
A3 =  7.67671 # +-30700845054.30804
A4 =  -35.67438 # +-384177993741.18567
A5 =  74.78985 # +-1109764577700.34229
A6 =  -65.15449 # +-502792314475.17700
A7 =  22.05702 # +-15004096947.55106
Fitting charm quark PDF...#chisq/dof = 7.22357e-10
#status = exceeded max number of iterations
LHAPDF 6.4.0 loading /home/yehudi/LHAPDF6/share/LHAPDF/CT18NLO/CT18NLO_0000.dat
CT18NLO PDF set, member #0, version 1; LHAPDF ID = 14400
PDF chosen : 0
7.64981
 done.
Fit result:
A0 =  0.06990 # +-9438.11355
A1 =  -1.49996 # +-37816.45609
A2 =  9.67872 # +-10218026.26042
A3 =  -3.11403 # +-46206524.54033
A4 =  2.12344 # +-1613810323.12402
A5 =  12.52506 # +-13956204842.53143
A6 =  -27.51853 # +-29029256648.12746
A7 =  20.41726 # +-11920254081.16200
#chisq/dof = 1.47803e-10
#status = success
Resummed done 
Born done 
Expanded done 
Resummed done 
Born done 
Expanded done 
Resummed done 
Born done 
Expanded done 
Performing PDF fit with 5 flavors, Q^2 = mu_F^2 = 3.37661e+07
 and weights: valence: x^-1.6, sea: x^-1.6, gluon: x^-1.6 and xmin = 0.0207531 
 Fit function: f = A0 * x^A1 * (1 - x)^A2 * ( 1 + A3 * x^(1/2) + A4 * x + A5 * x^(3/2) + A6 * x^2 + A7 * x^(5/2) )
Fitting gluon PDF...LHAPDF 6.4.0 loading /home/yehudi/LHAPDF6/share/LHAPDF/CT18NLO/CT18NLO_0000.dat
CT18NLO PDF set, member #0, version 1; LHAPDF ID = 14400
PDF chosen : 0
13.9867
 done.
Fit result:
A0 =  0.68428 # +-2233.92862
A1 =  -1.62821 # +-94.19239
A2 =  7.81983 # +-43094.53420
A3 =  -2.84492 # +-110185.20937
A4 =  3.00699 # +-3147231.51086
A5 =  6.59162 # +-25883258.20267
A6 =  -16.86785 # +-50263736.12138
A7 =  12.39095 # +-19222119.69595
Fitting valence down quark PDF...#chisq/dof = 5.52059e-08
#status = success
LHAPDF 6.4.0 loading /home/yehudi/LHAPDF6/share/LHAPDF/CT18NLO/CT18NLO_0000.dat
CT18NLO PDF set, member #0, version 1; LHAPDF ID = 14400
PDF chosen : 0
22.2697
 done.
Fit result:
A0 =  0.05900 # +-220.05653
A1 =  -1.55869 # +-1189.63744
A2 =  5.13989 # +-65393012.35658
A3 =  -1.47734 # +-2067403.25429
A4 =  30.86923 # +-998995.14212
A5 =  -44.41852 # +-2285001352.64003
A6 =  41.81619 # +-3655115339.85356
A7 =  -22.63660 # +-305408098.62248
Fitting valence up quark PDF...#chisq/dof = 5.61076e-09
#status = success
LHAPDF 6.4.0 loading /home/yehudi/LHAPDF6/share/LHAPDF/CT18NLO/CT18NLO_0000.dat
CT18NLO PDF set, member #0, version 1; LHAPDF ID = 14400
PDF chosen : 0
21.764
 done.
Fit result:
A0 =  0.07402 # +-21044.05919
A1 =  -1.47101 # +-59971.81048
A2 =  3.96648 # +-201340.82350
A3 =  3.91975 # +-209545558.48342
A4 =  -1.87885 # +-2229832219.27117
A5 =  98.88828 # +-72771336507.40480
A6 =  -159.56448 # +-136581558566.93028
A7 =  64.56420 # +-19246254256.49763
Fitting sea down quark PDF...#chisq/dof = 9.5884e-09
#status = success
LHAPDF 6.4.0 loading /home/yehudi/LHAPDF6/share/LHAPDF/CT18NLO/CT18NLO_0000.dat
CT18NLO PDF set, member #0, version 1; LHAPDF ID = 14400
PDF chosen : 0
4.34054
 done.
Fit result:
A0 =  0.20729 # +-183930.47922
A1 =  -1.36903 # +-81927.79519
A2 =  9.16925 # +-594506063.24092
A3 =  -5.71980 # +-98722026.33036
A4 =  27.55852 # +-3187676087.52011
A5 =  -66.51000 # +-68515985039.74091
A6 =  76.85399 # +-242706617832.33749
A7 =  -32.05013 # +-140513595623.50101
Fitting strange quark PDF...#chisq/dof = 5.45778e-10
#status = success
LHAPDF 6.4.0 loading /home/yehudi/LHAPDF6/share/LHAPDF/CT18NLO/CT18NLO_0000.dat
CT18NLO PDF set, member #0, version 1; LHAPDF ID = 14400
PDF chosen : 0
14.8224
 done.
Fit result:
A0 =  0.04531 # +-14372.00612
A1 =  -1.57646 # +-122419.46884
A2 =  9.90528 # +-5217299.33209
A3 =  -0.08077 # +-256484612.15404
A4 =  -8.79859 # +-6621052063.38209
A5 =  40.57144 # +-56894609080.74979
A6 =  -67.69900 # +-117712336876.20091
A7 =  45.16775 # +-45912495708.78790
Fitting bottom quark PDF...#chisq/dof = 2.45073e-10
#status = success
LHAPDF 6.4.0 loading /home/yehudi/LHAPDF6/share/LHAPDF/CT18NLO/CT18NLO_0000.dat
CT18NLO PDF set, member #0, version 1; LHAPDF ID = 14400
PDF chosen : 0
8.71428
 done.
Fit result:
A0 =  0.04589 # +-6299.71437
A1 =  -1.55249 # +-60064.56137
A2 =  9.64188 # +-43896688.58679
A3 =  -3.86188 # +-64104926.31047
A4 =  6.62492 # +-2189101593.97477
A5 =  0.46923 # +-19672771315.17388
A6 =  -12.44874 # +-41969518299.47437
A7 =  11.83588 # +-17481373314.27171
Fitting sea up quark PDF...#chisq/dof = 9.47838e-11
#status = success
LHAPDF 6.4.0 loading /home/yehudi/LHAPDF6/share/LHAPDF/CT18NLO/CT18NLO_0000.dat
CT18NLO PDF set, member #0, version 1; LHAPDF ID = 14400
PDF chosen : 0
31.9887
 done.
Fit result:
A0 =  0.02637 # +-216895.33362
A1 =  -1.62848 # +-4308022.25304
A2 =  8.24116 # +-229597095.82728
A3 =  7.44677 # +-28013895432.26722
A4 =  -35.56950 # +-368213531771.57562
A5 =  76.30855 # +-1143807076270.59204
A6 =  -69.30439 # +-622881127581.86340
A7 =  24.61385 # +-26121277085.12646
Fitting charm quark PDF...#chisq/dof = 6.69595e-10
#status = exceeded max number of iterations
LHAPDF 6.4.0 loading /home/yehudi/LHAPDF6/share/LHAPDF/CT18NLO/CT18NLO_0000.dat
CT18NLO PDF set, member #0, version 1; LHAPDF ID = 14400
PDF chosen : 0
7.9853
 done.
Fit result:
A0 =  0.06816 # +-8977.12536
A1 =  -1.51285 # +-37860.45793
A2 =  9.74363 # +-11238225.12561
A3 =  -3.17366 # +-45933528.81925
A4 =  2.46934 # +-1606692278.85303
A5 =  11.70066 # +-13993452491.03800
A6 =  -26.62815 # +-29283791295.74984
A7 =  19.96840 # +-12088819598.16248
#chisq/dof = 1.56362e-10
#status = success
Resummed done 
Born done 
Expanded done 
Resummed done 
Born done 
Expanded done 
 Step n ° 3 over 5
 Duration : 1428.05
Performing PDF fit with 5 flavors, Q^2 = mu_F^2 = 2.24778e+06
 and weights: valence: x^-1.6, sea: x^-1.6, gluon: x^-1.6 and xmin = 0.021418 
 Fit function: f = A0 * x^A1 * (1 - x)^A2 * ( 1 + A3 * x^(1/2) + A4 * x + A5 * x^(3/2) + A6 * x^2 + A7 * x^(5/2) )
Fitting gluon PDF...LHAPDF 6.4.0 loading /home/yehudi/LHAPDF6/share/LHAPDF/CT18NLO/CT18NLO_0000.dat
CT18NLO PDF set, member #0, version 1; LHAPDF ID = 14400
PDF chosen : 0
12.0197
 done.
Fit result:
A0 =  0.78995 # +-2861.44149
A1 =  -1.59276 # +-91.05811
A2 =  7.57289 # +-35959.45883
A3 =  -2.67967 # +-105052.17605
A4 =  2.24778 # +-2883564.35494
A5 =  7.63034 # +-22542539.41916
A6 =  -16.78610 # +-41864020.21224
A7 =  11.64747 # +-15571192.81085
Fitting valence down quark PDF...#chisq/dof = 5.27803e-08
#status = success
LHAPDF 6.4.0 loading /home/yehudi/LHAPDF6/share/LHAPDF/CT18NLO/CT18NLO_0000.dat
CT18NLO PDF set, member #0, version 1; LHAPDF ID = 14400
PDF chosen : 0
22.1286
 done.
Fit result:
A0 =  0.05770 # +-142.40995
A1 =  -1.54838 # +-1000.10878
A2 =  5.03913 # +-37311679.62899
A3 =  -1.12579 # +-619583.86258
A4 =  31.31404 # +-1019396.70844
A5 =  -42.40017 # +-876481789.38331
A6 =  42.03354 # +-4207207756.91726
A7 =  -24.78105 # +-243692830.28292
Fitting valence up quark PDF...#chisq/dof = 7.1005e-09
#status = success
LHAPDF 6.4.0 loading /home/yehudi/LHAPDF6/share/LHAPDF/CT18NLO/CT18NLO_0000.dat
CT18NLO PDF set, member #0, version 1; LHAPDF ID = 14400
PDF chosen : 0
16.9293
 done.
Fit result:
A0 =  0.09251 # +-29150.57348
A1 =  -1.41992 # +-53571.40382
A2 =  3.88233 # +-153189.05830
A3 =  3.78184 # +-182695584.91539
A4 =  -3.94864 # +-2070452332.74983
A5 =  93.96948 # +-56721857288.47605
A6 =  -147.01004 # +-100787475525.02878
A7 =  58.59150 # +-13701883153.09547
Fitting sea down quark PDF...#chisq/dof = 1.13597e-08
#status = success
LHAPDF 6.4.0 loading /home/yehudi/LHAPDF6/share/LHAPDF/CT18NLO/CT18NLO_0000.dat
CT18NLO PDF set, member #0, version 1; LHAPDF ID = 14400
PDF chosen : 0
3.55769
 done.
Fit result:
A0 =  0.24367 # +-274570.63761
A1 =  -1.32930 # +-90006.20507
A2 =  9.07459 # +-564591574.95324
A3 =  -5.88130 # +-101011525.79418
A4 =  28.31490 # +-3380868328.42302
A5 =  -67.91350 # +-70754451292.79814
A6 =  77.86027 # +-247974722468.45789
A7 =  -32.20176 # +-141233177686.35782
Fitting strange quark PDF...#chisq/dof = 5.30785e-10
#status = success
LHAPDF 6.4.0 loading /home/yehudi/LHAPDF6/share/LHAPDF/CT18NLO/CT18NLO_0000.dat
CT18NLO PDF set, member #0, version 1; LHAPDF ID = 14400
PDF chosen : 0
14.5429
 done.
Fit result:
A0 =  0.04367 # +-23096.13007
A1 =  -1.56316 # +-207096.14717
A2 =  9.76987 # +-3966104.74296
A3 =  0.63066 # +-487523871.27248
A4 =  -12.00104 # +-12009531309.94843
A5 =  49.25981 # +-99967841904.48058
A6 =  -79.35836 # +-201295298118.84756
A7 =  51.90169 # +-76139419481.41820
Fitting bottom quark PDF...#chisq/dof = 2.28012e-10
#status = exceeded max number of iterations
LHAPDF 6.4.0 loading /home/yehudi/LHAPDF6/share/LHAPDF/CT18NLO/CT18NLO_0000.dat
CT18NLO PDF set, member #0, version 1; LHAPDF ID = 14400
PDF chosen : 0
7.71282
 done.
Fit result:
A0 =  0.04629 # +-8029.49066
A1 =  -1.52784 # +-75807.34464
A2 =  9.49305 # +-43407266.38177
A3 =  -3.78626 # +-79084279.24568
A4 =  6.19848 # +-2691798780.44844
A5 =  1.40068 # +-23668313670.92247
A6 =  -13.25489 # +-49482873289.66833
A7 =  12.10719 # +-20185309844.77558
Fitting sea up quark PDF...#chisq/dof = 7.70394e-11
#status = success
LHAPDF 6.4.0 loading /home/yehudi/LHAPDF6/share/LHAPDF/CT18NLO/CT18NLO_0000.dat
CT18NLO PDF set, member #0, version 1; LHAPDF ID = 14400
PDF chosen : 0
27.6929
 done.
Fit result:
A0 =  0.02928 # +-323660.18148
A1 =  -1.59587 # +-5227041.97608
A2 =  8.14692 # +-259128848.77376
A3 =  7.51791 # +-33760632039.98606
A4 =  -35.06239 # +-422354004782.39661
A5 =  73.20766 # +-1213978446520.30005
A6 =  -63.26579 # +-544687034396.29156
A7 =  21.09844 # +-14746432911.04032
Fitting charm quark PDF...#chisq/dof = 7.31284e-10
#status = exceeded max number of iterations
LHAPDF 6.4.0 loading /home/yehudi/LHAPDF6/share/LHAPDF/CT18NLO/CT18NLO_0000.dat
CT18NLO PDF set, member #0, version 1; LHAPDF ID = 14400
PDF chosen : 0
7.1745
 done.
Fit result:
A0 =  0.07044 # +-12092.30807
A1 =  -1.48883 # +-47777.25638
A2 =  9.62864 # +-9435679.78627
A3 =  -2.97718 # +-58595595.27525
A4 =  1.32944 # +-2038825093.61300
A5 =  14.59744 # +-17325601382.70355
A6 =  -30.10625 # +-35403030485.33129
A7 =  21.88459 # +-14229041226.48178
#chisq/dof = 1.40693e-10
#status = success
Resummed done 
Born done 
Expanded done 
Resummed done 
Born done 
Expanded done 
Performing PDF fit with 5 flavors, Q^2 = mu_F^2 = 8.99113e+06
 and weights: valence: x^-1.6, sea: x^-1.6, gluon: x^-1.6 and xmin = 0.021418 
 Fit function: f = A0 * x^A1 * (1 - x)^A2 * ( 1 + A3 * x^(1/2) + A4 * x + A5 * x^(3/2) + A6 * x^2 + A7 * x^(5/2) )
Fitting gluon PDF...LHAPDF 6.4.0 loading /home/yehudi/LHAPDF6/share/LHAPDF/CT18NLO/CT18NLO_0000.dat
CT18NLO PDF set, member #0, version 1; LHAPDF ID = 14400
PDF chosen : 0
12.6719
 done.
Fit result:
A0 =  0.73834 # +-2732.57457
A1 =  -1.61057 # +-99.73795
A2 =  7.69269 # +-41787.34008
A3 =  -2.80640 # +-113606.39041
A4 =  2.85195 # +-3177714.65941
A5 =  6.54970 # +-25404728.58613
A6 =  -16.14520 # +-48060396.42425
A7 =  11.64796 # +-18017476.45488
Fitting valence down quark PDF...#chisq/dof = 5.41855e-08
#status = success
LHAPDF 6.4.0 loading /home/yehudi/LHAPDF6/share/LHAPDF/CT18NLO/CT18NLO_0000.dat
CT18NLO PDF set, member #0, version 1; LHAPDF ID = 14400
PDF chosen : 0
23.3645
 done.
Fit result:
A0 =  0.05497 # +-140.11677
A1 =  -1.56347 # +-1046.36480
A2 =  5.08241 # +-48321436.36832
A3 =  -1.15643 # +-857455.90728
A4 =  31.37002 # +-1043337.26652
A5 =  -42.32437 # +-1181131442.58903
A6 =  40.26920 # +-5578098631.84146
A7 =  -23.35383 # +-134088277.23236
Fitting valence up quark PDF...#chisq/dof = 6.13521e-09
#status = success
LHAPDF 6.4.0 loading /home/yehudi/LHAPDF6/share/LHAPDF/CT18NLO/CT18NLO_0000.dat
CT18NLO PDF set, member #0, version 1; LHAPDF ID = 14400
PDF chosen : 0
18.9929
 done.
Fit result:
A0 =  0.08313 # +-27016.94186
A1 =  -1.44533 # +-61428.21646
A2 =  3.93132 # +-171761.15362
A3 =  3.81370 # +-209704126.52363
A4 =  -2.84290 # +-2297871241.83750
A5 =  95.73037 # +-68603701251.03241
A6 =  -152.36596 # +-124902593005.32298
A7 =  61.36881 # +-17299197104.19864
Fitting sea down quark PDF...#chisq/dof = 9.77001e-09
#status = success
LHAPDF 6.4.0 loading /home/yehudi/LHAPDF6/share/LHAPDF/CT18NLO/CT18NLO_0000.dat
CT18NLO PDF set, member #0, version 1; LHAPDF ID = 14400
PDF chosen : 0
3.92857
 done.
Fit result:
A0 =  0.22186 # +-245246.85288
A1 =  -1.35187 # +-96420.01811
A2 =  9.11593 # +-634174329.07556
A3 =  -5.77830 # +-111048111.37746
A4 =  27.85104 # +-3625503616.32887
A5 =  -67.03028 # +-76751014917.35205
A6 =  77.14042 # +-270190029488.43008
A7 =  -32.01685 # +-155018250963.36902
Fitting strange quark PDF...#chisq/dof = 5.3758e-10
#status = success
LHAPDF 6.4.0 loading /home/yehudi/LHAPDF6/share/LHAPDF/CT18NLO/CT18NLO_0000.dat
CT18NLO PDF set, member #0, version 1; LHAPDF ID = 14400
PDF chosen : 0
14.7865
 done.
Fit result:
A0 =  0.04351 # +-20811.61006
A1 =  -1.57349 # +-189537.25520
A2 =  9.85253 # +-4500692.10705
A3 =  0.39509 # +-428714025.44050
A4 =  -11.02665 # +-10758727292.44705
A5 =  46.74362 # +-90399739247.64044
A6 =  -76.14099 # +-183610303487.19006
A7 =  50.14396 # +-70089211991.71638
Fitting bottom quark PDF...#chisq/dof = 2.38553e-10
#status = exceeded max number of iterations
LHAPDF 6.4.0 loading /home/yehudi/LHAPDF6/share/LHAPDF/CT18NLO/CT18NLO_0000.dat
CT18NLO PDF set, member #0, version 1; LHAPDF ID = 14400
PDF chosen : 0
8.02248
 done.
Fit result:
A0 =  0.04642 # +-7754.94201
A1 =  -1.54019 # +-72854.81564
A2 =  9.56927 # +-45379362.98126
A3 =  -3.84756 # +-75635545.98965
A4 =  6.54711 # +-2578839982.22359
A5 =  0.57527 # +-22853400102.32729
A6 =  -12.39567 # +-48092240200.24134
A7 =  11.72605 # +-19715808584.25015
Fitting sea up quark PDF...#chisq/dof = 8.64771e-11
#status = success
LHAPDF 6.4.0 loading /home/yehudi/LHAPDF6/share/LHAPDF/CT18NLO/CT18NLO_0000.dat
CT18NLO PDF set, member #0, version 1; LHAPDF ID = 14400
PDF chosen : 0
28.7429
 done.
Fit result:
A0 =  0.02837 # +-286428.66970
A1 =  -1.61015 # +-4945543.21062
A2 =  8.17071 # +-236593875.09422
A3 =  7.30499 # +-31328171456.16004
A4 =  -34.98834 # +-410770339370.97095
A5 =  74.76457 # +-1268141043928.47241
A6 =  -67.36346 # +-681179617643.50183
A7 =  23.60893 # +-27224851397.86585
Fitting charm quark PDF...#chisq/dof = 6.85005e-10
#status = exceeded max number of iterations
LHAPDF 6.4.0 loading /home/yehudi/LHAPDF6/share/LHAPDF/CT18NLO/CT18NLO_0000.dat
CT18NLO PDF set, member #0, version 1; LHAPDF ID = 14400
PDF chosen : 0
7.51691
 done.
Fit result:
A0 =  0.06867 # +-11471.70273
A1 =  -1.50292 # +-47738.45107
A2 =  9.70266 # +-10352530.54164
A3 =  -3.03932 # +-58117804.68139
A4 =  1.68440 # +-2028203018.63306
A5 =  13.78999 # +-17377303632.50975
A6 =  -29.29623 # +-35762343568.98827
A7 =  21.50710 # +-14454493560.27843
#chisq/dof = 1.49265e-10
#status = success
Resummed done 
Born done 
Expanded done 
Resummed done 
Born done 
Expanded done 
Resummed done 
Born done 
Expanded done 
Performing PDF fit with 5 flavors, Q^2 = mu_F^2 = 3.59645e+07
 and weights: valence: x^-1.6, sea: x^-1.6, gluon: x^-1.6 and xmin = 0.021418 
 Fit function: f = A0 * x^A1 * (1 - x)^A2 * ( 1 + A3 * x^(1/2) + A4 * x + A5 * x^(3/2) + A6 * x^2 + A7 * x^(5/2) )
Fitting gluon PDF...LHAPDF 6.4.0 loading /home/yehudi/LHAPDF6/share/LHAPDF/CT18NLO/CT18NLO_0000.dat
CT18NLO PDF set, member #0, version 1; LHAPDF ID = 14400
PDF chosen : 0
13.2187
 done.
Fit result:
A0 =  0.69694 # +-2600.50097
A1 =  -1.62588 # +-106.84597
A2 =  7.78685 # +-49395.87436
A3 =  -2.94628 # +-119609.64578
A4 =  3.54345 # +-3392016.68447
A5 =  5.12452 # +-27651422.45932
A6 =  -14.92290 # +-53140735.14296
A7 =  11.26397 # +-20080299.08122
Fitting valence down quark PDF...#chisq/dof = 5.55681e-08
#status = success
LHAPDF 6.4.0 loading /home/yehudi/LHAPDF6/share/LHAPDF/CT18NLO/CT18NLO_0000.dat
CT18NLO PDF set, member #0, version 1; LHAPDF ID = 14400
PDF chosen : 0
24.6797
 done.
Fit result:
A0 =  0.05228 # +-143.57327
A1 =  -1.57804 # +-1138.14709
A2 =  5.12118 # +-61892929.67415
A3 =  -1.17411 # +-1179709.74221
A4 =  31.49562 # +-1114838.45870
A5 =  -42.32531 # +-1561072850.43989
A6 =  38.70061 # +-7413188559.21599
A7 =  -22.09279 # +-46503870.87749
Fitting valence up quark PDF...#chisq/dof = 5.28954e-09
#status = success
LHAPDF 6.4.0 loading /home/yehudi/LHAPDF6/share/LHAPDF/CT18NLO/CT18NLO_0000.dat
CT18NLO PDF set, member #0, version 1; LHAPDF ID = 14400
PDF chosen : 0
21.1412
 done.
Fit result:
A0 =  0.07517 # +-25186.41231
A1 =  -1.46881 # +-69963.54357
A2 =  3.97913 # +-188887.50370
A3 =  3.84773 # +-239206673.30573
A4 =  -1.77406 # +-2534543864.28785
A5 =  97.56217 # +-82285387758.69478
A6 =  -157.71891 # +-153009975837.77548
A7 =  64.14579 # +-21534133717.30176
Fitting sea down quark PDF...#chisq/dof = 8.49121e-09
#status = success
LHAPDF 6.4.0 loading /home/yehudi/LHAPDF6/share/LHAPDF/CT18NLO/CT18NLO_0000.dat
CT18NLO PDF set, member #0, version 1; LHAPDF ID = 14400
PDF chosen : 0
4.30333
 done.
Fit result:
A0 =  0.20327 # +-219331.07950
A1 =  -1.37257 # +-102152.28337
A2 =  9.15534 # +-703270828.04925
A3 =  -5.68222 # +-120574992.00172
A4 =  27.42601 # +-3845377719.07179
A5 =  -66.23785 # +-82382088823.31592
A6 =  76.51461 # +-291354170124.21375
A7 =  -31.86677 # +-168351383923.97299
Fitting strange quark PDF...#chisq/dof = 5.43415e-10
#status = success
LHAPDF 6.4.0 loading /home/yehudi/LHAPDF6/share/LHAPDF/CT18NLO/CT18NLO_0000.dat
CT18NLO PDF set, member #0, version 1; LHAPDF ID = 14400
PDF chosen : 0
15.0828
 done.
Fit result:
A0 =  0.04309 # +-19074.12950
A1 =  -1.58354 # +-178259.96446
A2 =  9.92611 # +-5053870.97984
A3 =  0.20806 # +-390724669.79306
A4 =  -10.25042 # +-9952036872.78682
A5 =  44.72450 # +-84262421161.44214
A6 =  -73.54891 # +-172371559904.31345
A7 =  48.71305 # +-66289372959.29397
Fitting bottom quark PDF...#chisq/dof = 2.47183e-10
#status = success
LHAPDF 6.4.0 loading /home/yehudi/LHAPDF6/share/LHAPDF/CT18NLO/CT18NLO_0000.dat
CT18NLO PDF set, member #0, version 1; LHAPDF ID = 14400
PDF chosen : 0
8.37403
 done.
Fit result:
A0 =  0.04603 # +-7493.65284
A1 =  -1.55255 # +-71570.62692
A2 =  9.63814 # +-47225345.60439
A3 =  -3.87758 # +-74328025.52826
A4 =  6.71635 # +-2536069580.52454
A5 =  0.21002 # +-22596785969.74353
A6 =  -12.09405 # +-47757080810.06966
A7 =  11.62407 # +-19629577873.36952
Fitting sea up quark PDF...#chisq/dof = 9.58514e-11
#status = success
LHAPDF 6.4.0 loading /home/yehudi/LHAPDF6/share/LHAPDF/CT18NLO/CT18NLO_0000.dat
CT18NLO PDF set, member #0, version 1; LHAPDF ID = 14400
PDF chosen : 0
29.6905
 done.
Fit result:
A0 =  0.02758 # +-255549.57058
A1 =  -1.62293 # +-4688291.28052
A2 =  8.18455 # +-214546979.02469
A3 =  7.10717 # +-29167067980.34098
A4 =  -34.93080 # +-399347794563.90851
A5 =  76.22438 # +-1311790422509.36011
A6 =  -71.23476 # +-811924492473.83057
A7 =  25.99761 # +-46459325183.39883
Fitting charm quark PDF...#chisq/dof = 6.3737e-10
#status = exceeded max number of iterations
LHAPDF 6.4.0 loading /home/yehudi/LHAPDF6/share/LHAPDF/CT18NLO/CT18NLO_0000.dat
CT18NLO PDF set, member #0, version 1; LHAPDF ID = 14400
PDF chosen : 0
7.7945
 done.
Fit result:
A0 =  0.06738 # +-10852.18444
A1 =  -1.51491 # +-47032.93847
A2 =  9.76053 # +-11569336.96153
A3 =  -3.12710 # +-56471047.39207
A4 =  2.19515 # +-1973609068.81076
A5 =  12.49573 # +-17036319508.50767
A6 =  -27.75260 # +-35288784553.86005
A7 =  20.66051 # +-14350506989.20749
#chisq/dof = 1.57872e-10
#status = success
Resummed done 
Born done 
Expanded done 
Resummed done 
Born done 
Expanded done 
 Step n ° 4 over 5
 Duration : 1868.95
Performing PDF fit with 5 flavors, Q^2 = mu_F^2 = 2.38952e+06
 and weights: valence: x^-1.6, sea: x^-1.6, gluon: x^-1.6 and xmin = 0.022083 
 Fit function: f = A0 * x^A1 * (1 - x)^A2 * ( 1 + A3 * x^(1/2) + A4 * x + A5 * x^(3/2) + A6 * x^2 + A7 * x^(5/2) )
Fitting gluon PDF...LHAPDF 6.4.0 loading /home/yehudi/LHAPDF6/share/LHAPDF/CT18NLO/CT18NLO_0000.dat
CT18NLO PDF set, member #0, version 1; LHAPDF ID = 14400
PDF chosen : 0
10.7513
 done.
Fit result:
A0 =  0.85209 # +-3101.10564
A1 =  -1.58224 # +-86.75395
A2 =  7.42849 # +-53590.56512
A3 =  -3.04040 # +-90415.61779
A4 =  4.11677 # +-2395759.36131
A5 =  2.59238 # +-18572804.65251
A6 =  -10.19405 # +-33949067.09028
A7 =  7.84367 # +-12590691.48004
Fitting valence down quark PDF...#chisq/dof = 5.25708e-08
#status = success
LHAPDF 6.4.0 loading /home/yehudi/LHAPDF6/share/LHAPDF/CT18NLO/CT18NLO_0000.dat
CT18NLO PDF set, member #0, version 1; LHAPDF ID = 14400
PDF chosen : 0
24.9396
 done.
Fit result:
A0 =  0.05035 # +-182.48129
A1 =  -1.57021 # +-1719.13455
A2 =  5.02391 # +-35528044.33063
A3 =  -0.78915 # +-564664.44549
A4 =  32.23899 # +-3275014.08471
A5 =  -40.22214 # +-497386401.47873
A6 =  39.38388 # +-7712953136.81600
A7 =  -24.90670 # +-76076626.08671
Fitting valence up quark PDF...#chisq/dof = 6.72445e-09
#status = success
LHAPDF 6.4.0 loading /home/yehudi/LHAPDF6/share/LHAPDF/CT18NLO/CT18NLO_0000.dat
CT18NLO PDF set, member #0, version 1; LHAPDF ID = 14400
PDF chosen : 0
16.4903
 done.
Fit result:
A0 =  0.09384 # +-34754.85431
A1 =  -1.41793 # +-62400.58363
A2 =  3.89739 # +-142469.44928
A3 =  3.71618 # +-208510658.53248
A4 =  -3.84046 # +-2353285462.07906
A5 =  92.84212 # +-64158435174.50337
A6 =  -145.39963 # +-112862873831.90019
A7 =  58.22872 # +-15313700965.81126
Fitting sea down quark PDF...#chisq/dof = 1.0001e-08
#status = success
LHAPDF 6.4.0 loading /home/yehudi/LHAPDF6/share/LHAPDF/CT18NLO/CT18NLO_0000.dat
CT18NLO PDF set, member #0, version 1; LHAPDF ID = 14400
PDF chosen : 0
3.52467
 done.
Fit result:
A0 =  0.23959 # +-323577.11472
A1 =  -1.33248 # +-110269.87600
A2 =  9.06441 # +-661626726.90159
A3 =  -5.85183 # +-121436339.87676
A4 =  28.21408 # +-4021017270.88521
A5 =  -67.71336 # +-83953795533.79912
A6 =  77.61809 # +-293913367820.39795
A7 =  -32.07279 # +-167194361742.14871
Fitting strange quark PDF...#chisq/dof = 5.30609e-10
#status = success
LHAPDF 6.4.0 loading /home/yehudi/LHAPDF6/share/LHAPDF/CT18NLO/CT18NLO_0000.dat
CT18NLO PDF set, member #0, version 1; LHAPDF ID = 14400
PDF chosen : 0
13.5477
 done.
Fit result:
A0 =  0.04546 # +-26240.36331
A1 =  -1.55829 # +-220251.68409
A2 =  9.76525 # +-4426430.84092
A3 =  0.37401 # +-486859706.28369
A4 =  -10.75189 # +-12059227328.75916
A5 =  45.75087 # +-100299618756.40283
A6 =  -74.49447 # +-201689815987.88144
A7 =  49.00319 # +-76053303987.49586
Fitting bottom quark PDF...#chisq/dof = 2.30189e-10
#status = exceeded max number of iterations
LHAPDF 6.4.0 loading /home/yehudi/LHAPDF6/share/LHAPDF/CT18NLO/CT18NLO_0000.dat
CT18NLO PDF set, member #0, version 1; LHAPDF ID = 14400
PDF chosen : 0
7.07808
 done.
Fit result:
A0 =  0.04873 # +-9173.11141
A1 =  -1.52098 # +-79411.06950
A2 =  9.38446 # +-57220299.65282
A3 =  -4.00947 # +-77316759.26244
A4 =  7.49437 # +-2575041387.33722
A5 =  -2.32514 # +-22395856954.12227
A6 =  -8.05793 # +-46206338287.91685
A7 =  8.95458 # +-18714912593.58391
Fitting sea up quark PDF...#chisq/dof = 7.76998e-11
#status = success
LHAPDF 6.4.0 loading /home/yehudi/LHAPDF6/share/LHAPDF/CT18NLO/CT18NLO_0000.dat
CT18NLO PDF set, member #0, version 1; LHAPDF ID = 14400
PDF chosen : 0
25.5043
 done.
Fit result:
A0 =  0.03092 # +-366068.24059
A1 =  -1.58906 # +-5364536.09077
A2 =  8.08681 # +-234636701.91670
A3 =  7.10847 # +-32876435775.35371
A4 =  -34.31160 # +-433535908784.57672
A5 =  73.21556 # +-1341460499778.67944
A6 =  -65.73943 # +-726349451284.33191
A7 =  22.83251 # +-29483640626.23270
Fitting charm quark PDF...#chisq/dof = 6.80829e-10
#status = exceeded max number of iterations
LHAPDF 6.4.0 loading /home/yehudi/LHAPDF6/share/LHAPDF/CT18NLO/CT18NLO_0000.dat
CT18NLO PDF set, member #0, version 1; LHAPDF ID = 14400
PDF chosen : 0
6.82189
 done.
Fit result:
A0 =  0.07163 # +-14161.57467
A1 =  -1.48694 # +-54647.58336
A2 =  9.61266 # +-10445120.65339
A3 =  -3.06311 # +-64435207.32188
A4 =  1.83130 # +-2235208375.22524
A5 =  13.18462 # +-18872845557.77017
A6 =  -28.16975 # +-38261424226.95489
A7 =  20.72043 # +-15230060797.96558
#chisq/dof = 1.42118e-10
#status = success
Resummed done 
Born done 
Expanded done 
Resummed done 
Born done 
Expanded done 
Performing PDF fit with 5 flavors, Q^2 = mu_F^2 = 9.55808e+06
 and weights: valence: x^-1.6, sea: x^-1.6, gluon: x^-1.6 and xmin = 0.022083 
 Fit function: f = A0 * x^A1 * (1 - x)^A2 * ( 1 + A3 * x^(1/2) + A4 * x + A5 * x^(3/2) + A6 * x^2 + A7 * x^(5/2) )
Fitting gluon PDF...LHAPDF 6.4.0 loading /home/yehudi/LHAPDF6/share/LHAPDF/CT18NLO/CT18NLO_0000.dat
CT18NLO PDF set, member #0, version 1; LHAPDF ID = 14400
PDF chosen : 0
11.1515
 done.
Fit result:
A0 =  0.80887 # +-2933.08181
A1 =  -1.59774 # +-91.47670
A2 =  7.50695 # +-67463.01652
A3 =  -3.23126 # +-92937.84089
A4 =  5.07201 # +-2482248.04750
A5 =  0.49112 # +-19665177.67498
A6 =  -8.13128 # +-36511157.94884
A7 =  6.99585 # +-13648181.68781
Fitting valence down quark PDF...#chisq/dof = 5.37336e-08
#status = success
LHAPDF 6.4.0 loading /home/yehudi/LHAPDF6/share/LHAPDF/CT18NLO/CT18NLO_0000.dat
CT18NLO PDF set, member #0, version 1; LHAPDF ID = 14400
PDF chosen : 0
26.1379
 done.
Fit result:
A0 =  0.04831 # +-162.89682
A1 =  -1.58415 # +-1666.38001
A2 =  5.06676 # +-45904389.99991
A3 =  -0.83339 # +-623806.20381
A4 =  32.20620 # +-3791595.55199
A5 =  -40.09199 # +-685869652.97521
A6 =  37.28609 # +-10031980005.71216
A7 =  -23.16999 # +-14891704.06309
Fitting valence up quark PDF...#chisq/dof = 5.82558e-09
#status = exceeded max number of iterations
LHAPDF 6.4.0 loading /home/yehudi/LHAPDF6/share/LHAPDF/CT18NLO/CT18NLO_0000.dat
CT18NLO PDF set, member #0, version 1; LHAPDF ID = 14400
PDF chosen : 0
18.4933
 done.
Fit result:
A0 =  0.08431 # +-32364.02989
A1 =  -1.44333 # +-71918.88569
A2 =  3.94879 # +-158624.34908
A3 =  3.74963 # +-240460710.44847
A4 =  -2.73641 # +-2619395437.48353
A5 =  94.54346 # +-77869801722.80338
A6 =  -150.51590 # +-140078970332.88324
A7 =  60.87548 # +-19322358832.03032
Fitting sea down quark PDF...#chisq/dof = 8.63967e-09
#status = success
LHAPDF 6.4.0 loading /home/yehudi/LHAPDF6/share/LHAPDF/CT18NLO/CT18NLO_0000.dat
CT18NLO PDF set, member #0, version 1; LHAPDF ID = 14400
PDF chosen : 0
3.88476
 done.
Fit result:
A0 =  0.21840 # +-286825.85026
A1 =  -1.35480 # +-116925.20436
A2 =  9.10641 # +-737192585.62653
A3 =  -5.75028 # +-132260672.06101
A4 =  27.75511 # +-4273995176.97433
A5 =  -66.84119 # +-90265937190.10434
A6 =  76.91333 # +-317427267403.52704
A7 =  -31.89658 # +-181904677595.07501
Fitting strange quark PDF...#chisq/dof = 5.38546e-10
#status = success
LHAPDF 6.4.0 loading /home/yehudi/LHAPDF6/share/LHAPDF/CT18NLO/CT18NLO_0000.dat
CT18NLO PDF set, member #0, version 1; LHAPDF ID = 14400
PDF chosen : 0
13.6126
 done.
Fit result:
A0 =  0.04580 # +-23262.93526
A1 =  -1.56706 # +-194508.60703
A2 =  9.84181 # +-5124908.66597
A3 =  0.07667 # +-407484306.98516
A4 =  -9.45620 # +-10299003716.58727
A5 =  42.30160 # +-86563588126.09085
A6 =  -69.94646 # +-175694397687.98019
A7 =  46.42878 # +-66902209438.52295
Fitting bottom quark PDF...#chisq/dof = 2.40698e-10
#status = success
LHAPDF 6.4.0 loading /home/yehudi/LHAPDF6/share/LHAPDF/CT18NLO/CT18NLO_0000.dat
CT18NLO PDF set, member #0, version 1; LHAPDF ID = 14400
PDF chosen : 0
7.28543
 done.
Fit result:
A0 =  0.04933 # +-8829.58027
A1 =  -1.53184 # +-74719.55679
A2 =  9.43079 # +-63162889.00289
A3 =  -4.11143 # +-71889782.04191
A4 =  8.07987 # +-2381400055.56799
A5 =  -3.84786 # +-20841187328.67817
A6 =  -6.20599 # +-43191333000.43545
A7 =  7.96271 # +-17588646429.00563
Fitting sea up quark PDF...#chisq/dof = 8.69859e-11
#status = success
LHAPDF 6.4.0 loading /home/yehudi/LHAPDF6/share/LHAPDF/CT18NLO/CT18NLO_0000.dat
CT18NLO PDF set, member #0, version 1; LHAPDF ID = 14400
PDF chosen : 0
26.5367
 done.
Fit result:
A0 =  0.02986 # +-325719.36730
A1 =  -1.60370 # +-5132986.08657
A2 =  8.10782 # +-212857032.50163
A3 =  6.92366 # +-30934300301.33381
A4 =  -34.27170 # +-425158795350.40881
A5 =  74.68598 # +-1397744935346.71875
A6 =  -69.53920 # +-867175306971.60974
A7 =  25.16776 # +-50323374250.58364
Fitting charm quark PDF...#chisq/dof = 6.40391e-10
#status = exceeded max number of iterations
LHAPDF 6.4.0 loading /home/yehudi/LHAPDF6/share/LHAPDF/CT18NLO/CT18NLO_0000.dat
CT18NLO PDF set, member #0, version 1; LHAPDF ID = 14400
PDF chosen : 0
7.05847
 done.
Fit result:
A0 =  0.07066 # +-13293.23448
A1 =  -1.49928 # +-52903.18389
A2 =  9.67049 # +-11863189.01109
A3 =  -3.17954 # +-61137285.06523
A4 =  2.50592 # +-2124833690.51914
A5 =  11.45722 # +-18098042633.82632
A6 =  -26.07081 # +-36970559411.97038
A7 =  19.55543 # +-14823346194.13918
#chisq/dof = 1.50659e-10
#status = success
Resummed done 
Born done 
Expanded done 
Resummed done 
Born done 
Expanded done 
Resummed done 
Born done 
Expanded done 
Performing PDF fit with 5 flavors, Q^2 = mu_F^2 = 3.82323e+07
 and weights: valence: x^-1.6, sea: x^-1.6, gluon: x^-1.6 and xmin = 0.022083 
 Fit function: f = A0 * x^A1 * (1 - x)^A2 * ( 1 + A3 * x^(1/2) + A4 * x + A5 * x^(3/2) + A6 * x^2 + A7 * x^(5/2) )
Fitting gluon PDF...LHAPDF 6.4.0 loading /home/yehudi/LHAPDF6/share/LHAPDF/CT18NLO/CT18NLO_0000.dat
CT18NLO PDF set, member #0, version 1; LHAPDF ID = 14400
PDF chosen : 0
11.4858
 done.
Fit result:
A0 =  0.77275 # +-2779.14226
A1 =  -1.61123 # +-95.40339
A2 =  7.55773 # +-86504.63887
A3 =  -3.41841 # +-94537.59055
A4 =  6.02486 # +-2525127.83089
A5 =  -1.71688 # +-20365716.63789
A6 =  -5.79480 # +-38254407.85764
A7 =  5.93775 # +-14395474.04876
Fitting valence down quark PDF...#chisq/dof = 5.49293e-08
#status = success
LHAPDF 6.4.0 loading /home/yehudi/LHAPDF6/share/LHAPDF/CT18NLO/CT18NLO_0000.dat
CT18NLO PDF set, member #0, version 1; LHAPDF ID = 14400
PDF chosen : 0
27.4293
 done.
Fit result:
A0 =  0.04621 # +-148.85154
A1 =  -1.59770 # +-1652.55678
A2 =  5.10504 # +-58689221.04189
A3 =  -0.86298 # +-737258.25074
A4 =  32.26216 # +-4505658.69983
A5 =  -40.04958 # +-921817209.25968
A6 =  35.43469 # +-13072628531.20922
A7 =  -21.64858 # +-43381448.75376
Fitting valence up quark PDF...#chisq/dof = 5.03232e-09
#status = success
LHAPDF 6.4.0 loading /home/yehudi/LHAPDF6/share/LHAPDF/CT18NLO/CT18NLO_0000.dat
CT18NLO PDF set, member #0, version 1; LHAPDF ID = 14400
PDF chosen : 0
20.5807
 done.
Fit result:
A0 =  0.07622 # +-30279.65886
A1 =  -1.46682 # +-82252.23369
A2 =  3.99898 # +-173502.96018
A3 =  3.78561 # +-275362958.33997
A4 =  -1.66948 # +-2895554808.49190
A5 =  96.32575 # +-93673020574.81754
A6 =  -155.63733 # +-171803644945.05896
A7 =  63.52375 # +-24038675004.87315
Fitting sea down quark PDF...#chisq/dof = 7.55351e-09
#status = success
LHAPDF 6.4.0 loading /home/yehudi/LHAPDF6/share/LHAPDF/CT18NLO/CT18NLO_0000.dat
CT18NLO PDF set, member #0, version 1; LHAPDF ID = 14400
PDF chosen : 0
4.25034
 done.
Fit result:
A0 =  0.20022 # +-254822.33401
A1 =  -1.37537 # +-122903.74343
A2 =  9.14575 # +-811955256.83934
A3 =  -5.65436 # +-142563217.73421
A4 =  27.33008 # +-4500963988.06566
A5 =  -66.04868 # +-96194742331.97754
A6 =  76.28752 # +-339830345108.04126
A7 =  -31.74697 # +-196118056813.38898
Fitting strange quark PDF...#chisq/dof = 5.44629e-10
#status = success
LHAPDF 6.4.0 loading /home/yehudi/LHAPDF6/share/LHAPDF/CT18NLO/CT18NLO_0000.dat
CT18NLO PDF set, member #0, version 1; LHAPDF ID = 14400
PDF chosen : 0
13.5996
 done.
Fit result:
A0 =  0.04627 # +-20723.60026
A1 =  -1.57435 # +-171631.19411
A2 =  9.90569 # +-5954566.63251
A3 =  -0.22301 # +-340103790.48018
A4 =  -8.10242 # +-8753134278.56331
A5 =  38.62012 # +-74318655181.56651
A6 =  -65.00019 # +-152158101932.20038
A7 =  43.56527 # +-58467336750.68835
Fitting bottom quark PDF...#chisq/dof = 2.49271e-10
#status = success
LHAPDF 6.4.0 loading /home/yehudi/LHAPDF6/share/LHAPDF/CT18NLO/CT18NLO_0000.dat
CT18NLO PDF set, member #0, version 1; LHAPDF ID = 14400
PDF chosen : 0
7.51861
 done.
Fit result:
A0 =  0.04944 # +-8495.62650
A1 =  -1.54258 # +-71664.06241
A2 =  9.46514 # +-69806517.64879
A3 =  -4.18694 # +-68446973.68080
A4 =  8.51326 # +-2249807939.61634
A5 =  -4.99088 # +-19756281851.93770
A6 =  -4.79727 # +-41010219485.74340
A7 =  7.17975 # +-16745547355.00406
Fitting sea up quark PDF...#chisq/dof = 9.61696e-11
#status = success
LHAPDF 6.4.0 loading /home/yehudi/LHAPDF6/share/LHAPDF/CT18NLO/CT18NLO_0000.dat
CT18NLO PDF set, member #0, version 1; LHAPDF ID = 14400
PDF chosen : 0
27.4111
 done.
Fit result:
A0 =  0.02901 # +-286124.95902
A1 =  -1.61654 # +-4797998.62356
A2 =  8.11719 # +-189743840.97694
A3 =  6.73051 # +-28376169104.94006
A4 =  -34.17558 # +-405797483246.19299
A5 =  75.93900 # +-1408445966931.22729
A6 =  -73.03709 # +-978429267762.54028
A7 =  27.35749 # +-74133165908.60149
Fitting charm quark PDF...#chisq/dof = 5.98075e-10
#status = exceeded max number of iterations
LHAPDF 6.4.0 loading /home/yehudi/LHAPDF6/share/LHAPDF/CT18NLO/CT18NLO_0000.dat
CT18NLO PDF set, member #0, version 1; LHAPDF ID = 14400
PDF chosen : 0
7.23752
 done.
Fit result:
A0 =  0.07006 # +-12465.71353
A1 =  -1.50970 # +-50698.22678
A2 =  9.71129 # +-13725397.31699
A3 =  -3.31445 # +-57155353.50170
A4 =  3.29404 # +-1985916284.23720
A5 =  9.36109 # +-17044490506.11087
A6 =  -23.39992 # +-35047869004.65433
A7 =  18.01840 # +-14158265051.87382
#chisq/dof = 1.59084e-10
#status = success
Resummed done 
Born done 
Expanded done 
Resummed done 
Born done 
Expanded done 
 Step n ° 5 over 5
 Duration : 2310.43
Thanks for using LHAPDF 6.4.0. Please make sure to cite the paper:
  Eur.Phys.J. C75 (2015) 3, 132  (http://arxiv.org/abs/1412.7420)
