 ** INFO: Initializing the collision setup.
LHAPDF 6.4.0 loading /home/yehudi/LHAPDF6/share/LHAPDF/CT18NLO/CT18NLO_0000.dat
CT18NLO PDF set, member #0, version 1; LHAPDF ID = 14400
Performing PDF fit with 5 flavors, Q^2 = mu_F^2 = 183786
 and weights: valence: x^-1.6, sea: x^-1.6, gluon: x^-1.6 and xmin = 0.00612433 
 Fit function: f = A0 * x^A1 * (1 - x)^A2 * ( 1 + A3 * x^(1/2) + A4 * x + A5 * x^(3/2) + A6 * x^2 + A7 * x^(5/2) )
Fitting gluon PDF...LHAPDF 6.4.0 loading /home/yehudi/LHAPDF6/share/LHAPDF/CT18NLO/CT18NLO_0000.dat
CT18NLO PDF set, member #0, version 1; LHAPDF ID = 14400
PDF chosen : 0
24.061
 done.
Fit result:
A0 =  1.37537 # +-3.08145
A1 =  -1.49594 # +-0.02788
A2 =  2.72358 # +-1884.94889
A3 =  -4.36947 # +-50.89080
A4 =  8.41537 # +-530.67460
A5 =  -8.09351 # +-3835.48412
A6 =  2.92515 # +-6786.09942
A7 =  0.19407 # +-1736.46334
Fitting valence down quark PDF...#chisq/dof = 2.00334e-07
#status = success
LHAPDF 6.4.0 loading /home/yehudi/LHAPDF6/share/LHAPDF/CT18NLO/CT18NLO_0000.dat
CT18NLO PDF set, member #0, version 1; LHAPDF ID = 14400
PDF chosen : 0
11.5582
 done.
Fit result:
A0 =  0.21642 # +-129.16124
A1 =  -1.32223 # +-43.41657
A2 =  5.28734 # +-1194742.27924
A3 =  -4.08272 # +-110288.27405
A4 =  29.43748 # +-2221141.69776
A5 =  -59.70312 # +-105889023.49639
A6 =  66.94014 # +-146027168.00753
A7 =  -30.33077 # +-180565901.92374
Fitting valence up quark PDF...#chisq/dof = 2.32868e-08
#status = success
LHAPDF 6.4.0 loading /home/yehudi/LHAPDF6/share/LHAPDF/CT18NLO/CT18NLO_0000.dat
CT18NLO PDF set, member #0, version 1; LHAPDF ID = 14400
PDF chosen : 0
215.015
 done.
Fit result:
A0 =  0.01254 # +-186.71036
A1 =  -1.65867 # +-12746.24118
A2 =  4.24857 # +-53904.73479
A3 =  20.84996 # +-269224441.98867
A4 =  2.76099 # +-52800051.55140
A5 =  270.05793 # +-38327375979.94148
A6 =  15.30067 # +-41380771196.24656
A7 =  -202.91106 # +-107921780489.15555
Fitting sea down quark PDF...#chisq/dof = 3.08321e-07
#status = exceeded max number of iterations
LHAPDF 6.4.0 loading /home/yehudi/LHAPDF6/share/LHAPDF/CT18NLO/CT18NLO_0000.dat
CT18NLO PDF set, member #0, version 1; LHAPDF ID = 14400
PDF chosen : 0
15.6594
 done.
Fit result:
A0 =  0.13955 # +-130.51076
A1 =  -1.37799 # +-100.73446
A2 =  11.33916 # +-25710.60263
A3 =  -1.70685 # +-343552.90863
A4 =  -0.77336 # +-17210829.01825
A5 =  56.80403 # +-325199753.21340
A6 =  -161.45578 # +-1272245843.95733
A7 =  154.89547 # +-850578309.10098
Fitting strange quark PDF...#chisq/dof = 3.36029e-09
#status = success
LHAPDF 6.4.0 loading /home/yehudi/LHAPDF6/share/LHAPDF/CT18NLO/CT18NLO_0000.dat
CT18NLO PDF set, member #0, version 1; LHAPDF ID = 14400
PDF chosen : 0
16.8746
 done.
Fit result:
A0 =  0.10886 # +-3.25055
A1 =  -1.41907 # +-4.51620
A2 =  3.55563 # +-3167775.02911
A3 =  -3.95310 # +-11143.56836
A4 =  8.39481 # +-1045539.38679
A5 =  -13.42071 # +-7750608.32747
A6 =  13.17616 # +-4544562.10109
A7 =  -5.28889 # +-721249.32180
Fitting bottom quark PDF...#chisq/dof = 3.73407e-10
#status = success
LHAPDF 6.4.0 loading /home/yehudi/LHAPDF6/share/LHAPDF/CT18NLO/CT18NLO_0000.dat
CT18NLO PDF set, member #0, version 1; LHAPDF ID = 14400
PDF chosen : 0
17.0015
 done.
Fit result:
A0 =  0.06695 # +-16.80752
A1 =  -1.44679 # +-61.90985
A2 =  4.63242 # +-6556802.68680
A3 =  -5.45986 # +-132086.00137
A4 =  13.67932 # +-1100610.46036
A5 =  -18.13672 # +-6498425.02542
A6 =  11.86234 # +-15017524.98460
A7 =  -2.89079 # +-5494015.54927
Fitting sea up quark PDF...#chisq/dof = 8.16612e-11
#status = success
LHAPDF 6.4.0 loading /home/yehudi/LHAPDF6/share/LHAPDF/CT18NLO/CT18NLO_0000.dat
CT18NLO PDF set, member #0, version 1; LHAPDF ID = 14400
PDF chosen : 0
30.8563
 done.
Fit result:
A0 =  0.06883 # +-521.08323
A1 =  -1.47601 # +-1454.58427
A2 =  8.98511 # +-2845863007.22140
A3 =  0.79174 # +-9178984.15279
A4 =  -3.39220 # +-954770644.12771
A5 =  -2.09542 # +-26492350347.12019
A6 =  26.22433 # +-343176240860.74396
A7 =  -19.09389 # +-792041360957.67651
Fitting charm quark PDF...#chisq/dof = 4.45955e-09
#status = success
LHAPDF 6.4.0 loading /home/yehudi/LHAPDF6/share/LHAPDF/CT18NLO/CT18NLO_0000.dat
CT18NLO PDF set, member #0, version 1; LHAPDF ID = 14400
PDF chosen : 0
15.6724
 done.
Fit result:
A0 =  0.10011 # +-37.99612
A1 =  -1.41632 # +-60.78018
A2 =  8.09255 # +-16454611.15354
A3 =  -4.30268 # +-148810.60546
A4 =  8.63171 # +-2896930.61589
A5 =  -6.82991 # +-44322492.94049
A6 =  0.85525 # +-122698061.71252
A7 =  1.44118 # +-21437833.33344
#chisq/dof = 1.18604e-10
#status = success
Resummed done 
Born done 
Expanded done 
Resummed done 
Born done 
Expanded done 
Performing PDF fit with 5 flavors, Q^2 = mu_F^2 = 735145
 and weights: valence: x^-1.6, sea: x^-1.6, gluon: x^-1.6 and xmin = 0.00612433 
 Fit function: f = A0 * x^A1 * (1 - x)^A2 * ( 1 + A3 * x^(1/2) + A4 * x + A5 * x^(3/2) + A6 * x^2 + A7 * x^(5/2) )
Fitting gluon PDF...LHAPDF 6.4.0 loading /home/yehudi/LHAPDF6/share/LHAPDF/CT18NLO/CT18NLO_0000.dat
CT18NLO PDF set, member #0, version 1; LHAPDF ID = 14400
PDF chosen : 0
26.2727
 done.
Fit result:
A0 =  1.28844 # +-42.54689
A1 =  -1.51553 # +-0.37613
A2 =  7.15592 # +-293633.59640
A3 =  -4.49070 # +-1401.67306
A4 =  12.71583 # +-32463.50951
A5 =  -21.99061 # +-202091.21126
A6 =  23.60373 # +-311769.63347
A7 =  -10.79473 # +-198433.83734
Fitting valence down quark PDF...#chisq/dof = 2.15993e-07
#status = success
LHAPDF 6.4.0 loading /home/yehudi/LHAPDF6/share/LHAPDF/CT18NLO/CT18NLO_0000.dat
CT18NLO PDF set, member #0, version 1; LHAPDF ID = 14400
PDF chosen : 0
13.0349
 done.
Fit result:
A0 =  0.19898 # +-113.45639
A1 =  -1.34543 # +-45.00737
A2 =  5.35040 # +-1264150.55457
A3 =  -4.07533 # +-115477.76060
A4 =  29.71326 # +-2319912.84739
A5 =  -60.25682 # +-112685045.82280
A6 =  67.33645 # +-152034383.04331
A7 =  -30.44947 # +-187827136.26510
Fitting valence up quark PDF...#chisq/dof = 2.00118e-08
#status = success
LHAPDF 6.4.0 loading /home/yehudi/LHAPDF6/share/LHAPDF/CT18NLO/CT18NLO_0000.dat
CT18NLO PDF set, member #0, version 1; LHAPDF ID = 14400
PDF chosen : 0
188.693
 done.
Fit result:
A0 =  0.01481 # +-103.53949
A1 =  -1.65456 # +-5276.76262
A2 =  4.29969 # +-61195.94577
A3 =  17.58991 # +-89176383.59714
A4 =  -0.88523 # +-8165707.38702
A5 =  255.07217 # +-17702629544.31512
A6 =  -73.09605 # +-1581278090.91591
A7 =  -115.63486 # +-20816923339.88227
Fitting sea down quark PDF...#chisq/dof = 2.46595e-07
#status = success
LHAPDF 6.4.0 loading /home/yehudi/LHAPDF6/share/LHAPDF/CT18NLO/CT18NLO_0000.dat
CT18NLO PDF set, member #0, version 1; LHAPDF ID = 14400
PDF chosen : 0
16.6758
 done.
Fit result:
A0 =  0.13610 # +-111.33252
A1 =  -1.39379 # +-90.97414
A2 =  11.38756 # +-31620.88473
A3 =  -2.03966 # +-297344.62638
A4 =  1.76983 # +-14969115.01556
A5 =  45.44755 # +-285706447.86483
A6 =  -139.28273 # +-1127710838.20974
A7 =  138.04229 # +-766312113.79468
Fitting strange quark PDF...#chisq/dof = 2.95673e-09
#status = success
LHAPDF 6.4.0 loading /home/yehudi/LHAPDF6/share/LHAPDF/CT18NLO/CT18NLO_0000.dat
CT18NLO PDF set, member #0, version 1; LHAPDF ID = 14400
PDF chosen : 0
17.9799
 done.
Fit result:
A0 =  0.10696 # +-3.89899
A1 =  -1.43330 # +-5.47977
A2 =  3.68700 # +-3782083.66066
A3 =  -4.06480 # +-14755.65739
A4 =  8.89776 # +-1020058.63609
A5 =  -14.29609 # +-7897245.85015
A6 =  13.89876 # +-4691692.75020
A7 =  -5.53573 # +-800017.03063
Fitting bottom quark PDF...#chisq/dof = 3.79944e-10
#status = success
LHAPDF 6.4.0 loading /home/yehudi/LHAPDF6/share/LHAPDF/CT18NLO/CT18NLO_0000.dat
CT18NLO PDF set, member #0, version 1; LHAPDF ID = 14400
PDF chosen : 0
17.9386
 done.
Fit result:
A0 =  0.06911 # +-16.21460
A1 =  -1.45925 # +-55.98439
A2 =  4.37526 # +-5682685.79575
A3 =  -5.60169 # +-119948.72907
A4 =  14.41617 # +-1070413.24030
A5 =  -19.92349 # +-5197356.68707
A6 =  13.93299 # +-10366158.42387
A7 =  -3.79130 # +-3406197.00759
Fitting sea up quark PDF...#chisq/dof = 1.01038e-10
#status = success
LHAPDF 6.4.0 loading /home/yehudi/LHAPDF6/share/LHAPDF/CT18NLO/CT18NLO_0000.dat
CT18NLO PDF set, member #0, version 1; LHAPDF ID = 14400
PDF chosen : 0
32.1403
 done.
Fit result:
A0 =  0.06868 # +-486.68714
A1 =  -1.48805 # +-1367.05365
A2 =  9.05959 # +-3708049135.48817
A3 =  0.48296 # +-8519557.85694
A4 =  -2.86205 # +-1492751567.92550
A5 =  -1.45104 # +-22482262205.67270
A6 =  23.09633 # +-332526343449.36749
A7 =  -17.08912 # +-832525956613.51904
Fitting charm quark PDF...#chisq/dof = 4.05562e-09
#status = success
LHAPDF 6.4.0 loading /home/yehudi/LHAPDF6/share/LHAPDF/CT18NLO/CT18NLO_0000.dat
CT18NLO PDF set, member #0, version 1; LHAPDF ID = 14400
PDF chosen : 0
16.7449
 done.
Fit result:
A0 =  0.09913 # +-37.03238
A1 =  -1.43111 # +-60.16018
A2 =  7.88773 # +-21996360.36329
A3 =  -4.43682 # +-150403.20438
A4 =  9.23683 # +-3938996.09840
A5 =  -8.19234 # +-71092221.79170
A6 =  2.18267 # +-223594539.00007
A7 =  0.73656 # +-46322345.79636
#chisq/dof = 1.35053e-10
#status = success
Resummed done 
Born done 
Expanded done 
Resummed done 
Born done 
Expanded done 
Resummed done 
Born done 
Expanded done 
Performing PDF fit with 5 flavors, Q^2 = mu_F^2 = 2.94058e+06
 and weights: valence: x^-1.6, sea: x^-1.6, gluon: x^-1.6 and xmin = 0.00612433 
 Fit function: f = A0 * x^A1 * (1 - x)^A2 * ( 1 + A3 * x^(1/2) + A4 * x + A5 * x^(3/2) + A6 * x^2 + A7 * x^(5/2) )
Fitting gluon PDF...LHAPDF 6.4.0 loading /home/yehudi/LHAPDF6/share/LHAPDF/CT18NLO/CT18NLO_0000.dat
CT18NLO PDF set, member #0, version 1; LHAPDF ID = 14400
PDF chosen : 0
28.1859
 done.
Fit result:
A0 =  1.22180 # +-41.45900
A1 =  -1.53213 # +-0.40771
A2 =  7.34985 # +-269639.04029
A3 =  -4.68300 # +-1511.86610
A4 =  13.85217 # +-19895.82447
A5 =  -24.79814 # +-115497.85479
A6 =  26.90123 # +-184126.24540
A7 =  -12.29298 # +-277073.65025
Fitting valence down quark PDF...#chisq/dof = 2.28881e-07
#status = success
LHAPDF 6.4.0 loading /home/yehudi/LHAPDF6/share/LHAPDF/CT18NLO/CT18NLO_0000.dat
CT18NLO PDF set, member #0, version 1; LHAPDF ID = 14400
PDF chosen : 0
14.4953
 done.
Fit result:
A0 =  0.18458 # +-103.50025
A1 =  -1.36601 # +-47.58859
A2 =  5.40962 # +-1373163.21658
A3 =  -4.07712 # +-123478.30767
A4 =  30.01694 # +-2478908.01709
A5 =  -60.95769 # +-122740391.33992
A6 =  67.96602 # +-162614408.67109
A7 =  -30.68607 # +-200605011.94441
Fitting valence up quark PDF...#chisq/dof = 1.71828e-08
#status = success
LHAPDF 6.4.0 loading /home/yehudi/LHAPDF6/share/LHAPDF/CT18NLO/CT18NLO_0000.dat
CT18NLO PDF set, member #0, version 1; LHAPDF ID = 14400
PDF chosen : 0
181.876
 done.
Fit result:
A0 =  0.01585 # +-77.79909
A1 =  -1.65927 # +-3537.50884
A2 =  4.34482 # +-67908.41260
A3 =  15.86980 # +-53060605.15100
A4 =  -2.11931 # +-28305931.51033
A5 =  250.15853 # +-13069421072.84785
A6 =  -122.02747 # +-561487134.54031
A7 =  -69.93392 # +-7970480048.15693
Fitting sea down quark PDF...#chisq/dof = 1.98609e-07
#status = success
LHAPDF 6.4.0 loading /home/yehudi/LHAPDF6/share/LHAPDF/CT18NLO/CT18NLO_0000.dat
CT18NLO PDF set, member #0, version 1; LHAPDF ID = 14400
PDF chosen : 0
17.7572
 done.
Fit result:
A0 =  0.13201 # +-97.40564
A1 =  -1.40874 # +-84.99962
A2 =  11.43578 # +-38005.34048
A3 =  -2.28938 # +-269590.98455
A4 =  3.70375 # +-13615314.21256
A5 =  36.74767 # +-262431801.37590
A6 =  -122.25542 # +-1044347580.56051
A7 =  125.12247 # +-720192089.51463
Fitting strange quark PDF...#chisq/dof = 2.66484e-09
#status = success
LHAPDF 6.4.0 loading /home/yehudi/LHAPDF6/share/LHAPDF/CT18NLO/CT18NLO_0000.dat
CT18NLO PDF set, member #0, version 1; LHAPDF ID = 14400
PDF chosen : 0
19.0706
 done.
Fit result:
A0 =  0.10485 # +-4.56168
A1 =  -1.44640 # +-6.57102
A2 =  3.83388 # +-4367413.80499
A3 =  -4.16110 # +-18632.92117
A4 =  9.37023 # +-993270.37348
A5 =  -15.19431 # +-7940545.26238
A6 =  14.71218 # +-4843481.52731
A7 =  -5.83920 # +-900540.96790
Fitting bottom quark PDF...#chisq/dof = 3.96099e-10
#status = success
LHAPDF 6.4.0 loading /home/yehudi/LHAPDF6/share/LHAPDF/CT18NLO/CT18NLO_0000.dat
CT18NLO PDF set, member #0, version 1; LHAPDF ID = 14400
PDF chosen : 0
18.8339
 done.
Fit result:
A0 =  0.07062 # +-16.01108
A1 =  -1.47059 # +-52.86155
A2 =  4.08628 # +-5262941.52951
A3 =  -5.73291 # +-113879.91986
A4 =  15.08165 # +-1066479.51843
A5 =  -21.52151 # +-4416137.08106
A6 =  15.80332 # +-7792459.57030
A7 =  -4.62053 # +-2318494.09729
Fitting sea up quark PDF...#chisq/dof = 1.21028e-10
#status = success
LHAPDF 6.4.0 loading /home/yehudi/LHAPDF6/share/LHAPDF/CT18NLO/CT18NLO_0000.dat
CT18NLO PDF set, member #0, version 1; LHAPDF ID = 14400
PDF chosen : 0
33.4012
 done.
Fit result:
A0 =  0.06831 # +-449.60612
A1 =  -1.49915 # +-1279.67870
A2 =  9.13091 # +-4350386320.41002
A3 =  0.21154 # +-7868128.92352
A4 =  -2.30076 # +-1942473059.75479
A5 =  -1.28547 # +-17753527329.98578
A6 =  21.00621 # +-300023273680.55304
A7 =  -15.66871 # +-810532394313.45984
Fitting charm quark PDF...#chisq/dof = 3.70782e-09
#status = success
LHAPDF 6.4.0 loading /home/yehudi/LHAPDF6/share/LHAPDF/CT18NLO/CT18NLO_0000.dat
CT18NLO PDF set, member #0, version 1; LHAPDF ID = 14400
PDF chosen : 0
17.7606
 done.
Fit result:
A0 =  0.09801 # +-35.11881
A1 =  -1.44436 # +-58.22960
A2 =  7.60116 # +-25173465.51440
A3 =  -4.56370 # +-147217.58085
A4 =  9.74614 # +-4593328.42069
A5 =  -9.24057 # +-93851544.85119
A6 =  3.01100 # +-321776504.17938
A7 =  0.37151 # +-92382325.25345
#chisq/dof = 1.53646e-10
#status = success
Resummed done 
Born done 
Expanded done 
Resummed done 
Born done 
Expanded done 
 Step n ° 1 over 5
 Duration : 609.995
Performing PDF fit with 5 flavors, Q^2 = mu_F^2 = 225862
 and weights: valence: x^-1.6, sea: x^-1.6, gluon: x^-1.6 and xmin = 0.00678927 
 Fit function: f = A0 * x^A1 * (1 - x)^A2 * ( 1 + A3 * x^(1/2) + A4 * x + A5 * x^(3/2) + A6 * x^2 + A7 * x^(5/2) )
Fitting gluon PDF...LHAPDF 6.4.0 loading /home/yehudi/LHAPDF6/share/LHAPDF/CT18NLO/CT18NLO_0000.dat
CT18NLO PDF set, member #0, version 1; LHAPDF ID = 14400
PDF chosen : 0
22.4959
 done.
Fit result:
A0 =  1.34591 # +-4.70147
A1 =  -1.50066 # +-0.04511
A2 =  2.93431 # +-2672.01208
A3 =  -4.34140 # +-78.03724
A4 =  8.37080 # +-805.43498
A5 =  -8.01608 # +-5534.58591
A6 =  2.76813 # +-9726.48464
A7 =  0.29441 # +-2497.14834
Fitting valence down quark PDF...#chisq/dof = 1.63325e-07
#status = success
LHAPDF 6.4.0 loading /home/yehudi/LHAPDF6/share/LHAPDF/CT18NLO/CT18NLO_0000.dat
CT18NLO PDF set, member #0, version 1; LHAPDF ID = 14400
PDF chosen : 0
10.7525
 done.
Fit result:
A0 =  0.22043 # +-286.88071
A1 =  -1.32137 # +-93.77659
A2 =  5.31231 # +-2566815.59184
A3 =  -4.19661 # +-230860.55589
A4 =  29.89541 # +-4672697.17789
A5 =  -61.41912 # +-223092349.27132
A6 =  69.46320 # +-315198801.10255
A7 =  -31.60490 # +-388300787.16498
Fitting valence up quark PDF...#chisq/dof = 2.05697e-08
#status = success
LHAPDF 6.4.0 loading /home/yehudi/LHAPDF6/share/LHAPDF/CT18NLO/CT18NLO_0000.dat
CT18NLO PDF set, member #0, version 1; LHAPDF ID = 14400
PDF chosen : 0
162.011
 done.
Fit result:
A0 =  0.01587 # +-224.66762
A1 =  -1.63452 # +-10007.13192
A2 =  4.24653 # +-55571.63004
A3 =  17.76480 # +-168063739.45476
A4 =  -1.47420 # +-6282804.95273
A5 =  243.64170 # +-28550412472.04237
A6 =  -51.31872 # +-5862040981.68228
A7 =  -126.68064 # +-39422546143.25101
Fitting sea down quark PDF...#chisq/dof = 2.91878e-07
#status = success
LHAPDF 6.4.0 loading /home/yehudi/LHAPDF6/share/LHAPDF/CT18NLO/CT18NLO_0000.dat
CT18NLO PDF set, member #0, version 1; LHAPDF ID = 14400
PDF chosen : 0
12.3917
 done.
Fit result:
A0 =  0.16501 # +-176.72006
A1 =  -1.35888 # +-102.35065
A2 =  11.12886 # +-39022.01198
A3 =  -2.87957 # +-274454.36061
A4 =  7.35993 # +-13718717.27536
A5 =  22.30440 # +-256117126.31263
A6 =  -94.59226 # +-986294558.61563
A7 =  101.79828 # +-647688142.74687
Fitting strange quark PDF...#chisq/dof = 2.64132e-09
#status = success
LHAPDF 6.4.0 loading /home/yehudi/LHAPDF6/share/LHAPDF/CT18NLO/CT18NLO_0000.dat
CT18NLO PDF set, member #0, version 1; LHAPDF ID = 14400
PDF chosen : 0
15.7737
 done.
Fit result:
A0 =  0.10801 # +-3.82487
A1 =  -1.42202 # +-5.57988
A2 =  3.50388 # +-3297268.10329
A3 =  -3.94855 # +-12166.57037
A4 =  8.28340 # +-1151854.87835
A5 =  -13.06397 # +-8665542.40607
A6 =  12.74567 # +-5283378.96753
A7 =  -5.10038 # +-765763.75886
Fitting bottom quark PDF...#chisq/dof = 3.25164e-10
#status = success
LHAPDF 6.4.0 loading /home/yehudi/LHAPDF6/share/LHAPDF/CT18NLO/CT18NLO_0000.dat
CT18NLO PDF set, member #0, version 1; LHAPDF ID = 14400
PDF chosen : 0
15.7038
 done.
Fit result:
A0 =  0.06695 # +-25.71277
A1 =  -1.44945 # +-96.33349
A2 =  4.74646 # +-8770809.70658
A3 =  -5.45213 # +-193001.33113
A4 =  13.68874 # +-1675556.53406
A5 =  -18.20947 # +-8650764.92431
A6 =  11.97305 # +-18084471.70298
A7 =  -2.95059 # +-6425060.38610
Fitting sea up quark PDF...#chisq/dof = 8.23029e-11
#status = success
LHAPDF 6.4.0 loading /home/yehudi/LHAPDF6/share/LHAPDF/CT18NLO/CT18NLO_0000.dat
CT18NLO PDF set, member #0, version 1; LHAPDF ID = 14400
PDF chosen : 0
32.6848
 done.
Fit result:
A0 =  0.06066 # +-141.78990
A1 =  -1.49371 # +-507.80530
A2 =  8.85472 # +-6494065059.30921
A3 =  1.59951 # +-3392724.42570
A4 =  -7.10327 # +-4539261600.48170
A5 =  6.63352 # +-41343604991.59301
A6 =  16.02090 # +-668903069985.99084
A7 =  -14.48491 # +-1697181785995.91528
Fitting charm quark PDF...#chisq/dof = 3.48591e-09
#status = success
LHAPDF 6.4.0 loading /home/yehudi/LHAPDF6/share/LHAPDF/CT18NLO/CT18NLO_0000.dat
CT18NLO PDF set, member #0, version 1; LHAPDF ID = 14400
PDF chosen : 0
14.5367
 done.
Fit result:
A0 =  0.09983 # +-55.80447
A1 =  -1.41882 # +-91.48293
A2 =  8.12459 # +-18238498.87778
A3 =  -4.31439 # +-208212.56847
A4 =  8.71539 # +-2897367.65594
A5 =  -7.03514 # +-41767942.41353
A6 =  1.07322 # +-114251322.75053
A7 =  1.37082 # +-23123504.87897
#chisq/dof = 1.22121e-10
#status = success
Resummed done 
Born done 
Expanded done 
Resummed done 
Born done 
Expanded done 
Performing PDF fit with 5 flavors, Q^2 = mu_F^2 = 903446
 and weights: valence: x^-1.6, sea: x^-1.6, gluon: x^-1.6 and xmin = 0.00678927 
 Fit function: f = A0 * x^A1 * (1 - x)^A2 * ( 1 + A3 * x^(1/2) + A4 * x + A5 * x^(3/2) + A6 * x^2 + A7 * x^(5/2) )
Fitting gluon PDF...LHAPDF 6.4.0 loading /home/yehudi/LHAPDF6/share/LHAPDF/CT18NLO/CT18NLO_0000.dat
CT18NLO PDF set, member #0, version 1; LHAPDF ID = 14400
PDF chosen : 0
24.547
 done.
Fit result:
A0 =  1.25721 # +-54.05552
A1 =  -1.52037 # +-0.51040
A2 =  7.02602 # +-377692.08351
A3 =  -4.44433 # +-1782.91198
A4 =  12.25323 # +-46053.80045
A5 =  -20.46655 # +-333296.06491
A6 =  21.22572 # +-629245.65692
A7 =  -9.53189 # +-94262.44750
Fitting valence down quark PDF...#chisq/dof = 1.90456e-07
#status = success
LHAPDF 6.4.0 loading /home/yehudi/LHAPDF6/share/LHAPDF/CT18NLO/CT18NLO_0000.dat
CT18NLO PDF set, member #0, version 1; LHAPDF ID = 14400
PDF chosen : 0
12.0883
 done.
Fit result:
A0 =  0.20268 # +-253.07296
A1 =  -1.34435 # +-97.61151
A2 =  5.37393 # +-2729063.15776
A3 =  -4.18696 # +-242654.61757
A4 =  30.16540 # +-4888792.77851
A5 =  -61.97649 # +-238126854.61325
A6 =  69.89616 # +-328518316.32961
A7 =  -31.76003 # +-404928937.99040
Fitting valence up quark PDF...#chisq/dof = 1.77068e-08
#status = success
LHAPDF 6.4.0 loading /home/yehudi/LHAPDF6/share/LHAPDF/CT18NLO/CT18NLO_0000.dat
CT18NLO PDF set, member #0, version 1; LHAPDF ID = 14400
PDF chosen : 0
155.724
 done.
Fit result:
A0 =  0.01707 # +-157.92839
A1 =  -1.64015 # +-6233.34131
A2 =  4.29635 # +-63322.50901
A3 =  15.87723 # +-91470466.24750
A4 =  -2.65071 # +-37180372.43320
A5 =  238.73285 # +-19860228907.66949
A6 =  -103.13004 # +-337098767.83467
A7 =  -78.47621 # +-13522071285.73648
Fitting sea down quark PDF...#chisq/dof = 2.34439e-07
#status = success
LHAPDF 6.4.0 loading /home/yehudi/LHAPDF6/share/LHAPDF/CT18NLO/CT18NLO_0000.dat
CT18NLO PDF set, member #0, version 1; LHAPDF ID = 14400
PDF chosen : 0
13.4034
 done.
Fit result:
A0 =  0.15795 # +-154.01932
A1 =  -1.37672 # +-97.66543
A2 =  11.16978 # +-47655.39734
A3 =  -3.06617 # +-256305.44040
A4 =  8.88412 # +-12801146.59161
A5 =  15.21958 # +-241155214.40110
A6 =  -80.56921 # +-935279847.04454
A7 =  91.17240 # +-622790380.88356
Fitting strange quark PDF...#chisq/dof = 2.32774e-09
#status = success
LHAPDF 6.4.0 loading /home/yehudi/LHAPDF6/share/LHAPDF/CT18NLO/CT18NLO_0000.dat
CT18NLO PDF set, member #0, version 1; LHAPDF ID = 14400
PDF chosen : 0
16.7648
 done.
Fit result:
A0 =  0.10607 # +-4.85712
A1 =  -1.43609 # +-7.10777
A2 =  3.65604 # +-4234047.59042
A3 =  -4.05695 # +-17588.66837
A4 =  8.79064 # +-1145114.55628
A5 =  -13.96253 # +-8921315.38914
A6 =  13.48026 # +-5303255.32723
A7 =  -5.34170 # +-892951.62749
Fitting bottom quark PDF...#chisq/dof = 3.32679e-10
#status = success
LHAPDF 6.4.0 loading /home/yehudi/LHAPDF6/share/LHAPDF/CT18NLO/CT18NLO_0000.dat
CT18NLO PDF set, member #0, version 1; LHAPDF ID = 14400
PDF chosen : 0
16.5209
 done.
Fit result:
A0 =  0.06902 # +-24.74908
A1 =  -1.46168 # +-87.17841
A2 =  4.47575 # +-7569468.23751
A3 =  -5.59445 # +-175092.87837
A4 =  14.41990 # +-1660454.56336
A5 =  -19.97597 # +-7363919.18856
A6 =  14.01262 # +-13071165.92822
A7 =  -3.83260 # +-4025504.15378
Fitting sea up quark PDF...#chisq/dof = 1.01833e-10
#status = success
LHAPDF 6.4.0 loading /home/yehudi/LHAPDF6/share/LHAPDF/CT18NLO/CT18NLO_0000.dat
CT18NLO PDF set, member #0, version 1; LHAPDF ID = 14400
PDF chosen : 0
33.6653
 done.
Fit result:
A0 =  0.06103 # +-57.24595
A1 =  -1.50454 # +-207.72052
A2 =  8.92068 # +-5942258575.25844
A3 =  1.22783 # +-1271721.35476
A4 =  -6.42403 # +-4758159959.15292
A5 =  7.17203 # +-20489623454.53415
A6 =  12.66818 # +-423846425170.73199
A7 =  -12.27627 # +-1204465981835.85303
Fitting charm quark PDF...#chisq/dof = 3.15419e-09
#status = success
LHAPDF 6.4.0 loading /home/yehudi/LHAPDF6/share/LHAPDF/CT18NLO/CT18NLO_0000.dat
CT18NLO PDF set, member #0, version 1; LHAPDF ID = 14400
PDF chosen : 0
15.4707
 done.
Fit result:
A0 =  0.09890 # +-54.39400
A1 =  -1.43326 # +-90.46917
A2 =  7.88310 # +-25518235.48226
A3 =  -4.45219 # +-210143.87610
A4 =  9.31878 # +-3890684.79786
A5 =  -8.38600 # +-71163040.68910
A6 =  2.38162 # +-228462061.91284
A7 =  0.64989 # +-47501967.15643
#chisq/dof = 1.38674e-10
#status = success
Resummed done 
Born done 
Expanded done 
Resummed done 
Born done 
Expanded done 
Resummed done 
Born done 
Expanded done 
Performing PDF fit with 5 flavors, Q^2 = mu_F^2 = 3.61379e+06
 and weights: valence: x^-1.6, sea: x^-1.6, gluon: x^-1.6 and xmin = 0.00678927 
 Fit function: f = A0 * x^A1 * (1 - x)^A2 * ( 1 + A3 * x^(1/2) + A4 * x + A5 * x^(3/2) + A6 * x^2 + A7 * x^(5/2) )
Fitting gluon PDF...LHAPDF 6.4.0 loading /home/yehudi/LHAPDF6/share/LHAPDF/CT18NLO/CT18NLO_0000.dat
CT18NLO PDF set, member #0, version 1; LHAPDF ID = 14400
PDF chosen : 0
26.2365
 done.
Fit result:
A0 =  1.19299 # +-52.81661
A1 =  -1.53667 # +-0.55405
A2 =  7.21720 # +-341281.40953
A3 =  -4.63524 # +-1924.97338
A4 =  13.38267 # +-27494.21940
A5 =  -23.25014 # +-186435.45727
A6 =  24.47446 # +-351321.63700
A7 =  -10.99174 # +-164521.08950
Fitting valence down quark PDF...#chisq/dof = 2.04309e-07
#status = success
LHAPDF 6.4.0 loading /home/yehudi/LHAPDF6/share/LHAPDF/CT18NLO/CT18NLO_0000.dat
CT18NLO PDF set, member #0, version 1; LHAPDF ID = 14400
PDF chosen : 0
13.4241
 done.
Fit result:
A0 =  0.18778 # +-227.54221
A1 =  -1.36494 # +-102.01562
A2 =  5.43151 # +-2911968.54355
A3 =  -4.18157 # +-256001.66523
A4 =  30.44374 # +-5142458.04778
A5 =  -62.60018 # +-255234871.19022
A6 =  70.43684 # +-345107614.87803
A7 =  -31.96571 # +-424774556.06703
Fitting valence up quark PDF...#chisq/dof = 1.53508e-08
#status = success
LHAPDF 6.4.0 loading /home/yehudi/LHAPDF6/share/LHAPDF/CT18NLO/CT18NLO_0000.dat
CT18NLO PDF set, member #0, version 1; LHAPDF ID = 14400
PDF chosen : 0
155.283
 done.
Fit result:
A0 =  0.01761 # +-125.63280
A1 =  -1.64867 # +-4732.20310
A2 =  4.34081 # +-70809.93900
A3 =  14.64200 # +-63541273.47705
A4 =  -2.99558 # +-58772079.01912
A5 =  237.07028 # +-16544058028.72783
A6 =  -139.18027 # +-1629958872.98919
A7 =  -46.34646 # +-6029857333.29441
Fitting sea down quark PDF...#chisq/dof = 1.89468e-07
#status = success
LHAPDF 6.4.0 loading /home/yehudi/LHAPDF6/share/LHAPDF/CT18NLO/CT18NLO_0000.dat
CT18NLO PDF set, member #0, version 1; LHAPDF ID = 14400
PDF chosen : 0
14.3962
 done.
Fit result:
A0 =  0.15149 # +-136.57994
A1 =  -1.39286 # +-94.39167
A2 =  11.20557 # +-57489.87734
A3 =  -3.22606 # +-243472.62075
A4 =  10.19270 # +-12143375.17001
A5 =  9.11003 # +-230863247.83198
A6 =  -68.43997 # +-901231393.93836
A7 =  81.93612 # +-607774250.60848
Fitting strange quark PDF...#chisq/dof = 2.08697e-09
#status = success
LHAPDF 6.4.0 loading /home/yehudi/LHAPDF6/share/LHAPDF/CT18NLO/CT18NLO_0000.dat
CT18NLO PDF set, member #0, version 1; LHAPDF ID = 14400
PDF chosen : 0
17.7414
 done.
Fit result:
A0 =  0.10394 # +-5.91197
A1 =  -1.44904 # +-8.83772
A2 =  3.81059 # +-5079128.26354
A3 =  -4.15046 # +-23351.54908
A4 =  9.25669 # +-1121526.63170
A5 =  -14.84997 # +-8984738.96225
A6 =  14.27270 # +-5367077.89099
A7 =  -5.62935 # +-1040356.98910
Fitting bottom quark PDF...#chisq/dof = 3.50527e-10
#status = success
LHAPDF 6.4.0 loading /home/yehudi/LHAPDF6/share/LHAPDF/CT18NLO/CT18NLO_0000.dat
CT18NLO PDF set, member #0, version 1; LHAPDF ID = 14400
PDF chosen : 0
17.3003
 done.
Fit result:
A0 =  0.07047 # +-24.52688
A1 =  -1.47280 # +-82.76211
A2 =  4.17777 # +-7047948.91911
A3 =  -5.72595 # +-167031.72030
A4 =  15.08124 # +-1678422.00443
A5 =  -21.56044 # +-6618737.75802
A6 =  15.86330 # +-10465232.94964
A7 =  -4.65019 # +-2869723.92847
Fitting sea up quark PDF...#chisq/dof = 1.22266e-10
#status = success
LHAPDF 6.4.0 loading /home/yehudi/LHAPDF6/share/LHAPDF/CT18NLO/CT18NLO_0000.dat
CT18NLO PDF set, member #0, version 1; LHAPDF ID = 14400
PDF chosen : 0
34.5479
 done.
Fit result:
A0 =  0.06131 # +-38.84109
A1 =  -1.51423 # +-142.62722
A2 =  8.98870 # +-6390014140.37486
A3 =  0.88367 # +-804962.38499
A4 =  -5.62819 # +-5404577139.07988
A5 =  6.96242 # +-12217459336.23260
A6 =  10.76296 # +-329195011100.97015
A7 =  -10.86284 # +-1040263809155.13733
Fitting charm quark PDF...#chisq/dof = 2.92096e-09
#status = success
LHAPDF 6.4.0 loading /home/yehudi/LHAPDF6/share/LHAPDF/CT18NLO/CT18NLO_0000.dat
CT18NLO PDF set, member #0, version 1; LHAPDF ID = 14400
PDF chosen : 0
16.3712
 done.
Fit result:
A0 =  0.09773 # +-51.77059
A1 =  -1.44635 # +-87.98101
A2 =  7.60769 # +-29251491.85087
A3 =  -4.57576 # +-206630.93447
A4 =  9.81781 # +-4446399.41795
A5 =  -9.41677 # +-93758138.63834
A6 =  3.20099 # +-329415879.29864
A7 =  0.29361 # +-94389008.60889
#chisq/dof = 1.57031e-10
#status = success
Resummed done 
Born done 
Expanded done 
Resummed done 
Born done 
Expanded done 
 Step n ° 2 over 5
 Duration : 1074.2
Performing PDF fit with 5 flavors, Q^2 = mu_F^2 = 272270
 and weights: valence: x^-1.6, sea: x^-1.6, gluon: x^-1.6 and xmin = 0.00745421 
 Fit function: f = A0 * x^A1 * (1 - x)^A2 * ( 1 + A3 * x^(1/2) + A4 * x + A5 * x^(3/2) + A6 * x^2 + A7 * x^(5/2) )
Fitting gluon PDF...LHAPDF 6.4.0 loading /home/yehudi/LHAPDF6/share/LHAPDF/CT18NLO/CT18NLO_0000.dat
CT18NLO PDF set, member #0, version 1; LHAPDF ID = 14400
PDF chosen : 0
21.3322
 done.
Fit result:
A0 =  1.30693 # +-7.40641
A1 =  -1.50624 # +-0.07618
A2 =  3.28151 # +-4391.57393
A3 =  -4.26783 # +-127.31895
A4 =  8.15202 # +-1254.87568
A5 =  -7.55137 # +-8821.94000
A6 =  2.16412 # +-15776.63915
A7 =  0.58497 # +-4217.88624
Fitting valence down quark PDF...#chisq/dof = 1.06108e-07
#status = success
LHAPDF 6.4.0 loading /home/yehudi/LHAPDF6/share/LHAPDF/CT18NLO/CT18NLO_0000.dat
CT18NLO PDF set, member #0, version 1; LHAPDF ID = 14400
PDF chosen : 0
10.1751
 done.
Fit result:
A0 =  0.22174 # +-507.63521
A1 =  -1.32205 # +-165.79791
A2 =  5.33189 # +-4248682.27500
A3 =  -4.25663 # +-391191.72124
A4 =  30.14134 # +-7948857.92264
A5 =  -62.30819 # +-374506260.73939
A6 =  70.74521 # +-541949019.24145
A7 =  -32.22445 # +-657929994.50136
Fitting valence up quark PDF...#chisq/dof = 1.9791e-08
#status = success
LHAPDF 6.4.0 loading /home/yehudi/LHAPDF6/share/LHAPDF/CT18NLO/CT18NLO_0000.dat
CT18NLO PDF set, member #0, version 1; LHAPDF ID = 14400
PDF chosen : 0
127.668
 done.
Fit result:
A0 =  0.01929 # +-295.30090
A1 =  -1.61371 # +-9219.47813
A2 =  4.23986 # +-57772.99530
A3 =  15.50866 # +-129091714.35259
A4 =  -4.01782 # +-57262818.67211
A5 =  223.63294 # +-24953067927.87471
A6 =  -92.22902 # +-356230518.12043
A7 =  -77.35716 # +-17237780268.74998
Fitting sea down quark PDF...#chisq/dof = 2.70743e-07
#status = success
LHAPDF 6.4.0 loading /home/yehudi/LHAPDF6/share/LHAPDF/CT18NLO/CT18NLO_0000.dat
CT18NLO PDF set, member #0, version 1; LHAPDF ID = 14400
PDF chosen : 0
10.3106
 done.
Fit result:
A0 =  0.18648 # +-239.92121
A1 =  -1.34487 # +-113.08314
A2 =  10.92747 # +-57936.29817
A3 =  -3.67163 # +-251272.67610
A4 =  12.82791 # +-12400189.38462
A5 =  -0.71980 # +-228752539.97952
A6 =  -50.32994 # +-866508090.17935
A7 =  66.97657 # +-558553996.92916
Fitting strange quark PDF...#chisq/dof = 2.17963e-09
#status = success
LHAPDF 6.4.0 loading /home/yehudi/LHAPDF6/share/LHAPDF/CT18NLO/CT18NLO_0000.dat
CT18NLO PDF set, member #0, version 1; LHAPDF ID = 14400
PDF chosen : 0
15.533
 done.
Fit result:
A0 =  0.10229 # +-74.63832
A1 =  -1.43070 # +-116.12834
A2 =  6.03677 # +-17577515.73822
A3 =  -3.64748 # +-274830.03286
A4 =  8.35989 # +-1055010.30380
A5 =  -12.43670 # +-11273299.37761
A6 =  9.32002 # +-41133182.88828
A7 =  -2.49314 # +-13062178.82767
Fitting bottom quark PDF...#chisq/dof = 2.69204e-10
#status = success
LHAPDF 6.4.0 loading /home/yehudi/LHAPDF6/share/LHAPDF/CT18NLO/CT18NLO_0000.dat
CT18NLO PDF set, member #0, version 1; LHAPDF ID = 14400
PDF chosen : 0
14.7783
 done.
Fit result:
A0 =  0.06606 # +-44.55042
A1 =  -1.45360 # +-172.87126
A2 =  5.19433 # +-16271823.12903
A3 =  -5.37584 # +-338076.23058
A4 =  13.45430 # +-2449486.31279
A5 =  -17.80399 # +-13044549.55893
A6 =  11.61905 # +-31581623.95247
A7 =  -2.85507 # +-13052616.23731
Fitting sea up quark PDF...#chisq/dof = 7.18316e-11
#status = success
LHAPDF 6.4.0 loading /home/yehudi/LHAPDF6/share/LHAPDF/CT18NLO/CT18NLO_0000.dat
CT18NLO PDF set, member #0, version 1; LHAPDF ID = 14400
PDF chosen : 0
36.2027
 done.
Fit result:
A0 =  0.05139 # +-89.26775
A1 =  -1.51604 # +-476.17334
A2 =  8.71899 # +-1192572674.62529
A3 =  2.72898 # +-2378995.44839
A4 =  -11.88907 # +-1744063688.61816
A5 =  17.10157 # +-4631837883.49925
A6 =  4.87018 # +-108806779102.35591
A7 =  -9.78639 # +-310183657900.54126
Fitting charm quark PDF...#chisq/dof = 2.56706e-09
#status = success
LHAPDF 6.4.0 loading /home/yehudi/LHAPDF6/share/LHAPDF/CT18NLO/CT18NLO_0000.dat
CT18NLO PDF set, member #0, version 1; LHAPDF ID = 14400
PDF chosen : 0
13.7267
 done.
Fit result:
A0 =  0.09830 # +-80.44401
A1 =  -1.42275 # +-138.42443
A2 =  8.47761 # +-12951127.98711
A3 =  -4.25393 # +-293734.90528
A4 =  8.57080 # +-3483094.79669
A5 =  -6.64272 # +-35657907.73756
A6 =  0.46323 # +-87771672.98087
A7 =  2.11985 # +-63001534.13756
#chisq/dof = 1.17683e-10
#status = success
Resummed done 
Born done 
Expanded done 
Resummed done 
Born done 
Expanded done 
Performing PDF fit with 5 flavors, Q^2 = mu_F^2 = 1.08908e+06
 and weights: valence: x^-1.6, sea: x^-1.6, gluon: x^-1.6 and xmin = 0.00745421 
 Fit function: f = A0 * x^A1 * (1 - x)^A2 * ( 1 + A3 * x^(1/2) + A4 * x + A5 * x^(3/2) + A6 * x^2 + A7 * x^(5/2) )
Fitting gluon PDF...LHAPDF 6.4.0 loading /home/yehudi/LHAPDF6/share/LHAPDF/CT18NLO/CT18NLO_0000.dat
CT18NLO PDF set, member #0, version 1; LHAPDF ID = 14400
PDF chosen : 0
23.3526
 done.
Fit result:
A0 =  1.21305 # +-69.68650
A1 =  -1.52662 # +-0.71890
A2 =  6.73682 # +-565993.47060
A3 =  -4.34303 # +-2348.77278
A4 =  11.31604 # +-91555.53418
A5 =  -17.55058 # +-840341.61478
A6 =  16.86645 # +-2048057.28137
A7 =  -7.27838 # +-118006.16588
Fitting valence down quark PDF...#chisq/dof = 1.27543e-07
#status = success
LHAPDF 6.4.0 loading /home/yehudi/LHAPDF6/share/LHAPDF/CT18NLO/CT18NLO_0000.dat
CT18NLO PDF set, member #0, version 1; LHAPDF ID = 14400
PDF chosen : 0
11.4144
 done.
Fit result:
A0 =  0.20379 # +-446.46684
A1 =  -1.34492 # +-172.25347
A2 =  5.39212 # +-4496199.45345
A3 =  -4.24280 # +-410040.76463
A4 =  30.39803 # +-8280093.93451
A5 =  -62.82758 # +-398081540.63244
A6 =  71.13771 # +-562114210.28125
A7 =  -32.36752 # +-682924869.66503
Fitting valence up quark PDF...#chisq/dof = 1.71189e-08
#status = success
LHAPDF 6.4.0 loading /home/yehudi/LHAPDF6/share/LHAPDF/CT18NLO/CT18NLO_0000.dat
CT18NLO PDF set, member #0, version 1; LHAPDF ID = 14400
PDF chosen : 0
129.094
 done.
Fit result:
A0 =  0.01968 # +-229.90330
A1 =  -1.62499 # +-7013.29537
A2 =  4.28887 # +-66082.40811
A3 =  14.31874 # +-89894117.85719
A4 =  -4.02635 # +-84401047.14101
A5 =  223.20860 # +-21106362465.84679
A6 =  -126.46393 # +-1415752974.19645
A7 =  -47.71992 # +-7780916387.69065
Fitting sea down quark PDF...#chisq/dof = 2.18581e-07
#status = success
LHAPDF 6.4.0 loading /home/yehudi/LHAPDF6/share/LHAPDF/CT18NLO/CT18NLO_0000.dat
CT18NLO PDF set, member #0, version 1; LHAPDF ID = 14400
PDF chosen : 0
11.2662
 done.
Fit result:
A0 =  0.17621 # +-211.97468
A1 =  -1.36412 # +-111.95605
A2 =  10.96690 # +-70385.01112
A3 =  -3.76974 # +-246970.74784
A4 =  13.72844 # +-12133638.20186
A5 =  -5.20958 # +-225733396.63396
A6 =  -41.22650 # +-860303268.63968
A7 =  60.07529 # +-561537887.88615
Fitting strange quark PDF...#chisq/dof = 1.95101e-09
#status = success
LHAPDF 6.4.0 loading /home/yehudi/LHAPDF6/share/LHAPDF/CT18NLO/CT18NLO_0000.dat
CT18NLO PDF set, member #0, version 1; LHAPDF ID = 14400
PDF chosen : 0
16.3411
 done.
Fit result:
A0 =  0.10121 # +-77.01210
A1 =  -1.44361 # +-121.98175
A2 =  5.82138 # +-19648188.94703
A3 =  -3.80284 # +-292959.10052
A4 =  8.85243 # +-893197.86619
A5 =  -13.56540 # +-9484159.21384
A6 =  10.81840 # +-41048624.96737
A7 =  -3.23975 # +-14495038.64103
Fitting bottom quark PDF...#chisq/dof = 2.77596e-10
#status = success
LHAPDF 6.4.0 loading /home/yehudi/LHAPDF6/share/LHAPDF/CT18NLO/CT18NLO_0000.dat
CT18NLO PDF set, member #0, version 1; LHAPDF ID = 14400
PDF chosen : 0
15.535
 done.
Fit result:
A0 =  0.06790 # +-42.37921
A1 =  -1.46585 # +-155.60653
A2 =  4.96394 # +-13682447.65889
A3 =  -5.50874 # +-304294.30266
A4 =  14.13598 # +-2508404.41358
A5 =  -19.45079 # +-11103998.08224
A6 =  13.48877 # +-21323973.06964
A7 =  -3.64164 # +-7580765.28869
Fitting sea up quark PDF...#chisq/dof = 8.76763e-11
#status = success
LHAPDF 6.4.0 loading /home/yehudi/LHAPDF6/share/LHAPDF/CT18NLO/CT18NLO_0000.dat
CT18NLO PDF set, member #0, version 1; LHAPDF ID = 14400
PDF chosen : 0
36.7228
 done.
Fit result:
A0 =  0.05236 # +-107.09229
A1 =  -1.52517 # +-546.37098
A2 =  8.77463 # +-1056312087.84951
A3 =  2.25227 # +-2804089.99634
A4 =  -10.98027 # +-1717976598.97068
A5 =  17.53404 # +-1442106667.58691
A6 =  1.04334 # +-59191486676.84697
A7 =  -7.19607 # +-200495736008.48441
Fitting charm quark PDF...#chisq/dof = 2.29802e-09
#status = success
LHAPDF 6.4.0 loading /home/yehudi/LHAPDF6/share/LHAPDF/CT18NLO/CT18NLO_0000.dat
CT18NLO PDF set, member #0, version 1; LHAPDF ID = 14400
PDF chosen : 0
14.5956
 done.
Fit result:
A0 =  0.09719 # +-78.28759
A1 =  -1.43720 # +-137.31885
A2 =  8.36824 # +-17820663.78246
A3 =  -4.38012 # +-296370.48887
A4 =  9.20762 # +-2968779.33150
A5 =  -8.20904 # +-33976805.42673
A6 =  2.24493 # +-86102706.70605
A7 =  1.08672 # +-35681395.14284
#chisq/dof = 1.31829e-10
#status = success
Resummed done 
Born done 
Expanded done 
Resummed done 
Born done 
Expanded done 
Resummed done 
Born done 
Expanded done 
Performing PDF fit with 5 flavors, Q^2 = mu_F^2 = 4.35632e+06
 and weights: valence: x^-1.6, sea: x^-1.6, gluon: x^-1.6 and xmin = 0.00745421 
 Fit function: f = A0 * x^A1 * (1 - x)^A2 * ( 1 + A3 * x^(1/2) + A4 * x + A5 * x^(3/2) + A6 * x^2 + A7 * x^(5/2) )
Fitting gluon PDF...LHAPDF 6.4.0 loading /home/yehudi/LHAPDF6/share/LHAPDF/CT18NLO/CT18NLO_0000.dat
CT18NLO PDF set, member #0, version 1; LHAPDF ID = 14400
PDF chosen : 0
24.9139
 done.
Fit result:
A0 =  1.15010 # +-69.13047
A1 =  -1.54287 # +-0.79395
A2 =  6.90531 # +-502238.51761
A3 =  -4.52731 # +-2575.51271
A4 =  12.38643 # +-54659.02796
A5 =  -20.13457 # +-490533.57492
A6 =  19.78304 # +-1232117.76999
A7 =  -8.54171 # +-63744.02922
Fitting valence down quark PDF...#chisq/dof = 1.37585e-07
#status = success
LHAPDF 6.4.0 loading /home/yehudi/LHAPDF6/share/LHAPDF/CT18NLO/CT18NLO_0000.dat
CT18NLO PDF set, member #0, version 1; LHAPDF ID = 14400
PDF chosen : 0
12.662
 done.
Fit result:
A0 =  0.18858 # +-397.36035
A1 =  -1.36553 # +-178.68723
A2 =  5.44800 # +-4740310.29566
A3 =  -4.23073 # +-428813.80855
A4 =  30.65321 # +-8614163.98416
A5 =  -63.37256 # +-422033689.44680
A6 =  71.57301 # +-583081285.39757
A7 =  -32.52748 # +-707451755.48243
Fitting valence up quark PDF...#chisq/dof = 1.49488e-08
#status = success
LHAPDF 6.4.0 loading /home/yehudi/LHAPDF6/share/LHAPDF/CT18NLO/CT18NLO_0000.dat
CT18NLO PDF set, member #0, version 1; LHAPDF ID = 14400
PDF chosen : 0
132.278
 done.
Fit result:
A0 =  0.01972 # +-190.50272
A1 =  -1.63667 # +-5856.26779
A2 =  4.33286 # +-74323.31368
A3 =  13.43974 # +-70317569.36124
A4 =  -3.76073 # +-102424540.71189
A5 =  223.74442 # +-19278801015.28512
A6 =  -153.56564 # +-3842170773.93252
A7 =  -24.99485 # +-3840036778.43000
Fitting sea down quark PDF...#chisq/dof = 1.77495e-07
#status = success
LHAPDF 6.4.0 loading /home/yehudi/LHAPDF6/share/LHAPDF/CT18NLO/CT18NLO_0000.dat
CT18NLO PDF set, member #0, version 1; LHAPDF ID = 14400
PDF chosen : 0
12.1815
 done.
Fit result:
A0 =  0.16748 # +-189.84289
A1 =  -1.38124 # +-111.07295
A2 =  10.99642 # +-85131.57836
A3 =  -3.86720 # +-243271.09021
A4 =  14.59802 # +-11895096.26725
A5 =  -9.51144 # +-223245482.13731
A6 =  -32.50617 # +-855520288.03138
A7 =  53.39967 # +-564766760.45547
Fitting strange quark PDF...#chisq/dof = 1.75829e-09
#status = success
LHAPDF 6.4.0 loading /home/yehudi/LHAPDF6/share/LHAPDF/CT18NLO/CT18NLO_0000.dat
CT18NLO PDF set, member #0, version 1; LHAPDF ID = 14400
PDF chosen : 0
17.0638
 done.
Fit result:
A0 =  0.10027 # +-87.06264
A1 =  -1.45501 # +-139.72051
A2 =  5.39502 # +-25331938.24357
A3 =  -3.96582 # +-343769.41342
A4 =  9.29488 # +-725994.77462
A5 =  -14.66793 # +-6664563.23813
A6 =  12.50540 # +-41882449.37388
A7 =  -4.15182 # +-18925105.74951
Fitting bottom quark PDF...#chisq/dof = 2.88624e-10
#status = success
LHAPDF 6.4.0 loading /home/yehudi/LHAPDF6/share/LHAPDF/CT18NLO/CT18NLO_0000.dat
CT18NLO PDF set, member #0, version 1; LHAPDF ID = 14400
PDF chosen : 0
16.2747
 done.
Fit result:
A0 =  0.06909 # +-41.52165
A1 =  -1.47716 # +-147.09271
A2 =  4.74572 # +-12521708.05873
A3 =  -5.62534 # +-288729.66035
A4 =  14.73447 # +-2588980.15726
A5 =  -20.90461 # +-10342232.84508
A6 =  15.17184 # +-17060509.45729
A7 =  -4.36934 # +-5213942.74612
Fitting sea up quark PDF...#chisq/dof = 1.04131e-10
#status = success
LHAPDF 6.4.0 loading /home/yehudi/LHAPDF6/share/LHAPDF/CT18NLO/CT18NLO_0000.dat
CT18NLO PDF set, member #0, version 1; LHAPDF ID = 14400
PDF chosen : 0
37.2431
 done.
Fit result:
A0 =  0.05309 # +-112.30070
A1 =  -1.53359 # +-556.96247
A2 =  8.83197 # +-1040853648.47311
A3 =  1.82845 # +-2846833.28319
A4 =  -10.00198 # +-1756623148.26873
A5 =  17.21103 # +-406510856.90727
A6 =  -1.16989 # +-37078907045.00899
A7 =  -5.51664 # +-149883291403.25598
Fitting charm quark PDF...#chisq/dof = 2.11502e-09
#status = success
LHAPDF 6.4.0 loading /home/yehudi/LHAPDF6/share/LHAPDF/CT18NLO/CT18NLO_0000.dat
CT18NLO PDF set, member #0, version 1; LHAPDF ID = 14400
PDF chosen : 0
15.4475
 done.
Fit result:
A0 =  0.09578 # +-77.46801
A1 =  -1.45045 # +-139.35116
A2 =  8.25684 # +-23287420.36986
A3 =  -4.48802 # +-306471.08384
A4 =  9.73638 # +-2886292.89424
A5 =  -9.47670 # +-40200392.02048
A6 =  3.61275 # +-115829710.61094
A7 =  0.33677 # +-26798565.94922
#chisq/dof = 1.47329e-10
#status = success
Resummed done 
Born done 
Expanded done 
Resummed done 
Born done 
Expanded done 
 Step n ° 3 over 5
 Duration : 1478.66
Performing PDF fit with 5 flavors, Q^2 = mu_F^2 = 323011
 and weights: valence: x^-1.6, sea: x^-1.6, gluon: x^-1.6 and xmin = 0.00811916 
 Fit function: f = A0 * x^A1 * (1 - x)^A2 * ( 1 + A3 * x^(1/2) + A4 * x + A5 * x^(3/2) + A6 * x^2 + A7 * x^(5/2) )
Fitting gluon PDF...LHAPDF 6.4.0 loading /home/yehudi/LHAPDF6/share/LHAPDF/CT18NLO/CT18NLO_0000.dat
CT18NLO PDF set, member #0, version 1; LHAPDF ID = 14400
PDF chosen : 0
20.5345
 done.
Fit result:
A0 =  1.25692 # +-82.13102
A1 =  -1.51271 # +-0.79980
A2 =  6.44285 # +-842710.35392
A3 =  -4.09990 # +-2499.26455
A4 =  9.78560 # +-218087.63678
A5 =  -13.67852 # +-2155812.89053
A6 =  12.18511 # +-5383478.30956
A7 =  -5.15257 # +-639569.16328
Fitting valence down quark PDF...#chisq/dof = 1.09054e-07
#status = success
LHAPDF 6.4.0 loading /home/yehudi/LHAPDF6/share/LHAPDF/CT18NLO/CT18NLO_0000.dat
CT18NLO PDF set, member #0, version 1; LHAPDF ID = 14400
PDF chosen : 0
9.72786
 done.
Fit result:
A0 =  0.22164 # +-804.01501
A1 =  -1.32348 # +-265.67430
A2 =  5.34637 # +-6320000.50251
A3 =  -4.28924 # +-601003.44309
A4 =  30.28311 # +-12193864.94141
A5 =  -62.80058 # +-567287147.04186
A6 =  71.43309 # +-833782567.96970
A7 =  -32.54569 # +-998386072.85172
Fitting valence up quark PDF...#chisq/dof = 1.95609e-08
#status = success
LHAPDF 6.4.0 loading /home/yehudi/LHAPDF6/share/LHAPDF/CT18NLO/CT18NLO_0000.dat
CT18NLO PDF set, member #0, version 1; LHAPDF ID = 14400
PDF chosen : 0
102.872
 done.
Fit result:
A0 =  0.02303 # +-392.90649
A1 =  -1.59414 # +-8883.88091
A2 =  4.22876 # +-60589.75568
A3 =  13.67623 # +-106145160.59536
A4 =  -5.66568 # +-124355314.71498
A5 =  206.64921 # +-22721466858.66750
A6 =  -119.62931 # +-1580741715.96003
A7 =  -41.93212 # +-7410633095.41875
Fitting sea down quark PDF...#chisq/dof = 2.44833e-07
#status = exceeded max number of iterations
LHAPDF 6.4.0 loading /home/yehudi/LHAPDF6/share/LHAPDF/CT18NLO/CT18NLO_0000.dat
CT18NLO PDF set, member #0, version 1; LHAPDF ID = 14400
PDF chosen : 0
8.61133
 done.
Fit result:
A0 =  0.21080 # +-320.86407
A1 =  -1.33028 # +-122.76483
A2 =  10.67015 # +-93494.23631
A3 =  -4.39932 # +-228366.06498
A4 =  17.80062 # +-11060833.61016
A5 =  -21.50137 # +-202669275.97356
A6 =  -10.72485 # +-754514157.85396
A7 =  36.09743 # +-477039042.63003
Fitting strange quark PDF...#chisq/dof = 1.68009e-09
#status = success
LHAPDF 6.4.0 loading /home/yehudi/LHAPDF6/share/LHAPDF/CT18NLO/CT18NLO_0000.dat
CT18NLO PDF set, member #0, version 1; LHAPDF ID = 14400
PDF chosen : 0
14.8425
 done.
Fit result:
A0 =  0.10028 # +-106.31878
A1 =  -1.43481 # +-174.54952
A2 =  6.56701 # +-22473056.60202
A3 =  -3.56183 # +-391238.08691
A4 =  8.21433 # +-1652706.36623
A5 =  -11.71285 # +-19116327.17244
A6 =  8.01780 # +-54531746.16909
A7 =  -1.79267 # +-15923297.25749
Fitting bottom quark PDF...#chisq/dof = 2.57355e-10
#status = success
LHAPDF 6.4.0 loading /home/yehudi/LHAPDF6/share/LHAPDF/CT18NLO/CT18NLO_0000.dat
CT18NLO PDF set, member #0, version 1; LHAPDF ID = 14400
PDF chosen : 0
13.7562
 done.
Fit result:
A0 =  0.06619 # +-63.41367
A1 =  -1.45545 # +-248.92847
A2 =  5.22679 # +-20058389.16625
A3 =  -5.38185 # +-459475.81984
A4 =  13.50700 # +-3609312.85229
A5 =  -17.95350 # +-16533033.14915
A6 =  11.80509 # +-34099619.35479
A7 =  -2.94196 # +-13386101.21252
Fitting sea up quark PDF...#chisq/dof = 7.31928e-11
#status = success
LHAPDF 6.4.0 loading /home/yehudi/LHAPDF6/share/LHAPDF/CT18NLO/CT18NLO_0000.dat
CT18NLO PDF set, member #0, version 1; LHAPDF ID = 14400
PDF chosen : 0
40.1296
 done.
Fit result:
A0 =  0.04368 # +-227.50355
A1 =  -1.53756 # +-1622.81176
A2 =  8.62152 # +-607393006.85428
A3 =  3.90294 # +-9714983.97814
A4 =  -16.50395 # +-1594216587.84134
A5 =  26.51183 # +-1544626594.43752
A6 =  -4.15278 # +-54556489239.49049
A7 =  -6.30865 # +-169779358430.94400
Fitting charm quark PDF...#chisq/dof = 2.09402e-09
#status = success
LHAPDF 6.4.0 loading /home/yehudi/LHAPDF6/share/LHAPDF/CT18NLO/CT18NLO_0000.dat
CT18NLO PDF set, member #0, version 1; LHAPDF ID = 14400
PDF chosen : 0
12.818
 done.
Fit result:
A0 =  0.09832 # +-112.08542
A1 =  -1.42442 # +-195.95985
A2 =  8.44095 # +-15501547.57825
A3 =  -4.27770 # +-390869.28671
A4 =  8.68500 # +-4510508.47439
A5 =  -6.93622 # +-43536294.40174
A6 =  0.82627 # +-103312467.73431
A7 =  1.87929 # +-71767297.94191
#chisq/dof = 1.19997e-10
#status = success
Resummed done 
Born done 
Expanded done 
Resummed done 
Born done 
Expanded done 
Performing PDF fit with 5 flavors, Q^2 = mu_F^2 = 1.29205e+06
 and weights: valence: x^-1.6, sea: x^-1.6, gluon: x^-1.6 and xmin = 0.00811916 
 Fit function: f = A0 * x^A1 * (1 - x)^A2 * ( 1 + A3 * x^(1/2) + A4 * x + A5 * x^(3/2) + A6 * x^2 + A7 * x^(5/2) )
Fitting gluon PDF...LHAPDF 6.4.0 loading /home/yehudi/LHAPDF6/share/LHAPDF/CT18NLO/CT18NLO_0000.dat
CT18NLO PDF set, member #0, version 1; LHAPDF ID = 14400
PDF chosen : 0
21.9559
 done.
Fit result:
A0 =  1.19110 # +-79.97613
A1 =  -1.53033 # +-0.86859
A2 =  6.59821 # +-661429.57401
A3 =  -4.31653 # +-2683.23888
A4 =  10.99706 # +-116226.63905
A5 =  -16.51121 # +-1163793.87739
A6 =  15.24654 # +-3059440.96725
A7 =  -6.42610 # +-333290.34805
Fitting valence down quark PDF...#chisq/dof = 1.1829e-07
#status = success
LHAPDF 6.4.0 loading /home/yehudi/LHAPDF6/share/LHAPDF/CT18NLO/CT18NLO_0000.dat
CT18NLO PDF set, member #0, version 1; LHAPDF ID = 14400
PDF chosen : 0
10.8857
 done.
Fit result:
A0 =  0.20374 # +-708.34952
A1 =  -1.34616 # +-276.45267
A2 =  5.40574 # +-6685818.03974
A3 =  -4.27346 # +-630564.75812
A4 =  30.53357 # +-12704076.30610
A5 =  -63.30461 # +-603089347.13213
A6 =  71.81246 # +-865136283.10352
A7 =  -32.68637 # +-1036579625.53304
Fitting valence up quark PDF...#chisq/dof = 1.69564e-08
#status = success
LHAPDF 6.4.0 loading /home/yehudi/LHAPDF6/share/LHAPDF/CT18NLO/CT18NLO_0000.dat
CT18NLO PDF set, member #0, version 1; LHAPDF ID = 14400
PDF chosen : 0
107.318
 done.
Fit result:
A0 =  0.02272 # +-322.32277
A1 =  -1.60904 # +-7574.20603
A2 =  4.27704 # +-69533.42219
A3 =  12.88574 # +-85149644.32488
A4 =  -5.05728 # +-141757773.38643
A5 =  208.31017 # +-21410735675.13460
A6 =  -144.14215 # +-4171884270.74866
A7 =  -22.31983 # +-3778100956.77328
Fitting sea down quark PDF...#chisq/dof = 1.98342e-07
#status = exceeded max number of iterations
LHAPDF 6.4.0 loading /home/yehudi/LHAPDF6/share/LHAPDF/CT18NLO/CT18NLO_0000.dat
CT18NLO PDF set, member #0, version 1; LHAPDF ID = 14400
PDF chosen : 0
9.43377
 done.
Fit result:
A0 =  0.19821 # +-286.51644
A1 =  -1.35000 # +-123.90663
A2 =  10.69381 # +-115712.81315
A3 =  -4.46253 # +-230613.68124
A4 =  18.44278 # +-11080573.45980
A5 =  -24.94204 # +-204972560.66585
A6 =  -3.56684 # +-767027432.29413
A7 =  30.58356 # +-490389360.08313
Fitting strange quark PDF...#chisq/dof = 1.49954e-09
#status = success
LHAPDF 6.4.0 loading /home/yehudi/LHAPDF6/share/LHAPDF/CT18NLO/CT18NLO_0000.dat
CT18NLO PDF set, member #0, version 1; LHAPDF ID = 14400
PDF chosen : 0
15.548
 done.
Fit result:
A0 =  0.09941 # +-107.53856
A1 =  -1.44729 # +-179.17951
A2 =  6.32498 # +-24287798.47812
A3 =  -3.72683 # +-406513.71083
A4 =  8.74104 # +-1377497.23176
A5 =  -12.99651 # +-16407781.59830
A6 =  9.70359 # +-54124068.63509
A7 =  -2.61492 # +-16355776.08324
Fitting bottom quark PDF...#chisq/dof = 2.69972e-10
#status = success
LHAPDF 6.4.0 loading /home/yehudi/LHAPDF6/share/LHAPDF/CT18NLO/CT18NLO_0000.dat
CT18NLO PDF set, member #0, version 1; LHAPDF ID = 14400
PDF chosen : 0
14.4039
 done.
Fit result:
A0 =  0.06808 # +-59.31827
A1 =  -1.46730 # +-220.28777
A2 =  4.94129 # +-16299513.48924
A3 =  -5.52346 # +-404723.93558
A4 =  14.21380 # +-3724860.02848
A5 =  -19.64213 # +-15207691.93157
A6 =  13.71081 # +-24371118.02210
A7 =  -3.73778 # +-7544873.92890
Fitting sea up quark PDF...#chisq/dof = 8.91484e-11
#status = success
LHAPDF 6.4.0 loading /home/yehudi/LHAPDF6/share/LHAPDF/CT18NLO/CT18NLO_0000.dat
CT18NLO PDF set, member #0, version 1; LHAPDF ID = 14400
PDF chosen : 0
39.7784
 done.
Fit result:
A0 =  0.04544 # +-232.86371
A1 =  -1.54407 # +-1542.50066
A2 =  8.67232 # +-550707533.84385
A3 =  3.24844 # +-8960297.74855
A4 =  -15.13610 # +-1549843099.63244
A5 =  26.46981 # +-274538887.41365
A6 =  -8.24567 # +-26459160869.19819
A7 =  -3.37205 # +-104804840726.10069
Fitting charm quark PDF...#chisq/dof = 1.88954e-09
#status = success
LHAPDF 6.4.0 loading /home/yehudi/LHAPDF6/share/LHAPDF/CT18NLO/CT18NLO_0000.dat
CT18NLO PDF set, member #0, version 1; LHAPDF ID = 14400
PDF chosen : 0
13.5838
 done.
Fit result:
A0 =  0.09727 # +-109.54442
A1 =  -1.43856 # +-194.91886
A2 =  8.29446 # +-22327780.71075
A3 =  -4.40782 # +-395769.76662
A4 =  9.32111 # +-3613487.89588
A5 =  -8.48905 # +-39804310.94329
A6 =  2.57584 # +-100945237.44500
A7 =  0.84660 # +-36892755.34620
#chisq/dof = 1.33922e-10
#status = success
Resummed done 
Born done 
Expanded done 
Resummed done 
Born done 
Expanded done 
Resummed done 
Born done 
Expanded done 
Performing PDF fit with 5 flavors, Q^2 = mu_F^2 = 5.16818e+06
 and weights: valence: x^-1.6, sea: x^-1.6, gluon: x^-1.6 and xmin = 0.00811916 
 Fit function: f = A0 * x^A1 * (1 - x)^A2 * ( 1 + A3 * x^(1/2) + A4 * x + A5 * x^(3/2) + A6 * x^2 + A7 * x^(5/2) )
Fitting gluon PDF...LHAPDF 6.4.0 loading /home/yehudi/LHAPDF6/share/LHAPDF/CT18NLO/CT18NLO_0000.dat
CT18NLO PDF set, member #0, version 1; LHAPDF ID = 14400
PDF chosen : 0
23.3468
 done.
Fit result:
A0 =  1.13027 # +-80.39150
A1 =  -1.54630 # +-0.97013
A2 =  6.77599 # +-579665.35759
A3 =  -4.50121 # +-2977.25336
A4 =  12.08373 # +-67392.91310
A5 =  -19.14869 # +-662964.96146
A6 =  18.24130 # +-1800373.22812
A7 =  -7.72276 # +-153989.53945
Fitting valence down quark PDF...#chisq/dof = 1.28931e-07
#status = success
LHAPDF 6.4.0 loading /home/yehudi/LHAPDF6/share/LHAPDF/CT18NLO/CT18NLO_0000.dat
CT18NLO PDF set, member #0, version 1; LHAPDF ID = 14400
PDF chosen : 0
12.0516
 done.
Fit result:
A0 =  0.18851 # +-630.19889
A1 =  -1.36665 # +-286.74471
A2 =  5.46065 # +-7034054.12516
A3 =  -4.25906 # +-658941.50406
A4 =  30.78067 # +-13194257.18925
A5 =  -63.82586 # +-638312489.41133
A6 =  72.22001 # +-895818695.32484
A7 =  -32.83614 # +-1071800069.56847
Fitting valence up quark PDF...#chisq/dof = 1.48434e-08
#status = success
LHAPDF 6.4.0 loading /home/yehudi/LHAPDF6/share/LHAPDF/CT18NLO/CT18NLO_0000.dat
CT18NLO PDF set, member #0, version 1; LHAPDF ID = 14400
PDF chosen : 0
112.198
 done.
Fit result:
A0 =  0.02227 # +-274.32709
A1 =  -1.62313 # +-6767.70848
A2 =  4.32043 # +-78559.78291
A3 =  12.25382 # +-72474619.10111
A4 =  -4.39057 # +-155215895.58966
A5 =  210.08601 # +-20848607111.79525
A6 =  -165.13350 # +-7090807868.47324
A7 =  -5.85651 # +-1900588624.87411
Fitting sea down quark PDF...#chisq/dof = 1.61604e-07
#status = success
LHAPDF 6.4.0 loading /home/yehudi/LHAPDF6/share/LHAPDF/CT18NLO/CT18NLO_0000.dat
CT18NLO PDF set, member #0, version 1; LHAPDF ID = 14400
PDF chosen : 0
10.2408
 done.
Fit result:
A0 =  0.18723 # +-259.24648
A1 =  -1.36777 # +-125.53198
A2 =  10.70975 # +-142359.70317
A3 =  -4.52059 # +-233960.31412
A4 =  19.02734 # +-11144991.80137
A5 =  -28.09200 # +-208212896.58975
A6 =  3.00860 # +-782771487.57448
A7 =  25.47224 # +-505489337.24989
Fitting strange quark PDF...#chisq/dof = 1.35347e-09
#status = success
LHAPDF 6.4.0 loading /home/yehudi/LHAPDF6/share/LHAPDF/CT18NLO/CT18NLO_0000.dat
CT18NLO PDF set, member #0, version 1; LHAPDF ID = 14400
PDF chosen : 0
16.2184
 done.
Fit result:
A0 =  0.09839 # +-111.73848
A1 =  -1.45866 # +-189.46016
A2 =  6.00756 # +-27185460.12046
A3 =  -3.88130 # +-435835.88798
A4 =  9.20807 # +-1124064.72980
A5 =  -14.17563 # +-13698217.40910
A6 =  11.35474 # +-56368665.15894
A7 =  -3.45017 # +-19045110.16606
Fitting bottom quark PDF...#chisq/dof = 2.83161e-10
#status = success
LHAPDF 6.4.0 loading /home/yehudi/LHAPDF6/share/LHAPDF/CT18NLO/CT18NLO_0000.dat
CT18NLO PDF set, member #0, version 1; LHAPDF ID = 14400
PDF chosen : 0
15.0493
 done.
Fit result:
A0 =  0.06927 # +-58.37162
A1 =  -1.47837 # +-209.18146
A2 =  4.69479 # +-15011034.34067
A3 =  -5.64381 # +-385518.95554
A4 =  14.82240 # +-3862871.56130
A5 =  -21.11142 # +-14911171.32999
A6 =  15.41035 # +-21339982.87953
A7 =  -4.47273 # +-5561385.55848
Fitting sea up quark PDF...#chisq/dof = 1.05618e-10
#status = success
LHAPDF 6.4.0 loading /home/yehudi/LHAPDF6/share/LHAPDF/CT18NLO/CT18NLO_0000.dat
CT18NLO PDF set, member #0, version 1; LHAPDF ID = 14400
PDF chosen : 0
39.7035
 done.
Fit result:
A0 =  0.04672 # +-226.80884
A1 =  -1.55070 # +-1428.24096
A2 =  8.72322 # +-538373166.49822
A3 =  2.70575 # +-8050250.97056
A4 =  -13.83949 # +-1533301427.92180
A5 =  25.78382 # +-125792126.80560
A6 =  -10.56579 # +-14148100258.45249
A7 =  -1.49504 # +-73164835805.98962
Fitting charm quark PDF...#chisq/dof = 1.74803e-09
#status = success
LHAPDF 6.4.0 loading /home/yehudi/LHAPDF6/share/LHAPDF/CT18NLO/CT18NLO_0000.dat
CT18NLO PDF set, member #0, version 1; LHAPDF ID = 14400
PDF chosen : 0
14.3404
 done.
Fit result:
A0 =  0.09589 # +-108.96967
A1 =  -1.45159 # +-198.71789
A2 =  8.15892 # +-29586286.62194
A3 =  -4.51695 # +-411387.96831
A4 =  9.84084 # +-3394375.29441
A5 =  -9.71597 # +-47666314.11435
A6 =  3.86407 # +-143701211.77025
A7 =  0.14937 # +-30979613.41830
#chisq/dof = 1.49031e-10
#status = success
Resummed done 
Born done 
Expanded done 
Resummed done 
Born done 
Expanded done 
 Step n ° 4 over 5
 Duration : 1887.29
Performing PDF fit with 5 flavors, Q^2 = mu_F^2 = 378086
 and weights: valence: x^-1.6, sea: x^-1.6, gluon: x^-1.6 and xmin = 0.0087841 
 Fit function: f = A0 * x^A1 * (1 - x)^A2 * ( 1 + A3 * x^(1/2) + A4 * x + A5 * x^(3/2) + A6 * x^2 + A7 * x^(5/2) )
Fitting gluon PDF...LHAPDF 6.4.0 loading /home/yehudi/LHAPDF6/share/LHAPDF/CT18NLO/CT18NLO_0000.dat
CT18NLO PDF set, member #0, version 1; LHAPDF ID = 14400
PDF chosen : 0
19.5673
 done.
Fit result:
A0 =  1.22685 # +-77.19392
A1 =  -1.51735 # +-0.80336
A2 =  6.09630 # +-993879.03300
A3 =  -4.04949 # +-2349.40163
A4 =  9.13904 # +-324591.16935
A5 =  -11.66247 # +-3643639.72328
A6 =  9.14386 # +-9915774.27380
A7 =  -3.59557 # +-2285778.12291
Fitting valence down quark PDF...#chisq/dof = 9.18924e-08
#status = success
LHAPDF 6.4.0 loading /home/yehudi/LHAPDF6/share/LHAPDF/CT18NLO/CT18NLO_0000.dat
CT18NLO PDF set, member #0, version 1; LHAPDF ID = 14400
PDF chosen : 0
9.42248
 done.
Fit result:
A0 =  0.21942 # +-1172.60741
A1 =  -1.32621 # +-399.47972
A2 =  5.35323 # +-8818602.19517
A3 =  -4.28695 # +-868184.81129
A4 =  30.31094 # +-17385449.76949
A5 =  -62.85355 # +-803744822.74738
A6 =  71.47020 # +-1180535488.36867
A7 =  -32.55980 # +-1401705610.42889
Fitting valence up quark PDF...#chisq/dof = 1.95373e-08
#status = success
LHAPDF 6.4.0 loading /home/yehudi/LHAPDF6/share/LHAPDF/CT18NLO/CT18NLO_0000.dat
CT18NLO PDF set, member #0, version 1; LHAPDF ID = 14400
PDF chosen : 0
85.0817
 done.
Fit result:
A0 =  0.02688 # +-525.84213
A1 =  -1.57660 # +-8973.69107
A2 =  4.21490 # +-63976.65498
A3 =  12.21671 # +-93639122.39181
A4 =  -6.64885 # +-190670304.85987
A5 =  192.55555 # +-21679255463.49360
A6 =  -137.26121 # +-4670990773.34656
A7 =  -17.02474 # +-3078320425.95159
Fitting sea down quark PDF...#chisq/dof = 2.18458e-07
#status = exceeded max number of iterations
LHAPDF 6.4.0 loading /home/yehudi/LHAPDF6/share/LHAPDF/CT18NLO/CT18NLO_0000.dat
CT18NLO PDF set, member #0, version 1; LHAPDF ID = 14400
PDF chosen : 0
7.39295
 done.
Fit result:
A0 =  0.23265 # +-431.74123
A1 =  -1.31845 # +-139.77419
A2 =  10.39792 # +-158927.79548
A3 =  -4.95010 # +-225661.02507
A4 =  21.52049 # +-10640539.28668
A5 =  -36.98748 # +-194772838.05261
A6 =  18.55024 # +-713139292.83809
A7 =  13.47495 # +-442272513.87683
Fitting strange quark PDF...#chisq/dof = 1.32178e-09
#status = success
LHAPDF 6.4.0 loading /home/yehudi/LHAPDF6/share/LHAPDF/CT18NLO/CT18NLO_0000.dat
CT18NLO PDF set, member #0, version 1; LHAPDF ID = 14400
PDF chosen : 0
14.3475
 done.
Fit result:
A0 =  0.09757 # +-146.03998
A1 =  -1.43980 # +-256.87808
A2 =  7.22834 # +-25901055.01549
A3 =  -3.43435 # +-544581.27129
A4 =  7.93578 # +-2802071.81485
A5 =  -10.52093 # +-36454141.59374
A6 =  6.15565 # +-85843405.90424
A7 =  -0.80775 # +-27426983.26973
Fitting bottom quark PDF...#chisq/dof = 2.41031e-10
#status = success
LHAPDF 6.4.0 loading /home/yehudi/LHAPDF6/share/LHAPDF/CT18NLO/CT18NLO_0000.dat
CT18NLO PDF set, member #0, version 1; LHAPDF ID = 14400
PDF chosen : 0
12.9776
 done.
Fit result:
A0 =  0.06569 # +-98.65239
A1 =  -1.45838 # +-396.86548
A2 =  5.48391 # +-31147033.02986
A3 =  -5.34034 # +-710294.01847
A4 =  13.39091 # +-5116989.75963
A5 =  -17.77188 # +-22379001.25505
A6 =  11.68251 # +-48525510.95562
A7 =  -2.93483 # +-20820913.83466
Fitting sea up quark PDF...#chisq/dof = 7.23571e-11
#status = success
LHAPDF 6.4.0 loading /home/yehudi/LHAPDF6/share/LHAPDF/CT18NLO/CT18NLO_0000.dat
CT18NLO PDF set, member #0, version 1; LHAPDF ID = 14400
PDF chosen : 0
46.9606
 done.
Fit result:
A0 =  0.03530 # +-425.31245
A1 =  -1.56481 # +-4530.00055
A2 =  8.53827 # +-417973352.84044
A3 =  5.57358 # +-31338846.32810
A4 =  -22.46001 # +-2040288565.63204
A5 =  37.48630 # +-981330703.01996
A6 =  -12.85529 # +-46149613366.87327
A7 =  -3.56678 # +-147227034772.43658
Fitting charm quark PDF...#chisq/dof = 1.70022e-09
#status = success
LHAPDF 6.4.0 loading /home/yehudi/LHAPDF6/share/LHAPDF/CT18NLO/CT18NLO_0000.dat
CT18NLO PDF set, member #0, version 1; LHAPDF ID = 14400
PDF chosen : 0
12.1052
 done.
Fit result:
A0 =  0.09761 # +-153.11040
A1 =  -1.42693 # +-275.77071
A2 =  8.54006 # +-14986015.89140
A3 =  -4.26054 # +-518568.27779
A4 =  8.63308 # +-7013492.99743
A5 =  -6.76077 # +-65053370.57497
A6 =  0.51396 # +-154737931.18802
A7 =  2.19521 # +-117749376.68616
#chisq/dof = 1.21476e-10
#status = success
Resummed done 
Born done 
Expanded done 
Resummed done 
Born done 
Expanded done 
Performing PDF fit with 5 flavors, Q^2 = mu_F^2 = 1.51234e+06
 and weights: valence: x^-1.6, sea: x^-1.6, gluon: x^-1.6 and xmin = 0.0087841 
 Fit function: f = A0 * x^A1 * (1 - x)^A2 * ( 1 + A3 * x^(1/2) + A4 * x + A5 * x^(3/2) + A6 * x^2 + A7 * x^(5/2) )
Fitting gluon PDF...LHAPDF 6.4.0 loading /home/yehudi/LHAPDF6/share/LHAPDF/CT18NLO/CT18NLO_0000.dat
CT18NLO PDF set, member #0, version 1; LHAPDF ID = 14400
PDF chosen : 0
20.8737
 done.
Fit result:
A0 =  1.16235 # +-75.84479
A1 =  -1.53484 # +-0.88064
A2 =  6.21241 # +-737453.02506
A3 =  -4.26342 # +-2545.02636
A4 =  10.31235 # +-167336.09811
A5 =  -14.37514 # +-1951450.30458
A6 =  12.00835 # +-5612365.93347
A7 =  -4.75192 # +-1329470.64215
Fitting valence down quark PDF...#chisq/dof = 9.97914e-08
#status = success
LHAPDF 6.4.0 loading /home/yehudi/LHAPDF6/share/LHAPDF/CT18NLO/CT18NLO_0000.dat
CT18NLO PDF set, member #0, version 1; LHAPDF ID = 14400
PDF chosen : 0
10.5219
 done.
Fit result:
A0 =  0.20169 # +-1036.94448
A1 =  -1.34873 # +-417.30103
A2 =  5.41157 # +-9342489.01529
A3 =  -4.26879 # +-913737.61695
A4 =  30.55360 # +-18151874.75044
A5 =  -63.32979 # +-856291270.99378
A6 =  71.80803 # +-1227016288.05387
A7 =  -32.68057 # +-1457169962.73657
Fitting valence up quark PDF...#chisq/dof = 1.69505e-08
#status = success
LHAPDF 6.4.0 loading /home/yehudi/LHAPDF6/share/LHAPDF/CT18NLO/CT18NLO_0000.dat
CT18NLO PDF set, member #0, version 1; LHAPDF ID = 14400
PDF chosen : 0
90.6699
 done.
Fit result:
A0 =  0.02590 # +-444.46232
A1 =  -1.59408 # +-8230.63174
A2 =  4.26277 # +-73606.83581
A3 =  11.67640 # +-82276660.64156
A4 =  -5.70692 # +-202650247.82020
A5 =  195.29890 # +-21863691670.86914
A6 =  -156.08845 # +-7678829663.24564
A7 =  -3.19085 # +-1598815621.22736
Fitting sea down quark PDF...#chisq/dof = 1.77866e-07
#status = exceeded max number of iterations
LHAPDF 6.4.0 loading /home/yehudi/LHAPDF6/share/LHAPDF/CT18NLO/CT18NLO_0000.dat
CT18NLO PDF set, member #0, version 1; LHAPDF ID = 14400
PDF chosen : 0
8.12102
 done.
Fit result:
A0 =  0.21768 # +-390.56432
A1 =  -1.33867 # +-144.10352
A2 =  10.40689 # +-201863.53156
A3 =  -4.98434 # +-234780.20881
A4 =  21.94807 # +-10937947.01085
A5 =  -39.57132 # +-202563141.88168
A6 =  24.12454 # +-745048418.06567
A7 =  9.09687 # +-466698111.30929
Fitting strange quark PDF...#chisq/dof = 1.18489e-09
#status = success
LHAPDF 6.4.0 loading /home/yehudi/LHAPDF6/share/LHAPDF/CT18NLO/CT18NLO_0000.dat
CT18NLO PDF set, member #0, version 1; LHAPDF ID = 14400
PDF chosen : 0
14.9943
 done.
Fit result:
A0 =  0.09673 # +-148.29473
A1 =  -1.45210 # +-264.50828
A2 =  7.02384 # +-29817011.72648
A3 =  -3.59941 # +-569160.27086
A4 =  8.48260 # +-2393276.05529
A5 =  -11.90256 # +-30468525.07674
A6 =  7.91097 # +-76658381.44238
A7 =  -1.66825 # +-23153022.53825
Fitting bottom quark PDF...#chisq/dof = 2.54881e-10
#status = success
LHAPDF 6.4.0 loading /home/yehudi/LHAPDF6/share/LHAPDF/CT18NLO/CT18NLO_0000.dat
CT18NLO PDF set, member #0, version 1; LHAPDF ID = 14400
PDF chosen : 0
13.5637
 done.
Fit result:
A0 =  0.06749 # +-90.29177
A1 =  -1.47010 # +-344.74798
A2 =  5.19065 # +-24267302.97847
A3 =  -5.48084 # +-611419.50643
A4 =  14.07882 # +-5392191.42895
A5 =  -19.40014 # +-21174400.19706
A6 =  13.48660 # +-32938252.86711
A7 =  -3.66809 # +-10681705.39754
Fitting sea up quark PDF...#chisq/dof = 8.78875e-11
#status = success
LHAPDF 6.4.0 loading /home/yehudi/LHAPDF6/share/LHAPDF/CT18NLO/CT18NLO_0000.dat
CT18NLO PDF set, member #0, version 1; LHAPDF ID = 14400
PDF chosen : 0
45.1917
 done.
Fit result:
A0 =  0.03774 # +-407.95822
A1 =  -1.56802 # +-3842.90834
A2 =  8.58047 # +-368331923.49017
A3 =  4.64906 # +-25007492.04284
A4 =  -20.51457 # +-1889713424.68494
A5 =  37.17539 # +-224505524.67454
A6 =  -18.09039 # +-17933830904.64823
A7 =  0.27753 # +-79953820846.85223
Fitting charm quark PDF...#chisq/dof = 1.5366e-09
#status = success
LHAPDF 6.4.0 loading /home/yehudi/LHAPDF6/share/LHAPDF/CT18NLO/CT18NLO_0000.dat
CT18NLO PDF set, member #0, version 1; LHAPDF ID = 14400
PDF chosen : 0
12.8182
 done.
Fit result:
A0 =  0.09642 # +-148.55851
A1 =  -1.44108 # +-273.36811
A2 =  8.44164 # +-20625467.39015
A3 =  -4.38218 # +-521353.59218
A4 =  9.25264 # +-5452497.56096
A5 =  -8.29707 # +-50094953.54344
A6 =  2.28273 # +-114820631.82274
A7 =  1.16210 # +-71085691.51470
#chisq/dof = 1.34791e-10
#status = success
Resummed done 
Born done 
Expanded done 
Resummed done 
Born done 
Expanded done 
Resummed done 
Born done 
Expanded done 
Performing PDF fit with 5 flavors, Q^2 = mu_F^2 = 6.04938e+06
 and weights: valence: x^-1.6, sea: x^-1.6, gluon: x^-1.6 and xmin = 0.0087841 
 Fit function: f = A0 * x^A1 * (1 - x)^A2 * ( 1 + A3 * x^(1/2) + A4 * x + A5 * x^(3/2) + A6 * x^2 + A7 * x^(5/2) )
Fitting gluon PDF...LHAPDF 6.4.0 loading /home/yehudi/LHAPDF6/share/LHAPDF/CT18NLO/CT18NLO_0000.dat
CT18NLO PDF set, member #0, version 1; LHAPDF ID = 14400
PDF chosen : 0
22.1642
 done.
Fit result:
A0 =  1.10215 # +-80.85808
A1 =  -1.55078 # +-1.04379
A2 =  6.40667 # +-652550.12888
A3 =  -4.44258 # +-3004.81310
A4 =  11.38755 # +-98659.88267
A5 =  -16.98500 # +-1155051.28414
A6 =  14.96645 # +-3464945.87281
A7 =  -6.02074 # +-745310.88918
Fitting valence down quark PDF...#chisq/dof = 1.08293e-07
#status = success
LHAPDF 6.4.0 loading /home/yehudi/LHAPDF6/share/LHAPDF/CT18NLO/CT18NLO_0000.dat
CT18NLO PDF set, member #0, version 1; LHAPDF ID = 14400
PDF chosen : 0
11.6258
 done.
Fit result:
A0 =  0.18665 # +-924.76367
A1 =  -1.36908 # +-433.80768
A2 =  5.46560 # +-9829953.64603
A3 =  -4.25282 # +-956356.04034
A4 =  30.79515 # +-18869206.91472
A5 =  -63.83122 # +-906990440.74082
A6 =  72.18454 # +-1271371934.39636
A7 =  -32.81473 # +-1506838449.94019
Fitting valence up quark PDF...#chisq/dof = 1.48534e-08
#status = success
LHAPDF 6.4.0 loading /home/yehudi/LHAPDF6/share/LHAPDF/CT18NLO/CT18NLO_0000.dat
CT18NLO PDF set, member #0, version 1; LHAPDF ID = 14400
PDF chosen : 0
96.1923
 done.
Fit result:
A0 =  0.02497 # +-384.83257
A1 =  -1.61001 # +-7713.98576
A2 =  4.30569 # +-83450.34471
A3 =  11.21259 # +-74321098.32867
A4 =  -4.79292 # +-213498176.08222
A5 =  197.74376 # +-22250447491.68031
A6 =  -173.06525 # +-10914596701.67108
A7 =  9.25025 # +-731493014.91592
Fitting sea down quark PDF...#chisq/dof = 1.4547e-07
#status = exceeded max number of iterations
LHAPDF 6.4.0 loading /home/yehudi/LHAPDF6/share/LHAPDF/CT18NLO/CT18NLO_0000.dat
CT18NLO PDF set, member #0, version 1; LHAPDF ID = 14400
PDF chosen : 0
8.86187
 done.
Fit result:
A0 =  0.20417 # +-357.85806
A1 =  -1.35726 # +-149.69961
A2 =  10.41797 # +-251610.94332
A3 =  -5.00289 # +-246625.33142
A4 =  22.25015 # +-11350010.77105
A5 =  -41.58069 # +-212624345.47361
A6 =  28.57407 # +-785465305.24007
A7 =  5.56116 # +-496552227.39879
Fitting strange quark PDF...#chisq/dof = 1.09373e-09
#status = success
LHAPDF 6.4.0 loading /home/yehudi/LHAPDF6/share/LHAPDF/CT18NLO/CT18NLO_0000.dat
CT18NLO PDF set, member #0, version 1; LHAPDF ID = 14400
PDF chosen : 0
15.6254
 done.
Fit result:
A0 =  0.09565 # +-151.17597
A1 =  -1.46345 # +-274.95776
A2 =  6.79130 # +-33320658.74453
A3 =  -3.74698 # +-599552.40321
A4 =  8.96108 # +-2051731.57956
A5 =  -13.13161 # +-26276142.83590
A6 =  9.51662 # +-73421560.72279
A7 =  -2.45426 # +-21586115.03497
Fitting bottom quark PDF...#chisq/dof = 2.69493e-10
#status = success
LHAPDF 6.4.0 loading /home/yehudi/LHAPDF6/share/LHAPDF/CT18NLO/CT18NLO_0000.dat
CT18NLO PDF set, member #0, version 1; LHAPDF ID = 14400
PDF chosen : 0
14.1703
 done.
Fit result:
A0 =  0.06851 # +-88.66921
A1 =  -1.48126 # +-328.24958
A2 =  4.98411 # +-22349502.79089
A3 =  -5.59217 # +-583879.88805
A4 =  14.64639 # +-5651523.75398
A5 =  -20.77680 # +-21434804.74137
A6 =  15.06783 # +-29489087.63335
A7 =  -4.34290 # +-7797601.13219
Fitting sea up quark PDF...#chisq/dof = 1.03369e-10
#status = success
LHAPDF 6.4.0 loading /home/yehudi/LHAPDF6/share/LHAPDF/CT18NLO/CT18NLO_0000.dat
CT18NLO PDF set, member #0, version 1; LHAPDF ID = 14400
PDF chosen : 0
44.2635
 done.
Fit result:
A0 =  0.03947 # +-382.95557
A1 =  -1.57258 # +-3326.81114
A2 =  8.62054 # +-348390342.82158
A3 =  3.94003 # +-20625182.61273
A4 =  -18.85539 # +-1784558276.55653
A5 =  36.29610 # +-524513146.80592
A6 =  -21.08030 # +-7367658500.52194
A7 =  2.70043 # +-49474218918.44125
Fitting charm quark PDF...#chisq/dof = 1.41388e-09
#status = success
LHAPDF 6.4.0 loading /home/yehudi/LHAPDF6/share/LHAPDF/CT18NLO/CT18NLO_0000.dat
CT18NLO PDF set, member #0, version 1; LHAPDF ID = 14400
PDF chosen : 0
13.5255
 done.
Fit result:
A0 =  0.09490 # +-146.89465
A1 =  -1.45415 # +-278.04193
A2 =  8.36990 # +-26429384.71601
A3 =  -4.48245 # +-539056.70606
A4 =  9.76469 # +-4622050.72369
A5 =  -9.54377 # +-45147890.93423
A6 =  3.65586 # +-109658581.10305
A7 =  0.42255 # +-46902780.04498
#chisq/dof = 1.49185e-10
#status = success
Resummed done 
Born done 
Expanded done 
Resummed done 
Born done 
Expanded done 
 Step n ° 5 over 5
 Duration : 2295.44
Thanks for using LHAPDF 6.4.0. Please make sure to cite the paper:
  Eur.Phys.J. C75 (2015) 3, 132  (http://arxiv.org/abs/1412.7420)
